<?xml version="1.0" encoding="UTF-8"?>
  <testsuite name="Kubernetes e2e suite" tests="52" failures="0" errors="0" time="1117.451">
      <testcase name="[sig-storage] In-tree Volumes [Driver: local][LocalVolumeType: block] [Testpattern: Dynamic PV (ntfs)][sig-windows] subPath should support restarting containers using file as subpath [Slow][LinuxOnly]" classname="Kubernetes e2e suite" time="0">
          <skipped></skipped>
      </testcase>
      <testcase name="[sig-apps] Deployment deployment should support proportional scaling [Conformance]" classname="Kubernetes e2e suite" time="54.410863026"></testcase>
      <testcase name="[sig-network] Loadbalancing: L7 GCE [Slow] [Feature:kubemci] should remove clusters as expected" classname="Kubernetes e2e suite" time="0">
          <skipped></skipped>
      </testcase>
      <testcase name="[sig-storage] In-tree Volumes [Driver: azure] [Testpattern: Inline-volume (default fs)] subPath should support existing directory" classname="Kubernetes e2e suite" time="0">
          <skipped></skipped>
      </testcase>
      <testcase name="[sig-storage] CSI Volumes [Driver: pd.csi.storage.gke.io][Serial] [Testpattern: Dynamic PV (default fs)] subPath should fail if subpath file is outside the volume [Slow][LinuxOnly]" classname="Kubernetes e2e suite" time="0">
          <skipped></skipped>
      </testcase>
      <testcase name="[sig-storage] In-tree Volumes [Driver: local][LocalVolumeType: gce-localssd-scsi-fs] [Serial] [Testpattern: Inline-volume (default fs)] subPath should unmount if pod is force deleted while kubelet is down [Disruptive][Slow][LinuxOnly]" classname="Kubernetes e2e suite" time="0">
          <skipped></skipped>
      </testcase>
      <testcase name="[sig-storage] CSI Volumes [Driver: csi-hostpath] [Testpattern: Pre-provisioned PV (default fs)] volumes should allow exec of files on the volume" classname="Kubernetes e2e suite" time="0">
          <skipped></skipped>
      </testcase>
      <testcase name="[sig-storage] In-tree Volumes [Driver: local][LocalVolumeType: tmpfs] [Testpattern: Dynamic PV (ntfs)][sig-windows] volumes should store data" classname="Kubernetes e2e suite" time="0">
          <skipped></skipped>
      </testcase>
      <testcase name="[sig-storage] CSI Volumes [Driver: csi-hostpath-v0] [Testpattern: Dynamic PV (default fs)(allowExpansion)] volume-expand Verify if offline PVC expansion works" classname="Kubernetes e2e suite" time="0">
          <skipped></skipped>
      </testcase>
      <testcase name="[sig-storage] In-tree Volumes [Driver: hostPath] [Testpattern: Inline-volume (ntfs)][sig-windows] volumes should store data" classname="Kubernetes e2e suite" time="0">
          <skipped></skipped>
      </testcase>
      <testcase name="[sig-storage] In-tree Volumes [Driver: local][LocalVolumeType: dir-link] [Testpattern: Inline-volume (ext3)] volumes should store data" classname="Kubernetes e2e suite" time="0">
          <skipped></skipped>
      </testcase>
      <testcase name="[sig-storage] In-tree Volumes [Driver: emptydir] [Testpattern: Dynamic PV (ext4)] volumes should allow exec of files on the volume" classname="Kubernetes e2e suite" time="0">
          <skipped></skipped>
      </testcase>
      <testcase name="[sig-storage] In-tree Volumes [Driver: azure] [Testpattern: Inline-volume (default fs)] volumes should store data" classname="Kubernetes e2e suite" time="0">
          <skipped></skipped>
      </testcase>
      <testcase name="[sig-storage] CSI Volumes [Driver: csi-hostpath] [Testpattern: Inline-volume (xfs)][Slow] volumes should allow exec of files on the volume" classname="Kubernetes e2e suite" time="0">
          <skipped></skipped>
      </testcase>
      <testcase name="[sig-storage] In-tree Volumes [Driver: azure] [Testpattern: Pre-provisioned PV (block volmode)] multiVolume [Slow] should access to two volumes with the same volume mode and retain data across pod recreation on different node" classname="Kubernetes e2e suite" time="0">
          <skipped></skipped>
      </testcase>
      <testcase name="[sig-storage] In-tree Volumes [Driver: local][LocalVolumeType: block] [Testpattern: Dynamic PV (default fs)] subPath should fail if subpath file is outside the volume [Slow][LinuxOnly]" classname="Kubernetes e2e suite" time="0">
          <skipped></skipped>
      </testcase>
      <testcase name="[sig-storage] In-tree Volumes [Driver: gcepd] [Testpattern: Dynamic PV (ntfs)][sig-windows] volumes should store data" classname="Kubernetes e2e suite" time="0">
          <skipped></skipped>
      </testcase>
      <testcase name="[sig-storage] CSI Volumes [Driver: csi-hostpath-v0] [Testpattern: Pre-provisioned PV (block volmode)] volumes should store data" classname="Kubernetes e2e suite" time="0">
          <skipped></skipped>
      </testcase>
      <testcase name="[sig-storage] In-tree Volumes [Driver: local][LocalVolumeType: dir-link] [Testpattern: Dynamic PV (default fs)] subPath should unmount if pod is gracefully deleted while kubelet is down [Disruptive][Slow][LinuxOnly]" classname="Kubernetes e2e suite" time="0">
          <skipped></skipped>
      </testcase>
      <testcase name="[sig-storage] In-tree Volumes [Driver: cinder] [Testpattern: Pre-provisioned PV (default fs)] subPath should support readOnly directory specified in the volumeMount" classname="Kubernetes e2e suite" time="0">
          <skipped></skipped>
      </testcase>
      <testcase name="[sig-storage] In-tree Volumes [Driver: gluster] [Testpattern: Dynamic PV (default fs)] subPath should support existing directories when readOnly specified in the volumeSource" classname="Kubernetes e2e suite" time="0">
          <skipped></skipped>
      </testcase>
      <testcase name="[sig-storage] In-tree Volumes [Driver: local][LocalVolumeType: dir-bindmounted] [Testpattern: Dynamic PV (default fs)] subPath should unmount if pod is gracefully deleted while kubelet is down [Disruptive][Slow][LinuxOnly]" classname="Kubernetes e2e suite" time="0">
          <skipped></skipped>
      </testcase>
      <testcase name="[sig-storage] In-tree Volumes [Driver: aws] [Testpattern: Dynamic PV (block volmode)] multiVolume [Slow] should concurrently access the single volume from pods on the same node" classname="Kubernetes e2e suite" time="0">
          <skipped></skipped>
      </testcase>
      <testcase name="[sig-storage] In-tree Volumes [Driver: local][LocalVolumeType: tmpfs] [Testpattern: Inline-volume (default fs)] subPath should verify container cannot write to subpath readonly volumes [Slow]" classname="Kubernetes e2e suite" time="0">
          <skipped></skipped>
      </testcase>
      <testcase name="[sig-storage] In-tree Volumes [Driver: cinder] [Testpattern: Dynamic PV (default fs)] subPath should fail if non-existent subpath is outside the volume [Slow][LinuxOnly]" classname="Kubernetes e2e suite" time="0">
          <skipped></skipped>
      </testcase>
      <testcase name="[sig-storage] In-tree Volumes [Driver: rbd][Feature:Volumes] [Testpattern: Dynamic PV (default fs)] volumeIO should write files of various sizes, verify size, validate content [Slow]" classname="Kubernetes e2e suite" time="0">
          <skipped></skipped>
      </testcase>
      <testcase name="[sig-storage] In-tree Volumes [Driver: local][LocalVolumeType: dir-link] [Testpattern: Inline-volume (default fs)] subPath should fail if non-existent subpath is outside the volume [Slow][LinuxOnly]" classname="Kubernetes e2e suite" time="0">
          <skipped></skipped>
      </testcase>
      <testcase name="[sig-storage] In-tree Volumes [Driver: rbd][Feature:Volumes] [Testpattern: Dynamic PV (default fs)] subPath should fail if non-existent subpath is outside the volume [Slow][LinuxOnly]" classname="Kubernetes e2e suite" time="0">
          <skipped></skipped>
      </testcase>
      <testcase name="[sig-storage] In-tree Volumes [Driver: azure] [Testpattern: Pre-provisioned PV (default fs)] subPath should fail if subpath directory is outside the volume [Slow]" classname="Kubernetes e2e suite" time="0">
          <skipped></skipped>
      </testcase>
      <testcase name="[sig-storage] In-tree Volumes [Driver: rbd][Feature:Volumes] [Testpattern: Dynamic PV (ntfs)][sig-windows] provisioning should provision storage with snapshot data source [Feature:VolumeSnapshotDataSource]" classname="Kubernetes e2e suite" time="0">
          <skipped></skipped>
      </testcase>
      <testcase name="[sig-storage] In-tree Volumes [Driver: hostPath] [Testpattern: Inline-volume (default fs)] subPath should verify container cannot write to subpath readonly volumes [Slow]" classname="Kubernetes e2e suite" time="0">
          <skipped></skipped>
      </testcase>
      <testcase name="[sig-network] Loadbalancing: L7 GCE [Slow] [Feature:Ingress] should create ingress with pre-shared certificate" classname="Kubernetes e2e suite" time="0">
          <skipped></skipped>
      </testcase>
      <testcase name="[sig-storage] In-tree Volumes [Driver: local][LocalVolumeType: dir] [Testpattern: Dynamic PV (default fs)] subPath should support existing directories when readOnly specified in the volumeSource" classname="Kubernetes e2e suite" time="0">
          <skipped></skipped>
      </testcase>
      <testcase name="[sig-storage] CSI Volumes [Driver: csi-hostpath] [Testpattern: Dynamic PV (ntfs)][sig-windows] subPath should fail if subpath with backstepping is outside the volume [Slow]" classname="Kubernetes e2e suite" time="0">
          <skipped></skipped>
      </testcase>
      <testcase name="[sig-storage] In-tree Volumes [Driver: cinder] [Testpattern: Dynamic PV (ntfs)][sig-windows] subPath should support non-existent path" classname="Kubernetes e2e suite" time="0">
          <skipped></skipped>
      </testcase>
      <testcase name="[sig-storage] In-tree Volumes [Driver: nfs] [Testpattern: Inline-volume (default fs)] subPath should unmount if pod is force deleted while kubelet is down [Disruptive][Slow][LinuxOnly]" classname="Kubernetes e2e suite" time="0">
          <skipped></skipped>
      </testcase>
      <testcase name="[sig-storage] In-tree Volumes [Driver: local][LocalVolumeType: dir] [Testpattern: Inline-volume (ext3)] volumes should allow exec of files on the volume" classname="Kubernetes e2e suite" time="0">
          <skipped></skipped>
      </testcase>
      <testcase name="[k8s.io] [sig-node] Security Context should support volume SELinux relabeling when using hostIPC [Flaky] [LinuxOnly]" classname="Kubernetes e2e suite" time="0">
          <skipped></skipped>
      </testcase>
      <testcase name="[sig-storage] In-tree Volumes [Driver: azure] [Testpattern: Pre-provisioned PV (default fs)] volumes should allow exec of files on the volume" classname="Kubernetes e2e suite" time="0">
          <skipped></skipped>
      </testcase>
      <testcase name="[sig-storage] In-tree Volumes [Driver: local][LocalVolumeType: block] [Testpattern: Inline-volume (ext3)] volumes should allow exec of files on the volume" classname="Kubernetes e2e suite" time="0">
          <skipped></skipped>
      </testcase>
      <testcase name="[sig-storage] In-tree Volumes [Driver: gluster] [Testpattern: Dynamic PV (default fs)] subPath should unmount if pod is gracefully deleted while kubelet is down [Disruptive][Slow][LinuxOnly]" classname="Kubernetes e2e suite" time="0">
          <skipped></skipped>
      </testcase>
      <testcase name="[sig-storage] In-tree Volumes [Driver: azure] [Testpattern: Dynamic PV (filesystem volmode)] multiVolume [Slow] should access to two volumes with the same volume mode and retain data across pod recreation on the same node" classname="Kubernetes e2e suite" time="0">
          <skipped></skipped>
      </testcase>
      <testcase name="[sig-storage] In-tree Volumes [Driver: local][LocalVolumeType: dir-bindmounted] [Testpattern: Dynamic PV (default fs)] subPath should be able to unmount after the subpath directory is deleted" classname="Kubernetes e2e suite" time="0">
          <skipped></skipped>
      </testcase>
      <testcase name="[sig-storage] CSI Volumes [Driver: csi-hostpath-v0] [Testpattern: Dynamic PV (block volmode)] multiVolume [Slow] should access to two volumes with the same volume mode and retain data across pod recreation on the same node" classname="Kubernetes e2e suite" time="0">
          <skipped></skipped>
      </testcase>
      <testcase name="[sig-storage] In-tree Volumes [Driver: local][LocalVolumeType: dir] [Testpattern: Pre-provisioned PV (ext3)] volumes should allow exec of files on the volume" classname="Kubernetes e2e suite" time="0">
          <skipped></skipped>
      </testcase>
      <testcase name="[sig-storage] In-tree Volumes [Driver: local][LocalVolumeType: blockfs] [Testpattern: Dynamic PV (ntfs)][sig-windows] subPath should support non-existent path" classname="Kubernetes e2e suite" time="0">
          <skipped></skipped>
      </testcase>
      <testcase name="[sig-storage] In-tree Volumes [Driver: local][LocalVolumeType: blockfs] [Testpattern: Pre-provisioned PV (filesystem volmode)] multiVolume [Slow] should concurrently access the single volume from pods on the same node" classname="Kubernetes e2e suite" time="0">
          <skipped></skipped>
      </testcase>
      <testcase name="[sig-storage] In-tree Volumes [Driver: local][LocalVolumeType: block] [Testpattern: Pre-provisioned PV (filesystem volmode)] multiVolume [Slow] should concurrently access the single volume from pods on the same node" classname="Kubernetes e2e suite" time="0">
          <skipped></skipped>
      </testcase>
      <testcase name="[sig-storage] CSI Volumes [Driver: pd.csi.storage.gke.io][Serial] [Testpattern: Dynamic PV (default fs)] subPath should support readOnly file specified in the volumeMount [LinuxOnly]" classname="Kubernetes e2e suite" time="0">
          <skipped></skipped>
      </testcase>
      <testcase name="[sig-storage] In-tree Volumes [Driver: local][LocalVolumeType: dir-link-bindmounted] [Testpattern: Pre-provisioned PV (filesystem volmode)] multiVolume [Slow] should concurrently access the single volume from pods on the same node" classname="Kubernetes e2e suite" time="0">
          <skipped></skipped>
      </testcase>
      <testcase name="[sig-storage] In-tree Volumes [Driver: local][LocalVolumeType: dir-link] [Testpattern: Pre-provisioned PV (filesystem volmode)] disruptive[Disruptive] Should test that pv written before kubelet restart is readable after restart." classname="Kubernetes e2e suite" time="0">
          <skipped></skipped>
      </testcase>
      <testcase name="[sig-storage] In-tree Volumes [Driver: local][LocalVolumeType: dir-link] [Testpattern: Inline-volume (default fs)] subPath should support existing directories when readOnly specified in the volumeSource" classname="Kubernetes e2e suite" time="0">
          <skipped></skipped>
      </testcase>
      <testcase name="[sig-storage] In-tree Volumes [Driver: local][LocalVolumeType: dir-link] [Testpattern: Inline-volume (default fs)] disruptive[Disruptive] Should test that pv written before kubelet restart is readable after restart." classname="Kubernetes e2e suite" time="0">
          <skipped></skipped>
      </testcase>
      <testcase name="[sig-node] Downward API should provide container&#39;s limits.cpu/memory and requests.cpu/memory as env vars [NodeConformance] [Conformance]" classname="Kubernetes e2e suite" time="20.322315955"></testcase>
      <testcase name="[sig-storage] In-tree Volumes [Driver: gluster] [Testpattern: Inline-volume (default fs)] subPath should support readOnly directory specified in the volumeMount" classname="Kubernetes e2e suite" time="0">
          <skipped></skipped>
      </testcase>
      <testcase name="[sig-storage] CSI Volumes [Driver: csi-hostpath-v0] [Testpattern: Dynamic PV (block volmode)] multiVolume [Slow] should concurrently access the single volume from pods on the same node" classname="Kubernetes e2e suite" time="0">
          <skipped></skipped>
      </testcase>
      <testcase name="[sig-network] DNS configMap nameserver [Feature:Networking-IPv6] [LinuxOnly] Change stubDomain should be able to change stubDomain configuration [Slow][Serial]" classname="Kubernetes e2e suite" time="0">
          <skipped></skipped>
      </testcase>
      <testcase name="[sig-storage] CSI Volumes [Driver: pd.csi.storage.gke.io][Serial] [Testpattern: Dynamic PV (ntfs)][sig-windows] subPath should fail if subpath file is outside the volume [Slow][LinuxOnly]" classname="Kubernetes e2e suite" time="0">
          <skipped></skipped>
      </testcase>
      <testcase name="[sig-storage] Pod Disks should be able to delete a non-existent PD without error" classname="Kubernetes e2e suite" time="0">
          <skipped></skipped>
      </testcase>
      <testcase name="[k8s.io] [sig-node] crictl should be able to run crictl on the node" classname="Kubernetes e2e suite" time="0">
          <skipped></skipped>
      </testcase>
      <testcase name="[sig-storage] In-tree Volumes [Driver: local][LocalVolumeType: dir-link-bindmounted] [Testpattern: Dynamic PV (ntfs)][sig-windows] subPath should support restarting containers using file as subpath [Slow][LinuxOnly]" classname="Kubernetes e2e suite" time="0">
          <skipped></skipped>
      </testcase>
      <testcase name="[sig-storage] CSI Volumes [Driver: csi-hostpath] [Testpattern: Inline-volume (default fs)] volumeIO should write files of various sizes, verify size, validate content [Slow]" classname="Kubernetes e2e suite" time="0">
          <skipped></skipped>
      </testcase>
      <testcase name="[sig-storage] PersistentVolumes-local  [Volume type: dir] Set fsGroup for local volume should set same fsGroup for two pods simultaneously [Slow]" classname="Kubernetes e2e suite" time="0">
          <skipped></skipped>
      </testcase>
      <testcase name="[sig-storage] In-tree Volumes [Driver: rbd][Feature:Volumes] [Testpattern: Dynamic PV (ext3)] volumes should store data" classname="Kubernetes e2e suite" time="0">
          <skipped></skipped>
      </testcase>
      <testcase name="[sig-api-machinery] ResourceQuota should be able to update and delete ResourceQuota. [Conformance]" classname="Kubernetes e2e suite" time="6.269193881"></testcase>
      <testcase name="[sig-storage] CSI Volumes [Driver: pd.csi.storage.gke.io][Serial] [Testpattern: Inline-volume (default fs)] subPath should be able to unmount after the subpath directory is deleted" classname="Kubernetes e2e suite" time="0">
          <skipped></skipped>
      </testcase>
      <testcase name="[sig-storage] In-tree Volumes [Driver: local][LocalVolumeType: gce-localssd-scsi-fs] [Serial] [Testpattern: Inline-volume (default fs)] subPath should support creating multiple subpath from same volumes [Slow]" classname="Kubernetes e2e suite" time="0">
          <skipped></skipped>
      </testcase>
      <testcase name="[sig-storage] In-tree Volumes [Driver: gcepd] [Testpattern: Dynamic PV (default fs)] subPath should unmount if pod is gracefully deleted while kubelet is down [Disruptive][Slow][LinuxOnly]" classname="Kubernetes e2e suite" time="0">
          <skipped></skipped>
      </testcase>
      <testcase name="[sig-storage] CSI Volumes [Driver: csi-hostpath-v0] [Testpattern: Pre-provisioned PV (filesystem volmode)] multiVolume [Slow] should access to two volumes with different volume mode and retain data across pod recreation on the same node" classname="Kubernetes e2e suite" time="0">
          <skipped></skipped>
      </testcase>
      <testcase name="[k8s.io] Container Runtime blackbox test on terminated container should report termination message [LinuxOnly] from log output if TerminationMessagePolicy FallbackToLogsOnError is set [NodeConformance] [Conformance]" classname="Kubernetes e2e suite" time="10.314707414"></testcase>
      <testcase name="[sig-storage] CSI Volumes [Driver: csi-hostpath] [Testpattern: Dynamic PV (default fs)] provisioning should provision storage with pvc data source" classname="Kubernetes e2e suite" time="0">
          <skipped></skipped>
      </testcase>
      <testcase name="[sig-storage] In-tree Volumes [Driver: local][LocalVolumeType: dir-link] [Testpattern: Inline-volume (default fs)] subPath should support readOnly directory specified in the volumeMount" classname="Kubernetes e2e suite" time="0">
          <skipped></skipped>
      </testcase>
      <testcase name="[sig-storage] In-tree Volumes [Driver: local][LocalVolumeType: dir-link-bindmounted] [Testpattern: Dynamic PV (ntfs)][sig-windows] subPath should support existing single file [LinuxOnly]" classname="Kubernetes e2e suite" time="0">
          <skipped></skipped>
      </testcase>
      <testcase name="[sig-storage] In-tree Volumes [Driver: gluster] [Testpattern: Dynamic PV (ext3)] volumes should allow exec of files on the volume" classname="Kubernetes e2e suite" time="0">
          <skipped></skipped>
      </testcase>
      <testcase name="[sig-storage] In-tree Volumes [Driver: emptydir] [Testpattern: Inline-volume (default fs)] subPath should support readOnly file specified in the volumeMount [LinuxOnly]" classname="Kubernetes e2e suite" time="0">
          <skipped></skipped>
      </testcase>
      <testcase name="[sig-storage] In-tree Volumes [Driver: vSphere] [Testpattern: Inline-volume (ext3)] volumes should store data" classname="Kubernetes e2e suite" time="0">
          <skipped></skipped>
      </testcase>
      <testcase name="[sig-storage] In-tree Volumes [Driver: rbd][Feature:Volumes] [Testpattern: Dynamic PV (ntfs)][sig-windows] volumes should allow exec of files on the volume" classname="Kubernetes e2e suite" time="0">
          <skipped></skipped>
      </testcase>
      <testcase name="[sig-storage] CSI Volumes [Driver: csi-hostpath-v0] [Testpattern: Inline-volume (default fs)] subPath should support restarting containers using file as subpath [Slow][LinuxOnly]" classname="Kubernetes e2e suite" time="0">
          <skipped></skipped>
      </testcase>
      <testcase name="[sig-storage] In-tree Volumes [Driver: gluster] [Testpattern: Inline-volume (ext4)] volumes should store data" classname="Kubernetes e2e suite" time="0">
          <skipped></skipped>
      </testcase>
      <testcase name="[sig-storage] In-tree Volumes [Driver: local][LocalVolumeType: block] [Testpattern: Dynamic PV (ntfs)][sig-windows] subPath should verify container cannot write to subpath readonly volumes [Slow]" classname="Kubernetes e2e suite" time="0">
          <skipped></skipped>
      </testcase>
      <testcase name="[sig-storage] ConfigMap should be consumable from pods in volume with mappings as non-root [LinuxOnly] [NodeConformance] [Conformance]" classname="Kubernetes e2e suite" time="10.320241999"></testcase>
      <testcase name="[sig-node] RuntimeClass should run a Pod requesting a RuntimeClass with a configured handler [NodeFeature:RuntimeHandler]" classname="Kubernetes e2e suite" time="0">
          <skipped></skipped>
      </testcase>
      <testcase name="[sig-apps] Job should adopt matching orphans and release non-matching pods [Conformance]" classname="Kubernetes e2e suite" time="57.322470804"></testcase>
      <testcase name="[sig-storage] In-tree Volumes [Driver: local][LocalVolumeType: dir] [Testpattern: Dynamic PV (default fs)] subPath should support restarting containers using directory as subpath [Slow]" classname="Kubernetes e2e suite" time="0">
          <skipped></skipped>
      </testcase>
      <testcase name="[sig-storage] In-tree Volumes [Driver: iscsi][Feature:Volumes] [Testpattern: Inline-volume (default fs)] subPath should support restarting containers using file as subpath [Slow][LinuxOnly]" classname="Kubernetes e2e suite" time="0">
          <skipped></skipped>
      </testcase>
      <testcase name="[sig-storage] In-tree Volumes [Driver: hostPath] [Testpattern: Dynamic PV (ntfs)][sig-windows] subPath should unmount if pod is gracefully deleted while kubelet is down [Disruptive][Slow][LinuxOnly]" classname="Kubernetes e2e suite" time="0">
          <skipped></skipped>
      </testcase>
      <testcase name="[sig-storage] In-tree Volumes [Driver: local][LocalVolumeType: dir-bindmounted] [Testpattern: Dynamic PV (ntfs)][sig-windows] subPath should support file as subpath [LinuxOnly]" classname="Kubernetes e2e suite" time="0">
          <skipped></skipped>
      </testcase>
      <testcase name="[sig-storage] In-tree Volumes [Driver: nfs] [Testpattern: Dynamic PV (ntfs)][sig-windows] subPath should verify container cannot write to subpath readonly volumes [Slow]" classname="Kubernetes e2e suite" time="0">
          <skipped></skipped>
      </testcase>
      <testcase name="[sig-storage] In-tree Volumes [Driver: azure] [Testpattern: Inline-volume (default fs)] subPath should support restarting containers using directory as subpath [Slow]" classname="Kubernetes e2e suite" time="0">
          <skipped></skipped>
      </testcase>
      <testcase name="[sig-storage] In-tree Volumes [Driver: hostPathSymlink] [Testpattern: Pre-provisioned PV (xfs)][Slow] volumes should store data" classname="Kubernetes e2e suite" time="0">
          <skipped></skipped>
      </testcase>
      <testcase name="[sig-storage] In-tree Volumes [Driver: local][LocalVolumeType: blockfs] [Testpattern: Dynamic PV (ntfs)][sig-windows] subPath should fail if subpath with backstepping is outside the volume [Slow]" classname="Kubernetes e2e suite" time="0">
          <skipped></skipped>
      </testcase>
      <testcase name="[sig-storage] In-tree Volumes [Driver: local][LocalVolumeType: dir] [Testpattern: Inline-volume (default fs)] subPath should verify container cannot write to subpath readonly volumes [Slow]" classname="Kubernetes e2e suite" time="0">
          <skipped></skipped>
      </testcase>
      <testcase name="[sig-storage] PersistentVolumes-local  [Volume type: blockfswithoutformat] Set fsGroup for local volume should set fsGroup for one pod [Slow]" classname="Kubernetes e2e suite" time="0">
          <skipped></skipped>
      </testcase>
      <testcase name="[sig-storage] In-tree Volumes [Driver: aws] [Testpattern: Dynamic PV (filesystem volmode)] multiVolume [Slow] should concurrently access the single volume from pods on different node" classname="Kubernetes e2e suite" time="0">
          <skipped></skipped>
      </testcase>
      <testcase name="[sig-auth] [Feature:NodeAuthorizer] Getting an existing secret should exit with the Forbidden error" classname="Kubernetes e2e suite" time="0">
          <skipped></skipped>
      </testcase>
      <testcase name="[sig-storage] In-tree Volumes [Driver: ceph][Feature:Volumes] [Testpattern: Dynamic PV (filesystem volmode)] multiVolume [Slow] should access to two volumes with different volume mode and retain data across pod recreation on different node" classname="Kubernetes e2e suite" time="0">
          <skipped></skipped>
      </testcase>
      <testcase name="[sig-storage] In-tree Volumes [Driver: vSphere] [Testpattern: Inline-volume (default fs)] subPath should support existing directories when readOnly specified in the volumeSource" classname="Kubernetes e2e suite" time="0">
          <skipped></skipped>
      </testcase>
      <testcase name="[sig-storage] CSI Volumes [Driver: pd.csi.storage.gke.io][Serial] [Testpattern: Dynamic PV (ext4)] volumes should allow exec of files on the volume" classname="Kubernetes e2e suite" time="0">
          <skipped></skipped>
      </testcase>
      <testcase name="[sig-scheduling] GPUDevicePluginAcrossRecreate [Feature:Recreate] run Nvidia GPU Device Plugin tests with a recreation" classname="Kubernetes e2e suite" time="0">
          <skipped></skipped>
      </testcase>
      <testcase name="[sig-storage] In-tree Volumes [Driver: cinder] [Testpattern: Pre-provisioned PV (ext4)] volumes should store data" classname="Kubernetes e2e suite" time="0">
          <skipped></skipped>
      </testcase>
      <testcase name="[sig-storage] In-tree Volumes [Driver: vSphere] [Testpattern: Inline-volume (xfs)][Slow] volumes should allow exec of files on the volume" classname="Kubernetes e2e suite" time="0">
          <skipped></skipped>
      </testcase>
      <testcase name="[sig-storage] CSI Volumes [Driver: pd.csi.storage.gke.io][Serial] [Testpattern: Dynamic PV (filesystem volmode)] multiVolume [Slow] should access to two volumes with different volume mode and retain data across pod recreation on different node" classname="Kubernetes e2e suite" time="0">
          <skipped></skipped>
      </testcase>
      <testcase name="[sig-storage] In-tree Volumes [Driver: iscsi][Feature:Volumes] [Testpattern: Dynamic PV (default fs)] subPath should support existing directories when readOnly specified in the volumeSource" classname="Kubernetes e2e suite" time="0">
          <skipped></skipped>
      </testcase>
      <testcase name="[sig-storage] In-tree Volumes [Driver: hostPathSymlink] [Testpattern: Pre-provisioned PV (filesystem volmode)] disruptive[Disruptive] Should test that pv written before kubelet restart is readable after restart." classname="Kubernetes e2e suite" time="0">
          <skipped></skipped>
      </testcase>
      <testcase name="[sig-storage] In-tree Volumes [Driver: local][LocalVolumeType: dir] [Testpattern: Dynamic PV (ntfs)][sig-windows] subPath should support existing single file [LinuxOnly]" classname="Kubernetes e2e suite" time="0">
          <skipped></skipped>
      </testcase>
      <testcase name="[sig-storage] In-tree Volumes [Driver: cinder] [Testpattern: Dynamic PV (ntfs)][sig-windows] volumes should allow exec of files on the volume" classname="Kubernetes e2e suite" time="0">
          <skipped></skipped>
      </testcase>
      <testcase name="[sig-network] ESIPP [Slow] [DisabledForLargeClusters] should only target nodes with endpoints" classname="Kubernetes e2e suite" time="0">
          <skipped></skipped>
      </testcase>
      <testcase name="[sig-storage] In-tree Volumes [Driver: rbd][Feature:Volumes] [Testpattern: Inline-volume (default fs)] disruptive[Disruptive] Should test that pv written before kubelet restart is readable after restart." classname="Kubernetes e2e suite" time="0">
          <skipped></skipped>
      </testcase>
      <testcase name="[sig-storage] In-tree Volumes [Driver: local][LocalVolumeType: dir-link-bindmounted] [Testpattern: Pre-provisioned PV (default fs)] subPath should fail if subpath with backstepping is outside the volume [Slow]" classname="Kubernetes e2e suite" time="0">
          <skipped></skipped>
      </testcase>
      <testcase name="[sig-storage] In-tree Volumes [Driver: gcepd] [Testpattern: Pre-provisioned PV (default fs)] subPath should support non-existent path" classname="Kubernetes e2e suite" time="0">
          <skipped></skipped>
      </testcase>
      <testcase name="[sig-storage] [Serial] Volume metrics should create volume metrics with the correct PVC ref" classname="Kubernetes e2e suite" time="0">
          <skipped></skipped>
      </testcase>
      <testcase name="[sig-storage] In-tree Volumes [Driver: ceph][Feature:Volumes] [Testpattern: Inline-volume (default fs)] subPath should support existing single file [LinuxOnly]" classname="Kubernetes e2e suite" time="0">
          <skipped></skipped>
      </testcase>
      <testcase name="[sig-storage] In-tree Volumes [Driver: gcepd] [Testpattern: Pre-provisioned PV (default fs)] volumeIO should write files of various sizes, verify size, validate content [Slow]" classname="Kubernetes e2e suite" time="0">
          <skipped></skipped>
      </testcase>
      <testcase name="[sig-storage] In-tree Volumes [Driver: local][LocalVolumeType: dir-link] [Testpattern: Dynamic PV (block volmode)] volumeMode should fail in binding dynamic provisioned PV to PVC [Slow]" classname="Kubernetes e2e suite" time="0">
          <skipped></skipped>
      </testcase>
      <testcase name="[sig-storage] CSI Volumes [Driver: pd.csi.storage.gke.io][Serial] [Testpattern: Pre-provisioned PV (xfs)][Slow] volumes should allow exec of files on the volume" classname="Kubernetes e2e suite" time="0">
          <skipped></skipped>
      </testcase>
      <testcase name="[sig-storage] In-tree Volumes [Driver: local][LocalVolumeType: dir] [Testpattern: Dynamic PV (default fs)] provisioning should provision storage with pvc data source" classname="Kubernetes e2e suite" time="0">
          <skipped></skipped>
      </testcase>
      <testcase name="[sig-storage] In-tree Volumes [Driver: local][LocalVolumeType: gce-localssd-scsi-fs] [Serial] [Testpattern: Pre-provisioned PV (filesystem volmode)] multiVolume [Slow] should access to two volumes with the same volume mode and retain data across pod recreation on the same node" classname="Kubernetes e2e suite" time="0">
          <skipped></skipped>
      </testcase>
      <testcase name="[sig-api-machinery] CustomResourcePublishOpenAPI [Privileged:ClusterAdmin] works for CRD preserving unknown fields in an embedded object [Conformance]" classname="Kubernetes e2e suite" time="17.523396244"></testcase>
      <testcase name="[sig-storage] In-tree Volumes [Driver: local][LocalVolumeType: dir] [Testpattern: Dynamic PV (ntfs)][sig-windows] subPath should be able to unmount after the subpath directory is deleted" classname="Kubernetes e2e suite" time="0">
          <skipped></skipped>
      </testcase>
      <testcase name="[sig-storage] In-tree Volumes [Driver: gluster] [Testpattern: Inline-volume (default fs)] subPath should verify container cannot write to subpath readonly volumes [Slow]" classname="Kubernetes e2e suite" time="0">
          <skipped></skipped>
      </testcase>
      <testcase name="[sig-storage] In-tree Volumes [Driver: hostPath] [Testpattern: Dynamic PV (ntfs)][sig-windows] volumes should allow exec of files on the volume" classname="Kubernetes e2e suite" time="0">
          <skipped></skipped>
      </testcase>
      <testcase name="[sig-storage] In-tree Volumes [Driver: vSphere] [Testpattern: Dynamic PV (block volmode)] multiVolume [Slow] should concurrently access the single volume from pods on the same node" classname="Kubernetes e2e suite" time="0">
          <skipped></skipped>
      </testcase>
      <testcase name="[sig-storage] In-tree Volumes [Driver: local][LocalVolumeType: dir-link] [Testpattern: Dynamic PV (ext4)] volumes should allow exec of files on the volume" classname="Kubernetes e2e suite" time="0">
          <skipped></skipped>
      </testcase>
      <testcase name="[sig-storage] In-tree Volumes [Driver: hostPath] [Testpattern: Inline-volume (default fs)] subPath should unmount if pod is force deleted while kubelet is down [Disruptive][Slow][LinuxOnly]" classname="Kubernetes e2e suite" time="0">
          <skipped></skipped>
      </testcase>
      <testcase name="[sig-storage] In-tree Volumes [Driver: aws] [Testpattern: Inline-volume (default fs)] subPath should support existing directories when readOnly specified in the volumeSource" classname="Kubernetes e2e suite" time="0">
          <skipped></skipped>
      </testcase>
      <testcase name="[k8s.io] Cluster size autoscaler scalability [Slow] should scale down empty nodes [Feature:ClusterAutoscalerScalability3]" classname="Kubernetes e2e suite" time="0">
          <skipped></skipped>
      </testcase>
      <testcase name="[sig-storage] In-tree Volumes [Driver: azure] [Testpattern: Dynamic PV (ntfs)][sig-windows] subPath should support file as subpath [LinuxOnly]" classname="Kubernetes e2e suite" time="0">
          <skipped></skipped>
      </testcase>
      <testcase name="[sig-storage] In-tree Volumes [Driver: gcepd] [Testpattern: Inline-volume (default fs)] subPath should fail if subpath with backstepping is outside the volume [Slow]" classname="Kubernetes e2e suite" time="0">
          <skipped></skipped>
      </testcase>
      <testcase name="[sig-storage] CSI Volumes [Driver: pd.csi.storage.gke.io][Serial] [Testpattern: Pre-provisioned PV (default fs)] subPath should support existing directory" classname="Kubernetes e2e suite" time="0">
          <skipped></skipped>
      </testcase>
      <testcase name="[sig-storage] In-tree Volumes [Driver: iscsi][Feature:Volumes] [Testpattern: Inline-volume (default fs)] subPath should support existing directories when readOnly specified in the volumeSource" classname="Kubernetes e2e suite" time="0">
          <skipped></skipped>
      </testcase>
      <testcase name="[sig-storage] In-tree Volumes [Driver: iscsi][Feature:Volumes] [Testpattern: Dynamic PV (block volmode)] multiVolume [Slow] should access to two volumes with different volume mode and retain data across pod recreation on the same node" classname="Kubernetes e2e suite" time="0">
          <skipped></skipped>
      </testcase>
      <testcase name="[sig-node] ConfigMap should fail to create ConfigMap with empty key [Conformance]" classname="Kubernetes e2e suite" time="6.261319794"></testcase>
      <testcase name="[sig-storage] PersistentVolumes-local  [Volume type: gce-localssd-scsi-fs] [Serial] Set fsGroup for local volume should set fsGroup for one pod [Slow]" classname="Kubernetes e2e suite" time="0">
          <skipped></skipped>
      </testcase>
      <testcase name="[sig-instrumentation] Cluster level logging implemented by Stackdriver should ingest events [Feature:StackdriverLogging]" classname="Kubernetes e2e suite" time="0">
          <skipped></skipped>
      </testcase>
      <testcase name="[sig-storage] PersistentVolumes-local  [Volume type: dir] One pod requesting one prebound PVC should be able to mount volume and read from pod1" classname="Kubernetes e2e suite" time="0">
          <skipped></skipped>
      </testcase>
      <testcase name="[sig-storage] In-tree Volumes [Driver: local][LocalVolumeType: dir-link] [Testpattern: Pre-provisioned PV (ntfs)][sig-windows] volumes should store data" classname="Kubernetes e2e suite" time="0">
          <skipped></skipped>
      </testcase>
      <testcase name="[sig-storage] CSI Volumes [Driver: csi-hostpath] [Testpattern: Pre-provisioned PV (default fs)] subPath should fail if subpath directory is outside the volume [Slow]" classname="Kubernetes e2e suite" time="0">
          <skipped></skipped>
      </testcase>
      <testcase name="[sig-storage] In-tree Volumes [Driver: vSphere] [Testpattern: Pre-provisioned PV (filesystem volmode)] volumeMode should fail to use a volume in a pod with mismatched mode [Slow]" classname="Kubernetes e2e suite" time="0">
          <skipped></skipped>
      </testcase>
      <testcase name="[sig-storage] In-tree Volumes [Driver: hostPath] [Testpattern: Dynamic PV (filesystem volmode)] volumeMode should fail to use a volume in a pod with mismatched mode [Slow]" classname="Kubernetes e2e suite" time="0">
          <skipped></skipped>
      </testcase>
      <testcase name="[sig-storage] In-tree Volumes [Driver: rbd][Feature:Volumes] [Testpattern: Dynamic PV (ntfs)][sig-windows] subPath should unmount if pod is gracefully deleted while kubelet is down [Disruptive][Slow][LinuxOnly]" classname="Kubernetes e2e suite" time="0">
          <skipped></skipped>
      </testcase>
      <testcase name="[sig-storage] In-tree Volumes [Driver: nfs] [Testpattern: Pre-provisioned PV (ext4)] volumes should allow exec of files on the volume" classname="Kubernetes e2e suite" time="0">
          <skipped></skipped>
      </testcase>
      <testcase name="[sig-storage] In-tree Volumes [Driver: aws] [Testpattern: Pre-provisioned PV (filesystem volmode)] multiVolume [Slow] should concurrently access the single volume from pods on different node" classname="Kubernetes e2e suite" time="0">
          <skipped></skipped>
      </testcase>
      <testcase name="[sig-storage] In-tree Volumes [Driver: nfs] [Testpattern: Pre-provisioned PV (block volmode)] multiVolume [Slow] should access to two volumes with the same volume mode and retain data across pod recreation on different node" classname="Kubernetes e2e suite" time="0">
          <skipped></skipped>
      </testcase>
      <testcase name="[sig-storage] CSI Volumes [Driver: pd.csi.storage.gke.io][Serial] [Testpattern: Dynamic PV (default fs)] provisioning should provision storage with mount options" classname="Kubernetes e2e suite" time="0">
          <skipped></skipped>
      </testcase>
      <testcase name="[sig-storage] In-tree Volumes [Driver: vSphere] [Testpattern: Pre-provisioned PV (ext3)] volumes should store data" classname="Kubernetes e2e suite" time="0">
          <skipped></skipped>
      </testcase>
      <testcase name="[sig-storage] In-tree Volumes [Driver: local][LocalVolumeType: dir-link-bindmounted] [Testpattern: Pre-provisioned PV (block volmode)] multiVolume [Slow] should concurrently access the single volume from pods on different node" classname="Kubernetes e2e suite" time="0">
          <skipped></skipped>
      </testcase>
      <testcase name="[sig-storage] In-tree Volumes [Driver: nfs] [Testpattern: Dynamic PV (ntfs)][sig-windows] subPath should support creating multiple subpath from same volumes [Slow]" classname="Kubernetes e2e suite" time="0">
          <skipped></skipped>
      </testcase>
      <testcase name="[sig-storage] In-tree Volumes [Driver: local][LocalVolumeType: dir-link] [Testpattern: Pre-provisioned PV (default fs)] subPath should unmount if pod is gracefully deleted while kubelet is down [Disruptive][Slow][LinuxOnly]" classname="Kubernetes e2e suite" time="0">
          <skipped></skipped>
      </testcase>
      <testcase name="[sig-storage] In-tree Volumes [Driver: vSphere] [Testpattern: Dynamic PV (ntfs)][sig-windows] subPath should support creating multiple subpath from same volumes [Slow]" classname="Kubernetes e2e suite" time="0">
          <skipped></skipped>
      </testcase>
      <testcase name="[sig-storage] In-tree Volumes [Driver: gcepd] [Testpattern: Dynamic PV (filesystem volmode)] multiVolume [Slow] should access to two volumes with different volume mode and retain data across pod recreation on the same node" classname="Kubernetes e2e suite" time="0">
          <skipped></skipped>
      </testcase>
      <testcase name="[sig-storage] In-tree Volumes [Driver: gluster] [Testpattern: Dynamic PV (block volmode)] multiVolume [Slow] should concurrently access the single volume from pods on different node" classname="Kubernetes e2e suite" time="0">
          <skipped></skipped>
      </testcase>
      <testcase name="[sig-storage] In-tree Volumes [Driver: gcepd] [Testpattern: Dynamic PV (filesystem volmode)] volumeLimits should support volume limits [Slow][Serial]" classname="Kubernetes e2e suite" time="0">
          <skipped></skipped>
      </testcase>
      <testcase name="[sig-storage] In-tree Volumes [Driver: hostPathSymlink] [Testpattern: Dynamic PV (block volmode)] multiVolume [Slow] should access to two volumes with different volume mode and retain data across pod recreation on different node" classname="Kubernetes e2e suite" time="0">
          <skipped></skipped>
      </testcase>
      <testcase name="[sig-apps] DisruptionController evictions: enough pods, replicaSet, percentage =&gt; should allow an eviction" classname="Kubernetes e2e suite" time="0">
          <skipped></skipped>
      </testcase>
      <testcase name="[sig-storage] In-tree Volumes [Driver: local][LocalVolumeType: dir-link-bindmounted] [Testpattern: Dynamic PV (ntfs)][sig-windows] subPath should verify container cannot write to subpath readonly volumes [Slow]" classname="Kubernetes e2e suite" time="0">
          <skipped></skipped>
      </testcase>
      <testcase name="[sig-storage] In-tree Volumes [Driver: cinder] [Testpattern: Pre-provisioned PV (default fs)] subPath should verify container cannot write to subpath readonly volumes [Slow]" classname="Kubernetes e2e suite" time="0">
          <skipped></skipped>
      </testcase>
      <testcase name="[sig-storage] In-tree Volumes [Driver: local][LocalVolumeType: block] [Testpattern: Dynamic PV (ntfs)][sig-windows] volumes should allow exec of files on the volume" classname="Kubernetes e2e suite" time="0">
          <skipped></skipped>
      </testcase>
      <testcase name="[sig-storage] In-tree Volumes [Driver: ceph][Feature:Volumes] [Testpattern: Dynamic PV (filesystem volmode)] multiVolume [Slow] should concurrently access the single volume from pods on different node" classname="Kubernetes e2e suite" time="0">
          <skipped></skipped>
      </testcase>
      <testcase name="[sig-storage] PersistentVolumes:vsphere should test that deleting the Namespace of a PVC and Pod causes the successful detach of vsphere volume" classname="Kubernetes e2e suite" time="0">
          <skipped></skipped>
      </testcase>
      <testcase name="[sig-storage] In-tree Volumes [Driver: iscsi][Feature:Volumes] [Testpattern: Inline-volume (default fs)] volumes should allow exec of files on the volume" classname="Kubernetes e2e suite" time="0">
          <skipped></skipped>
      </testcase>
      <testcase name="[sig-storage] In-tree Volumes [Driver: local][LocalVolumeType: dir-link] [Testpattern: Pre-provisioned PV (default fs)] subPath should support creating multiple subpath from same volumes [Slow]" classname="Kubernetes e2e suite" time="0">
          <skipped></skipped>
      </testcase>
      <testcase name="[sig-storage] In-tree Volumes [Driver: emptydir] [Testpattern: Dynamic PV (block volmode)] multiVolume [Slow] should concurrently access the single volume from pods on the same node" classname="Kubernetes e2e suite" time="0">
          <skipped></skipped>
      </testcase>
      <testcase name="[k8s.io] [sig-node] Security Context should support pod.Spec.SecurityContext.RunAsUser And pod.Spec.SecurityContext.RunAsGroup [LinuxOnly]" classname="Kubernetes e2e suite" time="0">
          <skipped></skipped>
      </testcase>
      <testcase name="[sig-cluster-lifecycle] Ports Security Check [Feature:KubeletSecurity] should not be able to proxy to the readonly kubelet port 10255 using proxy subresource" classname="Kubernetes e2e suite" time="0">
          <skipped></skipped>
      </testcase>
      <testcase name="[sig-network] DNS should provide DNS for the cluster [Provider:GCE]" classname="Kubernetes e2e suite" time="0">
          <skipped></skipped>
      </testcase>
      <testcase name="[sig-storage] In-tree Volumes [Driver: gluster] [Testpattern: Dynamic PV (ntfs)][sig-windows] subPath should support readOnly file specified in the volumeMount [LinuxOnly]" classname="Kubernetes e2e suite" time="0">
          <skipped></skipped>
      </testcase>
      <testcase name="[sig-autoscaling] [Feature:ClusterSizeAutoscalingScaleUp] [Slow] Autoscaling [sig-autoscaling] Autoscaling a service from 1 pod and 3 nodes to 8 pods and &gt;=4 nodes takes less than 15 minutes" classname="Kubernetes e2e suite" time="0">
          <skipped></skipped>
      </testcase>
      <testcase name="[k8s.io] Pods should support pod readiness gates [NodeFeature:PodReadinessGate]" classname="Kubernetes e2e suite" time="0">
          <skipped></skipped>
      </testcase>
      <testcase name="[sig-storage] In-tree Volumes [Driver: nfs] [Testpattern: Dynamic PV (block volmode)] multiVolume [Slow] should access to two volumes with different volume mode and retain data across pod recreation on different node" classname="Kubernetes e2e suite" time="0">
          <skipped></skipped>
      </testcase>
      <testcase name="[sig-storage] In-tree Volumes [Driver: emptydir] [Testpattern: Pre-provisioned PV (default fs)] subPath should support existing single file [LinuxOnly]" classname="Kubernetes e2e suite" time="0">
          <skipped></skipped>
      </testcase>
      <testcase name="[k8s.io] Cluster size autoscaler scalability [Slow] shouldn&#39;t scale down with underutilized nodes due to host port conflicts [Feature:ClusterAutoscalerScalability5]" classname="Kubernetes e2e suite" time="0">
          <skipped></skipped>
      </testcase>
      <testcase name="[sig-storage] In-tree Volumes [Driver: cinder] [Testpattern: Dynamic PV (default fs)] provisioning should provision storage with pvc data source" classname="Kubernetes e2e suite" time="0">
          <skipped></skipped>
      </testcase>
      <testcase name="[sig-storage] In-tree Volumes [Driver: gcepd] [Testpattern: Dynamic PV (default fs)] volumes should allow exec of files on the volume" classname="Kubernetes e2e suite" time="0">
          <skipped></skipped>
      </testcase>
      <testcase name="[sig-storage] Projected configMap should be consumable from pods in volume with mappings [NodeConformance] [Conformance]" classname="Kubernetes e2e suite" time="14.522669369"></testcase>
      <testcase name="[k8s.io] Downward API [Serial] [Disruptive] [NodeFeature:EphemeralStorage] Downward API tests for local ephemeral storage should provide default limits.ephemeral-storage from node allocatable" classname="Kubernetes e2e suite" time="0">
          <skipped></skipped>
      </testcase>
      <testcase name="[sig-storage] In-tree Volumes [Driver: iscsi][Feature:Volumes] [Testpattern: Dynamic PV (default fs)] subPath should support readOnly directory specified in the volumeMount" classname="Kubernetes e2e suite" time="0">
          <skipped></skipped>
      </testcase>
      <testcase name="[sig-storage] In-tree Volumes [Driver: emptydir] [Testpattern: Dynamic PV (ntfs)][sig-windows] subPath should verify container cannot write to subpath readonly volumes [Slow]" classname="Kubernetes e2e suite" time="0">
          <skipped></skipped>
      </testcase>
      <testcase name="[sig-storage] In-tree Volumes [Driver: local][LocalVolumeType: dir-bindmounted] [Testpattern: Inline-volume (default fs)] subPath should fail if subpath file is outside the volume [Slow][LinuxOnly]" classname="Kubernetes e2e suite" time="0">
          <skipped></skipped>
      </testcase>
      <testcase name="[sig-storage] In-tree Volumes [Driver: gcepd] [Testpattern: Dynamic PV (default fs)] subPath should verify container cannot write to subpath readonly volumes [Slow]" classname="Kubernetes e2e suite" time="0">
          <skipped></skipped>
      </testcase>
      <testcase name="[sig-storage] In-tree Volumes [Driver: local][LocalVolumeType: dir-bindmounted] [Testpattern: Dynamic PV (ntfs)][sig-windows] subPath should be able to unmount after the subpath directory is deleted" classname="Kubernetes e2e suite" time="0">
          <skipped></skipped>
      </testcase>
      <testcase name="[sig-storage] CSI Volumes [Driver: csi-hostpath] [Testpattern: Inline-volume (ext4)] volumes should allow exec of files on the volume" classname="Kubernetes e2e suite" time="0">
          <skipped></skipped>
      </testcase>
      <testcase name="[sig-storage] In-tree Volumes [Driver: iscsi][Feature:Volumes] [Testpattern: Pre-provisioned PV (filesystem volmode)] multiVolume [Slow] should concurrently access the single volume from pods on the same node" classname="Kubernetes e2e suite" time="0">
          <skipped></skipped>
      </testcase>
      <testcase name="[sig-storage] CSI Volumes [Driver: csi-hostpath-v0] [Testpattern: Pre-provisioned PV (default fs)] subPath should support file as subpath [LinuxOnly]" classname="Kubernetes e2e suite" time="0">
          <skipped></skipped>
      </testcase>
      <testcase name="[sig-storage] In-tree Volumes [Driver: gcepd] [Testpattern: Pre-provisioned PV (default fs)] subPath should support existing directory" classname="Kubernetes e2e suite" time="0">
          <skipped></skipped>
      </testcase>
      <testcase name="[sig-storage] In-tree Volumes [Driver: emptydir] [Testpattern: Pre-provisioned PV (ext4)] volumes should store data" classname="Kubernetes e2e suite" time="0">
          <skipped></skipped>
      </testcase>
      <testcase name="[sig-storage] In-tree Volumes [Driver: cinder] [Testpattern: Dynamic PV (ntfs)][sig-windows] subPath should support readOnly file specified in the volumeMount [LinuxOnly]" classname="Kubernetes e2e suite" time="0">
          <skipped></skipped>
      </testcase>
      <testcase name="[sig-storage] In-tree Volumes [Driver: local][LocalVolumeType: dir-link-bindmounted] [Testpattern: Inline-volume (default fs)] subPath should support readOnly file specified in the volumeMount [LinuxOnly]" classname="Kubernetes e2e suite" time="0">
          <skipped></skipped>
      </testcase>
      <testcase name="[sig-scalability] Density [Feature:ManualPerformance] should allow starting 30 pods per node using Deployment.extensions with 0 secrets, 0 configmaps, 2 token projections, and 0 daemons" classname="Kubernetes e2e suite" time="0">
          <skipped></skipped>
      </testcase>
      <testcase name="[sig-storage] In-tree Volumes [Driver: ceph][Feature:Volumes] [Testpattern: Pre-provisioned PV (default fs)] subPath should unmount if pod is gracefully deleted while kubelet is down [Disruptive][Slow][LinuxOnly]" classname="Kubernetes e2e suite" time="0">
          <skipped></skipped>
      </testcase>
      <testcase name="[sig-storage] In-tree Volumes [Driver: emptydir] [Testpattern: Pre-provisioned PV (default fs)] volumeIO should write files of various sizes, verify size, validate content [Slow]" classname="Kubernetes e2e suite" time="0">
          <skipped></skipped>
      </testcase>
      <testcase name="[sig-storage] CSI Volumes [Driver: csi-hostpath-v0] [Testpattern: Inline-volume (default fs)] subPath should fail if non-existent subpath is outside the volume [Slow][LinuxOnly]" classname="Kubernetes e2e suite" time="0">
          <skipped></skipped>
      </testcase>
      <testcase name="[sig-storage] In-tree Volumes [Driver: gluster] [Testpattern: Dynamic PV (default fs)] subPath should verify container cannot write to subpath readonly volumes [Slow]" classname="Kubernetes e2e suite" time="0">
          <skipped></skipped>
      </testcase>
      <testcase name="[sig-storage] In-tree Volumes [Driver: aws] [Testpattern: Dynamic PV (filesystem volmode)] multiVolume [Slow] should concurrently access the single volume from pods on the same node" classname="Kubernetes e2e suite" time="0">
          <skipped></skipped>
      </testcase>
      <testcase name="[sig-storage] In-tree Volumes [Driver: gcepd] [Testpattern: Pre-provisioned PV (ext3)] volumes should store data" classname="Kubernetes e2e suite" time="0">
          <skipped></skipped>
      </testcase>
      <testcase name="[sig-windows] [Feature:Windows] Memory Limits [Serial] [Slow] Allocatable node memory should be equal to a calculated allocatable memory value" classname="Kubernetes e2e suite" time="0">
          <skipped></skipped>
      </testcase>
      <testcase name="[sig-storage] In-tree Volumes [Driver: local][LocalVolumeType: dir-bindmounted] [Testpattern: Dynamic PV (default fs)] subPath should fail if subpath with backstepping is outside the volume [Slow]" classname="Kubernetes e2e suite" time="0">
          <skipped></skipped>
      </testcase>
      <testcase name="[sig-storage] In-tree Volumes [Driver: gcepd] [Testpattern: Pre-provisioned PV (block volmode)] multiVolume [Slow] should concurrently access the single volume from pods on the same node" classname="Kubernetes e2e suite" time="0">
          <skipped></skipped>
      </testcase>
      <testcase name="[sig-storage] In-tree Volumes [Driver: local][LocalVolumeType: block] [Testpattern: Pre-provisioned PV (xfs)][Slow] volumes should store data" classname="Kubernetes e2e suite" time="0">
          <skipped></skipped>
      </testcase>
      <testcase name="[sig-storage] In-tree Volumes [Driver: hostPath] [Testpattern: Dynamic PV (default fs)] subPath should support existing directory" classname="Kubernetes e2e suite" time="0">
          <skipped></skipped>
      </testcase>
      <testcase name="[sig-storage] CSI Volumes [Driver: csi-hostpath-v0] [Testpattern: Pre-provisioned PV (default fs)] subPath should fail if subpath with backstepping is outside the volume [Slow]" classname="Kubernetes e2e suite" time="0">
          <skipped></skipped>
      </testcase>
      <testcase name="[sig-storage] In-tree Volumes [Driver: gcepd] [Testpattern: Dynamic PV (ntfs)][sig-windows] subPath should fail if subpath file is outside the volume [Slow][LinuxOnly]" classname="Kubernetes e2e suite" time="0">
          <skipped></skipped>
      </testcase>
      <testcase name="[sig-storage] In-tree Volumes [Driver: azure] [Testpattern: Dynamic PV (ntfs)][sig-windows] subPath should verify container cannot write to subpath readonly volumes [Slow]" classname="Kubernetes e2e suite" time="0">
          <skipped></skipped>
      </testcase>
      <testcase name="[sig-storage] In-tree Volumes [Driver: local][LocalVolumeType: dir-link-bindmounted] [Testpattern: Dynamic PV (filesystem volmode)] multiVolume [Slow] should concurrently access the single volume from pods on different node" classname="Kubernetes e2e suite" time="0">
          <skipped></skipped>
      </testcase>
      <testcase name="[sig-storage] In-tree Volumes [Driver: local][LocalVolumeType: dir-link] [Testpattern: Inline-volume (default fs)] subPath should unmount if pod is gracefully deleted while kubelet is down [Disruptive][Slow][LinuxOnly]" classname="Kubernetes e2e suite" time="0">
          <skipped></skipped>
      </testcase>
      <testcase name="[sig-storage] In-tree Volumes [Driver: aws] [Testpattern: Dynamic PV (default fs)] subPath should unmount if pod is gracefully deleted while kubelet is down [Disruptive][Slow][LinuxOnly]" classname="Kubernetes e2e suite" time="0">
          <skipped></skipped>
      </testcase>
      <testcase name="[sig-storage] In-tree Volumes [Driver: gluster] [Testpattern: Inline-volume (default fs)] subPath should support restarting containers using file as subpath [Slow][LinuxOnly]" classname="Kubernetes e2e suite" time="0">
          <skipped></skipped>
      </testcase>
      <testcase name="[sig-storage] In-tree Volumes [Driver: azure] [Testpattern: Dynamic PV (ext4)] volumes should allow exec of files on the volume" classname="Kubernetes e2e suite" time="0">
          <skipped></skipped>
      </testcase>
      <testcase name="[sig-network] NetworkPolicy [LinuxOnly] NetworkPolicy between server and client should enforce policy based on NamespaceSelector with MatchExpressions[Feature:NetworkPolicy]" classname="Kubernetes e2e suite" time="0">
          <skipped></skipped>
      </testcase>
      <testcase name="[sig-storage] In-tree Volumes [Driver: local][LocalVolumeType: gce-localssd-scsi-fs] [Serial] [Testpattern: Pre-provisioned PV (block volmode)] multiVolume [Slow] should concurrently access the single volume from pods on the same node" classname="Kubernetes e2e suite" time="0">
          <skipped></skipped>
      </testcase>
      <testcase name="[sig-storage] In-tree Volumes [Driver: local][LocalVolumeType: dir-link] [Testpattern: Dynamic PV (ntfs)][sig-windows] subPath should support restarting containers using file as subpath [Slow][LinuxOnly]" classname="Kubernetes e2e suite" time="0">
          <skipped></skipped>
      </testcase>
      <testcase name="[sig-storage] In-tree Volumes [Driver: azure] [Testpattern: Pre-provisioned PV (default fs)] subPath should fail if subpath file is outside the volume [Slow][LinuxOnly]" classname="Kubernetes e2e suite" time="0">
          <skipped></skipped>
      </testcase>
      <testcase name="[sig-storage] In-tree Volumes [Driver: local][LocalVolumeType: dir] [Testpattern: Inline-volume (ntfs)][sig-windows] volumes should store data" classname="Kubernetes e2e suite" time="0">
          <skipped></skipped>
      </testcase>
      <testcase name="[sig-storage] In-tree Volumes [Driver: local][LocalVolumeType: dir-link] [Testpattern: Pre-provisioned PV (default fs)] subPath should support existing single file [LinuxOnly]" classname="Kubernetes e2e suite" time="0">
          <skipped></skipped>
      </testcase>
      <testcase name="[sig-storage] In-tree Volumes [Driver: gluster] [Testpattern: Dynamic PV (block volmode)(allowExpansion)] volume-expand should resize volume when PVC is edited while pod is using it" classname="Kubernetes e2e suite" time="0">
          <skipped></skipped>
      </testcase>
      <testcase name="[sig-storage] In-tree Volumes [Driver: iscsi][Feature:Volumes] [Testpattern: Dynamic PV (ext4)] volumes should allow exec of files on the volume" classname="Kubernetes e2e suite" time="0">
          <skipped></skipped>
      </testcase>
      <testcase name="[sig-network] Services should have session affinity work for NodePort service" classname="Kubernetes e2e suite" time="0">
          <skipped></skipped>
      </testcase>
      <testcase name="[sig-storage] In-tree Volumes [Driver: local][LocalVolumeType: blockfs] [Testpattern: Pre-provisioned PV (xfs)][Slow] volumes should store data" classname="Kubernetes e2e suite" time="0">
          <skipped></skipped>
      </testcase>
      <testcase name="[sig-storage] In-tree Volumes [Driver: local][LocalVolumeType: dir-link] [Testpattern: Pre-provisioned PV (default fs)] subPath should fail if subpath file is outside the volume [Slow][LinuxOnly]" classname="Kubernetes e2e suite" time="0">
          <skipped></skipped>
      </testcase>
      <testcase name="[sig-storage] In-tree Volumes [Driver: aws] [Testpattern: Pre-provisioned PV (filesystem volmode)] multiVolume [Slow] should access to two volumes with different volume mode and retain data across pod recreation on different node" classname="Kubernetes e2e suite" time="0">
          <skipped></skipped>
      </testcase>
      <testcase name="[sig-storage] In-tree Volumes [Driver: iscsi][Feature:Volumes] [Testpattern: Pre-provisioned PV (default fs)] subPath should fail if subpath directory is outside the volume [Slow]" classname="Kubernetes e2e suite" time="0">
          <skipped></skipped>
      </testcase>
      <testcase name="[sig-auth] ServiceAccounts should mount an API token into pods  [Conformance]" classname="Kubernetes e2e suite" time="12.249791117000001"></testcase>
      <testcase name="[sig-storage] CSI Volumes [Driver: pd.csi.storage.gke.io][Serial] [Testpattern: Dynamic PV (filesystem volmode)] volumeMode should not mount / map unused volumes in a pod" classname="Kubernetes e2e suite" time="0">
          <skipped></skipped>
      </testcase>
      <testcase name="[sig-storage] CSI Volumes [Driver: csi-hostpath-v0] [Testpattern: Dynamic PV (ntfs)][sig-windows] subPath should fail if subpath file is outside the volume [Slow][LinuxOnly]" classname="Kubernetes e2e suite" time="0">
          <skipped></skipped>
      </testcase>
      <testcase name="[sig-storage] In-tree Volumes [Driver: emptydir] [Testpattern: Pre-provisioned PV (default fs)] subPath should fail if non-existent subpath is outside the volume [Slow][LinuxOnly]" classname="Kubernetes e2e suite" time="0">
          <skipped></skipped>
      </testcase>
      <testcase name="[sig-storage] In-tree Volumes [Driver: local][LocalVolumeType: gce-localssd-scsi-fs] [Serial] [Testpattern: Dynamic PV (ntfs)][sig-windows] subPath should support restarting containers using file as subpath [Slow][LinuxOnly]" classname="Kubernetes e2e suite" time="0">
          <skipped></skipped>
      </testcase>
      <testcase name="[sig-storage] Verify Volume Attach Through vpxd Restart [Feature:vsphere][Serial][Disruptive] verify volume remains attached through vpxd restart" classname="Kubernetes e2e suite" time="0">
          <skipped></skipped>
      </testcase>
      <testcase name="[sig-storage] In-tree Volumes [Driver: local][LocalVolumeType: dir-link-bindmounted] [Testpattern: Dynamic PV (default fs)] subPath should support existing directory" classname="Kubernetes e2e suite" time="0">
          <skipped></skipped>
      </testcase>
      <testcase name="[sig-storage] In-tree Volumes [Driver: local][LocalVolumeType: dir-link-bindmounted] [Testpattern: Pre-provisioned PV (xfs)][Slow] volumes should allow exec of files on the volume" classname="Kubernetes e2e suite" time="0">
          <skipped></skipped>
      </testcase>
      <testcase name="[sig-storage] In-tree Volumes [Driver: nfs] [Testpattern: Pre-provisioned PV (default fs)] subPath should fail if non-existent subpath is outside the volume [Slow][LinuxOnly]" classname="Kubernetes e2e suite" time="0">
          <skipped></skipped>
      </testcase>
      <testcase name="[sig-instrumentation] Cluster level logging using Elasticsearch [Feature:Elasticsearch] should check that logs from containers are ingested into Elasticsearch" classname="Kubernetes e2e suite" time="0">
          <skipped></skipped>
      </testcase>
      <testcase name="[sig-storage] In-tree Volumes [Driver: hostPath] [Testpattern: Dynamic PV (default fs)] volumes should store data" classname="Kubernetes e2e suite" time="0">
          <skipped></skipped>
      </testcase>
      <testcase name="[sig-storage] In-tree Volumes [Driver: gluster] [Testpattern: Dynamic PV (ntfs)][sig-windows] subPath should unmount if pod is force deleted while kubelet is down [Disruptive][Slow][LinuxOnly]" classname="Kubernetes e2e suite" time="0">
          <skipped></skipped>
      </testcase>
      <testcase name="[k8s.io] Variable Expansion should allow substituting values in a container&#39;s command [NodeConformance] [Conformance]" classname="Kubernetes e2e suite" time="14.30218601"></testcase>
      <testcase name="[sig-storage] CSI Volumes [Driver: csi-hostpath-v0] [Testpattern: inline ephemeral CSI volume] ephemeral should support two pods which share the same volume" classname="Kubernetes e2e suite" time="0">
          <skipped></skipped>
      </testcase>
      <testcase name="[sig-storage] [Serial] Volume metrics PVController should create none metrics for pvc controller before creating any PV or PVC" classname="Kubernetes e2e suite" time="0">
          <skipped></skipped>
      </testcase>
      <testcase name="[sig-storage] EmptyDir volumes should support (root,0666,tmpfs) [LinuxOnly] [NodeConformance] [Conformance]" classname="Kubernetes e2e suite" time="14.394723031"></testcase>
      <testcase name="[sig-storage] In-tree Volumes [Driver: local][LocalVolumeType: dir-bindmounted] [Testpattern: Pre-provisioned PV (filesystem volmode)] multiVolume [Slow] should access to two volumes with the same volume mode and retain data across pod recreation on different node" classname="Kubernetes e2e suite" time="0">
          <skipped></skipped>
      </testcase>
      <testcase name="[sig-storage] In-tree Volumes [Driver: local][LocalVolumeType: tmpfs] [Testpattern: Dynamic PV (ntfs)][sig-windows] subPath should support existing directories when readOnly specified in the volumeSource" classname="Kubernetes e2e suite" time="0">
          <skipped></skipped>
      </testcase>
      <testcase name="[sig-storage] In-tree Volumes [Driver: local][LocalVolumeType: blockfs] [Testpattern: Inline-volume (default fs)] subPath should be able to unmount after the subpath directory is deleted" classname="Kubernetes e2e suite" time="0">
          <skipped></skipped>
      </testcase>
      <testcase name="[sig-network] DNS configMap nameserver [Feature:Networking-IPv6] [LinuxOnly] Forward external name lookup should forward externalname lookup to upstream nameserver [Slow][Serial]" classname="Kubernetes e2e suite" time="0">
          <skipped></skipped>
      </testcase>
      <testcase name="[sig-storage] In-tree Volumes [Driver: nfs] [Testpattern: Dynamic PV (ntfs)][sig-windows] provisioning should provision storage with snapshot data source [Feature:VolumeSnapshotDataSource]" classname="Kubernetes e2e suite" time="0">
          <skipped></skipped>
      </testcase>
      <testcase name="[sig-storage] Storage Policy Based Volume Provisioning [Feature:vsphere] verify VSAN storage capability with invalid diskStripes value is not honored for dynamically provisioned pvc using storageclass" classname="Kubernetes e2e suite" time="0">
          <skipped></skipped>
      </testcase>
      <testcase name="[sig-storage] CSI Volumes [Driver: pd.csi.storage.gke.io][Serial] [Testpattern: Pre-provisioned PV (default fs)] subPath should support existing single file [LinuxOnly]" classname="Kubernetes e2e suite" time="0">
          <skipped></skipped>
      </testcase>
      <testcase name="[sig-storage] In-tree Volumes [Driver: gcepd] [Testpattern: Dynamic PV (ntfs)][sig-windows] subPath should fail if non-existent subpath is outside the volume [Slow][LinuxOnly]" classname="Kubernetes e2e suite" time="0">
          <skipped></skipped>
      </testcase>
      <testcase name="[sig-storage] CSI Volumes [Driver: csi-hostpath] [Testpattern: Pre-provisioned PV (block volmode)] multiVolume [Slow] should concurrently access the single volume from pods on different node" classname="Kubernetes e2e suite" time="0">
          <skipped></skipped>
      </testcase>
      <testcase name="[sig-storage] In-tree Volumes [Driver: hostPath] [Testpattern: Inline-volume (ext3)] volumes should allow exec of files on the volume" classname="Kubernetes e2e suite" time="0">
          <skipped></skipped>
      </testcase>
      <testcase name="[sig-storage] In-tree Volumes [Driver: iscsi][Feature:Volumes] [Testpattern: Pre-provisioned PV (default fs)] subPath should fail if non-existent subpath is outside the volume [Slow][LinuxOnly]" classname="Kubernetes e2e suite" time="0">
          <skipped></skipped>
      </testcase>
      <testcase name="[sig-storage] In-tree Volumes [Driver: iscsi][Feature:Volumes] [Testpattern: Dynamic PV (ntfs)][sig-windows] subPath should support non-existent path" classname="Kubernetes e2e suite" time="0">
          <skipped></skipped>
      </testcase>
      <testcase name="[sig-storage] In-tree Volumes [Driver: iscsi][Feature:Volumes] [Testpattern: Inline-volume (ext3)] volumes should store data" classname="Kubernetes e2e suite" time="0">
          <skipped></skipped>
      </testcase>
      <testcase name="[sig-windows] Hybrid cluster network for all supported CNIs should have stable networking for Linux and Windows pods" classname="Kubernetes e2e suite" time="0">
          <skipped></skipped>
      </testcase>
      <testcase name="[sig-storage] In-tree Volumes [Driver: gluster] [Testpattern: Dynamic PV (default fs)] subPath should support readOnly directory specified in the volumeMount" classname="Kubernetes e2e suite" time="0">
          <skipped></skipped>
      </testcase>
      <testcase name="[sig-storage] CSI Volumes [Driver: csi-hostpath-v0] [Testpattern: inline ephemeral CSI volume] ephemeral should support multiple inline ephemeral volumes" classname="Kubernetes e2e suite" time="0">
          <skipped></skipped>
      </testcase>
      <testcase name="[sig-storage] EmptyDir wrapper volumes should not cause race condition when used for configmaps [Serial] [Conformance]" classname="Kubernetes e2e suite" time="0">
          <skipped></skipped>
      </testcase>
      <testcase name="[sig-storage] In-tree Volumes [Driver: nfs] [Testpattern: Dynamic PV (block volmode)(allowExpansion)] volume-expand Verify if offline PVC expansion works" classname="Kubernetes e2e suite" time="0">
          <skipped></skipped>
      </testcase>
      <testcase name="[sig-cli] Kubectl client Kubectl apply apply set/view last-applied" classname="Kubernetes e2e suite" time="0">
          <skipped></skipped>
      </testcase>
      <testcase name="[sig-storage] In-tree Volumes [Driver: local][LocalVolumeType: block] [Testpattern: Dynamic PV (ntfs)][sig-windows] subPath should fail if subpath directory is outside the volume [Slow]" classname="Kubernetes e2e suite" time="0">
          <skipped></skipped>
      </testcase>
      <testcase name="[sig-storage] In-tree Volumes [Driver: vSphere] [Testpattern: Inline-volume (default fs)] volumes should allow exec of files on the volume" classname="Kubernetes e2e suite" time="0">
          <skipped></skipped>
      </testcase>
      <testcase name="[sig-storage] In-tree Volumes [Driver: local][LocalVolumeType: tmpfs] [Testpattern: Dynamic PV (default fs)] volumeIO should write files of various sizes, verify size, validate content [Slow]" classname="Kubernetes e2e suite" time="0">
          <skipped></skipped>
      </testcase>
      <testcase name="[sig-storage] CSI Volumes [Driver: csi-hostpath] [Testpattern: Dynamic PV (ntfs)][sig-windows] subPath should support readOnly directory specified in the volumeMount" classname="Kubernetes e2e suite" time="0">
          <skipped></skipped>
      </testcase>
      <testcase name="[sig-storage] In-tree Volumes [Driver: local][LocalVolumeType: dir-link] [Testpattern: Dynamic PV (xfs)][Slow] volumes should allow exec of files on the volume" classname="Kubernetes e2e suite" time="0">
          <skipped></skipped>
      </testcase>
      <testcase name="[sig-storage] Storage Policy Based Volume Provisioning [Feature:vsphere] verify if a non-existing SPBM policy is not honored for dynamically provisioned pvc using storageclass" classname="Kubernetes e2e suite" time="0">
          <skipped></skipped>
      </testcase>
      <testcase name="[sig-storage] In-tree Volumes [Driver: local][LocalVolumeType: dir] [Testpattern: Dynamic PV (default fs)] volumeIO should write files of various sizes, verify size, validate content [Slow]" classname="Kubernetes e2e suite" time="0">
          <skipped></skipped>
      </testcase>
      <testcase name="[sig-storage] In-tree Volumes [Driver: local][LocalVolumeType: dir-link-bindmounted] [Testpattern: Inline-volume (default fs)] subPath should fail if subpath file is outside the volume [Slow][LinuxOnly]" classname="Kubernetes e2e suite" time="0">
          <skipped></skipped>
      </testcase>
      <testcase name="[sig-storage] In-tree Volumes [Driver: local][LocalVolumeType: dir] [Testpattern: Dynamic PV (block volmode)] multiVolume [Slow] should concurrently access the single volume from pods on different node" classname="Kubernetes e2e suite" time="0">
          <skipped></skipped>
      </testcase>
      <testcase name="[sig-storage] In-tree Volumes [Driver: ceph][Feature:Volumes] [Testpattern: Dynamic PV (default fs)] subPath should support non-existent path" classname="Kubernetes e2e suite" time="0">
          <skipped></skipped>
      </testcase>
      <testcase name="[sig-storage] In-tree Volumes [Driver: ceph][Feature:Volumes] [Testpattern: Dynamic PV (block volmode)] volumeMode should fail to use a volume in a pod with mismatched mode [Slow]" classname="Kubernetes e2e suite" time="0">
          <skipped></skipped>
      </testcase>
      <testcase name="[sig-storage] CSI Volumes [Driver: pd.csi.storage.gke.io][Serial] [Testpattern: Inline-volume (default fs)] subPath should support restarting containers using file as subpath [Slow][LinuxOnly]" classname="Kubernetes e2e suite" time="0">
          <skipped></skipped>
      </testcase>
      <testcase name="[sig-storage] CSI Volumes CSI Topology test using GCE PD driver [Serial] should provision zonal PD with delayed volume binding and AllowedTopologies set and mount the volume to a pod" classname="Kubernetes e2e suite" time="0">
          <skipped></skipped>
      </testcase>
      <testcase name="[sig-storage] In-tree Volumes [Driver: aws] [Testpattern: Pre-provisioned PV (filesystem volmode)] volumeMode should not mount / map unused volumes in a pod" classname="Kubernetes e2e suite" time="0">
          <skipped></skipped>
      </testcase>
      <testcase name="[sig-storage] CSI Volumes [Driver: csi-hostpath] [Testpattern: Dynamic PV (filesystem volmode)] volumeMode should not mount / map unused volumes in a pod" classname="Kubernetes e2e suite" time="0">
          <skipped></skipped>
      </testcase>
      <testcase name="[sig-scalability] Density [Feature:Performance] should allow starting 30 pods per node using ReplicationController with 0 secrets, 0 configmaps, 0 token projections, and 0 daemons" classname="Kubernetes e2e suite" time="0">
          <skipped></skipped>
      </testcase>
      <testcase name="[sig-storage] In-tree Volumes [Driver: local][LocalVolumeType: dir] [Testpattern: Dynamic PV (default fs)] subPath should support existing directory" classname="Kubernetes e2e suite" time="0">
          <skipped></skipped>
      </testcase>
      <testcase name="[sig-storage] In-tree Volumes [Driver: hostPathSymlink] [Testpattern: Dynamic PV (filesystem volmode)] multiVolume [Slow] should concurrently access the single volume from pods on different node" classname="Kubernetes e2e suite" time="0">
          <skipped></skipped>
      </testcase>
      <testcase name="[sig-storage] In-tree Volumes [Driver: local][LocalVolumeType: block] [Testpattern: Dynamic PV (default fs)] subPath should be able to unmount after the subpath directory is deleted" classname="Kubernetes e2e suite" time="0">
          <skipped></skipped>
      </testcase>
      <testcase name="[sig-storage] In-tree Volumes [Driver: local][LocalVolumeType: dir] [Testpattern: Dynamic PV (filesystem volmode)] multiVolume [Slow] should concurrently access the single volume from pods on the same node" classname="Kubernetes e2e suite" time="0">
          <skipped></skipped>
      </testcase>
      <testcase name="[sig-storage] In-tree Volumes [Driver: local][LocalVolumeType: gce-localssd-scsi-fs] [Serial] [Testpattern: Pre-provisioned PV (default fs)] subPath should support existing single file [LinuxOnly]" classname="Kubernetes e2e suite" time="0">
          <skipped></skipped>
      </testcase>
      <testcase name="[sig-storage] In-tree Volumes [Driver: gluster] [Testpattern: Pre-provisioned PV (filesystem volmode)] multiVolume [Slow] should access to two volumes with the same volume mode and retain data across pod recreation on different node" classname="Kubernetes e2e suite" time="0">
          <skipped></skipped>
      </testcase>
      <testcase name="[sig-storage] PersistentVolumes-local  [Volume type: gce-localssd-scsi-fs] [Serial] Two pods mounting a local volume one after the other should be able to write from pod1 and read from pod2" classname="Kubernetes e2e suite" time="0">
          <skipped></skipped>
      </testcase>
      <testcase name="[sig-storage] In-tree Volumes [Driver: ceph][Feature:Volumes] [Testpattern: Pre-provisioned PV (ext3)] volumes should allow exec of files on the volume" classname="Kubernetes e2e suite" time="0">
          <skipped></skipped>
      </testcase>
      <testcase name="[sig-storage] In-tree Volumes [Driver: local][LocalVolumeType: dir-bindmounted] [Testpattern: Inline-volume (ext4)] volumes should allow exec of files on the volume" classname="Kubernetes e2e suite" time="0">
          <skipped></skipped>
      </testcase>
      <testcase name="[sig-storage] In-tree Volumes [Driver: gluster] [Testpattern: Dynamic PV (default fs)] volume-expand should not allow expansion of pvcs without AllowVolumeExpansion property" classname="Kubernetes e2e suite" time="0">
          <skipped></skipped>
      </testcase>
      <testcase name="[k8s.io] [sig-node] NodeProblemDetector [DisabledForLargeClusters] should run without error" classname="Kubernetes e2e suite" time="0">
          <skipped></skipped>
      </testcase>
      <testcase name="[sig-storage] In-tree Volumes [Driver: gcepd] [Testpattern: Pre-provisioned PV (filesystem volmode)] multiVolume [Slow] should concurrently access the single volume from pods on the same node" classname="Kubernetes e2e suite" time="0">
          <skipped></skipped>
      </testcase>
      <testcase name="[sig-scheduling] SchedulerPredicates [Serial] validates that taints-tolerations is respected if not matching" classname="Kubernetes e2e suite" time="0">
          <skipped></skipped>
      </testcase>
      <testcase name="[sig-storage] In-tree Volumes [Driver: iscsi][Feature:Volumes] [Testpattern: Pre-provisioned PV (default fs)] subPath should fail if subpath with backstepping is outside the volume [Slow]" classname="Kubernetes e2e suite" time="0">
          <skipped></skipped>
      </testcase>
      <testcase name="[sig-api-machinery] AdmissionWebhook [Privileged:ClusterAdmin] should mutate pod and apply defaults after mutation [Conformance]" classname="Kubernetes e2e suite" time="26.029896617"></testcase>
      <testcase name="[sig-storage] In-tree Volumes [Driver: local][LocalVolumeType: gce-localssd-scsi-fs] [Serial] [Testpattern: Dynamic PV (block volmode)] volumeMode should not mount / map unused volumes in a pod" classname="Kubernetes e2e suite" time="0">
          <skipped></skipped>
      </testcase>
      <testcase name="[sig-storage] In-tree Volumes [Driver: local][LocalVolumeType: dir-bindmounted] [Testpattern: Inline-volume (default fs)] subPath should be able to unmount after the subpath directory is deleted" classname="Kubernetes e2e suite" time="0">
          <skipped></skipped>
      </testcase>
      <testcase name="[sig-storage] In-tree Volumes [Driver: azure] [Testpattern: Pre-provisioned PV (filesystem volmode)] multiVolume [Slow] should concurrently access the single volume from pods on different node" classname="Kubernetes e2e suite" time="0">
          <skipped></skipped>
      </testcase>
      <testcase name="[sig-storage] In-tree Volumes [Driver: local][LocalVolumeType: gce-localssd-scsi-fs] [Serial] [Testpattern: Dynamic PV (default fs)] subPath should unmount if pod is force deleted while kubelet is down [Disruptive][Slow][LinuxOnly]" classname="Kubernetes e2e suite" time="0">
          <skipped></skipped>
      </testcase>
      <testcase name="[sig-storage] In-tree Volumes [Driver: aws] [Testpattern: Pre-provisioned PV (block volmode)] multiVolume [Slow] should access to two volumes with different volume mode and retain data across pod recreation on different node" classname="Kubernetes e2e suite" time="0">
          <skipped></skipped>
      </testcase>
      <testcase name="[sig-storage] In-tree Volumes [Driver: rbd][Feature:Volumes] [Testpattern: Dynamic PV (ext3)] volumes should allow exec of files on the volume" classname="Kubernetes e2e suite" time="0">
          <skipped></skipped>
      </testcase>
      <testcase name="[sig-storage] CSI Volumes [Driver: pd.csi.storage.gke.io][Serial] [Testpattern: Dynamic PV (block volmode)] multiVolume [Slow] should access to two volumes with the same volume mode and retain data across pod recreation on the same node" classname="Kubernetes e2e suite" time="0">
          <skipped></skipped>
      </testcase>
      <testcase name="[sig-storage] In-tree Volumes [Driver: gcepd] [Testpattern: Dynamic PV (ntfs)][sig-windows] subPath should support creating multiple subpath from same volumes [Slow]" classname="Kubernetes e2e suite" time="0">
          <skipped></skipped>
      </testcase>
      <testcase name="[sig-storage] In-tree Volumes [Driver: gcepd] [Testpattern: Dynamic PV (ntfs)][sig-windows] subPath should be able to unmount after the subpath directory is deleted" classname="Kubernetes e2e suite" time="0">
          <skipped></skipped>
      </testcase>
      <testcase name="[sig-storage] In-tree Volumes [Driver: hostPath] [Testpattern: Dynamic PV (filesystem volmode)] multiVolume [Slow] should concurrently access the single volume from pods on different node" classname="Kubernetes e2e suite" time="0">
          <skipped></skipped>
      </testcase>
      <testcase name="[sig-storage] In-tree Volumes [Driver: gluster] [Testpattern: Dynamic PV (ntfs)][sig-windows] subPath should support restarting containers using file as subpath [Slow][LinuxOnly]" classname="Kubernetes e2e suite" time="0">
          <skipped></skipped>
      </testcase>
      <testcase name="[sig-storage] CSI Volumes [Driver: csi-hostpath] [Testpattern: Inline-volume (default fs)] subPath should support readOnly file specified in the volumeMount [LinuxOnly]" classname="Kubernetes e2e suite" time="0">
          <skipped></skipped>
      </testcase>
      <testcase name="[sig-storage] In-tree Volumes [Driver: ceph][Feature:Volumes] [Testpattern: Inline-volume (default fs)] subPath should support readOnly directory specified in the volumeMount" classname="Kubernetes e2e suite" time="0">
          <skipped></skipped>
      </testcase>
      <testcase name="[sig-node] Downward API should provide host IP as an env var [NodeConformance] [Conformance]" classname="Kubernetes e2e suite" time="12.712392187"></testcase>
      <testcase name="[sig-storage] In-tree Volumes [Driver: ceph][Feature:Volumes] [Testpattern: Pre-provisioned PV (default fs)] subPath should fail if subpath file is outside the volume [Slow][LinuxOnly]" classname="Kubernetes e2e suite" time="0">
          <skipped></skipped>
      </testcase>
      <testcase name="[sig-storage] In-tree Volumes [Driver: ceph][Feature:Volumes] [Testpattern: Pre-provisioned PV (default fs)] subPath should support file as subpath [LinuxOnly]" classname="Kubernetes e2e suite" time="0">
          <skipped></skipped>
      </testcase>
      <testcase name="[sig-storage] In-tree Volumes [Driver: vSphere] [Testpattern: Dynamic PV (default fs)] subPath should fail if subpath directory is outside the volume [Slow]" classname="Kubernetes e2e suite" time="0">
          <skipped></skipped>
      </testcase>
      <testcase name="[sig-storage] In-tree Volumes [Driver: local][LocalVolumeType: dir-link-bindmounted] [Testpattern: Dynamic PV (default fs)] volumes should allow exec of files on the volume" classname="Kubernetes e2e suite" time="0">
          <skipped></skipped>
      </testcase>
      <testcase name="[sig-network] Networking IPerf IPv4 [Experimental] [Feature:Networking-IPv4] [Slow] [Feature:Networking-Performance] should transfer ~ 1GB onto the service endpoint 1 servers (maximum of 1 clients)" classname="Kubernetes e2e suite" time="0">
          <skipped></skipped>
      </testcase>
      <testcase name="[sig-storage] In-tree Volumes [Driver: ceph][Feature:Volumes] [Testpattern: Pre-provisioned PV (default fs)] subPath should support readOnly directory specified in the volumeMount" classname="Kubernetes e2e suite" time="0">
          <skipped></skipped>
      </testcase>
      <testcase name="[sig-storage] In-tree Volumes [Driver: local][LocalVolumeType: blockfs] [Testpattern: Inline-volume (ext3)] volumes should allow exec of files on the volume" classname="Kubernetes e2e suite" time="0">
          <skipped></skipped>
      </testcase>
      <testcase name="[sig-storage] In-tree Volumes [Driver: local][LocalVolumeType: block] [Testpattern: Inline-volume (default fs)] volumes should store data" classname="Kubernetes e2e suite" time="0">
          <skipped></skipped>
      </testcase>
      <testcase name="[sig-storage] Projected configMap should be consumable from pods in volume with mappings and Item mode set [LinuxOnly] [NodeConformance] [Conformance]" classname="Kubernetes e2e suite" time="10.304461866"></testcase>
      <testcase name="[sig-storage] CSI Volumes [Driver: csi-hostpath] [Testpattern: Pre-provisioned PV (filesystem volmode)] disruptive[Disruptive] Should test that pv written before kubelet restart is readable after restart." classname="Kubernetes e2e suite" time="0">
          <skipped></skipped>
      </testcase>
      <testcase name="[sig-apps] Network Partition [Disruptive] [Slow] [k8s.io] Pods should return to running and ready state after network partition is healed All pods on the unreachable node should be marked as NotReady upon the node turn NotReady AND all pods should be mark back to Ready when the node get back to Ready before pod eviction timeout" classname="Kubernetes e2e suite" time="0">
          <skipped></skipped>
      </testcase>
      <testcase name="[sig-storage] In-tree Volumes [Driver: aws] [Testpattern: Inline-volume (ext3)] volumes should allow exec of files on the volume" classname="Kubernetes e2e suite" time="0">
          <skipped></skipped>
      </testcase>
      <testcase name="[sig-storage] In-tree Volumes [Driver: local][LocalVolumeType: dir-link] [Testpattern: Pre-provisioned PV (block volmode)] volumes should store data" classname="Kubernetes e2e suite" time="0">
          <skipped></skipped>
      </testcase>
      <testcase name="[sig-storage] In-tree Volumes [Driver: nfs] [Testpattern: Pre-provisioned PV (block volmode)] volumeMode should fail to create pod by failing to mount volume [Slow]" classname="Kubernetes e2e suite" time="0">
          <skipped></skipped>
      </testcase>
      <testcase name="[sig-apps] StatefulSet [k8s.io] Basic StatefulSet functionality [StatefulSetBasic] should perform rolling updates and roll backs of template modifications with PVCs" classname="Kubernetes e2e suite" time="0">
          <skipped></skipped>
      </testcase>
      <testcase name="[sig-storage] In-tree Volumes [Driver: gluster] [Testpattern: Dynamic PV (filesystem volmode)] volumeMode should not mount / map unused volumes in a pod" classname="Kubernetes e2e suite" time="0">
          <skipped></skipped>
      </testcase>
      <testcase name="[sig-storage] In-tree Volumes [Driver: nfs] [Testpattern: Dynamic PV (ntfs)][sig-windows] subPath should support readOnly file specified in the volumeMount [LinuxOnly]" classname="Kubernetes e2e suite" time="0">
          <skipped></skipped>
      </testcase>
      <testcase name="[sig-storage] Detaching volumes should not work when mount is in progress [Slow]" classname="Kubernetes e2e suite" time="0">
          <skipped></skipped>
      </testcase>
      <testcase name="[sig-storage] In-tree Volumes [Driver: local][LocalVolumeType: tmpfs] [Testpattern: Pre-provisioned PV (filesystem volmode)] multiVolume [Slow] should access to two volumes with the same volume mode and retain data across pod recreation on different node" classname="Kubernetes e2e suite" time="0">
          <skipped></skipped>
      </testcase>
      <testcase name="[sig-storage] In-tree Volumes [Driver: local][LocalVolumeType: tmpfs] [Testpattern: Pre-provisioned PV (default fs)] subPath should support restarting containers using file as subpath [Slow][LinuxOnly]" classname="Kubernetes e2e suite" time="0">
          <skipped></skipped>
      </testcase>
      <testcase name="[sig-apps] ReplicationController should release no longer matching pods [Conformance]" classname="Kubernetes e2e suite" time="12.287793598"></testcase>
      <testcase name="[sig-storage] In-tree Volumes [Driver: local][LocalVolumeType: dir-link-bindmounted] [Testpattern: Dynamic PV (default fs)] subPath should support readOnly directory specified in the volumeMount" classname="Kubernetes e2e suite" time="0">
          <skipped></skipped>
      </testcase>
      <testcase name="[sig-storage] In-tree Volumes [Driver: local][LocalVolumeType: dir-bindmounted] [Testpattern: Dynamic PV (ntfs)][sig-windows] provisioning should provision storage with snapshot data source [Feature:VolumeSnapshotDataSource]" classname="Kubernetes e2e suite" time="0">
          <skipped></skipped>
      </testcase>
      <testcase name="[sig-cli] Kubectl client Simple pod should support exec through an HTTP proxy" classname="Kubernetes e2e suite" time="0">
          <skipped></skipped>
      </testcase>
      <testcase name="[sig-storage] In-tree Volumes [Driver: iscsi][Feature:Volumes] [Testpattern: Pre-provisioned PV (filesystem volmode)] multiVolume [Slow] should access to two volumes with different volume mode and retain data across pod recreation on the same node" classname="Kubernetes e2e suite" time="0">
          <skipped></skipped>
      </testcase>
      <testcase name="[sig-storage] In-tree Volumes [Driver: gcepd] [Testpattern: Dynamic PV (block volmode)] disruptive[Disruptive] Should test that pv written before kubelet restart is readable after restart." classname="Kubernetes e2e suite" time="0">
          <skipped></skipped>
      </testcase>
      <testcase name="[sig-storage] In-tree Volumes [Driver: emptydir] [Testpattern: Pre-provisioned PV (block volmode)] disruptive[Disruptive] Should test that pv written before kubelet restart is readable after restart." classname="Kubernetes e2e suite" time="0">
          <skipped></skipped>
      </testcase>
      <testcase name="[sig-storage] In-tree Volumes [Driver: gluster] [Testpattern: Pre-provisioned PV (default fs)] subPath should be able to unmount after the subpath directory is deleted" classname="Kubernetes e2e suite" time="0">
          <skipped></skipped>
      </testcase>
      <testcase name="[sig-storage] In-tree Volumes [Driver: gcepd] [Testpattern: Pre-provisioned PV (filesystem volmode)] multiVolume [Slow] should access to two volumes with the same volume mode and retain data across pod recreation on different node" classname="Kubernetes e2e suite" time="0">
          <skipped></skipped>
      </testcase>
      <testcase name="[sig-storage] In-tree Volumes [Driver: hostPathSymlink] [Testpattern: Pre-provisioned PV (filesystem volmode)] multiVolume [Slow] should access to two volumes with the same volume mode and retain data across pod recreation on the same node" classname="Kubernetes e2e suite" time="0">
          <skipped></skipped>
      </testcase>
      <testcase name="[sig-storage] In-tree Volumes [Driver: local][LocalVolumeType: gce-localssd-scsi-fs] [Serial] [Testpattern: Dynamic PV (ntfs)][sig-windows] subPath should support readOnly directory specified in the volumeMount" classname="Kubernetes e2e suite" time="0">
          <skipped></skipped>
      </testcase>
      <testcase name="[sig-windows] [Feature:Windows] Density [Serial] [Slow] create a batch of pods latency/resource should be within limit when create 10 pods with 0s interval" classname="Kubernetes e2e suite" time="0">
          <skipped></skipped>
      </testcase>
      <testcase name="[sig-storage] In-tree Volumes [Driver: iscsi][Feature:Volumes] [Testpattern: Dynamic PV (ntfs)][sig-windows] subPath should support readOnly file specified in the volumeMount [LinuxOnly]" classname="Kubernetes e2e suite" time="0">
          <skipped></skipped>
      </testcase>
      <testcase name="[sig-storage] In-tree Volumes [Driver: azure] [Testpattern: Pre-provisioned PV (xfs)][Slow] volumes should store data" classname="Kubernetes e2e suite" time="0">
          <skipped></skipped>
      </testcase>
      <testcase name="[sig-storage] In-tree Volumes [Driver: local][LocalVolumeType: gce-localssd-scsi-fs] [Serial] [Testpattern: Pre-provisioned PV (default fs)] volumeIO should write files of various sizes, verify size, validate content [Slow]" classname="Kubernetes e2e suite" time="0">
          <skipped></skipped>
      </testcase>
      <testcase name="[sig-storage] In-tree Volumes [Driver: local][LocalVolumeType: block] [Testpattern: Pre-provisioned PV (default fs)] subPath should support existing directory" classname="Kubernetes e2e suite" time="0">
          <skipped></skipped>
      </testcase>
      <testcase name="[sig-api-machinery] ResourceQuota should create a ResourceQuota and capture the life of a pod. [Conformance]" classname="Kubernetes e2e suite" time="19.310690499"></testcase>
      <testcase name="[sig-storage] In-tree Volumes [Driver: cinder] [Testpattern: Inline-volume (default fs)] subPath should fail if non-existent subpath is outside the volume [Slow][LinuxOnly]" classname="Kubernetes e2e suite" time="0">
          <skipped></skipped>
      </testcase>
      <testcase name="[sig-storage] In-tree Volumes [Driver: local][LocalVolumeType: dir-bindmounted] [Testpattern: Dynamic PV (ntfs)][sig-windows] subPath should support readOnly directory specified in the volumeMount" classname="Kubernetes e2e suite" time="0">
          <skipped></skipped>
      </testcase>
      <testcase name="[sig-storage] In-tree Volumes [Driver: emptydir] [Testpattern: Inline-volume (default fs)] subPath should fail if subpath file is outside the volume [Slow][LinuxOnly]" classname="Kubernetes e2e suite" time="0">
          <skipped></skipped>
      </testcase>
      <testcase name="[sig-storage] In-tree Volumes [Driver: emptydir] [Testpattern: Inline-volume (default fs)] subPath should support file as subpath [LinuxOnly]" classname="Kubernetes e2e suite" time="0">
          <skipped></skipped>
      </testcase>
      <testcase name="[sig-storage] In-tree Volumes [Driver: local][LocalVolumeType: dir-link-bindmounted] [Testpattern: Dynamic PV (ntfs)][sig-windows] subPath should support existing directories when readOnly specified in the volumeSource" classname="Kubernetes e2e suite" time="0">
          <skipped></skipped>
      </testcase>
      <testcase name="[sig-storage] In-tree Volumes [Driver: aws] [Testpattern: Dynamic PV (block volmode)] disruptive[Disruptive] Should test that pv written before kubelet restart is readable after restart." classname="Kubernetes e2e suite" time="0">
          <skipped></skipped>
      </testcase>
      <testcase name="[sig-storage] In-tree Volumes [Driver: local][LocalVolumeType: tmpfs] [Testpattern: Inline-volume (default fs)] subPath should unmount if pod is force deleted while kubelet is down [Disruptive][Slow][LinuxOnly]" classname="Kubernetes e2e suite" time="0">
          <skipped></skipped>
      </testcase>
      <testcase name="[sig-storage] PV Protection Verify that PV bound to a PVC is not removed immediately" classname="Kubernetes e2e suite" time="0">
          <skipped></skipped>
      </testcase>
      <testcase name="[sig-storage] In-tree Volumes [Driver: local][LocalVolumeType: block] [Testpattern: Dynamic PV (filesystem volmode)] multiVolume [Slow] should concurrently access the single volume from pods on different node" classname="Kubernetes e2e suite" time="0">
          <skipped></skipped>
      </testcase>
      <testcase name="[sig-storage] In-tree Volumes [Driver: ceph][Feature:Volumes] [Testpattern: Dynamic PV (ntfs)][sig-windows] subPath should support file as subpath [LinuxOnly]" classname="Kubernetes e2e suite" time="0">
          <skipped></skipped>
      </testcase>
      <testcase name="[sig-storage] In-tree Volumes [Driver: vSphere] [Testpattern: Pre-provisioned PV (block volmode)] volumeMode should not mount / map unused volumes in a pod" classname="Kubernetes e2e suite" time="0">
          <skipped></skipped>
      </testcase>
      <testcase name="[sig-storage] In-tree Volumes [Driver: local][LocalVolumeType: dir] [Testpattern: Pre-provisioned PV (ext4)] volumes should store data" classname="Kubernetes e2e suite" time="0">
          <skipped></skipped>
      </testcase>
      <testcase name="[sig-storage] Volume Attach Verify [Feature:vsphere][Serial][Disruptive] verify volume remains attached after master kubelet restart" classname="Kubernetes e2e suite" time="0">
          <skipped></skipped>
      </testcase>
      <testcase name="[sig-storage] CSI Volumes [Driver: pd.csi.storage.gke.io][Serial] [Testpattern: Dynamic PV (ntfs)][sig-windows] subPath should unmount if pod is force deleted while kubelet is down [Disruptive][Slow][LinuxOnly]" classname="Kubernetes e2e suite" time="0">
          <skipped></skipped>
      </testcase>
      <testcase name="[sig-storage] In-tree Volumes [Driver: local][LocalVolumeType: gce-localssd-scsi-fs] [Serial] [Testpattern: Inline-volume (default fs)] disruptive[Disruptive] Should test that pv written before kubelet restart is readable after restart." classname="Kubernetes e2e suite" time="0">
          <skipped></skipped>
      </testcase>
      <testcase name="[sig-storage] In-tree Volumes [Driver: local][LocalVolumeType: dir-link] [Testpattern: Inline-volume (default fs)] subPath should support existing single file [LinuxOnly]" classname="Kubernetes e2e suite" time="0">
          <skipped></skipped>
      </testcase>
      <testcase name="[sig-storage] In-tree Volumes [Driver: rbd][Feature:Volumes] [Testpattern: Dynamic PV (default fs)] subPath should support creating multiple subpath from same volumes [Slow]" classname="Kubernetes e2e suite" time="0">
          <skipped></skipped>
      </testcase>
      <testcase name="[sig-storage] In-tree Volumes [Driver: local][LocalVolumeType: dir-link-bindmounted] [Testpattern: Pre-provisioned PV (ext4)] volumes should store data" classname="Kubernetes e2e suite" time="0">
          <skipped></skipped>
      </testcase>
      <testcase name="[sig-storage] In-tree Volumes [Driver: rbd][Feature:Volumes] [Testpattern: Dynamic PV (default fs)] volumes should store data" classname="Kubernetes e2e suite" time="0">
          <skipped></skipped>
      </testcase>
      <testcase name="[sig-storage] In-tree Volumes [Driver: ceph][Feature:Volumes] [Testpattern: Dynamic PV (ntfs)][sig-windows] subPath should unmount if pod is force deleted while kubelet is down [Disruptive][Slow][LinuxOnly]" classname="Kubernetes e2e suite" time="0">
          <skipped></skipped>
      </testcase>
      <testcase name="[sig-storage] In-tree Volumes [Driver: local][LocalVolumeType: dir] [Testpattern: Inline-volume (default fs)] subPath should be able to unmount after the subpath directory is deleted" classname="Kubernetes e2e suite" time="0">
          <skipped></skipped>
      </testcase>
      <testcase name="[sig-storage] In-tree Volumes [Driver: aws] [Testpattern: Inline-volume (default fs)] subPath should unmount if pod is force deleted while kubelet is down [Disruptive][Slow][LinuxOnly]" classname="Kubernetes e2e suite" time="0">
          <skipped></skipped>
      </testcase>
      <testcase name="[sig-storage] PersistentVolumes-local  [Volume type: blockfswithoutformat] Set fsGroup for local volume should set different fsGroup for second pod if first pod is deleted" classname="Kubernetes e2e suite" time="0">
          <skipped></skipped>
      </testcase>
      <testcase name="[sig-storage] In-tree Volumes [Driver: nfs] [Testpattern: Dynamic PV (ntfs)][sig-windows] subPath should unmount if pod is gracefully deleted while kubelet is down [Disruptive][Slow][LinuxOnly]" classname="Kubernetes e2e suite" time="0">
          <skipped></skipped>
      </testcase>
      <testcase name="[sig-storage] Volume Disk Size [Feature:vsphere] verify dynamically provisioned pv has size rounded up correctly" classname="Kubernetes e2e suite" time="0">
          <skipped></skipped>
      </testcase>
      <testcase name="[sig-storage] In-tree Volumes [Driver: local][LocalVolumeType: dir-bindmounted] [Testpattern: Dynamic PV (ext3)] volumes should store data" classname="Kubernetes e2e suite" time="0">
          <skipped></skipped>
      </testcase>
      <testcase name="[sig-storage] In-tree Volumes [Driver: local][LocalVolumeType: dir-link] [Testpattern: Pre-provisioned PV (default fs)] subPath should support restarting containers using directory as subpath [Slow]" classname="Kubernetes e2e suite" time="0">
          <skipped></skipped>
      </testcase>
      <testcase name="[sig-storage] Projected downwardAPI should update annotations on modification [NodeConformance] [Conformance]" classname="Kubernetes e2e suite" time="30.890610401"></testcase>
      <testcase name="[sig-storage] In-tree Volumes [Driver: hostPath] [Testpattern: Pre-provisioned PV (default fs)] subPath should fail if non-existent subpath is outside the volume [Slow][LinuxOnly]" classname="Kubernetes e2e suite" time="0">
          <skipped></skipped>
      </testcase>
      <testcase name="[sig-storage] In-tree Volumes [Driver: ceph][Feature:Volumes] [Testpattern: Dynamic PV (filesystem volmode)] multiVolume [Slow] should access to two volumes with different volume mode and retain data across pod recreation on the same node" classname="Kubernetes e2e suite" time="0">
          <skipped></skipped>
      </testcase>
      <testcase name="[sig-storage] Volume Disk Format [Feature:vsphere] verify disk format type - eagerzeroedthick is honored for dynamically provisioned pv using storageclass" classname="Kubernetes e2e suite" time="0">
          <skipped></skipped>
      </testcase>
      <testcase name="[sig-storage] In-tree Volumes [Driver: local][LocalVolumeType: tmpfs] [Testpattern: Dynamic PV (default fs)] volume-expand should not allow expansion of pvcs without AllowVolumeExpansion property" classname="Kubernetes e2e suite" time="0">
          <skipped></skipped>
      </testcase>
      <testcase name="[sig-network] Networking Granular Checks: Services should update endpoints: udp" classname="Kubernetes e2e suite" time="0">
          <skipped></skipped>
      </testcase>
      <testcase name="[sig-storage] In-tree Volumes [Driver: gluster] [Testpattern: Pre-provisioned PV (filesystem volmode)] multiVolume [Slow] should access to two volumes with different volume mode and retain data across pod recreation on different node" classname="Kubernetes e2e suite" time="0">
          <skipped></skipped>
      </testcase>
      <testcase name="[sig-storage] In-tree Volumes [Driver: local][LocalVolumeType: dir-bindmounted] [Testpattern: Pre-provisioned PV (default fs)] subPath should support readOnly directory specified in the volumeMount" classname="Kubernetes e2e suite" time="0">
          <skipped></skipped>
      </testcase>
      <testcase name="[sig-apps] Deployment deployment reaping should cascade to its replica sets and pods" classname="Kubernetes e2e suite" time="0">
          <skipped></skipped>
      </testcase>
      <testcase name="[sig-storage] In-tree Volumes [Driver: local][LocalVolumeType: dir-link] [Testpattern: Dynamic PV (block volmode)] volumes should store data" classname="Kubernetes e2e suite" time="0">
          <skipped></skipped>
      </testcase>
      <testcase name="[sig-storage] In-tree Volumes [Driver: vSphere] [Testpattern: Pre-provisioned PV (filesystem volmode)] disruptive[Disruptive] Should test that pv written before kubelet restart is readable after restart." classname="Kubernetes e2e suite" time="0">
          <skipped></skipped>
      </testcase>
      <testcase name="[sig-storage] In-tree Volumes [Driver: local][LocalVolumeType: dir-link-bindmounted] [Testpattern: Inline-volume (default fs)] disruptive[Disruptive] Should test that pv written before kubelet restart is readable after restart." classname="Kubernetes e2e suite" time="0">
          <skipped></skipped>
      </testcase>
      <testcase name="[sig-storage] In-tree Volumes [Driver: local][LocalVolumeType: dir-link] [Testpattern: Dynamic PV (ntfs)][sig-windows] subPath should support existing directory" classname="Kubernetes e2e suite" time="0">
          <skipped></skipped>
      </testcase>
      <testcase name="[sig-cli] Kubectl Port forwarding With a server listening on localhost that expects NO client request should support a client that connects, sends DATA, and disconnects" classname="Kubernetes e2e suite" time="0">
          <skipped></skipped>
      </testcase>
      <testcase name="[sig-storage] In-tree Volumes [Driver: iscsi][Feature:Volumes] [Testpattern: Pre-provisioned PV (filesystem volmode)] multiVolume [Slow] should access to two volumes with different volume mode and retain data across pod recreation on different node" classname="Kubernetes e2e suite" time="0">
          <skipped></skipped>
      </testcase>
      <testcase name="[sig-network] NetworkPolicy [LinuxOnly] NetworkPolicy between server and client should support allow-all policy [Feature:NetworkPolicy]" classname="Kubernetes e2e suite" time="0">
          <skipped></skipped>
      </testcase>
      <testcase name="[sig-apps] CronJob should not schedule jobs when suspended [Slow]" classname="Kubernetes e2e suite" time="0">
          <skipped></skipped>
      </testcase>
      <testcase name="[sig-storage] In-tree Volumes [Driver: gcepd] [Testpattern: Inline-volume (default fs)] subPath should be able to unmount after the subpath directory is deleted" classname="Kubernetes e2e suite" time="0">
          <skipped></skipped>
      </testcase>
      <testcase name="[sig-storage] In-tree Volumes [Driver: local][LocalVolumeType: tmpfs] [Testpattern: Dynamic PV (default fs)] subPath should support readOnly file specified in the volumeMount [LinuxOnly]" classname="Kubernetes e2e suite" time="0">
          <skipped></skipped>
      </testcase>
      <testcase name="[sig-storage] In-tree Volumes [Driver: vSphere] [Testpattern: Pre-provisioned PV (filesystem volmode)] multiVolume [Slow] should access to two volumes with different volume mode and retain data across pod recreation on the same node" classname="Kubernetes e2e suite" time="0">
          <skipped></skipped>
      </testcase>
      <testcase name="[sig-storage] In-tree Volumes [Driver: aws] [Testpattern: Pre-provisioned PV (block volmode)] multiVolume [Slow] should access to two volumes with the same volume mode and retain data across pod recreation on different node" classname="Kubernetes e2e suite" time="0">
          <skipped></skipped>
      </testcase>
      <testcase name="[sig-storage] In-tree Volumes [Driver: gcepd] [Testpattern: Inline-volume (default fs)] volumes should allow exec of files on the volume" classname="Kubernetes e2e suite" time="0">
          <skipped></skipped>
      </testcase>
      <testcase name="[sig-storage] In-tree Volumes [Driver: vSphere] [Testpattern: Dynamic PV (block volmode)(allowExpansion)] volume-expand Verify if offline PVC expansion works" classname="Kubernetes e2e suite" time="0">
          <skipped></skipped>
      </testcase>
      <testcase name="[sig-storage] In-tree Volumes [Driver: vSphere] [Testpattern: Dynamic PV (default fs)] volumeIO should write files of various sizes, verify size, validate content [Slow]" classname="Kubernetes e2e suite" time="0">
          <skipped></skipped>
      </testcase>
      <testcase name="[sig-storage] In-tree Volumes [Driver: iscsi][Feature:Volumes] [Testpattern: Dynamic PV (ntfs)][sig-windows] subPath should support existing directories when readOnly specified in the volumeSource" classname="Kubernetes e2e suite" time="0">
          <skipped></skipped>
      </testcase>
      <testcase name="[sig-storage] In-tree Volumes [Driver: aws] [Testpattern: Dynamic PV (filesystem volmode)] multiVolume [Slow] should access to two volumes with the same volume mode and retain data across pod recreation on different node" classname="Kubernetes e2e suite" time="0">
          <skipped></skipped>
      </testcase>
      <testcase name="[sig-storage] CSI Volumes [Driver: pd.csi.storage.gke.io][Serial] [Testpattern: Pre-provisioned PV (default fs)] volumes should allow exec of files on the volume" classname="Kubernetes e2e suite" time="0">
          <skipped></skipped>
      </testcase>
      <testcase name="[sig-storage] In-tree Volumes [Driver: local][LocalVolumeType: gce-localssd-scsi-fs] [Serial] [Testpattern: Pre-provisioned PV (block volmode)] volumeMode should fail to use a volume in a pod with mismatched mode [Slow]" classname="Kubernetes e2e suite" time="0">
          <skipped></skipped>
      </testcase>
      <testcase name="[sig-storage] In-tree Volumes [Driver: cinder] [Testpattern: Inline-volume (default fs)] subPath should support restarting containers using file as subpath [Slow][LinuxOnly]" classname="Kubernetes e2e suite" time="0">
          <skipped></skipped>
      </testcase>
      <testcase name="[sig-storage] In-tree Volumes [Driver: azure] [Testpattern: Pre-provisioned PV (ext4)] volumes should allow exec of files on the volume" classname="Kubernetes e2e suite" time="0">
          <skipped></skipped>
      </testcase>
      <testcase name="[sig-storage] In-tree Volumes [Driver: gluster] [Testpattern: Dynamic PV (default fs)] subPath should support existing single file [LinuxOnly]" classname="Kubernetes e2e suite" time="0">
          <skipped></skipped>
      </testcase>
      <testcase name="[sig-storage] In-tree Volumes [Driver: iscsi][Feature:Volumes] [Testpattern: Dynamic PV (default fs)] subPath should fail if subpath directory is outside the volume [Slow]" classname="Kubernetes e2e suite" time="0">
          <skipped></skipped>
      </testcase>
      <testcase name="[sig-storage] In-tree Volumes [Driver: ceph][Feature:Volumes] [Testpattern: Dynamic PV (ntfs)][sig-windows] subPath should unmount if pod is gracefully deleted while kubelet is down [Disruptive][Slow][LinuxOnly]" classname="Kubernetes e2e suite" time="0">
          <skipped></skipped>
      </testcase>
      <testcase name="[k8s.io] [sig-node] Security Context should support volume SELinux relabeling when using hostPID [Flaky] [LinuxOnly]" classname="Kubernetes e2e suite" time="0">
          <skipped></skipped>
      </testcase>
      <testcase name="[sig-storage] CSI Volumes [Driver: pd.csi.storage.gke.io][Serial] [Testpattern: Dynamic PV (ntfs)][sig-windows] subPath should support readOnly file specified in the volumeMount [LinuxOnly]" classname="Kubernetes e2e suite" time="0">
          <skipped></skipped>
      </testcase>
      <testcase name="[sig-storage] In-tree Volumes [Driver: rbd][Feature:Volumes] [Testpattern: Dynamic PV (ntfs)][sig-windows] subPath should support restarting containers using file as subpath [Slow][LinuxOnly]" classname="Kubernetes e2e suite" time="0">
          <skipped></skipped>
      </testcase>
      <testcase name="[sig-network] Services should serve a basic endpoint from pods  [Conformance]" classname="Kubernetes e2e suite" time="40.457120856"></testcase>
      <testcase name="[sig-scalability] Load capacity [Feature:Performance] should be able to handle 30 pods per node ReplicationController with 0 secrets, 0 configmaps and 0 daemons" classname="Kubernetes e2e suite" time="0">
          <skipped></skipped>
      </testcase>
      <testcase name="[sig-cluster-lifecycle] Addon update should propagate add-on file changes [Slow]" classname="Kubernetes e2e suite" time="0">
          <skipped></skipped>
      </testcase>
      <testcase name="[sig-storage] In-tree Volumes [Driver: local][LocalVolumeType: blockfs] [Testpattern: Dynamic PV (default fs)] subPath should fail if subpath directory is outside the volume [Slow]" classname="Kubernetes e2e suite" time="0">
          <skipped></skipped>
      </testcase>
      <testcase name="[sig-storage] In-tree Volumes [Driver: vSphere] [Testpattern: Pre-provisioned PV (block volmode)] volumeMode should fail to use a volume in a pod with mismatched mode [Slow]" classname="Kubernetes e2e suite" time="0">
          <skipped></skipped>
      </testcase>
      <testcase name="[sig-storage] Zone Support Verify PVC creation fails if the availability zone specified in the storage class have no shared datastores under it." classname="Kubernetes e2e suite" time="0">
          <skipped></skipped>
      </testcase>
      <testcase name="[sig-storage] In-tree Volumes [Driver: local][LocalVolumeType: block] [Testpattern: Pre-provisioned PV (block volmode)] volumeMode should fail to use a volume in a pod with mismatched mode [Slow]" classname="Kubernetes e2e suite" time="0">
          <skipped></skipped>
      </testcase>
      <testcase name="[k8s.io] [Feature:Example] [k8s.io] Liveness liveness pods should be automatically restarted" classname="Kubernetes e2e suite" time="0">
          <skipped></skipped>
      </testcase>
      <testcase name="[sig-storage] In-tree Volumes [Driver: gcepd] [Testpattern: Dynamic PV (filesystem volmode)] volumeMode should fail to use a volume in a pod with mismatched mode [Slow]" classname="Kubernetes e2e suite" time="0">
          <skipped></skipped>
      </testcase>
      <testcase name="[sig-storage] In-tree Volumes [Driver: vSphere] [Testpattern: Pre-provisioned PV (block volmode)] disruptive[Disruptive] Should test that pv written before kubelet restart is readable after restart." classname="Kubernetes e2e suite" time="0">
          <skipped></skipped>
      </testcase>
      <testcase name="[sig-storage] In-tree Volumes [Driver: aws] [Testpattern: Dynamic PV (ntfs)][sig-windows] subPath should support existing single file [LinuxOnly]" classname="Kubernetes e2e suite" time="0">
          <skipped></skipped>
      </testcase>
      <testcase name="[sig-storage] In-tree Volumes [Driver: azure] [Testpattern: Dynamic PV (ntfs)][sig-windows] subPath should fail if non-existent subpath is outside the volume [Slow][LinuxOnly]" classname="Kubernetes e2e suite" time="0">
          <skipped></skipped>
      </testcase>
      <testcase name="[sig-storage] In-tree Volumes [Driver: hostPath] [Testpattern: Inline-volume (default fs)] volumeIO should write files of various sizes, verify size, validate content [Slow]" classname="Kubernetes e2e suite" time="0">
          <skipped></skipped>
      </testcase>
      <testcase name="[sig-cli] Kubectl client Simple pod should support exec using resource/name" classname="Kubernetes e2e suite" time="0">
          <skipped></skipped>
      </testcase>
      <testcase name="[sig-storage] CSI Volumes [Driver: csi-hostpath-v0] [Testpattern: Inline-volume (default fs)] subPath should fail if subpath file is outside the volume [Slow][LinuxOnly]" classname="Kubernetes e2e suite" time="0">
          <skipped></skipped>
      </testcase>
      <testcase name="[sig-storage] In-tree Volumes [Driver: ceph][Feature:Volumes] [Testpattern: Dynamic PV (ntfs)][sig-windows] subPath should support readOnly directory specified in the volumeMount" classname="Kubernetes e2e suite" time="0">
          <skipped></skipped>
      </testcase>
      <testcase name="[sig-storage] In-tree Volumes [Driver: cinder] [Testpattern: Inline-volume (default fs)] subPath should unmount if pod is force deleted while kubelet is down [Disruptive][Slow][LinuxOnly]" classname="Kubernetes e2e suite" time="0">
          <skipped></skipped>
      </testcase>
      <testcase name="[sig-storage] In-tree Volumes [Driver: local][LocalVolumeType: dir-link] [Testpattern: Inline-volume (default fs)] subPath should unmount if pod is force deleted while kubelet is down [Disruptive][Slow][LinuxOnly]" classname="Kubernetes e2e suite" time="0">
          <skipped></skipped>
      </testcase>
      <testcase name="[sig-storage] Dynamic Provisioning [k8s.io] GlusterDynamicProvisioner should create and delete persistent volumes [fast]" classname="Kubernetes e2e suite" time="0">
          <skipped></skipped>
      </testcase>
      <testcase name="[sig-storage] In-tree Volumes [Driver: rbd][Feature:Volumes] [Testpattern: Inline-volume (default fs)] subPath should support readOnly file specified in the volumeMount [LinuxOnly]" classname="Kubernetes e2e suite" time="0">
          <skipped></skipped>
      </testcase>
      <testcase name="[sig-storage] In-tree Volumes [Driver: ceph][Feature:Volumes] [Testpattern: Inline-volume (xfs)][Slow] volumes should allow exec of files on the volume" classname="Kubernetes e2e suite" time="0">
          <skipped></skipped>
      </testcase>
      <testcase name="[sig-storage] CSI Volumes [Driver: csi-hostpath-v0] [Testpattern: Inline-volume (default fs)] subPath should support readOnly file specified in the volumeMount [LinuxOnly]" classname="Kubernetes e2e suite" time="0">
          <skipped></skipped>
      </testcase>
      <testcase name="[sig-storage] In-tree Volumes [Driver: local][LocalVolumeType: dir-link-bindmounted] [Testpattern: Pre-provisioned PV (block volmode)] multiVolume [Slow] should access to two volumes with different volume mode and retain data across pod recreation on different node" classname="Kubernetes e2e suite" time="0">
          <skipped></skipped>
      </testcase>
      <testcase name="[sig-storage] In-tree Volumes [Driver: aws] [Testpattern: Inline-volume (ntfs)][sig-windows] volumes should allow exec of files on the volume" classname="Kubernetes e2e suite" time="0">
          <skipped></skipped>
      </testcase>
      <testcase name="[sig-cli] Kubectl alpha client Kubectl run CronJob should create a CronJob" classname="Kubernetes e2e suite" time="0">
          <skipped></skipped>
      </testcase>
      <testcase name="[sig-storage] In-tree Volumes [Driver: local][LocalVolumeType: tmpfs] [Testpattern: Dynamic PV (default fs)] subPath should fail if non-existent subpath is outside the volume [Slow][LinuxOnly]" classname="Kubernetes e2e suite" time="0">
          <skipped></skipped>
      </testcase>
      <testcase name="[sig-storage] CSI Volumes [Driver: csi-hostpath-v0] [Testpattern: Inline-volume (default fs)] subPath should be able to unmount after the subpath directory is deleted" classname="Kubernetes e2e suite" time="0">
          <skipped></skipped>
      </testcase>
      <testcase name="[sig-storage] EmptyDir volumes volume on tmpfs should have the correct mode [LinuxOnly] [NodeConformance] [Conformance]" classname="Kubernetes e2e suite" time="14.303267498"></testcase>
      <testcase name="[sig-storage] In-tree Volumes [Driver: local][LocalVolumeType: tmpfs] [Testpattern: Dynamic PV (default fs)] subPath should support existing directories when readOnly specified in the volumeSource" classname="Kubernetes e2e suite" time="0">
          <skipped></skipped>
      </testcase>
      <testcase name="[k8s.io] Cluster size autoscaler scalability [Slow] CA ignores unschedulable pods while scheduling schedulable pods [Feature:ClusterAutoscalerScalability6]" classname="Kubernetes e2e suite" time="0">
          <skipped></skipped>
      </testcase>
      <testcase name="[sig-storage] Downward API volume should update annotations on modification [NodeConformance] [Conformance]" classname="Kubernetes e2e suite" time="52.796929499"></testcase>
      <testcase name="[sig-storage] In-tree Volumes [Driver: hostPathSymlink] [Testpattern: Dynamic PV (default fs)] provisioning should provision storage with mount options" classname="Kubernetes e2e suite" time="0">
          <skipped></skipped>
      </testcase>
      <testcase name="[sig-storage] In-tree Volumes [Driver: local][LocalVolumeType: dir-link] [Testpattern: Dynamic PV (block volmode)] disruptive[Disruptive] Should test that pv written before kubelet restart is readable after restart." classname="Kubernetes e2e suite" time="0">
          <skipped></skipped>
      </testcase>
      <testcase name="[sig-cluster-lifecycle] gpu Upgrade [Feature:GPUUpgrade] master upgrade should NOT disrupt gpu pod [Feature:GPUMasterUpgrade]" classname="Kubernetes e2e suite" time="0">
          <skipped></skipped>
      </testcase>
      <testcase name="[sig-storage] In-tree Volumes [Driver: hostPath] [Testpattern: Pre-provisioned PV (filesystem volmode)] multiVolume [Slow] should access to two volumes with the same volume mode and retain data across pod recreation on different node" classname="Kubernetes e2e suite" time="0">
          <skipped></skipped>
      </testcase>
      <testcase name="[sig-storage] In-tree Volumes [Driver: hostPathSymlink] [Testpattern: Dynamic PV (default fs)] subPath should support non-existent path" classname="Kubernetes e2e suite" time="0">
          <skipped></skipped>
      </testcase>
      <testcase name="[sig-storage] In-tree Volumes [Driver: local][LocalVolumeType: dir-bindmounted] [Testpattern: Pre-provisioned PV (default fs)] volumes should allow exec of files on the volume" classname="Kubernetes e2e suite" time="0">
          <skipped></skipped>
      </testcase>
      <testcase name="[sig-storage] In-tree Volumes [Driver: local][LocalVolumeType: blockfs] [Testpattern: Pre-provisioned PV (default fs)] subPath should fail if non-existent subpath is outside the volume [Slow][LinuxOnly]" classname="Kubernetes e2e suite" time="0">
          <skipped></skipped>
      </testcase>
      <testcase name="[sig-storage] In-tree Volumes [Driver: local][LocalVolumeType: dir-link] [Testpattern: Dynamic PV (ntfs)][sig-windows] provisioning should provision storage with pvc data source" classname="Kubernetes e2e suite" time="0">
          <skipped></skipped>
      </testcase>
      <testcase name="[sig-storage] In-tree Volumes [Driver: iscsi][Feature:Volumes] [Testpattern: Dynamic PV (default fs)] volume-expand should not allow expansion of pvcs without AllowVolumeExpansion property" classname="Kubernetes e2e suite" time="0">
          <skipped></skipped>
      </testcase>
      <testcase name="[sig-autoscaling] Cluster size autoscaling [Slow] should disable node pool autoscaling [Feature:ClusterSizeAutoscalingScaleUp]" classname="Kubernetes e2e suite" time="0">
          <skipped></skipped>
      </testcase>
      <testcase name="[sig-storage] In-tree Volumes [Driver: local][LocalVolumeType: dir] [Testpattern: Inline-volume (default fs)] subPath should fail if non-existent subpath is outside the volume [Slow][LinuxOnly]" classname="Kubernetes e2e suite" time="0">
          <skipped></skipped>
      </testcase>
      <testcase name="[sig-storage] In-tree Volumes [Driver: local][LocalVolumeType: blockfs] [Testpattern: Dynamic PV (ntfs)][sig-windows] subPath should fail if subpath file is outside the volume [Slow][LinuxOnly]" classname="Kubernetes e2e suite" time="0">
          <skipped></skipped>
      </testcase>
      <testcase name="[sig-storage] In-tree Volumes [Driver: emptydir] [Testpattern: Dynamic PV (ntfs)][sig-windows] subPath should be able to unmount after the subpath directory is deleted" classname="Kubernetes e2e suite" time="0">
          <skipped></skipped>
      </testcase>
      <testcase name="[sig-storage] In-tree Volumes [Driver: ceph][Feature:Volumes] [Testpattern: Dynamic PV (default fs)] subPath should unmount if pod is gracefully deleted while kubelet is down [Disruptive][Slow][LinuxOnly]" classname="Kubernetes e2e suite" time="0">
          <skipped></skipped>
      </testcase>
      <testcase name="[sig-storage] Volume Provisioning On Clustered Datastore [Feature:vsphere] verify static provisioning on clustered datastore" classname="Kubernetes e2e suite" time="0">
          <skipped></skipped>
      </testcase>
      <testcase name="[sig-storage] In-tree Volumes [Driver: ceph][Feature:Volumes] [Testpattern: Inline-volume (default fs)] disruptive[Disruptive] Should test that pv written before kubelet restart is readable after restart." classname="Kubernetes e2e suite" time="0">
          <skipped></skipped>
      </testcase>
      <testcase name="[sig-storage] In-tree Volumes [Driver: hostPath] [Testpattern: Pre-provisioned PV (xfs)][Slow] volumes should store data" classname="Kubernetes e2e suite" time="0">
          <skipped></skipped>
      </testcase>
      <testcase name="[sig-storage] In-tree Volumes [Driver: local][LocalVolumeType: gce-localssd-scsi-fs] [Serial] [Testpattern: Inline-volume (ntfs)][sig-windows] volumes should allow exec of files on the volume" classname="Kubernetes e2e suite" time="0">
          <skipped></skipped>
      </testcase>
      <testcase name="[sig-storage] In-tree Volumes [Driver: cinder] [Testpattern: Dynamic PV (default fs)] provisioning should provision storage with snapshot data source [Feature:VolumeSnapshotDataSource]" classname="Kubernetes e2e suite" time="0">
          <skipped></skipped>
      </testcase>
      <testcase name="[sig-storage] In-tree Volumes [Driver: emptydir] [Testpattern: Pre-provisioned PV (default fs)] subPath should support creating multiple subpath from same volumes [Slow]" classname="Kubernetes e2e suite" time="0">
          <skipped></skipped>
      </testcase>
      <testcase name="[sig-storage] In-tree Volumes [Driver: cinder] [Testpattern: Inline-volume (default fs)] subPath should support non-existent path" classname="Kubernetes e2e suite" time="0">
          <skipped></skipped>
      </testcase>
      <testcase name="[sig-storage] In-tree Volumes [Driver: azure] [Testpattern: Inline-volume (ext3)] volumes should allow exec of files on the volume" classname="Kubernetes e2e suite" time="0">
          <skipped></skipped>
      </testcase>
      <testcase name="[sig-api-machinery] ResourceQuota should verify ResourceQuota with best effort scope. [Conformance]" classname="Kubernetes e2e suite" time="22.493609309"></testcase>
      <testcase name="[sig-storage] In-tree Volumes [Driver: local][LocalVolumeType: blockfs] [Testpattern: Dynamic PV (ntfs)][sig-windows] subPath should support creating multiple subpath from same volumes [Slow]" classname="Kubernetes e2e suite" time="0">
          <skipped></skipped>
      </testcase>
      <testcase name="[sig-storage] In-tree Volumes [Driver: local][LocalVolumeType: dir] [Testpattern: Dynamic PV (filesystem volmode)] multiVolume [Slow] should access to two volumes with different volume mode and retain data across pod recreation on the same node" classname="Kubernetes e2e suite" time="0">
          <skipped></skipped>
      </testcase>
      <testcase name="[sig-storage] In-tree Volumes [Driver: local][LocalVolumeType: gce-localssd-scsi-fs] [Serial] [Testpattern: Pre-provisioned PV (default fs)] volumes should store data" classname="Kubernetes e2e suite" time="0">
          <skipped></skipped>
      </testcase>
      <testcase name="[sig-storage] In-tree Volumes [Driver: emptydir] [Testpattern: Dynamic PV (default fs)] subPath should support restarting containers using file as subpath [Slow][LinuxOnly]" classname="Kubernetes e2e suite" time="0">
          <skipped></skipped>
      </testcase>
      <testcase name="[sig-storage] In-tree Volumes [Driver: cinder] [Testpattern: Inline-volume (default fs)] subPath should verify container cannot write to subpath readonly volumes [Slow]" classname="Kubernetes e2e suite" time="0">
          <skipped></skipped>
      </testcase>
      <testcase name="[sig-storage] In-tree Volumes [Driver: cinder] [Testpattern: Dynamic PV (filesystem volmode)] multiVolume [Slow] should access to two volumes with different volume mode and retain data across pod recreation on different node" classname="Kubernetes e2e suite" time="0">
          <skipped></skipped>
      </testcase>
      <testcase name="[sig-storage] In-tree Volumes [Driver: hostPathSymlink] [Testpattern: Dynamic PV (filesystem volmode)] disruptive[Disruptive] Should test that pv written before kubelet restart is readable after restart." classname="Kubernetes e2e suite" time="0">
          <skipped></skipped>
      </testcase>
      <testcase name="[sig-storage] In-tree Volumes [Driver: local][LocalVolumeType: tmpfs] [Testpattern: Pre-provisioned PV (block volmode)] volumeMode should fail to use a volume in a pod with mismatched mode [Slow]" classname="Kubernetes e2e suite" time="0">
          <skipped></skipped>
      </testcase>
      <testcase name="[sig-storage] In-tree Volumes [Driver: hostPathSymlink] [Testpattern: Pre-provisioned PV (block volmode)] multiVolume [Slow] should concurrently access the single volume from pods on the same node" classname="Kubernetes e2e suite" time="0">
          <skipped></skipped>
      </testcase>
      <testcase name="[sig-storage] In-tree Volumes [Driver: local][LocalVolumeType: dir] [Testpattern: Pre-provisioned PV (filesystem volmode)] multiVolume [Slow] should concurrently access the single volume from pods on different node" classname="Kubernetes e2e suite" time="0">
          <skipped></skipped>
      </testcase>
      <testcase name="[sig-cli] Kubectl client Kubectl run rc should create an rc from an image  [Conformance]" classname="Kubernetes e2e suite" time="32.664567993"></testcase>
      <testcase name="[sig-storage] CSI Volumes [Driver: csi-hostpath] [Testpattern: Inline-volume (default fs)] subPath should fail if subpath file is outside the volume [Slow][LinuxOnly]" classname="Kubernetes e2e suite" time="0">
          <skipped></skipped>
      </testcase>
      <testcase name="[sig-storage] In-tree Volumes [Driver: emptydir] [Testpattern: Pre-provisioned PV (block volmode)] multiVolume [Slow] should access to two volumes with the same volume mode and retain data across pod recreation on different node" classname="Kubernetes e2e suite" time="0">
          <skipped></skipped>
      </testcase>
      <testcase name="[sig-storage] In-tree Volumes [Driver: local][LocalVolumeType: block] [Testpattern: Dynamic PV (default fs)] subPath should fail if subpath with backstepping is outside the volume [Slow]" classname="Kubernetes e2e suite" time="0">
          <skipped></skipped>
      </testcase>
      <testcase name="[sig-storage] In-tree Volumes [Driver: local][LocalVolumeType: blockfs] [Testpattern: Dynamic PV (default fs)] provisioning should provision storage with pvc data source" classname="Kubernetes e2e suite" time="0">
          <skipped></skipped>
      </testcase>
      <testcase name="[sig-storage] In-tree Volumes [Driver: local][LocalVolumeType: tmpfs] [Testpattern: Dynamic PV (default fs)] subPath should unmount if pod is force deleted while kubelet is down [Disruptive][Slow][LinuxOnly]" classname="Kubernetes e2e suite" time="0">
          <skipped></skipped>
      </testcase>
      <testcase name="[sig-storage] In-tree Volumes [Driver: gluster] [Testpattern: Inline-volume (ntfs)][sig-windows] volumes should allow exec of files on the volume" classname="Kubernetes e2e suite" time="0">
          <skipped></skipped>
      </testcase>
      <testcase name="[sig-storage] In-tree Volumes [Driver: hostPath] [Testpattern: Dynamic PV (block volmode)] multiVolume [Slow] should concurrently access the single volume from pods on the same node" classname="Kubernetes e2e suite" time="0">
          <skipped></skipped>
      </testcase>
      <testcase name="[sig-storage] In-tree Volumes [Driver: rbd][Feature:Volumes] [Testpattern: Pre-provisioned PV (filesystem volmode)] multiVolume [Slow] should access to two volumes with different volume mode and retain data across pod recreation on the same node" classname="Kubernetes e2e suite" time="0">
          <skipped></skipped>
      </testcase>
      <testcase name="[sig-cli] Kubectl client Kubectl label should update the label on a resource  [Conformance]" classname="Kubernetes e2e suite" time="15.539111367"></testcase>
      <testcase name="[sig-storage] In-tree Volumes [Driver: local][LocalVolumeType: gce-localssd-scsi-fs] [Serial] [Testpattern: Dynamic PV (ntfs)][sig-windows] subPath should be able to unmount after the subpath directory is deleted" classname="Kubernetes e2e suite" time="0">
          <skipped></skipped>
      </testcase>
      <testcase name="[sig-storage] In-tree Volumes [Driver: vSphere] [Testpattern: Inline-volume (xfs)][Slow] volumes should store data" classname="Kubernetes e2e suite" time="0">
          <skipped></skipped>
      </testcase>
      <testcase name="[sig-storage] In-tree Volumes [Driver: vSphere] [Testpattern: Dynamic PV (default fs)] subPath should fail if subpath with backstepping is outside the volume [Slow]" classname="Kubernetes e2e suite" time="0">
          <skipped></skipped>
      </testcase>
      <testcase name="[sig-storage] In-tree Volumes [Driver: aws] [Testpattern: Dynamic PV (ext3)] volumes should store data" classname="Kubernetes e2e suite" time="0">
          <skipped></skipped>
      </testcase>
      <testcase name="[sig-storage] In-tree Volumes [Driver: aws] [Testpattern: Inline-volume (xfs)][Slow] volumes should allow exec of files on the volume" classname="Kubernetes e2e suite" time="0">
          <skipped></skipped>
      </testcase>
      <testcase name="[sig-storage] In-tree Volumes [Driver: rbd][Feature:Volumes] [Testpattern: Pre-provisioned PV (ntfs)][sig-windows] volumes should store data" classname="Kubernetes e2e suite" time="0">
          <skipped></skipped>
      </testcase>
      <testcase name="[sig-apps] DisruptionController evictions: enough pods, absolute =&gt; should allow an eviction" classname="Kubernetes e2e suite" time="0">
          <skipped></skipped>
      </testcase>
      <testcase name="[sig-storage] EmptyDir volumes should support (root,0666,default) [LinuxOnly] [NodeConformance] [Conformance]" classname="Kubernetes e2e suite" time="12.324136651"></testcase>
      <testcase name="[sig-api-machinery] Servers with support for Table transformation should return a 406 for a backend which does not implement metadata [Conformance]" classname="Kubernetes e2e suite" time="6.296008082"></testcase>
      <testcase name="[sig-storage] In-tree Volumes [Driver: local][LocalVolumeType: block] [Testpattern: Pre-provisioned PV (default fs)] subPath should support restarting containers using directory as subpath [Slow]" classname="Kubernetes e2e suite" time="0">
          <skipped></skipped>
      </testcase>
      <testcase name="[sig-storage] CSI Volumes [Driver: csi-hostpath-v0] [Testpattern: Dynamic PV (block volmode)] volumes should store data" classname="Kubernetes e2e suite" time="0">
          <skipped></skipped>
      </testcase>
      <testcase name="[sig-storage] In-tree Volumes [Driver: azure] [Testpattern: Dynamic PV (ext4)] volumes should store data" classname="Kubernetes e2e suite" time="0">
          <skipped></skipped>
      </testcase>
      <testcase name="[sig-storage] In-tree Volumes [Driver: hostPath] [Testpattern: Pre-provisioned PV (filesystem volmode)] multiVolume [Slow] should access to two volumes with the same volume mode and retain data across pod recreation on the same node" classname="Kubernetes e2e suite" time="0">
          <skipped></skipped>
      </testcase>
      <testcase name="[sig-storage] In-tree Volumes [Driver: nfs] [Testpattern: Dynamic PV (default fs)] subPath should support existing single file [LinuxOnly]" classname="Kubernetes e2e suite" time="0">
          <skipped></skipped>
      </testcase>
      <testcase name="[sig-storage] In-tree Volumes [Driver: local][LocalVolumeType: block] [Testpattern: Dynamic PV (default fs)(allowExpansion)] volume-expand should resize volume when PVC is edited while pod is using it" classname="Kubernetes e2e suite" time="0">
          <skipped></skipped>
      </testcase>
      <testcase name="[sig-storage] In-tree Volumes [Driver: aws] [Testpattern: Inline-volume (default fs)] subPath should support readOnly directory specified in the volumeMount" classname="Kubernetes e2e suite" time="0">
          <skipped></skipped>
      </testcase>
      <testcase name="[sig-storage] Dynamic Provisioning DynamicProvisioner [Slow] should provision storage with different parameters" classname="Kubernetes e2e suite" time="0">
          <skipped></skipped>
      </testcase>
      <testcase name="[sig-storage] In-tree Volumes [Driver: aws] [Testpattern: Inline-volume (default fs)] subPath should unmount if pod is gracefully deleted while kubelet is down [Disruptive][Slow][LinuxOnly]" classname="Kubernetes e2e suite" time="0">
          <skipped></skipped>
      </testcase>
      <testcase name="[sig-storage] In-tree Volumes [Driver: azure] [Testpattern: Inline-volume (default fs)] volumeIO should write files of various sizes, verify size, validate content [Slow]" classname="Kubernetes e2e suite" time="0">
          <skipped></skipped>
      </testcase>
      <testcase name="[sig-storage] CSI Volumes [Driver: csi-hostpath-v0] [Testpattern: Dynamic PV (filesystem volmode)] multiVolume [Slow] should concurrently access the single volume from pods on the same node" classname="Kubernetes e2e suite" time="0">
          <skipped></skipped>
      </testcase>
      <testcase name="[sig-storage] CSI Volumes [Driver: csi-hostpath-v0] [Testpattern: Dynamic PV (block volmode)] multiVolume [Slow] should concurrently access the single volume from pods on different node" classname="Kubernetes e2e suite" time="0">
          <skipped></skipped>
      </testcase>
      <testcase name="[sig-storage] In-tree Volumes [Driver: local][LocalVolumeType: gce-localssd-scsi-fs] [Serial] [Testpattern: Dynamic PV (xfs)][Slow] volumes should store data" classname="Kubernetes e2e suite" time="0">
          <skipped></skipped>
      </testcase>
      <testcase name="[sig-instrumentation] MetricsGrabber should grab all metrics from a Scheduler." classname="Kubernetes e2e suite" time="0">
          <skipped></skipped>
      </testcase>
      <testcase name="[sig-apps] Job should fail to exceed backoffLimit" classname="Kubernetes e2e suite" time="0">
          <skipped></skipped>
      </testcase>
      <testcase name="[sig-storage] In-tree Volumes [Driver: local][LocalVolumeType: dir-link] [Testpattern: Dynamic PV (filesystem volmode)] multiVolume [Slow] should concurrently access the single volume from pods on the same node" classname="Kubernetes e2e suite" time="0">
          <skipped></skipped>
      </testcase>
      <testcase name="[sig-storage] In-tree Volumes [Driver: local][LocalVolumeType: dir] [Testpattern: Pre-provisioned PV (block volmode)] multiVolume [Slow] should access to two volumes with the same volume mode and retain data across pod recreation on different node" classname="Kubernetes e2e suite" time="0">
          <skipped></skipped>
      </testcase>
      <testcase name="[sig-storage] In-tree Volumes [Driver: local][LocalVolumeType: block] [Testpattern: Dynamic PV (ntfs)][sig-windows] subPath should support existing directories when readOnly specified in the volumeSource" classname="Kubernetes e2e suite" time="0">
          <skipped></skipped>
      </testcase>
      <testcase name="[sig-storage] In-tree Volumes [Driver: aws] [Testpattern: Pre-provisioned PV (ext3)] volumes should store data" classname="Kubernetes e2e suite" time="0">
          <skipped></skipped>
      </testcase>
      <testcase name="[sig-storage] In-tree Volumes [Driver: emptydir] [Testpattern: Inline-volume (default fs)] volumeIO should write files of various sizes, verify size, validate content [Slow]" classname="Kubernetes e2e suite" time="0">
          <skipped></skipped>
      </testcase>
      <testcase name="[sig-storage] In-tree Volumes [Driver: vSphere] [Testpattern: Inline-volume (ntfs)][sig-windows] volumes should allow exec of files on the volume" classname="Kubernetes e2e suite" time="0">
          <skipped></skipped>
      </testcase>
      <testcase name="[sig-storage] In-tree Volumes [Driver: ceph][Feature:Volumes] [Testpattern: Dynamic PV (xfs)][Slow] volumes should store data" classname="Kubernetes e2e suite" time="0">
          <skipped></skipped>
      </testcase>
      <testcase name="[sig-api-machinery] ResourceQuota [Feature:PodPriority] should verify ResourceQuota&#39;s priority class scope (cpu, memory quota set) against a pod with same priority class." classname="Kubernetes e2e suite" time="0">
          <skipped></skipped>
      </testcase>
      <testcase name="Recreate [Feature:Recreate] recreate nodes and ensure they function upon restart" classname="Kubernetes e2e suite" time="0">
          <skipped></skipped>
      </testcase>
      <testcase name="[sig-storage] CSI Volumes [Driver: csi-hostpath-v0] [Testpattern: Pre-provisioned PV (default fs)] subPath should support readOnly file specified in the volumeMount [LinuxOnly]" classname="Kubernetes e2e suite" time="0">
          <skipped></skipped>
      </testcase>
      <testcase name="[sig-storage] In-tree Volumes [Driver: vSphere] [Testpattern: Dynamic PV (ntfs)][sig-windows] subPath should support readOnly file specified in the volumeMount [LinuxOnly]" classname="Kubernetes e2e suite" time="0">
          <skipped></skipped>
      </testcase>
      <testcase name="[sig-storage] In-tree Volumes [Driver: local][LocalVolumeType: tmpfs] [Testpattern: Inline-volume (ntfs)][sig-windows] volumes should store data" classname="Kubernetes e2e suite" time="0">
          <skipped></skipped>
      </testcase>
      <testcase name="[sig-storage] CSI Volumes [Driver: csi-hostpath] [Testpattern: Pre-provisioned PV (default fs)] subPath should support restarting containers using file as subpath [Slow][LinuxOnly]" classname="Kubernetes e2e suite" time="0">
          <skipped></skipped>
      </testcase>
      <testcase name="[sig-storage] In-tree Volumes [Driver: local][LocalVolumeType: block] [Testpattern: Pre-provisioned PV (block volmode)] multiVolume [Slow] should access to two volumes with the same volume mode and retain data across pod recreation on the same node" classname="Kubernetes e2e suite" time="0">
          <skipped></skipped>
      </testcase>
      <testcase name="[sig-storage] EmptyDir volumes should support (non-root,0777,tmpfs) [LinuxOnly] [NodeConformance] [Conformance]" classname="Kubernetes e2e suite" time="12.371049967"></testcase>
      <testcase name="[k8s.io] [sig-node] Pods Extended [k8s.io] Pods Set QOS Class should be set on Pods with matching resource requests and limits for memory and cpu [Conformance]" classname="Kubernetes e2e suite" time="28.25804144"></testcase>
      <testcase name="[sig-storage] In-tree Volumes [Driver: local][LocalVolumeType: tmpfs] [Testpattern: Dynamic PV (filesystem volmode)] volumeLimits should support volume limits [Slow][Serial]" classname="Kubernetes e2e suite" time="0">
          <skipped></skipped>
      </testcase>
      <testcase name="[sig-storage] In-tree Volumes [Driver: local][LocalVolumeType: dir] [Testpattern: Dynamic PV (filesystem volmode)] multiVolume [Slow] should access to two volumes with different volume mode and retain data across pod recreation on different node" classname="Kubernetes e2e suite" time="0">
          <skipped></skipped>
      </testcase>
      <testcase name="[sig-storage] In-tree Volumes [Driver: emptydir] [Testpattern: Dynamic PV (ntfs)][sig-windows] subPath should fail if subpath directory is outside the volume [Slow]" classname="Kubernetes e2e suite" time="0">
          <skipped></skipped>
      </testcase>
      <testcase name="[sig-storage] In-tree Volumes [Driver: local][LocalVolumeType: dir-link-bindmounted] [Testpattern: Dynamic PV (xfs)][Slow] volumes should allow exec of files on the volume" classname="Kubernetes e2e suite" time="0">
          <skipped></skipped>
      </testcase>
      <testcase name="[sig-storage] Flexvolumes should be mountable when non-attachable" classname="Kubernetes e2e suite" time="0">
          <skipped></skipped>
      </testcase>
      <testcase name="[sig-autoscaling] Cluster size autoscaling [Slow] should be able to scale down when rescheduling a pod is required and pdb allows for it[Feature:ClusterSizeAutoscalingScaleDown]" classname="Kubernetes e2e suite" time="0">
          <skipped></skipped>
      </testcase>
      <testcase name="[sig-storage] In-tree Volumes [Driver: rbd][Feature:Volumes] [Testpattern: Dynamic PV (ntfs)][sig-windows] subPath should fail if subpath directory is outside the volume [Slow]" classname="Kubernetes e2e suite" time="0">
          <skipped></skipped>
      </testcase>
      <testcase name="[sig-storage] In-tree Volumes [Driver: local][LocalVolumeType: dir] [Testpattern: Dynamic PV (default fs)] subPath should verify container cannot write to subpath readonly volumes [Slow]" classname="Kubernetes e2e suite" time="0">
          <skipped></skipped>
      </testcase>
      <testcase name="[sig-storage] In-tree Volumes [Driver: ceph][Feature:Volumes] [Testpattern: Dynamic PV (default fs)] provisioning should provision storage with mount options" classname="Kubernetes e2e suite" time="0">
          <skipped></skipped>
      </testcase>
      <testcase name="[sig-storage] In-tree Volumes [Driver: rbd][Feature:Volumes] [Testpattern: Pre-provisioned PV (ext4)] volumes should store data" classname="Kubernetes e2e suite" time="0">
          <skipped></skipped>
      </testcase>
      <testcase name="[sig-storage] In-tree Volumes [Driver: local][LocalVolumeType: blockfs] [Testpattern: Pre-provisioned PV (filesystem volmode)] multiVolume [Slow] should concurrently access the single volume from pods on different node" classname="Kubernetes e2e suite" time="0">
          <skipped></skipped>
      </testcase>
      <testcase name="[sig-storage] In-tree Volumes [Driver: aws] [Testpattern: Pre-provisioned PV (filesystem volmode)] multiVolume [Slow] should access to two volumes with different volume mode and retain data across pod recreation on the same node" classname="Kubernetes e2e suite" time="0">
          <skipped></skipped>
      </testcase>
      <testcase name="[sig-storage] CSI Volumes [Driver: csi-hostpath-v0] [Testpattern: Pre-provisioned PV (block volmode)] multiVolume [Slow] should concurrently access the single volume from pods on the same node" classname="Kubernetes e2e suite" time="0">
          <skipped></skipped>
      </testcase>
      <testcase name="[sig-storage] In-tree Volumes [Driver: hostPathSymlink] [Testpattern: Dynamic PV (ext3)] volumes should allow exec of files on the volume" classname="Kubernetes e2e suite" time="0">
          <skipped></skipped>
      </testcase>
      <testcase name="[sig-storage] CSI Volumes [Driver: csi-hostpath-v0] [Testpattern: Dynamic PV (default fs)] subPath should support readOnly file specified in the volumeMount [LinuxOnly]" classname="Kubernetes e2e suite" time="0">
          <skipped></skipped>
      </testcase>
      <testcase name="[sig-storage] In-tree Volumes [Driver: nfs] [Testpattern: Dynamic PV (ntfs)][sig-windows] subPath should fail if subpath file is outside the volume [Slow][LinuxOnly]" classname="Kubernetes e2e suite" time="0">
          <skipped></skipped>
      </testcase>
      <testcase name="[sig-storage] In-tree Volumes [Driver: hostPathSymlink] [Testpattern: Pre-provisioned PV (default fs)] subPath should unmount if pod is force deleted while kubelet is down [Disruptive][Slow][LinuxOnly]" classname="Kubernetes e2e suite" time="0">
          <skipped></skipped>
      </testcase>
      <testcase name="[sig-storage] In-tree Volumes [Driver: hostPathSymlink] [Testpattern: Inline-volume (default fs)] subPath should support readOnly file specified in the volumeMount [LinuxOnly]" classname="Kubernetes e2e suite" time="0">
          <skipped></skipped>
      </testcase>
      <testcase name="[sig-api-machinery] AdmissionWebhook [Privileged:ClusterAdmin] patching/updating a mutating webhook should work [Conformance]" classname="Kubernetes e2e suite" time="23.988741465"></testcase>
      <testcase name="[sig-storage] In-tree Volumes [Driver: local][LocalVolumeType: tmpfs] [Testpattern: Dynamic PV (ntfs)][sig-windows] subPath should support creating multiple subpath from same volumes [Slow]" classname="Kubernetes e2e suite" time="0">
          <skipped></skipped>
      </testcase>
      <testcase name="[sig-storage] In-tree Volumes [Driver: local][LocalVolumeType: tmpfs] [Testpattern: Dynamic PV (block volmode)] volumeMode should not mount / map unused volumes in a pod" classname="Kubernetes e2e suite" time="0">
          <skipped></skipped>
      </testcase>
      <testcase name="[sig-storage] In-tree Volumes [Driver: local][LocalVolumeType: block] [Testpattern: Pre-provisioned PV (default fs)] subPath should support existing directories when readOnly specified in the volumeSource" classname="Kubernetes e2e suite" time="0">
          <skipped></skipped>
      </testcase>
      <testcase name="[sig-storage] In-tree Volumes [Driver: cinder] [Testpattern: Dynamic PV (ext3)] volumes should allow exec of files on the volume" classname="Kubernetes e2e suite" time="0">
          <skipped></skipped>
      </testcase>
      <testcase name="[sig-storage] In-tree Volumes [Driver: hostPathSymlink] [Testpattern: Pre-provisioned PV (default fs)] subPath should verify container cannot write to subpath readonly volumes [Slow]" classname="Kubernetes e2e suite" time="0">
          <skipped></skipped>
      </testcase>
      <testcase name="[sig-storage] In-tree Volumes [Driver: nfs] [Testpattern: Pre-provisioned PV (block volmode)] multiVolume [Slow] should access to two volumes with different volume mode and retain data across pod recreation on the same node" classname="Kubernetes e2e suite" time="0">
          <skipped></skipped>
      </testcase>
      <testcase name="[sig-storage] In-tree Volumes [Driver: gcepd] [Testpattern: Dynamic PV (filesystem volmode)] volumeMode should not mount / map unused volumes in a pod" classname="Kubernetes e2e suite" time="0">
          <skipped></skipped>
      </testcase>
      <testcase name="[sig-storage] In-tree Volumes [Driver: emptydir] [Testpattern: Inline-volume (default fs)] subPath should support existing directories when readOnly specified in the volumeSource" classname="Kubernetes e2e suite" time="0">
          <skipped></skipped>
      </testcase>
      <testcase name="[sig-storage] In-tree Volumes [Driver: gcepd] [Testpattern: Inline-volume (default fs)] subPath should fail if non-existent subpath is outside the volume [Slow][LinuxOnly]" classname="Kubernetes e2e suite" time="0">
          <skipped></skipped>
      </testcase>
      <testcase name="[sig-storage] In-tree Volumes [Driver: azure] [Testpattern: Dynamic PV (default fs)] volumes should allow exec of files on the volume" classname="Kubernetes e2e suite" time="0">
          <skipped></skipped>
      </testcase>
      <testcase name="[sig-storage] In-tree Volumes [Driver: hostPathSymlink] [Testpattern: Dynamic PV (default fs)] subPath should support restarting containers using file as subpath [Slow][LinuxOnly]" classname="Kubernetes e2e suite" time="0">
          <skipped></skipped>
      </testcase>
      <testcase name="[sig-storage] Projected configMap should be consumable from pods in volume [NodeConformance] [Conformance]" classname="Kubernetes e2e suite" time="12.321313156"></testcase>
      <testcase name="[sig-storage] In-tree Volumes [Driver: vSphere] [Testpattern: Pre-provisioned PV (block volmode)] disruptive[Disruptive] Should test that pv written before kubelet restart is readable after restart." classname="Kubernetes e2e suite" time="0">
          <skipped></skipped>
      </testcase>
      <testcase name="[sig-storage] In-tree Volumes [Driver: rbd][Feature:Volumes] [Testpattern: Pre-provisioned PV (filesystem volmode)] multiVolume [Slow] should concurrently access the single volume from pods on different node" classname="Kubernetes e2e suite" time="0">
          <skipped></skipped>
      </testcase>
      <testcase name="[sig-autoscaling] Cluster size autoscaling [Slow] shouldn&#39;t increase cluster size if pending pod is too large [Feature:ClusterSizeAutoscalingScaleUp]" classname="Kubernetes e2e suite" time="0">
          <skipped></skipped>
      </testcase>
      <testcase name="[sig-storage] Projected downwardAPI should provide podname only [NodeConformance] [Conformance]" classname="Kubernetes e2e suite" time="12.381002272"></testcase>
      <testcase name="[sig-storage] In-tree Volumes [Driver: local][LocalVolumeType: gce-localssd-scsi-fs] [Serial] [Testpattern: Inline-volume (default fs)] subPath should unmount if pod is gracefully deleted while kubelet is down [Disruptive][Slow][LinuxOnly]" classname="Kubernetes e2e suite" time="0">
          <skipped></skipped>
      </testcase>
      <testcase name="[sig-storage] In-tree Volumes [Driver: local][LocalVolumeType: blockfs] [Testpattern: Inline-volume (default fs)] subPath should unmount if pod is gracefully deleted while kubelet is down [Disruptive][Slow][LinuxOnly]" classname="Kubernetes e2e suite" time="0">
          <skipped></skipped>
      </testcase>
      <testcase name="[sig-storage] In-tree Volumes [Driver: ceph][Feature:Volumes] [Testpattern: Pre-provisioned PV (block volmode)] multiVolume [Slow] should access to two volumes with different volume mode and retain data across pod recreation on the same node" classname="Kubernetes e2e suite" time="0">
          <skipped></skipped>
      </testcase>
      <testcase name="[sig-storage] CSI Volumes [Driver: csi-hostpath] [Testpattern: Inline-volume (ntfs)][sig-windows] volumes should store data" classname="Kubernetes e2e suite" time="0">
          <skipped></skipped>
      </testcase>
      <testcase name="[sig-storage] In-tree Volumes [Driver: gluster] [Testpattern: Dynamic PV (ntfs)][sig-windows] subPath should support non-existent path" classname="Kubernetes e2e suite" time="0">
          <skipped></skipped>
      </testcase>
      <testcase name="[sig-storage] In-tree Volumes [Driver: rbd][Feature:Volumes] [Testpattern: Pre-provisioned PV (default fs)] subPath should be able to unmount after the subpath directory is deleted" classname="Kubernetes e2e suite" time="0">
          <skipped></skipped>
      </testcase>
      <testcase name="[sig-storage] In-tree Volumes [Driver: hostPath] [Testpattern: Dynamic PV (ntfs)][sig-windows] subPath should support readOnly directory specified in the volumeMount" classname="Kubernetes e2e suite" time="0">
          <skipped></skipped>
      </testcase>
      <testcase name="[sig-storage] In-tree Volumes [Driver: iscsi][Feature:Volumes] [Testpattern: Dynamic PV (block volmode)] multiVolume [Slow] should access to two volumes with the same volume mode and retain data across pod recreation on the same node" classname="Kubernetes e2e suite" time="0">
          <skipped></skipped>
      </testcase>
      <testcase name="[sig-storage] CSI Volumes [Driver: pd.csi.storage.gke.io][Serial] [Testpattern: Pre-provisioned PV (ntfs)][sig-windows] volumes should store data" classname="Kubernetes e2e suite" time="0">
          <skipped></skipped>
      </testcase>
      <testcase name="[sig-api-machinery] ResourceQuota [Feature:ScopeSelectors] should verify ResourceQuota with terminating scopes through scope selectors." classname="Kubernetes e2e suite" time="0">
          <skipped></skipped>
      </testcase>
      <testcase name="[sig-storage] In-tree Volumes [Driver: local][LocalVolumeType: gce-localssd-scsi-fs] [Serial] [Testpattern: Pre-provisioned PV (block volmode)] volumeMode should fail to create pod by failing to mount volume [Slow]" classname="Kubernetes e2e suite" time="0">
          <skipped></skipped>
      </testcase>
      <testcase name="[sig-storage] In-tree Volumes [Driver: local][LocalVolumeType: block] [Testpattern: Dynamic PV (filesystem volmode)] volumeMode should not mount / map unused volumes in a pod" classname="Kubernetes e2e suite" time="0">
          <skipped></skipped>
      </testcase>
      <testcase name="[sig-storage] Pod Disks detach in a disrupted environment [Slow] [Disruptive] when node is deleted" classname="Kubernetes e2e suite" time="0">
          <skipped></skipped>
      </testcase>
      <testcase name="[sig-storage] PersistentVolumes-local  [Volume type: dir] One pod requesting one prebound PVC should be able to mount volume and write from pod1" classname="Kubernetes e2e suite" time="0">
          <skipped></skipped>
      </testcase>
      <testcase name="[sig-storage] In-tree Volumes [Driver: local][LocalVolumeType: tmpfs] [Testpattern: Dynamic PV (block volmode)] multiVolume [Slow] should concurrently access the single volume from pods on different node" classname="Kubernetes e2e suite" time="0">
          <skipped></skipped>
      </testcase>
      <testcase name="[sig-storage] Projected secret should be consumable from pods in volume [NodeConformance] [Conformance]" classname="Kubernetes e2e suite" time="12.605661123"></testcase>
      <testcase name="[sig-network] Loadbalancing: L7 GCE [Slow] [Feature:kubemci] should support https-only annotation" classname="Kubernetes e2e suite" time="0">
          <skipped></skipped>
      </testcase>
      <testcase name="[sig-storage] CSI Volumes [Driver: csi-hostpath] [Testpattern: Dynamic PV (ntfs)][sig-windows] subPath should support existing directories when readOnly specified in the volumeSource" classname="Kubernetes e2e suite" time="0">
          <skipped></skipped>
      </testcase>
      <testcase name="[sig-service-catalog] [Feature:PodPreset] PodPreset should create a pod preset" classname="Kubernetes e2e suite" time="0">
          <skipped></skipped>
      </testcase>
      <testcase name="[sig-storage] CSI Volumes [Driver: pd.csi.storage.gke.io][Serial] [Testpattern: Pre-provisioned PV (block volmode)] multiVolume [Slow] should concurrently access the single volume from pods on the same node" classname="Kubernetes e2e suite" time="0">
          <skipped></skipped>
      </testcase>
      <testcase name="[sig-storage] In-tree Volumes [Driver: aws] [Testpattern: Pre-provisioned PV (default fs)] subPath should support file as subpath [LinuxOnly]" classname="Kubernetes e2e suite" time="0">
          <skipped></skipped>
      </testcase>
      <testcase name="[sig-storage] In-tree Volumes [Driver: iscsi][Feature:Volumes] [Testpattern: Pre-provisioned PV (block volmode)] multiVolume [Slow] should access to two volumes with the same volume mode and retain data across pod recreation on the same node" classname="Kubernetes e2e suite" time="0">
          <skipped></skipped>
      </testcase>
      <testcase name="[sig-storage] In-tree Volumes [Driver: azure] [Testpattern: Pre-provisioned PV (default fs)] volumeIO should write files of various sizes, verify size, validate content [Slow]" classname="Kubernetes e2e suite" time="0">
          <skipped></skipped>
      </testcase>
      <testcase name="[sig-storage] In-tree Volumes [Driver: hostPathSymlink] [Testpattern: Dynamic PV (default fs)] provisioning should provision storage with pvc data source" classname="Kubernetes e2e suite" time="0">
          <skipped></skipped>
      </testcase>
      <testcase name="[sig-storage] In-tree Volumes [Driver: vSphere] [Testpattern: Pre-provisioned PV (block volmode)] multiVolume [Slow] should concurrently access the single volume from pods on the same node" classname="Kubernetes e2e suite" time="0">
          <skipped></skipped>
      </testcase>
      <testcase name="[sig-storage] In-tree Volumes [Driver: cinder] [Testpattern: Dynamic PV (ntfs)][sig-windows] subPath should be able to unmount after the subpath directory is deleted" classname="Kubernetes e2e suite" time="0">
          <skipped></skipped>
      </testcase>
      <testcase name="[sig-storage] In-tree Volumes [Driver: local][LocalVolumeType: blockfs] [Testpattern: Pre-provisioned PV (default fs)] subPath should support restarting containers using directory as subpath [Slow]" classname="Kubernetes e2e suite" time="0">
          <skipped></skipped>
      </testcase>
      <testcase name="[sig-storage] In-tree Volumes [Driver: local][LocalVolumeType: dir-link-bindmounted] [Testpattern: Pre-provisioned PV (ext3)] volumes should allow exec of files on the volume" classname="Kubernetes e2e suite" time="0">
          <skipped></skipped>
      </testcase>
      <testcase name="[sig-apps] DaemonRestart [Disruptive] Scheduler should continue assigning pods to nodes across restart" classname="Kubernetes e2e suite" time="0">
          <skipped></skipped>
      </testcase>
      <testcase name="[sig-storage] In-tree Volumes [Driver: cinder] [Testpattern: Pre-provisioned PV (default fs)] subPath should support restarting containers using directory as subpath [Slow]" classname="Kubernetes e2e suite" time="0">
          <skipped></skipped>
      </testcase>
      <testcase name="[sig-storage] In-tree Volumes [Driver: emptydir] [Testpattern: Inline-volume (ext4)] volumes should allow exec of files on the volume" classname="Kubernetes e2e suite" time="0">
          <skipped></skipped>
      </testcase>
      <testcase name="[sig-storage] In-tree Volumes [Driver: cinder] [Testpattern: Dynamic PV (filesystem volmode)] volumeMode should not mount / map unused volumes in a pod" classname="Kubernetes e2e suite" time="0">
          <skipped></skipped>
      </testcase>
      <testcase name="[sig-scalability] Density [Feature:ManualPerformance] should allow starting 100 pods per node using ReplicationController with 0 secrets, 0 configmaps, 0 token projections, and 0 daemons" classname="Kubernetes e2e suite" time="0">
          <skipped></skipped>
      </testcase>
      <testcase name="[sig-storage] In-tree Volumes [Driver: local][LocalVolumeType: dir-bindmounted] [Testpattern: Pre-provisioned PV (xfs)][Slow] volumes should store data" classname="Kubernetes e2e suite" time="0">
          <skipped></skipped>
      </testcase>
      <testcase name="[sig-apps] ReplicaSet should serve a basic image on each replica with a private image" classname="Kubernetes e2e suite" time="0">
          <skipped></skipped>
      </testcase>
      <testcase name="[sig-storage] In-tree Volumes [Driver: ceph][Feature:Volumes] [Testpattern: Inline-volume (default fs)] subPath should fail if non-existent subpath is outside the volume [Slow][LinuxOnly]" classname="Kubernetes e2e suite" time="0">
          <skipped></skipped>
      </testcase>
      <testcase name="[sig-storage] In-tree Volumes [Driver: local][LocalVolumeType: tmpfs] [Testpattern: Dynamic PV (default fs)] subPath should be able to unmount after the subpath directory is deleted" classname="Kubernetes e2e suite" time="0">
          <skipped></skipped>
      </testcase>
      <testcase name="[sig-storage] In-tree Volumes [Driver: local][LocalVolumeType: tmpfs] [Testpattern: Pre-provisioned PV (default fs)] subPath should fail if subpath directory is outside the volume [Slow]" classname="Kubernetes e2e suite" time="0">
          <skipped></skipped>
      </testcase>
      <testcase name="[sig-storage] In-tree Volumes [Driver: local][LocalVolumeType: blockfs] [Testpattern: Pre-provisioned PV (filesystem volmode)] multiVolume [Slow] should access to two volumes with the same volume mode and retain data across pod recreation on different node" classname="Kubernetes e2e suite" time="0">
          <skipped></skipped>
      </testcase>
      <testcase name="[sig-storage] In-tree Volumes [Driver: gcepd] [Testpattern: Dynamic PV (default fs)(allowExpansion)] volume-expand Verify if offline PVC expansion works" classname="Kubernetes e2e suite" time="0">
          <skipped></skipped>
      </testcase>
      <testcase name="[sig-storage] In-tree Volumes [Driver: local][LocalVolumeType: tmpfs] [Testpattern: Pre-provisioned PV (default fs)] volumes should allow exec of files on the volume" classname="Kubernetes e2e suite" time="0">
          <skipped></skipped>
      </testcase>
      <testcase name="[sig-storage] In-tree Volumes [Driver: azure] [Testpattern: Inline-volume (default fs)] subPath should unmount if pod is force deleted while kubelet is down [Disruptive][Slow][LinuxOnly]" classname="Kubernetes e2e suite" time="0">
          <skipped></skipped>
      </testcase>
      <testcase name="[sig-storage] In-tree Volumes [Driver: local][LocalVolumeType: dir-link-bindmounted] [Testpattern: Dynamic PV (default fs)] subPath should support restarting containers using file as subpath [Slow][LinuxOnly]" classname="Kubernetes e2e suite" time="0">
          <skipped></skipped>
      </testcase>
      <testcase name="[sig-storage] In-tree Volumes [Driver: local][LocalVolumeType: block] [Testpattern: Dynamic PV (block volmode)(allowExpansion)] volume-expand should resize volume when PVC is edited while pod is using it" classname="Kubernetes e2e suite" time="0">
          <skipped></skipped>
      </testcase>
      <testcase name="[sig-storage] CSI Volumes [Driver: pd.csi.storage.gke.io][Serial] [Testpattern: Pre-provisioned PV (block volmode)] multiVolume [Slow] should access to two volumes with the same volume mode and retain data across pod recreation on the same node" classname="Kubernetes e2e suite" time="0">
          <skipped></skipped>
      </testcase>
      <testcase name="[sig-storage] In-tree Volumes [Driver: local][LocalVolumeType: block] [Testpattern: Dynamic PV (default fs)] subPath should support restarting containers using file as subpath [Slow][LinuxOnly]" classname="Kubernetes e2e suite" time="0">
          <skipped></skipped>
      </testcase>
      <testcase name="[sig-autoscaling] [Feature:HPA] Horizontal pod autoscaling (scale resource: CPU) [sig-autoscaling] [Serial] [Slow] Deployment Should scale from 5 pods to 3 pods and from 3 to 1" classname="Kubernetes e2e suite" time="0">
          <skipped></skipped>
      </testcase>
      <testcase name="[sig-storage] In-tree Volumes [Driver: gcepd] [Testpattern: Dynamic PV (default fs)] subPath should support existing directory" classname="Kubernetes e2e suite" time="0">
          <skipped></skipped>
      </testcase>
      <testcase name="[sig-network] Services should check NodePort out-of-range" classname="Kubernetes e2e suite" time="0">
          <skipped></skipped>
      </testcase>
      <testcase name="[sig-storage] In-tree Volumes [Driver: gluster] [Testpattern: Dynamic PV (block volmode)] multiVolume [Slow] should access to two volumes with different volume mode and retain data across pod recreation on different node" classname="Kubernetes e2e suite" time="0">
          <skipped></skipped>
      </testcase>
      <testcase name="[sig-api-machinery] AdmissionWebhook [Privileged:ClusterAdmin] should mutate custom resource with pruning [Conformance]" classname="Kubernetes e2e suite" time="23.897113112"></testcase>
      <testcase name="[sig-storage] In-tree Volumes [Driver: local][LocalVolumeType: dir] [Testpattern: Pre-provisioned PV (block volmode)] multiVolume [Slow] should access to two volumes with different volume mode and retain data across pod recreation on different node" classname="Kubernetes e2e suite" time="0">
          <skipped></skipped>
      </testcase>
      <testcase name="[sig-storage] Projected secret should be able to mount in a volume regardless of a different secret existing with same name in different namespace [NodeConformance]" classname="Kubernetes e2e suite" time="0">
          <skipped></skipped>
      </testcase>
      <testcase name="[sig-storage] CSI Volumes [Driver: csi-hostpath] [Testpattern: Inline-volume (default fs)] subPath should fail if non-existent subpath is outside the volume [Slow][LinuxOnly]" classname="Kubernetes e2e suite" time="0">
          <skipped></skipped>
      </testcase>
      <testcase name="[sig-storage] In-tree Volumes [Driver: aws] [Testpattern: Pre-provisioned PV (filesystem volmode)] multiVolume [Slow] should access to two volumes with the same volume mode and retain data across pod recreation on different node" classname="Kubernetes e2e suite" time="0">
          <skipped></skipped>
      </testcase>
      <testcase name="[sig-storage] In-tree Volumes [Driver: rbd][Feature:Volumes] [Testpattern: Inline-volume (default fs)] subPath should verify container cannot write to subpath readonly volumes [Slow]" classname="Kubernetes e2e suite" time="0">
          <skipped></skipped>
      </testcase>
      <testcase name="[sig-storage] In-tree Volumes [Driver: ceph][Feature:Volumes] [Testpattern: Pre-provisioned PV (filesystem volmode)] multiVolume [Slow] should access to two volumes with different volume mode and retain data across pod recreation on the same node" classname="Kubernetes e2e suite" time="0">
          <skipped></skipped>
      </testcase>
      <testcase name="[sig-storage] In-tree Volumes [Driver: gcepd] [Testpattern: Pre-provisioned PV (default fs)] subPath should verify container cannot write to subpath readonly volumes [Slow]" classname="Kubernetes e2e suite" time="0">
          <skipped></skipped>
      </testcase>
      <testcase name="[sig-storage] CSI Volumes [Driver: csi-hostpath] [Testpattern: Inline-volume (default fs)] subPath should fail if subpath with backstepping is outside the volume [Slow]" classname="Kubernetes e2e suite" time="0">
          <skipped></skipped>
      </testcase>
      <testcase name="[sig-cli] Kubectl client Kubectl client-side validation should create/apply a valid CR for CRD with validation schema" classname="Kubernetes e2e suite" time="0">
          <skipped></skipped>
      </testcase>
      <testcase name="[sig-storage] CSI Volumes [Driver: csi-hostpath] [Testpattern: Pre-provisioned PV (block volmode)] disruptive[Disruptive] Should test that pv written before kubelet restart is readable after restart." classname="Kubernetes e2e suite" time="0">
          <skipped></skipped>
      </testcase>
      <testcase name="[sig-storage] In-tree Volumes [Driver: local][LocalVolumeType: blockfs] [Testpattern: Inline-volume (default fs)] subPath should support existing directory" classname="Kubernetes e2e suite" time="0">
          <skipped></skipped>
      </testcase>
      <testcase name="[sig-api-machinery] Servers with support for Table transformation should return pod details" classname="Kubernetes e2e suite" time="0">
          <skipped></skipped>
      </testcase>
      <testcase name="[sig-storage] In-tree Volumes [Driver: local][LocalVolumeType: blockfs] [Testpattern: Inline-volume (default fs)] volumes should allow exec of files on the volume" classname="Kubernetes e2e suite" time="0">
          <skipped></skipped>
      </testcase>
      <testcase name="[sig-storage] In-tree Volumes [Driver: nfs] [Testpattern: Pre-provisioned PV (xfs)][Slow] volumes should store data" classname="Kubernetes e2e suite" time="0">
          <skipped></skipped>
      </testcase>
      <testcase name="[sig-storage] CSI Volumes [Driver: pd.csi.storage.gke.io][Serial] [Testpattern: Pre-provisioned PV (default fs)] subPath should support non-existent path" classname="Kubernetes e2e suite" time="0">
          <skipped></skipped>
      </testcase>
      <testcase name="[sig-storage] In-tree Volumes [Driver: local][LocalVolumeType: dir-link] [Testpattern: Pre-provisioned PV (default fs)] subPath should support file as subpath [LinuxOnly]" classname="Kubernetes e2e suite" time="0">
          <skipped></skipped>
      </testcase>
      <testcase name="[sig-storage] CSI Volumes [Driver: csi-hostpath-v0] [Testpattern: Dynamic PV (default fs)] subPath should unmount if pod is force deleted while kubelet is down [Disruptive][Slow][LinuxOnly]" classname="Kubernetes e2e suite" time="0">
          <skipped></skipped>
      </testcase>
      <testcase name="[sig-storage] In-tree Volumes [Driver: rbd][Feature:Volumes] [Testpattern: Pre-provisioned PV (block volmode)] multiVolume [Slow] should concurrently access the single volume from pods on different node" classname="Kubernetes e2e suite" time="0">
          <skipped></skipped>
      </testcase>
      <testcase name="[sig-storage] In-tree Volumes [Driver: gluster] [Testpattern: Dynamic PV (ntfs)][sig-windows] subPath should support existing directory" classname="Kubernetes e2e suite" time="0">
          <skipped></skipped>
      </testcase>
      <testcase name="[sig-storage] In-tree Volumes [Driver: local][LocalVolumeType: tmpfs] [Testpattern: Pre-provisioned PV (ext3)] volumes should allow exec of files on the volume" classname="Kubernetes e2e suite" time="0">
          <skipped></skipped>
      </testcase>
      <testcase name="[sig-storage] In-tree Volumes [Driver: iscsi][Feature:Volumes] [Testpattern: Pre-provisioned PV (default fs)] subPath should support existing single file [LinuxOnly]" classname="Kubernetes e2e suite" time="0">
          <skipped></skipped>
      </testcase>
      <testcase name="[sig-storage] In-tree Volumes [Driver: hostPathSymlink] [Testpattern: Dynamic PV (filesystem volmode)] volumeMode should fail to use a volume in a pod with mismatched mode [Slow]" classname="Kubernetes e2e suite" time="0">
          <skipped></skipped>
      </testcase>
      <testcase name="[sig-storage] In-tree Volumes [Driver: emptydir] [Testpattern: Pre-provisioned PV (ntfs)][sig-windows] volumes should allow exec of files on the volume" classname="Kubernetes e2e suite" time="0">
          <skipped></skipped>
      </testcase>
      <testcase name="[sig-storage] In-tree Volumes [Driver: gcepd] [Testpattern: Dynamic PV (ntfs)][sig-windows] volumes should allow exec of files on the volume" classname="Kubernetes e2e suite" time="0">
          <skipped></skipped>
      </testcase>
      <testcase name="[sig-network] Network should resolve connrection reset issue #74839 [Slow]" classname="Kubernetes e2e suite" time="0">
          <skipped></skipped>
      </testcase>
      <testcase name="[sig-storage] In-tree Volumes [Driver: local][LocalVolumeType: dir] [Testpattern: Pre-provisioned PV (default fs)] subPath should support file as subpath [LinuxOnly]" classname="Kubernetes e2e suite" time="0">
          <skipped></skipped>
      </testcase>
      <testcase name="[sig-storage] In-tree Volumes [Driver: vSphere] [Testpattern: Inline-volume (default fs)] disruptive[Disruptive] Should test that pv written before kubelet restart is readable after restart." classname="Kubernetes e2e suite" time="0">
          <skipped></skipped>
      </testcase>
      <testcase name="[sig-storage] In-tree Volumes [Driver: gcepd] [Testpattern: Dynamic PV (default fs)] subPath should support readOnly file specified in the volumeMount [LinuxOnly]" classname="Kubernetes e2e suite" time="0">
          <skipped></skipped>
      </testcase>
      <testcase name="[k8s.io] Container Runtime blackbox test when starting a container that exits should run with the expected status [NodeConformance] [Conformance]" classname="Kubernetes e2e suite" time="51.983275992"></testcase>
      <testcase name="[sig-storage] In-tree Volumes [Driver: local][LocalVolumeType: dir-link] [Testpattern: Pre-provisioned PV (block volmode)] multiVolume [Slow] should concurrently access the single volume from pods on the same node" classname="Kubernetes e2e suite" time="0">
          <skipped></skipped>
      </testcase>
      <testcase name="[sig-storage] In-tree Volumes [Driver: ceph][Feature:Volumes] [Testpattern: Dynamic PV (default fs)] subPath should support readOnly file specified in the volumeMount [LinuxOnly]" classname="Kubernetes e2e suite" time="0">
          <skipped></skipped>
      </testcase>
      <testcase name="[sig-storage] In-tree Volumes [Driver: emptydir] [Testpattern: Pre-provisioned PV (block volmode)] multiVolume [Slow] should concurrently access the single volume from pods on the same node" classname="Kubernetes e2e suite" time="0">
          <skipped></skipped>
      </testcase>
      <testcase name="[sig-storage] Downward API volume should provide node allocatable (memory) as default memory limit if the limit is not set [NodeConformance] [Conformance]" classname="Kubernetes e2e suite" time="12.350599367"></testcase>
      <testcase name="[sig-api-machinery] Watchers should receive events on concurrent watches in same order [Conformance]" classname="Kubernetes e2e suite" time="12.109042515"></testcase>
      <testcase name="[sig-storage] In-tree Volumes [Driver: local][LocalVolumeType: blockfs] [Testpattern: Dynamic PV (ntfs)][sig-windows] provisioning should provision storage with snapshot data source [Feature:VolumeSnapshotDataSource]" classname="Kubernetes e2e suite" time="0">
          <skipped></skipped>
      </testcase>
      <testcase name="[sig-storage] In-tree Volumes [Driver: local][LocalVolumeType: dir] [Testpattern: Dynamic PV (ntfs)][sig-windows] subPath should support restarting containers using directory as subpath [Slow]" classname="Kubernetes e2e suite" time="0">
          <skipped></skipped>
      </testcase>
      <testcase name="[sig-storage] In-tree Volumes [Driver: azure] [Testpattern: Inline-volume (default fs)] subPath should fail if subpath file is outside the volume [Slow][LinuxOnly]" classname="Kubernetes e2e suite" time="0">
          <skipped></skipped>
      </testcase>
      <testcase name="[sig-storage] CSI Volumes [Driver: csi-hostpath-v0] [Testpattern: Pre-provisioned PV (default fs)] subPath should be able to unmount after the subpath directory is deleted" classname="Kubernetes e2e suite" time="0">
          <skipped></skipped>
      </testcase>
      <testcase name="[sig-storage] In-tree Volumes [Driver: local][LocalVolumeType: dir] [Testpattern: Dynamic PV (filesystem volmode)] multiVolume [Slow] should access to two volumes with the same volume mode and retain data across pod recreation on different node" classname="Kubernetes e2e suite" time="0">
          <skipped></skipped>
      </testcase>
      <testcase name="[sig-storage] In-tree Volumes [Driver: local][LocalVolumeType: dir-link-bindmounted] [Testpattern: Dynamic PV (ext4)] volumes should store data" classname="Kubernetes e2e suite" time="0">
          <skipped></skipped>
      </testcase>
      <testcase name="[sig-apps] Deployment RecreateDeployment should delete old pods and create new ones [Conformance]" classname="Kubernetes e2e suite" time="10.368302769"></testcase>
      <testcase name="[sig-storage] CSI Volumes [Driver: csi-hostpath] [Testpattern: inline ephemeral CSI volume] ephemeral should create read-only inline ephemeral volume" classname="Kubernetes e2e suite" time="0">
          <skipped></skipped>
      </testcase>
      <testcase name="[sig-storage] In-tree Volumes [Driver: emptydir] [Testpattern: Dynamic PV (ntfs)][sig-windows] subPath should support creating multiple subpath from same volumes [Slow]" classname="Kubernetes e2e suite" time="0">
          <skipped></skipped>
      </testcase>
      <testcase name="[sig-storage] In-tree Volumes [Driver: rbd][Feature:Volumes] [Testpattern: Pre-provisioned PV (block volmode)] multiVolume [Slow] should concurrently access the single volume from pods on the same node" classname="Kubernetes e2e suite" time="0">
          <skipped></skipped>
      </testcase>
      <testcase name="[sig-storage] In-tree Volumes [Driver: local][LocalVolumeType: dir-link] [Testpattern: Dynamic PV (default fs)] subPath should support existing single file [LinuxOnly]" classname="Kubernetes e2e suite" time="0">
          <skipped></skipped>
      </testcase>
      <testcase name="[sig-storage] In-tree Volumes [Driver: vSphere] [Testpattern: Dynamic PV (block volmode)] volume-expand should not allow expansion of pvcs without AllowVolumeExpansion property" classname="Kubernetes e2e suite" time="0">
          <skipped></skipped>
      </testcase>
      <testcase name="[sig-scheduling] SchedulerPredicates [Serial] validates local ephemeral storage resource limits of pods that are allowed to run [Feature:LocalStorageCapacityIsolation]" classname="Kubernetes e2e suite" time="0">
          <skipped></skipped>
      </testcase>
      <testcase name="[sig-storage] In-tree Volumes [Driver: local][LocalVolumeType: block] [Testpattern: Dynamic PV (ext3)] volumes should allow exec of files on the volume" classname="Kubernetes e2e suite" time="0">
          <skipped></skipped>
      </testcase>
      <testcase name="[sig-storage] In-tree Volumes [Driver: local][LocalVolumeType: dir-link] [Testpattern: Dynamic PV (ntfs)][sig-windows] subPath should unmount if pod is force deleted while kubelet is down [Disruptive][Slow][LinuxOnly]" classname="Kubernetes e2e suite" time="0">
          <skipped></skipped>
      </testcase>
      <testcase name="[sig-network] ESIPP [Slow] [DisabledForLargeClusters] should work from pods" classname="Kubernetes e2e suite" time="0">
          <skipped></skipped>
      </testcase>
      <testcase name="[sig-storage] CSI Volumes [Driver: csi-hostpath] [Testpattern: Pre-provisioned PV (filesystem volmode)] multiVolume [Slow] should concurrently access the single volume from pods on the same node" classname="Kubernetes e2e suite" time="0">
          <skipped></skipped>
      </testcase>
      <testcase name="[sig-storage] In-tree Volumes [Driver: iscsi][Feature:Volumes] [Testpattern: Pre-provisioned PV (default fs)] subPath should support file as subpath [LinuxOnly]" classname="Kubernetes e2e suite" time="0">
          <skipped></skipped>
      </testcase>
      <testcase name="[sig-storage] In-tree Volumes [Driver: rbd][Feature:Volumes] [Testpattern: Dynamic PV (block volmode)] multiVolume [Slow] should access to two volumes with different volume mode and retain data across pod recreation on different node" classname="Kubernetes e2e suite" time="0">
          <skipped></skipped>
      </testcase>
      <testcase name="[sig-storage] In-tree Volumes [Driver: vSphere] [Testpattern: Inline-volume (default fs)] subPath should fail if non-existent subpath is outside the volume [Slow][LinuxOnly]" classname="Kubernetes e2e suite" time="0">
          <skipped></skipped>
      </testcase>
      <testcase name="[sig-storage] In-tree Volumes [Driver: ceph][Feature:Volumes] [Testpattern: Inline-volume (default fs)] subPath should fail if subpath with backstepping is outside the volume [Slow]" classname="Kubernetes e2e suite" time="0">
          <skipped></skipped>
      </testcase>
      <testcase name="[sig-storage] In-tree Volumes [Driver: gluster] [Testpattern: Pre-provisioned PV (filesystem volmode)] multiVolume [Slow] should concurrently access the single volume from pods on the same node" classname="Kubernetes e2e suite" time="0">
          <skipped></skipped>
      </testcase>
      <testcase name="[sig-storage] CSI Volumes [Driver: csi-hostpath] [Testpattern: Dynamic PV (default fs)] subPath should fail if non-existent subpath is outside the volume [Slow][LinuxOnly]" classname="Kubernetes e2e suite" time="0">
          <skipped></skipped>
      </testcase>
      <testcase name="[sig-storage] In-tree Volumes [Driver: local][LocalVolumeType: blockfs] [Testpattern: Pre-provisioned PV (default fs)] subPath should support restarting containers using file as subpath [Slow][LinuxOnly]" classname="Kubernetes e2e suite" time="0">
          <skipped></skipped>
      </testcase>
      <testcase name="[sig-storage] In-tree Volumes [Driver: local][LocalVolumeType: dir-link-bindmounted] [Testpattern: Inline-volume (default fs)] subPath should support restarting containers using file as subpath [Slow][LinuxOnly]" classname="Kubernetes e2e suite" time="0">
          <skipped></skipped>
      </testcase>
      <testcase name="[sig-storage] In-tree Volumes [Driver: nfs] [Testpattern: Dynamic PV (default fs)] provisioning should provision storage with mount options" classname="Kubernetes e2e suite" time="0">
          <skipped></skipped>
      </testcase>
      <testcase name="[sig-storage] In-tree Volumes [Driver: hostPathSymlink] [Testpattern: Inline-volume (default fs)] subPath should support restarting containers using file as subpath [Slow][LinuxOnly]" classname="Kubernetes e2e suite" time="0">
          <skipped></skipped>
      </testcase>
      <testcase name="[sig-storage] In-tree Volumes [Driver: iscsi][Feature:Volumes] [Testpattern: Dynamic PV (default fs)] provisioning should provision storage with mount options" classname="Kubernetes e2e suite" time="0">
          <skipped></skipped>
      </testcase>
      <testcase name="[sig-storage] In-tree Volumes [Driver: local][LocalVolumeType: gce-localssd-scsi-fs] [Serial] [Testpattern: Dynamic PV (filesystem volmode)] volumeMode should not mount / map unused volumes in a pod" classname="Kubernetes e2e suite" time="0">
          <skipped></skipped>
      </testcase>
      <testcase name="[sig-storage] In-tree Volumes [Driver: azure] [Testpattern: Dynamic PV (block volmode)] multiVolume [Slow] should access to two volumes with different volume mode and retain data across pod recreation on the same node" classname="Kubernetes e2e suite" time="0">
          <skipped></skipped>
      </testcase>
      <testcase name="[sig-storage] In-tree Volumes [Driver: hostPathSymlink] [Testpattern: Dynamic PV (block volmode)] volumes should store data" classname="Kubernetes e2e suite" time="0">
          <skipped></skipped>
      </testcase>
      <testcase name="[sig-storage] In-tree Volumes [Driver: local][LocalVolumeType: gce-localssd-scsi-fs] [Serial] [Testpattern: Dynamic PV (default fs)] volumes should store data" classname="Kubernetes e2e suite" time="0">
          <skipped></skipped>
      </testcase>
      <testcase name="[sig-storage] In-tree Volumes [Driver: nfs] [Testpattern: Inline-volume (ext3)] volumes should store data" classname="Kubernetes e2e suite" time="0">
          <skipped></skipped>
      </testcase>
      <testcase name="[sig-storage] In-tree Volumes [Driver: gluster] [Testpattern: Inline-volume (xfs)][Slow] volumes should store data" classname="Kubernetes e2e suite" time="0">
          <skipped></skipped>
      </testcase>
      <testcase name="[sig-storage] In-tree Volumes [Driver: hostPathSymlink] [Testpattern: Pre-provisioned PV (block volmode)] disruptive[Disruptive] Should test that pv written before kubelet restart is readable after restart." classname="Kubernetes e2e suite" time="0">
          <skipped></skipped>
      </testcase>
      <testcase name="[sig-storage] In-tree Volumes [Driver: local][LocalVolumeType: dir] [Testpattern: Pre-provisioned PV (default fs)] subPath should support existing directories when readOnly specified in the volumeSource" classname="Kubernetes e2e suite" time="0">
          <skipped></skipped>
      </testcase>
      <testcase name="[sig-storage] In-tree Volumes [Driver: iscsi][Feature:Volumes] [Testpattern: Dynamic PV (default fs)] subPath should support file as subpath [LinuxOnly]" classname="Kubernetes e2e suite" time="0">
          <skipped></skipped>
      </testcase>
      <testcase name="[sig-storage] In-tree Volumes [Driver: hostPath] [Testpattern: Dynamic PV (ntfs)][sig-windows] subPath should be able to unmount after the subpath directory is deleted" classname="Kubernetes e2e suite" time="0">
          <skipped></skipped>
      </testcase>
      <testcase name="[sig-storage] Zone Support Verify a pod is created on a non-Workspace zone and attached to a dynamically created PV, based on the allowed zones and storage policy specified in storage class" classname="Kubernetes e2e suite" time="0">
          <skipped></skipped>
      </testcase>
      <testcase name="[sig-storage] In-tree Volumes [Driver: local][LocalVolumeType: dir-link-bindmounted] [Testpattern: Inline-volume (default fs)] subPath should fail if non-existent subpath is outside the volume [Slow][LinuxOnly]" classname="Kubernetes e2e suite" time="0">
          <skipped></skipped>
      </testcase>
      <testcase name="[sig-storage] In-tree Volumes [Driver: vSphere] [Testpattern: Inline-volume (default fs)] subPath should fail if subpath file is outside the volume [Slow][LinuxOnly]" classname="Kubernetes e2e suite" time="0">
          <skipped></skipped>
      </testcase>
      <testcase name="[sig-storage] In-tree Volumes [Driver: nfs] [Testpattern: Inline-volume (default fs)] subPath should support existing directory" classname="Kubernetes e2e suite" time="0">
          <skipped></skipped>
      </testcase>
      <testcase name="[sig-storage] PersistentVolumes-local  [Volume type: dir-bindmounted] Set fsGroup for local volume should set same fsGroup for two pods simultaneously [Slow]" classname="Kubernetes e2e suite" time="0">
          <skipped></skipped>
      </testcase>
      <testcase name="[sig-storage] In-tree Volumes [Driver: aws] [Testpattern: Inline-volume (default fs)] subPath should fail if subpath directory is outside the volume [Slow]" classname="Kubernetes e2e suite" time="0">
          <skipped></skipped>
      </testcase>
      <testcase name="[sig-storage] Regional PD RegionalPD should provision storage [Slow]" classname="Kubernetes e2e suite" time="0">
          <skipped></skipped>
      </testcase>
      <testcase name="[sig-storage] In-tree Volumes [Driver: cinder] [Testpattern: Dynamic PV (ntfs)][sig-windows] subPath should support restarting containers using directory as subpath [Slow]" classname="Kubernetes e2e suite" time="0">
          <skipped></skipped>
      </testcase>
      <testcase name="[sig-storage] In-tree Volumes [Driver: local][LocalVolumeType: dir] [Testpattern: Dynamic PV (block volmode)] multiVolume [Slow] should concurrently access the single volume from pods on the same node" classname="Kubernetes e2e suite" time="0">
          <skipped></skipped>
      </testcase>
      <testcase name="[sig-storage] In-tree Volumes [Driver: vSphere] [Testpattern: Pre-provisioned PV (default fs)] subPath should be able to unmount after the subpath directory is deleted" classname="Kubernetes e2e suite" time="0">
          <skipped></skipped>
      </testcase>
      <testcase name="[sig-storage] In-tree Volumes [Driver: hostPath] [Testpattern: Inline-volume (ext4)] volumes should store data" classname="Kubernetes e2e suite" time="0">
          <skipped></skipped>
      </testcase>
      <testcase name="[sig-storage] In-tree Volumes [Driver: nfs] [Testpattern: Dynamic PV (default fs)] subPath should fail if subpath with backstepping is outside the volume [Slow]" classname="Kubernetes e2e suite" time="0">
          <skipped></skipped>
      </testcase>
      <testcase name="[sig-storage] In-tree Volumes [Driver: rbd][Feature:Volumes] [Testpattern: Inline-volume (ext3)] volumes should store data" classname="Kubernetes e2e suite" time="0">
          <skipped></skipped>
      </testcase>
      <testcase name="[sig-storage] In-tree Volumes [Driver: azure] [Testpattern: Dynamic PV (block volmode)(allowExpansion)] volume-expand should resize volume when PVC is edited while pod is using it" classname="Kubernetes e2e suite" time="0">
          <skipped></skipped>
      </testcase>
      <testcase name="[sig-apps] ReplicationController should serve a basic image on each replica with a private image" classname="Kubernetes e2e suite" time="0">
          <skipped></skipped>
      </testcase>
      <testcase name="[sig-storage] In-tree Volumes [Driver: local][LocalVolumeType: dir] [Testpattern: Pre-provisioned PV (default fs)] subPath should support restarting containers using file as subpath [Slow][LinuxOnly]" classname="Kubernetes e2e suite" time="0">
          <skipped></skipped>
      </testcase>
      <testcase name="[sig-storage] In-tree Volumes [Driver: emptydir] [Testpattern: Dynamic PV (ext3)] volumes should allow exec of files on the volume" classname="Kubernetes e2e suite" time="0">
          <skipped></skipped>
      </testcase>
      <testcase name="[sig-storage] In-tree Volumes [Driver: azure] [Testpattern: Pre-provisioned PV (block volmode)] disruptive[Disruptive] Should test that pv written before kubelet restart is readable after restart." classname="Kubernetes e2e suite" time="0">
          <skipped></skipped>
      </testcase>
      <testcase name="[sig-storage] In-tree Volumes [Driver: iscsi][Feature:Volumes] [Testpattern: Dynamic PV (default fs)] subPath should be able to unmount after the subpath directory is deleted" classname="Kubernetes e2e suite" time="0">
          <skipped></skipped>
      </testcase>
      <testcase name="[sig-storage] CSI Volumes [Driver: pd.csi.storage.gke.io][Serial] [Testpattern: Dynamic PV (default fs)] subPath should unmount if pod is gracefully deleted while kubelet is down [Disruptive][Slow][LinuxOnly]" classname="Kubernetes e2e suite" time="0">
          <skipped></skipped>
      </testcase>
      <testcase name="[sig-storage] In-tree Volumes [Driver: cinder] [Testpattern: Dynamic PV (default fs)] subPath should support existing directory" classname="Kubernetes e2e suite" time="0">
          <skipped></skipped>
      </testcase>
      <testcase name="[sig-storage] In-tree Volumes [Driver: emptydir] [Testpattern: Dynamic PV (ntfs)][sig-windows] subPath should support existing directory" classname="Kubernetes e2e suite" time="0">
          <skipped></skipped>
      </testcase>
      <testcase name="[sig-storage] CSI Volumes [Driver: csi-hostpath] [Testpattern: Inline-volume (ntfs)][sig-windows] volumes should allow exec of files on the volume" classname="Kubernetes e2e suite" time="0">
          <skipped></skipped>
      </testcase>
      <testcase name="[sig-storage] In-tree Volumes [Driver: iscsi][Feature:Volumes] [Testpattern: Dynamic PV (ntfs)][sig-windows] subPath should verify container cannot write to subpath readonly volumes [Slow]" classname="Kubernetes e2e suite" time="0">
          <skipped></skipped>
      </testcase>
      <testcase name="[sig-storage] CSI Volumes [Driver: pd.csi.storage.gke.io][Serial] [Testpattern: Pre-provisioned PV (block volmode)] volumeMode should fail to create pod by failing to mount volume [Slow]" classname="Kubernetes e2e suite" time="0">
          <skipped></skipped>
      </testcase>
      <testcase name="[sig-storage] In-tree Volumes [Driver: iscsi][Feature:Volumes] [Testpattern: Pre-provisioned PV (default fs)] subPath should support readOnly file specified in the volumeMount [LinuxOnly]" classname="Kubernetes e2e suite" time="0">
          <skipped></skipped>
      </testcase>
      <testcase name="[sig-storage] In-tree Volumes [Driver: gcepd] [Testpattern: Dynamic PV (ntfs)][sig-windows] subPath should support restarting containers using file as subpath [Slow][LinuxOnly]" classname="Kubernetes e2e suite" time="0">
          <skipped></skipped>
      </testcase>
      <testcase name="[sig-storage] In-tree Volumes [Driver: nfs] [Testpattern: Inline-volume (default fs)] subPath should verify container cannot write to subpath readonly volumes [Slow]" classname="Kubernetes e2e suite" time="0">
          <skipped></skipped>
      </testcase>
      <testcase name="[sig-storage] In-tree Volumes [Driver: vSphere] [Testpattern: Pre-provisioned PV (block volmode)] volumeMode should fail to create pod by failing to mount volume [Slow]" classname="Kubernetes e2e suite" time="0">
          <skipped></skipped>
      </testcase>
      <testcase name="[sig-storage] In-tree Volumes [Driver: gcepd] [Testpattern: Dynamic PV (filesystem volmode)] disruptive[Disruptive] Should test that pv written before kubelet restart is readable after restart." classname="Kubernetes e2e suite" time="0">
          <skipped></skipped>
      </testcase>
      <testcase name="[sig-autoscaling] [HPA] Horizontal pod autoscaling (scale resource: Custom Metrics from Stackdriver) should scale down with Custom Metric of type Object from Stackdriver [Feature:CustomMetricsAutoscaling]" classname="Kubernetes e2e suite" time="0">
          <skipped></skipped>
      </testcase>
      <testcase name="[sig-storage] In-tree Volumes [Driver: rbd][Feature:Volumes] [Testpattern: Pre-provisioned PV (block volmode)] multiVolume [Slow] should access to two volumes with different volume mode and retain data across pod recreation on different node" classname="Kubernetes e2e suite" time="0">
          <skipped></skipped>
      </testcase>
      <testcase name="[sig-storage] In-tree Volumes [Driver: local][LocalVolumeType: dir] [Testpattern: Dynamic PV (xfs)][Slow] volumes should allow exec of files on the volume" classname="Kubernetes e2e suite" time="0">
          <skipped></skipped>
      </testcase>
      <testcase name="[sig-storage] CSI Volumes [Driver: pd.csi.storage.gke.io][Serial] [Testpattern: Pre-provisioned PV (block volmode)] multiVolume [Slow] should access to two volumes with different volume mode and retain data across pod recreation on the same node" classname="Kubernetes e2e suite" time="0">
          <skipped></skipped>
      </testcase>
      <testcase name="[sig-storage] In-tree Volumes [Driver: hostPathSymlink] [Testpattern: Dynamic PV (default fs)] subPath should fail if non-existent subpath is outside the volume [Slow][LinuxOnly]" classname="Kubernetes e2e suite" time="0">
          <skipped></skipped>
      </testcase>
      <testcase name="[sig-network] Services should be able to create an internal type load balancer [Slow] [DisabledForLargeClusters]" classname="Kubernetes e2e suite" time="0">
          <skipped></skipped>
      </testcase>
      <testcase name="[sig-storage] In-tree Volumes [Driver: emptydir] [Testpattern: Dynamic PV (ntfs)][sig-windows] subPath should support restarting containers using directory as subpath [Slow]" classname="Kubernetes e2e suite" time="0">
          <skipped></skipped>
      </testcase>
      <testcase name="[sig-storage] CSI Volumes [Driver: csi-hostpath] [Testpattern: Pre-provisioned PV (default fs)] subPath should unmount if pod is gracefully deleted while kubelet is down [Disruptive][Slow][LinuxOnly]" classname="Kubernetes e2e suite" time="0">
          <skipped></skipped>
      </testcase>
      <testcase name="[sig-storage] In-tree Volumes [Driver: nfs] [Testpattern: Inline-volume (xfs)][Slow] volumes should allow exec of files on the volume" classname="Kubernetes e2e suite" time="0">
          <skipped></skipped>
      </testcase>
      <testcase name="[sig-storage] In-tree Volumes [Driver: local][LocalVolumeType: blockfs] [Testpattern: Inline-volume (xfs)][Slow] volumes should store data" classname="Kubernetes e2e suite" time="0">
          <skipped></skipped>
      </testcase>
      <testcase name="[sig-storage] Secrets should be consumable from pods in volume as non-root with defaultMode and fsGroup set [LinuxOnly] [NodeConformance] [Conformance]" classname="Kubernetes e2e suite" time="14.308566105"></testcase>
      <testcase name="[sig-storage] In-tree Volumes [Driver: local][LocalVolumeType: blockfs] [Testpattern: Pre-provisioned PV (default fs)] subPath should fail if subpath directory is outside the volume [Slow]" classname="Kubernetes e2e suite" time="0">
          <skipped></skipped>
      </testcase>
      <testcase name="[sig-storage] In-tree Volumes [Driver: azure] [Testpattern: Pre-provisioned PV (default fs)] subPath should be able to unmount after the subpath directory is deleted" classname="Kubernetes e2e suite" time="0">
          <skipped></skipped>
      </testcase>
      <testcase name="[sig-storage] CSI Volumes [Driver: csi-hostpath-v0] [Testpattern: Pre-provisioned PV (default fs)] volumes should allow exec of files on the volume" classname="Kubernetes e2e suite" time="0">
          <skipped></skipped>
      </testcase>
      <testcase name="[sig-storage] In-tree Volumes [Driver: hostPathSymlink] [Testpattern: Dynamic PV (filesystem volmode)] multiVolume [Slow] should access to two volumes with different volume mode and retain data across pod recreation on the same node" classname="Kubernetes e2e suite" time="0">
          <skipped></skipped>
      </testcase>
      <testcase name="[sig-api-machinery] AdmissionWebhook [Privileged:ClusterAdmin] should be able to deny custom resource creation, update and deletion [Conformance]" classname="Kubernetes e2e suite" time="23.49519817"></testcase>
      <testcase name="[sig-storage] In-tree Volumes [Driver: local][LocalVolumeType: block] [Testpattern: Pre-provisioned PV (default fs)] subPath should unmount if pod is gracefully deleted while kubelet is down [Disruptive][Slow][LinuxOnly]" classname="Kubernetes e2e suite" time="0">
          <skipped></skipped>
      </testcase>
      <testcase name="[sig-apps] DisruptionController evictions: maxUnavailable deny evictions, integer =&gt; should not allow an eviction" classname="Kubernetes e2e suite" time="0">
          <skipped></skipped>
      </testcase>
      <testcase name="[sig-scheduling] SchedulerPriorities [Serial] Pod should avoid nodes that have avoidPod annotation" classname="Kubernetes e2e suite" time="0">
          <skipped></skipped>
      </testcase>
      <testcase name="[sig-storage] In-tree Volumes [Driver: hostPath] [Testpattern: Dynamic PV (ntfs)][sig-windows] subPath should verify container cannot write to subpath readonly volumes [Slow]" classname="Kubernetes e2e suite" time="0">
          <skipped></skipped>
      </testcase>
      <testcase name="[sig-storage] CSI Volumes [Driver: csi-hostpath] [Testpattern: Inline-volume (ext3)] volumes should allow exec of files on the volume" classname="Kubernetes e2e suite" time="0">
          <skipped></skipped>
      </testcase>
      <testcase name="[sig-storage] In-tree Volumes [Driver: azure] [Testpattern: Dynamic PV (default fs)] subPath should support creating multiple subpath from same volumes [Slow]" classname="Kubernetes e2e suite" time="0">
          <skipped></skipped>
      </testcase>
      <testcase name="[sig-storage] PersistentVolumes-local  [Volume type: block] Set fsGroup for local volume should set different fsGroup for second pod if first pod is deleted" classname="Kubernetes e2e suite" time="0">
          <skipped></skipped>
      </testcase>
      <testcase name="[sig-storage] In-tree Volumes [Driver: gluster] [Testpattern: Dynamic PV (ext3)] volumes should store data" classname="Kubernetes e2e suite" time="0">
          <skipped></skipped>
      </testcase>
      <testcase name="[sig-storage] In-tree Volumes [Driver: iscsi][Feature:Volumes] [Testpattern: Pre-provisioned PV (ext4)] volumes should store data" classname="Kubernetes e2e suite" time="0">
          <skipped></skipped>
      </testcase>
      <testcase name="[sig-storage] In-tree Volumes [Driver: azure] [Testpattern: Inline-volume (default fs)] subPath should support non-existent path" classname="Kubernetes e2e suite" time="0">
          <skipped></skipped>
      </testcase>
      <testcase name="[sig-network] NetworkPolicy [LinuxOnly] NetworkPolicy between server and client should enforce egress policy allowing traffic to a server in a different namespace based on PodSelector and NamespaceSelector [Feature:NetworkPolicy]" classname="Kubernetes e2e suite" time="0">
          <skipped></skipped>
      </testcase>
      <testcase name="[sig-storage] In-tree Volumes [Driver: local][LocalVolumeType: blockfs] [Testpattern: Inline-volume (default fs)] subPath should fail if non-existent subpath is outside the volume [Slow][LinuxOnly]" classname="Kubernetes e2e suite" time="0">
          <skipped></skipped>
      </testcase>
      <testcase name="[sig-storage] In-tree Volumes [Driver: hostPathSymlink] [Testpattern: Inline-volume (default fs)] subPath should support file as subpath [LinuxOnly]" classname="Kubernetes e2e suite" time="0">
          <skipped></skipped>
      </testcase>
      <testcase name="[sig-storage] CSI Volumes [Driver: csi-hostpath] [Testpattern: Dynamic PV (default fs)] subPath should support creating multiple subpath from same volumes [Slow]" classname="Kubernetes e2e suite" time="0">
          <skipped></skipped>
      </testcase>
      <testcase name="[sig-storage] In-tree Volumes [Driver: vSphere] [Testpattern: Dynamic PV (default fs)] volumes should store data" classname="Kubernetes e2e suite" time="0">
          <skipped></skipped>
      </testcase>
      <testcase name="[sig-storage] In-tree Volumes [Driver: local][LocalVolumeType: dir-link-bindmounted] [Testpattern: Dynamic PV (ntfs)][sig-windows] provisioning should provision storage with snapshot data source [Feature:VolumeSnapshotDataSource]" classname="Kubernetes e2e suite" time="0">
          <skipped></skipped>
      </testcase>
      <testcase name="[sig-network] DNS configMap nameserver [IPv4] Forward external name lookup should forward externalname lookup to upstream nameserver [Slow][Serial]" classname="Kubernetes e2e suite" time="0">
          <skipped></skipped>
      </testcase>
      <testcase name="[sig-storage] In-tree Volumes [Driver: iscsi][Feature:Volumes] [Testpattern: Dynamic PV (block volmode)] volumeMode should fail to use a volume in a pod with mismatched mode [Slow]" classname="Kubernetes e2e suite" time="0">
          <skipped></skipped>
      </testcase>
      <testcase name="[sig-storage] In-tree Volumes [Driver: local][LocalVolumeType: blockfs] [Testpattern: Dynamic PV (default fs)] subPath should fail if non-existent subpath is outside the volume [Slow][LinuxOnly]" classname="Kubernetes e2e suite" time="0">
          <skipped></skipped>
      </testcase>
      <testcase name="[sig-storage] In-tree Volumes [Driver: vSphere] [Testpattern: Dynamic PV (ntfs)][sig-windows] subPath should fail if subpath with backstepping is outside the volume [Slow]" classname="Kubernetes e2e suite" time="0">
          <skipped></skipped>
      </testcase>
      <testcase name="[sig-autoscaling] Cluster size autoscaling [Slow] should scale up correct target pool [Feature:ClusterSizeAutoscalingScaleUp]" classname="Kubernetes e2e suite" time="0">
          <skipped></skipped>
      </testcase>
      <testcase name="[sig-storage] In-tree Volumes [Driver: gluster] [Testpattern: Dynamic PV (filesystem volmode)] volumeMode should fail to use a volume in a pod with mismatched mode [Slow]" classname="Kubernetes e2e suite" time="0">
          <skipped></skipped>
      </testcase>
      <testcase name="[sig-storage] In-tree Volumes [Driver: local][LocalVolumeType: gce-localssd-scsi-fs] [Serial] [Testpattern: Dynamic PV (block volmode)(allowExpansion)] volume-expand should resize volume when PVC is edited while pod is using it" classname="Kubernetes e2e suite" time="0">
          <skipped></skipped>
      </testcase>
      <testcase name="[sig-storage] In-tree Volumes [Driver: hostPath] [Testpattern: Dynamic PV (default fs)] subPath should fail if subpath directory is outside the volume [Slow]" classname="Kubernetes e2e suite" time="0">
          <skipped></skipped>
      </testcase>
      <testcase name="[sig-storage] In-tree Volumes [Driver: vSphere] [Testpattern: Pre-provisioned PV (filesystem volmode)] multiVolume [Slow] should access to two volumes with the same volume mode and retain data across pod recreation on the same node" classname="Kubernetes e2e suite" time="0">
          <skipped></skipped>
      </testcase>
      <testcase name="[sig-storage] In-tree Volumes [Driver: local][LocalVolumeType: block] [Testpattern: Inline-volume (default fs)] volumes should allow exec of files on the volume" classname="Kubernetes e2e suite" time="0">
          <skipped></skipped>
      </testcase>
      <testcase name="[sig-api-machinery] ResourceQuota [Feature:PodPriority] should verify ResourceQuota&#39;s priority class scope (quota set to pod count: 1) against a pod with different priority class (ScopeSelectorOpExists)." classname="Kubernetes e2e suite" time="0">
          <skipped></skipped>
      </testcase>
      <testcase name="[sig-storage] PersistentVolumes:vsphere should test that a vspehre volume mounted to a pod that is deleted while the kubelet is down unmounts when the kubelet returns [Disruptive]" classname="Kubernetes e2e suite" time="0">
          <skipped></skipped>
      </testcase>
      <testcase name="[sig-storage] In-tree Volumes [Driver: local][LocalVolumeType: dir-bindmounted] [Testpattern: Dynamic PV (xfs)][Slow] volumes should allow exec of files on the volume" classname="Kubernetes e2e suite" time="0">
          <skipped></skipped>
      </testcase>
      <testcase name="[sig-storage] In-tree Volumes [Driver: emptydir] [Testpattern: Inline-volume (default fs)] subPath should verify container cannot write to subpath readonly volumes [Slow]" classname="Kubernetes e2e suite" time="0">
          <skipped></skipped>
      </testcase>
      <testcase name="[sig-storage] In-tree Volumes [Driver: hostPath] [Testpattern: Dynamic PV (default fs)] subPath should unmount if pod is force deleted while kubelet is down [Disruptive][Slow][LinuxOnly]" classname="Kubernetes e2e suite" time="0">
          <skipped></skipped>
      </testcase>
      <testcase name="[sig-storage] In-tree Volumes [Driver: gluster] [Testpattern: Dynamic PV (block volmode)] volumeMode should fail to use a volume in a pod with mismatched mode [Slow]" classname="Kubernetes e2e suite" time="0">
          <skipped></skipped>
      </testcase>
      <testcase name="[sig-storage] In-tree Volumes [Driver: local][LocalVolumeType: dir-link-bindmounted] [Testpattern: Dynamic PV (filesystem volmode)] multiVolume [Slow] should concurrently access the single volume from pods on the same node" classname="Kubernetes e2e suite" time="0">
          <skipped></skipped>
      </testcase>
      <testcase name="[sig-storage] PersistentVolumes GCEPD should test that deleting the PV before the pod does not cause pod deletion to fail on PD detach" classname="Kubernetes e2e suite" time="0">
          <skipped></skipped>
      </testcase>
      <testcase name="[sig-storage] In-tree Volumes [Driver: local][LocalVolumeType: tmpfs] [Testpattern: Dynamic PV (default fs)] provisioning should provision storage with pvc data source" classname="Kubernetes e2e suite" time="0">
          <skipped></skipped>
      </testcase>
      <testcase name="[sig-storage] In-tree Volumes [Driver: local][LocalVolumeType: blockfs] [Testpattern: Pre-provisioned PV (ext4)] volumes should allow exec of files on the volume" classname="Kubernetes e2e suite" time="0">
          <skipped></skipped>
      </testcase>
      <testcase name="[sig-storage] In-tree Volumes [Driver: cinder] [Testpattern: Dynamic PV (default fs)] subPath should support readOnly file specified in the volumeMount [LinuxOnly]" classname="Kubernetes e2e suite" time="0">
          <skipped></skipped>
      </testcase>
      <testcase name="[sig-storage] In-tree Volumes [Driver: nfs] [Testpattern: Pre-provisioned PV (default fs)] subPath should be able to unmount after the subpath directory is deleted" classname="Kubernetes e2e suite" time="0">
          <skipped></skipped>
      </testcase>
      <testcase name="[sig-storage] In-tree Volumes [Driver: azure] [Testpattern: Pre-provisioned PV (default fs)] subPath should support existing directories when readOnly specified in the volumeSource" classname="Kubernetes e2e suite" time="0">
          <skipped></skipped>
      </testcase>
      <testcase name="[sig-storage] In-tree Volumes [Driver: rbd][Feature:Volumes] [Testpattern: Inline-volume (default fs)] subPath should support non-existent path" classname="Kubernetes e2e suite" time="0">
          <skipped></skipped>
      </testcase>
      <testcase name="[sig-storage] CSI Volumes [Driver: csi-hostpath] [Testpattern: Inline-volume (default fs)] subPath should support restarting containers using directory as subpath [Slow]" classname="Kubernetes e2e suite" time="0">
          <skipped></skipped>
      </testcase>
      <testcase name="[sig-network] NetworkPolicy [LinuxOnly] NetworkPolicy between server and client should enforce policy based on PodSelector or NamespaceSelector [Feature:NetworkPolicy]" classname="Kubernetes e2e suite" time="0">
          <skipped></skipped>
      </testcase>
      <testcase name="[sig-storage] In-tree Volumes [Driver: azure] [Testpattern: Pre-provisioned PV (ext4)] volumes should store data" classname="Kubernetes e2e suite" time="0">
          <skipped></skipped>
      </testcase>
      <testcase name="[sig-storage] In-tree Volumes [Driver: local][LocalVolumeType: tmpfs] [Testpattern: Pre-provisioned PV (default fs)] subPath should fail if non-existent subpath is outside the volume [Slow][LinuxOnly]" classname="Kubernetes e2e suite" time="0">
          <skipped></skipped>
      </testcase>
      <testcase name="[sig-storage] NFSPersistentVolumes[Disruptive][Flaky] when kube-controller-manager restarts should delete a bound PVC from a clientPod, restart the kube-control-manager, and ensure the kube-controller-manager does not crash" classname="Kubernetes e2e suite" time="0">
          <skipped></skipped>
      </testcase>
      <testcase name="[sig-storage] Storage Policy Based Volume Provisioning [Feature:vsphere] verify VSAN storage capability with valid diskStripes and objectSpaceReservation values is honored for dynamically provisioned pvc using storageclass" classname="Kubernetes e2e suite" time="0">
          <skipped></skipped>
      </testcase>
      <testcase name="[sig-storage] CSI Volumes [Driver: csi-hostpath-v0] [Testpattern: Dynamic PV (filesystem volmode)] volumeMode should fail to use a volume in a pod with mismatched mode [Slow]" classname="Kubernetes e2e suite" time="0">
          <skipped></skipped>
      </testcase>
      <testcase name="[sig-storage] In-tree Volumes [Driver: local][LocalVolumeType: blockfs] [Testpattern: Pre-provisioned PV (default fs)] volumes should allow exec of files on the volume" classname="Kubernetes e2e suite" time="0">
          <skipped></skipped>
      </testcase>
      <testcase name="[sig-storage] In-tree Volumes [Driver: rbd][Feature:Volumes] [Testpattern: Dynamic PV (default fs)] subPath should fail if subpath with backstepping is outside the volume [Slow]" classname="Kubernetes e2e suite" time="0">
          <skipped></skipped>
      </testcase>
      <testcase name="[sig-storage] In-tree Volumes [Driver: local][LocalVolumeType: dir-link] [Testpattern: Pre-provisioned PV (default fs)] subPath should fail if non-existent subpath is outside the volume [Slow][LinuxOnly]" classname="Kubernetes e2e suite" time="0">
          <skipped></skipped>
      </testcase>
      <testcase name="[sig-storage] In-tree Volumes [Driver: local][LocalVolumeType: dir] [Testpattern: Dynamic PV (ntfs)][sig-windows] subPath should support existing directories when readOnly specified in the volumeSource" classname="Kubernetes e2e suite" time="0">
          <skipped></skipped>
      </testcase>
      <testcase name="[sig-storage] CSI Volumes [Driver: csi-hostpath] [Testpattern: Dynamic PV (default fs)] subPath should unmount if pod is force deleted while kubelet is down [Disruptive][Slow][LinuxOnly]" classname="Kubernetes e2e suite" time="0">
          <skipped></skipped>
      </testcase>
      <testcase name="[sig-storage] In-tree Volumes [Driver: local][LocalVolumeType: tmpfs] [Testpattern: Dynamic PV (ntfs)][sig-windows] subPath should verify container cannot write to subpath readonly volumes [Slow]" classname="Kubernetes e2e suite" time="0">
          <skipped></skipped>
      </testcase>
      <testcase name="[sig-storage] In-tree Volumes [Driver: cinder] [Testpattern: Dynamic PV (filesystem volmode)] multiVolume [Slow] should access to two volumes with the same volume mode and retain data across pod recreation on different node" classname="Kubernetes e2e suite" time="0">
          <skipped></skipped>
      </testcase>
      <testcase name="[sig-storage] CSI Volumes [Driver: csi-hostpath] [Testpattern: Pre-provisioned PV (block volmode)] volumeMode should not mount / map unused volumes in a pod" classname="Kubernetes e2e suite" time="0">
          <skipped></skipped>
      </testcase>
      <testcase name="[sig-storage] In-tree Volumes [Driver: aws] [Testpattern: Inline-volume (ext4)] volumes should allow exec of files on the volume" classname="Kubernetes e2e suite" time="0">
          <skipped></skipped>
      </testcase>
      <testcase name="[sig-network] Loadbalancing: L7 [Slow] Nginx should conform to Ingress spec" classname="Kubernetes e2e suite" time="0">
          <skipped></skipped>
      </testcase>
      <testcase name="[sig-storage] In-tree Volumes [Driver: local][LocalVolumeType: tmpfs] [Testpattern: Pre-provisioned PV (block volmode)] multiVolume [Slow] should concurrently access the single volume from pods on the same node" classname="Kubernetes e2e suite" time="0">
          <skipped></skipped>
      </testcase>
      <testcase name="[sig-storage] In-tree Volumes [Driver: cinder] [Testpattern: Dynamic PV (filesystem volmode)] multiVolume [Slow] should concurrently access the single volume from pods on different node" classname="Kubernetes e2e suite" time="0">
          <skipped></skipped>
      </testcase>
      <testcase name="[sig-storage] In-tree Volumes [Driver: emptydir] [Testpattern: Inline-volume (ext4)] volumes should store data" classname="Kubernetes e2e suite" time="0">
          <skipped></skipped>
      </testcase>
      <testcase name="[sig-storage] In-tree Volumes [Driver: local][LocalVolumeType: dir-link] [Testpattern: Dynamic PV (default fs)] provisioning should provision storage with mount options" classname="Kubernetes e2e suite" time="0">
          <skipped></skipped>
      </testcase>
      <testcase name="[sig-storage] In-tree Volumes [Driver: local][LocalVolumeType: tmpfs] [Testpattern: Inline-volume (default fs)] subPath should fail if subpath directory is outside the volume [Slow]" classname="Kubernetes e2e suite" time="0">
          <skipped></skipped>
      </testcase>
      <testcase name="[sig-storage] CSI Volumes [Driver: csi-hostpath] [Testpattern: Dynamic PV (default fs)] subPath should support restarting containers using directory as subpath [Slow]" classname="Kubernetes e2e suite" time="0">
          <skipped></skipped>
      </testcase>
      <testcase name="[sig-storage] CSI Volumes [Driver: pd.csi.storage.gke.io][Serial] [Testpattern: Inline-volume (default fs)] volumeIO should write files of various sizes, verify size, validate content [Slow]" classname="Kubernetes e2e suite" time="0">
          <skipped></skipped>
      </testcase>
      <testcase name="[sig-storage] In-tree Volumes [Driver: aws] [Testpattern: Dynamic PV (default fs)] volumes should allow exec of files on the volume" classname="Kubernetes e2e suite" time="0">
          <skipped></skipped>
      </testcase>
      <testcase name="[sig-storage] In-tree Volumes [Driver: vSphere] [Testpattern: Dynamic PV (block volmode)] volumes should store data" classname="Kubernetes e2e suite" time="0">
          <skipped></skipped>
      </testcase>
      <testcase name="[sig-storage] In-tree Volumes [Driver: local][LocalVolumeType: dir-link-bindmounted] [Testpattern: Pre-provisioned PV (default fs)] subPath should fail if subpath directory is outside the volume [Slow]" classname="Kubernetes e2e suite" time="0">
          <skipped></skipped>
      </testcase>
      <testcase name="[sig-storage] CSI Volumes [Driver: csi-hostpath-v0] [Testpattern: Dynamic PV (filesystem volmode)] disruptive[Disruptive] Should test that pv written before kubelet restart is readable after restart." classname="Kubernetes e2e suite" time="0">
          <skipped></skipped>
      </testcase>
      <testcase name="[sig-storage] In-tree Volumes [Driver: local][LocalVolumeType: dir-link-bindmounted] [Testpattern: Dynamic PV (block volmode)] multiVolume [Slow] should concurrently access the single volume from pods on different node" classname="Kubernetes e2e suite" time="0">
          <skipped></skipped>
      </testcase>
      <testcase name="[sig-api-machinery] ResourceQuota should create a ResourceQuota and ensure its status is promptly calculated. [Conformance]" classname="Kubernetes e2e suite" time="13.25001974"></testcase>
      <testcase name="[k8s.io] [sig-node] kubelet [k8s.io] [sig-node] host cleanup with volume mounts [sig-storage][HostCleanup][Flaky] Host cleanup after disrupting NFS volume [NFS] after stopping the nfs-server and deleting the (active) client pod, the NFS mount and the pod&#39;s UID directory should be removed." classname="Kubernetes e2e suite" time="0">
          <skipped></skipped>
      </testcase>
      <testcase name="[sig-storage] PersistentVolumes GCEPD should test that deleting the Namespace of a PVC and Pod causes the successful detach of Persistent Disk" classname="Kubernetes e2e suite" time="0">
          <skipped></skipped>
      </testcase>
      <testcase name="[sig-storage] In-tree Volumes [Driver: local][LocalVolumeType: dir] [Testpattern: Dynamic PV (block volmode)] multiVolume [Slow] should access to two volumes with different volume mode and retain data across pod recreation on the same node" classname="Kubernetes e2e suite" time="0">
          <skipped></skipped>
      </testcase>
      <testcase name="[sig-storage] In-tree Volumes [Driver: ceph][Feature:Volumes] [Testpattern: Dynamic PV (block volmode)] volumes should store data" classname="Kubernetes e2e suite" time="0">
          <skipped></skipped>
      </testcase>
      <testcase name="[sig-storage] In-tree Volumes [Driver: gluster] [Testpattern: Dynamic PV (default fs)] provisioning should provision storage with pvc data source" classname="Kubernetes e2e suite" time="0">
          <skipped></skipped>
      </testcase>
      <testcase name="[sig-storage] In-tree Volumes [Driver: emptydir] [Testpattern: Pre-provisioned PV (ext3)] volumes should allow exec of files on the volume" classname="Kubernetes e2e suite" time="0">
          <skipped></skipped>
      </testcase>
      <testcase name="[sig-storage] In-tree Volumes [Driver: cinder] [Testpattern: Pre-provisioned PV (default fs)] subPath should unmount if pod is gracefully deleted while kubelet is down [Disruptive][Slow][LinuxOnly]" classname="Kubernetes e2e suite" time="0">
          <skipped></skipped>
      </testcase>
      <testcase name="[sig-apps] Network Partition [Disruptive] [Slow] [k8s.io] [ReplicationController] should recreate pods scheduled on the unreachable node AND allow scheduling of pods on a node after it rejoins the cluster" classname="Kubernetes e2e suite" time="0">
          <skipped></skipped>
      </testcase>
      <testcase name="[sig-storage] CSI Volumes [Driver: csi-hostpath-v0] [Testpattern: Pre-provisioned PV (filesystem volmode)] disruptive[Disruptive] Should test that pv written before kubelet restart is readable after restart." classname="Kubernetes e2e suite" time="0">
          <skipped></skipped>
      </testcase>
      <testcase name="[sig-storage] CSI Volumes [Driver: csi-hostpath] [Testpattern: Dynamic PV (default fs)] subPath should support readOnly file specified in the volumeMount [LinuxOnly]" classname="Kubernetes e2e suite" time="0">
          <skipped></skipped>
      </testcase>
      <testcase name="[sig-storage] In-tree Volumes [Driver: local][LocalVolumeType: blockfs] [Testpattern: Dynamic PV (default fs)] subPath should unmount if pod is gracefully deleted while kubelet is down [Disruptive][Slow][LinuxOnly]" classname="Kubernetes e2e suite" time="0">
          <skipped></skipped>
      </testcase>
      <testcase name="[sig-storage] In-tree Volumes [Driver: local][LocalVolumeType: dir] [Testpattern: Dynamic PV (default fs)] subPath should be able to unmount after the subpath directory is deleted" classname="Kubernetes e2e suite" time="0">
          <skipped></skipped>
      </testcase>
      <testcase name="[sig-storage] CSI Volumes [Driver: pd.csi.storage.gke.io][Serial] [Testpattern: Dynamic PV (ntfs)][sig-windows] subPath should support readOnly directory specified in the volumeMount" classname="Kubernetes e2e suite" time="0">
          <skipped></skipped>
      </testcase>
      <testcase name="[sig-api-machinery] ResourceQuota should create a ResourceQuota and capture the life of a persistent volume claim. [sig-storage]" classname="Kubernetes e2e suite" time="0">
          <skipped></skipped>
      </testcase>
      <testcase name="[sig-storage] In-tree Volumes [Driver: cinder] [Testpattern: Dynamic PV (filesystem volmode)] multiVolume [Slow] should access to two volumes with the same volume mode and retain data across pod recreation on the same node" classname="Kubernetes e2e suite" time="0">
          <skipped></skipped>
      </testcase>
      <testcase name="[sig-storage] In-tree Volumes [Driver: vSphere] [Testpattern: Dynamic PV (default fs)] subPath should support restarting containers using directory as subpath [Slow]" classname="Kubernetes e2e suite" time="0">
          <skipped></skipped>
      </testcase>
      <testcase name="[sig-storage] In-tree Volumes [Driver: local][LocalVolumeType: dir-bindmounted] [Testpattern: Dynamic PV (default fs)] volumeIO should write files of various sizes, verify size, validate content [Slow]" classname="Kubernetes e2e suite" time="0">
          <skipped></skipped>
      </testcase>
      <testcase name="[sig-storage] In-tree Volumes [Driver: local][LocalVolumeType: dir-link-bindmounted] [Testpattern: Dynamic PV (block volmode)] volume-expand should not allow expansion of pvcs without AllowVolumeExpansion property" classname="Kubernetes e2e suite" time="0">
          <skipped></skipped>
      </testcase>
      <testcase name="[sig-api-machinery] AdmissionWebhook [Privileged:ClusterAdmin] should deny crd creation [Conformance]" classname="Kubernetes e2e suite" time="21.853488734"></testcase>
      <testcase name="[sig-storage] In-tree Volumes [Driver: ceph][Feature:Volumes] [Testpattern: Inline-volume (default fs)] volumeIO should write files of various sizes, verify size, validate content [Slow]" classname="Kubernetes e2e suite" time="0">
          <skipped></skipped>
      </testcase>
      <testcase name="[sig-storage] In-tree Volumes [Driver: local][LocalVolumeType: dir-link-bindmounted] [Testpattern: Dynamic PV (default fs)] provisioning should provision storage with mount options" classname="Kubernetes e2e suite" time="0">
          <skipped></skipped>
      </testcase>
      <testcase name="[sig-storage] In-tree Volumes [Driver: aws] [Testpattern: Pre-provisioned PV (default fs)] subPath should unmount if pod is gracefully deleted while kubelet is down [Disruptive][Slow][LinuxOnly]" classname="Kubernetes e2e suite" time="0">
          <skipped></skipped>
      </testcase>
      <testcase name="[sig-storage] In-tree Volumes [Driver: nfs] [Testpattern: Inline-volume (default fs)] disruptive[Disruptive] Should test that pv written before kubelet restart is readable after restart." classname="Kubernetes e2e suite" time="0">
          <skipped></skipped>
      </testcase>
      <testcase name="[sig-storage] In-tree Volumes [Driver: local][LocalVolumeType: block] [Testpattern: Dynamic PV (filesystem volmode)] multiVolume [Slow] should access to two volumes with different volume mode and retain data across pod recreation on the same node" classname="Kubernetes e2e suite" time="0">
          <skipped></skipped>
      </testcase>
      <testcase name="[k8s.io] [sig-node] Kubelet [Serial] [Slow] [k8s.io] [sig-node] experimental resource usage tracking [Feature:ExperimentalResourceUsageTracking] resource tracking for 100 pods per node" classname="Kubernetes e2e suite" time="0">
          <skipped></skipped>
      </testcase>
      <testcase name="[sig-storage] In-tree Volumes [Driver: local][LocalVolumeType: dir] [Testpattern: Pre-provisioned PV (filesystem volmode)] volumeMode should fail to use a volume in a pod with mismatched mode [Slow]" classname="Kubernetes e2e suite" time="0">
          <skipped></skipped>
      </testcase>
      <testcase name="[sig-storage] In-tree Volumes [Driver: emptydir] [Testpattern: Dynamic PV (default fs)] subPath should verify container cannot write to subpath readonly volumes [Slow]" classname="Kubernetes e2e suite" time="0">
          <skipped></skipped>
      </testcase>
      <testcase name="[sig-storage] CSI Volumes [Driver: pd.csi.storage.gke.io][Serial] [Testpattern: Inline-volume (default fs)] subPath should support readOnly file specified in the volumeMount [LinuxOnly]" classname="Kubernetes e2e suite" time="0">
          <skipped></skipped>
      </testcase>
      <testcase name="[sig-storage] In-tree Volumes [Driver: nfs] [Testpattern: Pre-provisioned PV (default fs)] subPath should fail if subpath with backstepping is outside the volume [Slow]" classname="Kubernetes e2e suite" time="0">
          <skipped></skipped>
      </testcase>
      <testcase name="[sig-storage] In-tree Volumes [Driver: local][LocalVolumeType: dir-link-bindmounted] [Testpattern: Dynamic PV (ext4)] volumes should allow exec of files on the volume" classname="Kubernetes e2e suite" time="0">
          <skipped></skipped>
      </testcase>
      <testcase name="[sig-storage] CSI Volumes [Driver: csi-hostpath-v0] [Testpattern: Dynamic PV (ntfs)][sig-windows] volumes should allow exec of files on the volume" classname="Kubernetes e2e suite" time="0">
          <skipped></skipped>
      </testcase>
      <testcase name="[sig-storage] PersistentVolumes [Feature:ReclaimPolicy] [sig-storage] persistentvolumereclaim:vsphere should not detach and unmount PV when associated pvc with delete as reclaimPolicy is deleted when it is in use by the pod" classname="Kubernetes e2e suite" time="0">
          <skipped></skipped>
      </testcase>
      <testcase name="[sig-storage] CSI Volumes [Driver: pd.csi.storage.gke.io][Serial] [Testpattern: Pre-provisioned PV (block volmode)] volumes should store data" classname="Kubernetes e2e suite" time="0">
          <skipped></skipped>
      </testcase>
      <testcase name="[sig-storage] In-tree Volumes [Driver: iscsi][Feature:Volumes] [Testpattern: Pre-provisioned PV (default fs)] subPath should support readOnly directory specified in the volumeMount" classname="Kubernetes e2e suite" time="0">
          <skipped></skipped>
      </testcase>
      <testcase name="[sig-storage] In-tree Volumes [Driver: local][LocalVolumeType: dir] [Testpattern: Dynamic PV (ntfs)][sig-windows] provisioning should provision storage with pvc data source" classname="Kubernetes e2e suite" time="0">
          <skipped></skipped>
      </testcase>
      <testcase name="[sig-storage] CSI Volumes [Driver: csi-hostpath-v0] [Testpattern: Dynamic PV (block volmode)(allowExpansion)] volume-expand should resize volume when PVC is edited while pod is using it" classname="Kubernetes e2e suite" time="0">
          <skipped></skipped>
      </testcase>
      <testcase name="[sig-storage] In-tree Volumes [Driver: vSphere] [Testpattern: Pre-provisioned PV (default fs)] volumes should allow exec of files on the volume" classname="Kubernetes e2e suite" time="0">
          <skipped></skipped>
      </testcase>
      <testcase name="[sig-storage] CSI Volumes [Driver: csi-hostpath] [Testpattern: Pre-provisioned PV (default fs)] subPath should unmount if pod is force deleted while kubelet is down [Disruptive][Slow][LinuxOnly]" classname="Kubernetes e2e suite" time="0">
          <skipped></skipped>
      </testcase>
      <testcase name="[sig-storage] In-tree Volumes [Driver: local][LocalVolumeType: dir] [Testpattern: Inline-volume (default fs)] subPath should unmount if pod is gracefully deleted while kubelet is down [Disruptive][Slow][LinuxOnly]" classname="Kubernetes e2e suite" time="0">
          <skipped></skipped>
      </testcase>
      <testcase name="[sig-storage] In-tree Volumes [Driver: gcepd] [Testpattern: Dynamic PV (filesystem volmode)] multiVolume [Slow] should concurrently access the single volume from pods on the same node" classname="Kubernetes e2e suite" time="0">
          <skipped></skipped>
      </testcase>
      <testcase name="[sig-storage] In-tree Volumes [Driver: rbd][Feature:Volumes] [Testpattern: Dynamic PV (default fs)] subPath should unmount if pod is force deleted while kubelet is down [Disruptive][Slow][LinuxOnly]" classname="Kubernetes e2e suite" time="0">
          <skipped></skipped>
      </testcase>
      <testcase name="[sig-storage] CSI Volumes [Driver: csi-hostpath] [Testpattern: Dynamic PV (xfs)][Slow] volumes should store data" classname="Kubernetes e2e suite" time="0">
          <skipped></skipped>
      </testcase>
      <testcase name="[sig-storage] CSI Volumes [Driver: csi-hostpath] [Testpattern: Dynamic PV (ntfs)][sig-windows] subPath should support restarting containers using file as subpath [Slow][LinuxOnly]" classname="Kubernetes e2e suite" time="0">
          <skipped></skipped>
      </testcase>
      <testcase name="[sig-storage] In-tree Volumes [Driver: aws] [Testpattern: Pre-provisioned PV (block volmode)] disruptive[Disruptive] Should test that pv written before kubelet restart is readable after restart." classname="Kubernetes e2e suite" time="0">
          <skipped></skipped>
      </testcase>
      <testcase name="[sig-network] Services should serve multiport endpoints from pods  [Conformance]" classname="Kubernetes e2e suite" time="28.49837964"></testcase>
      <testcase name="[sig-storage] vsphere cloud provider stress [Feature:vsphere] vsphere stress tests" classname="Kubernetes e2e suite" time="0">
          <skipped></skipped>
      </testcase>
      <testcase name="[sig-storage] In-tree Volumes [Driver: local][LocalVolumeType: block] [Testpattern: Pre-provisioned PV (filesystem volmode)] disruptive[Disruptive] Should test that pv written before kubelet restart is readable after restart." classname="Kubernetes e2e suite" time="0">
          <skipped></skipped>
      </testcase>
      <testcase name="[sig-storage] In-tree Volumes [Driver: rbd][Feature:Volumes] [Testpattern: Pre-provisioned PV (default fs)] subPath should fail if subpath file is outside the volume [Slow][LinuxOnly]" classname="Kubernetes e2e suite" time="0">
          <skipped></skipped>
      </testcase>
      <testcase name="[sig-storage] In-tree Volumes [Driver: emptydir] [Testpattern: Inline-volume (default fs)] disruptive[Disruptive] Should test that pv written before kubelet restart is readable after restart." classname="Kubernetes e2e suite" time="0">
          <skipped></skipped>
      </testcase>
      <testcase name="[sig-storage] In-tree Volumes [Driver: nfs] [Testpattern: Pre-provisioned PV (filesystem volmode)] multiVolume [Slow] should concurrently access the single volume from pods on different node" classname="Kubernetes e2e suite" time="0">
          <skipped></skipped>
      </testcase>
      <testcase name="[sig-scheduling] SchedulerPredicates [Serial] validates that required NodeAffinity setting is respected if matching" classname="Kubernetes e2e suite" time="0">
          <skipped></skipped>
      </testcase>
      <testcase name="[sig-storage] In-tree Volumes [Driver: local][LocalVolumeType: dir] [Testpattern: Pre-provisioned PV (default fs)] subPath should be able to unmount after the subpath directory is deleted" classname="Kubernetes e2e suite" time="0">
          <skipped></skipped>
      </testcase>
      <testcase name="[sig-storage] CSI Volumes [Driver: pd.csi.storage.gke.io][Serial] [Testpattern: Dynamic PV (ntfs)][sig-windows] subPath should support existing directories when readOnly specified in the volumeSource" classname="Kubernetes e2e suite" time="0">
          <skipped></skipped>
      </testcase>
      <testcase name="[sig-storage] CSI Volumes [Driver: csi-hostpath-v0] [Testpattern: Dynamic PV (xfs)][Slow] volumes should allow exec of files on the volume" classname="Kubernetes e2e suite" time="0">
          <skipped></skipped>
      </testcase>
      <testcase name="[sig-network] Networking IPerf IPv6 [Experimental] [Feature:Networking-IPv6] [Slow] [Feature:Networking-Performance] [LinuxOnly] should transfer ~ 1GB onto the service endpoint 1 servers (maximum of 1 clients)" classname="Kubernetes e2e suite" time="0">
          <skipped></skipped>
      </testcase>
      <testcase name="[sig-storage] PersistentVolumes NFS with multiple PVs and PVCs all in same ns should create 2 PVs and 4 PVCs: test write access" classname="Kubernetes e2e suite" time="0">
          <skipped></skipped>
      </testcase>
      <testcase name="[sig-storage] In-tree Volumes [Driver: cinder] [Testpattern: Pre-provisioned PV (block volmode)] multiVolume [Slow] should concurrently access the single volume from pods on the same node" classname="Kubernetes e2e suite" time="0">
          <skipped></skipped>
      </testcase>
      <testcase name="[sig-network] DNS should provide DNS for services  [Conformance]" classname="Kubernetes e2e suite" time="17.489680941"></testcase>
      <testcase name="[sig-api-machinery] ResourceQuota should verify ResourceQuota with terminating scopes. [Conformance]" classname="Kubernetes e2e suite" time="22.353199067"></testcase>
      <testcase name="[sig-storage] In-tree Volumes [Driver: iscsi][Feature:Volumes] [Testpattern: Pre-provisioned PV (default fs)] volumes should allow exec of files on the volume" classname="Kubernetes e2e suite" time="0">
          <skipped></skipped>
      </testcase>
      <testcase name="[sig-windows] DNS should support configurable pod DNS servers" classname="Kubernetes e2e suite" time="0">
          <skipped></skipped>
      </testcase>
      <testcase name="[sig-storage] In-tree Volumes [Driver: emptydir] [Testpattern: Inline-volume (default fs)] volumes should allow exec of files on the volume" classname="Kubernetes e2e suite" time="0">
          <skipped></skipped>
      </testcase>
      <testcase name="[sig-storage] In-tree Volumes [Driver: local][LocalVolumeType: dir] [Testpattern: Inline-volume (default fs)] volumes should allow exec of files on the volume" classname="Kubernetes e2e suite" time="0">
          <skipped></skipped>
      </testcase>
      <testcase name="[sig-storage] In-tree Volumes [Driver: hostPathSymlink] [Testpattern: Dynamic PV (xfs)][Slow] volumes should store data" classname="Kubernetes e2e suite" time="0">
          <skipped></skipped>
      </testcase>
      <testcase name="[sig-storage] In-tree Volumes [Driver: aws] [Testpattern: Inline-volume (ntfs)][sig-windows] volumes should store data" classname="Kubernetes e2e suite" time="0">
          <skipped></skipped>
      </testcase>
      <testcase name="[sig-storage] In-tree Volumes [Driver: rbd][Feature:Volumes] [Testpattern: Pre-provisioned PV (default fs)] subPath should support readOnly file specified in the volumeMount [LinuxOnly]" classname="Kubernetes e2e suite" time="0">
          <skipped></skipped>
      </testcase>
      <testcase name="[sig-storage] Ephemeralstorage When pod refers to non-existent ephemeral storage should allow deletion of pod with invalid volume : secret" classname="Kubernetes e2e suite" time="0">
          <skipped></skipped>
      </testcase>
      <testcase name="[sig-storage] In-tree Volumes [Driver: local][LocalVolumeType: dir] [Testpattern: Dynamic PV (default fs)] subPath should support file as subpath [LinuxOnly]" classname="Kubernetes e2e suite" time="0">
          <skipped></skipped>
      </testcase>
      <testcase name="[sig-storage] In-tree Volumes [Driver: iscsi][Feature:Volumes] [Testpattern: Dynamic PV (ntfs)][sig-windows] subPath should support file as subpath [LinuxOnly]" classname="Kubernetes e2e suite" time="0">
          <skipped></skipped>
      </testcase>
      <testcase name="[sig-network] [sig-windows] Networking Granular Checks: Pods should function for intra-pod communication: udp" classname="Kubernetes e2e suite" time="0">
          <skipped></skipped>
      </testcase>
      <testcase name="[sig-storage] CSI mock volume CSI workload information using mock driver should not be passed when podInfoOnMount=nil" classname="Kubernetes e2e suite" time="0">
          <skipped></skipped>
      </testcase>
      <testcase name="[sig-storage] In-tree Volumes [Driver: aws] [Testpattern: Pre-provisioned PV (default fs)] subPath should unmount if pod is force deleted while kubelet is down [Disruptive][Slow][LinuxOnly]" classname="Kubernetes e2e suite" time="0">
          <skipped></skipped>
      </testcase>
      <testcase name="[sig-storage] In-tree Volumes [Driver: gcepd] [Testpattern: Inline-volume (default fs)] subPath should unmount if pod is force deleted while kubelet is down [Disruptive][Slow][LinuxOnly]" classname="Kubernetes e2e suite" time="0">
          <skipped></skipped>
      </testcase>
      <testcase name="[sig-storage] In-tree Volumes [Driver: hostPath] [Testpattern: Inline-volume (default fs)] subPath should support restarting containers using directory as subpath [Slow]" classname="Kubernetes e2e suite" time="0">
          <skipped></skipped>
      </testcase>
      <testcase name="[sig-instrumentation] MetricsGrabber should grab all metrics from API server." classname="Kubernetes e2e suite" time="0">
          <skipped></skipped>
      </testcase>
      <testcase name="[sig-instrumentation] Stackdriver Monitoring should have accelerator metrics [Feature:StackdriverAcceleratorMonitoring]" classname="Kubernetes e2e suite" time="0">
          <skipped></skipped>
      </testcase>
      <testcase name="[sig-storage] In-tree Volumes [Driver: hostPath] [Testpattern: Dynamic PV (block volmode)] disruptive[Disruptive] Should test that pv written before kubelet restart is readable after restart." classname="Kubernetes e2e suite" time="0">
          <skipped></skipped>
      </testcase>
      <testcase name="[sig-storage] In-tree Volumes [Driver: rbd][Feature:Volumes] [Testpattern: Dynamic PV (block volmode)] multiVolume [Slow] should concurrently access the single volume from pods on the same node" classname="Kubernetes e2e suite" time="0">
          <skipped></skipped>
      </testcase>
      <testcase name="[sig-api-machinery] AdmissionWebhook [Privileged:ClusterAdmin] listing mutating webhooks should work [Conformance]" classname="Kubernetes e2e suite" time="22.426220127"></testcase>
      <testcase name="[sig-storage] CSI Volumes [Driver: pd.csi.storage.gke.io][Serial] [Testpattern: Pre-provisioned PV (block volmode)] multiVolume [Slow] should access to two volumes with the same volume mode and retain data across pod recreation on different node" classname="Kubernetes e2e suite" time="0">
          <skipped></skipped>
      </testcase>
      <testcase name="[sig-storage] In-tree Volumes [Driver: local][LocalVolumeType: gce-localssd-scsi-fs] [Serial] [Testpattern: Pre-provisioned PV (default fs)] subPath should fail if subpath with backstepping is outside the volume [Slow]" classname="Kubernetes e2e suite" time="0">
          <skipped></skipped>
      </testcase>
      <testcase name="[sig-storage] In-tree Volumes [Driver: local][LocalVolumeType: dir] [Testpattern: Inline-volume (default fs)] subPath should fail if subpath with backstepping is outside the volume [Slow]" classname="Kubernetes e2e suite" time="0">
          <skipped></skipped>
      </testcase>
      <testcase name="[sig-storage] In-tree Volumes [Driver: local][LocalVolumeType: dir] [Testpattern: Dynamic PV (ntfs)][sig-windows] subPath should fail if subpath file is outside the volume [Slow][LinuxOnly]" classname="Kubernetes e2e suite" time="0">
          <skipped></skipped>
      </testcase>
      <testcase name="[sig-storage] In-tree Volumes [Driver: hostPathSymlink] [Testpattern: Dynamic PV (xfs)][Slow] volumes should allow exec of files on the volume" classname="Kubernetes e2e suite" time="0">
          <skipped></skipped>
      </testcase>
      <testcase name="[sig-storage] In-tree Volumes [Driver: vSphere] [Testpattern: Pre-provisioned PV (default fs)] subPath should support existing directory" classname="Kubernetes e2e suite" time="0">
          <skipped></skipped>
      </testcase>
      <testcase name="[sig-storage] CSI Volumes [Driver: csi-hostpath-v0] [Testpattern: Dynamic PV (default fs)] subPath should support existing directories when readOnly specified in the volumeSource" classname="Kubernetes e2e suite" time="0">
          <skipped></skipped>
      </testcase>
      <testcase name="[k8s.io] Pods should allow activeDeadlineSeconds to be updated [NodeConformance] [Conformance]" classname="Kubernetes e2e suite" time="12.842605741"></testcase>
      <testcase name="[sig-storage] In-tree Volumes [Driver: ceph][Feature:Volumes] [Testpattern: Dynamic PV (default fs)] subPath should support readOnly directory specified in the volumeMount" classname="Kubernetes e2e suite" time="0">
          <skipped></skipped>
      </testcase>
      <testcase name="[k8s.io] [sig-cloud-provider] [Feature:CloudProvider][Disruptive] Nodes should be deleted on API server if it doesn&#39;t exist in the cloud provider" classname="Kubernetes e2e suite" time="0">
          <skipped></skipped>
      </testcase>
      <testcase name="[sig-storage] NFSPersistentVolumes[Disruptive][Flaky] when kubelet restarts Should test that a file written to the mount before kubelet restart is readable after restart." classname="Kubernetes e2e suite" time="0">
          <skipped></skipped>
      </testcase>
      <testcase name="[sig-storage] In-tree Volumes [Driver: local][LocalVolumeType: dir-bindmounted] [Testpattern: Pre-provisioned PV (block volmode)] multiVolume [Slow] should access to two volumes with different volume mode and retain data across pod recreation on different node" classname="Kubernetes e2e suite" time="0">
          <skipped></skipped>
      </testcase>
      <testcase name="[sig-storage] In-tree Volumes [Driver: azure] [Testpattern: Inline-volume (default fs)] volumes should allow exec of files on the volume" classname="Kubernetes e2e suite" time="0">
          <skipped></skipped>
      </testcase>
      <testcase name="[sig-storage] In-tree Volumes [Driver: vSphere] [Testpattern: Dynamic PV (default fs)] subPath should support existing directories when readOnly specified in the volumeSource" classname="Kubernetes e2e suite" time="0">
          <skipped></skipped>
      </testcase>
      <testcase name="[sig-storage] In-tree Volumes [Driver: ceph][Feature:Volumes] [Testpattern: Dynamic PV (ntfs)][sig-windows] subPath should fail if subpath file is outside the volume [Slow][LinuxOnly]" classname="Kubernetes e2e suite" time="0">
          <skipped></skipped>
      </testcase>
      <testcase name="[sig-storage] CSI Volumes [Driver: pd.csi.storage.gke.io][Serial] [Testpattern: Dynamic PV (ext3)] volumes should store data" classname="Kubernetes e2e suite" time="0">
          <skipped></skipped>
      </testcase>
      <testcase name="[sig-storage] Projected downwardAPI should provide container&#39;s cpu request [NodeConformance] [Conformance]" classname="Kubernetes e2e suite" time="12.347521044"></testcase>
      <testcase name="[sig-storage] In-tree Volumes [Driver: local][LocalVolumeType: gce-localssd-scsi-fs] [Serial] [Testpattern: Dynamic PV (filesystem volmode)] multiVolume [Slow] should concurrently access the single volume from pods on different node" classname="Kubernetes e2e suite" time="0">
          <skipped></skipped>
      </testcase>
      <testcase name="[sig-storage] In-tree Volumes [Driver: rbd][Feature:Volumes] [Testpattern: Pre-provisioned PV (block volmode)] volumeMode should fail to use a volume in a pod with mismatched mode [Slow]" classname="Kubernetes e2e suite" time="0">
          <skipped></skipped>
      </testcase>
      <testcase name="[sig-storage] In-tree Volumes [Driver: local][LocalVolumeType: block] [Testpattern: Dynamic PV (ntfs)][sig-windows] subPath should support readOnly directory specified in the volumeMount" classname="Kubernetes e2e suite" time="0">
          <skipped></skipped>
      </testcase>
      <testcase name="[sig-storage] In-tree Volumes [Driver: ceph][Feature:Volumes] [Testpattern: Pre-provisioned PV (block volmode)] disruptive[Disruptive] Should test that pv written before kubelet restart is readable after restart." classname="Kubernetes e2e suite" time="0">
          <skipped></skipped>
      </testcase>
      <testcase name="[sig-storage] In-tree Volumes [Driver: local][LocalVolumeType: gce-localssd-scsi-fs] [Serial] [Testpattern: Pre-provisioned PV (default fs)] subPath should fail if subpath file is outside the volume [Slow][LinuxOnly]" classname="Kubernetes e2e suite" time="0">
          <skipped></skipped>
      </testcase>
      <testcase name="[sig-storage] In-tree Volumes [Driver: local][LocalVolumeType: block] [Testpattern: Pre-provisioned PV (default fs)] subPath should support non-existent path" classname="Kubernetes e2e suite" time="0">
          <skipped></skipped>
      </testcase>
      <testcase name="[sig-storage] In-tree Volumes [Driver: local][LocalVolumeType: dir-link] [Testpattern: Inline-volume (default fs)] subPath should verify container cannot write to subpath readonly volumes [Slow]" classname="Kubernetes e2e suite" time="0">
          <skipped></skipped>
      </testcase>
      <testcase name="[sig-storage] In-tree Volumes [Driver: local][LocalVolumeType: blockfs] [Testpattern: Inline-volume (ext4)] volumes should store data" classname="Kubernetes e2e suite" time="0">
          <skipped></skipped>
      </testcase>
      <testcase name="[sig-storage] In-tree Volumes [Driver: aws] [Testpattern: Pre-provisioned PV (default fs)] subPath should support restarting containers using directory as subpath [Slow]" classname="Kubernetes e2e suite" time="0">
          <skipped></skipped>
      </testcase>
      <testcase name="[sig-storage] In-tree Volumes [Driver: vSphere] [Testpattern: Dynamic PV (ntfs)][sig-windows] volumes should allow exec of files on the volume" classname="Kubernetes e2e suite" time="0">
          <skipped></skipped>
      </testcase>
      <testcase name="[sig-storage] In-tree Volumes [Driver: local][LocalVolumeType: gce-localssd-scsi-fs] [Serial] [Testpattern: Inline-volume (default fs)] subPath should support restarting containers using directory as subpath [Slow]" classname="Kubernetes e2e suite" time="0">
          <skipped></skipped>
      </testcase>
      <testcase name="[sig-storage] In-tree Volumes [Driver: vSphere] [Testpattern: Dynamic PV (ntfs)][sig-windows] subPath should unmount if pod is force deleted while kubelet is down [Disruptive][Slow][LinuxOnly]" classname="Kubernetes e2e suite" time="0">
          <skipped></skipped>
      </testcase>
      <testcase name="[sig-storage] In-tree Volumes [Driver: rbd][Feature:Volumes] [Testpattern: Dynamic PV (block volmode)] multiVolume [Slow] should concurrently access the single volume from pods on different node" classname="Kubernetes e2e suite" time="0">
          <skipped></skipped>
      </testcase>
      <testcase name="[sig-apps] StatefulSet [k8s.io] Basic StatefulSet functionality [StatefulSetBasic] should adopt matching orphans and release non-matching pods" classname="Kubernetes e2e suite" time="0">
          <skipped></skipped>
      </testcase>
      <testcase name="[sig-storage] PersistentVolumes-local  [Volume type: dir-link] Two pods mounting a local volume one after the other should be able to write from pod1 and read from pod2" classname="Kubernetes e2e suite" time="0">
          <skipped></skipped>
      </testcase>
      <testcase name="[sig-network] NetworkPolicy [LinuxOnly] NetworkPolicy between server and client should allow egress access on one named port [Feature:NetworkPolicy]" classname="Kubernetes e2e suite" time="0">
          <skipped></skipped>
      </testcase>
      <testcase name="[sig-storage] In-tree Volumes [Driver: hostPath] [Testpattern: Pre-provisioned PV (default fs)] volumes should store data" classname="Kubernetes e2e suite" time="0">
          <skipped></skipped>
      </testcase>
      <testcase name="[sig-storage] In-tree Volumes [Driver: local][LocalVolumeType: gce-localssd-scsi-fs] [Serial] [Testpattern: Dynamic PV (block volmode)] multiVolume [Slow] should access to two volumes with different volume mode and retain data across pod recreation on different node" classname="Kubernetes e2e suite" time="0">
          <skipped></skipped>
      </testcase>
      <testcase name="[sig-network] Services should have session affinity work for LoadBalancer service with ESIPP on [Slow] [DisabledForLargeClusters]" classname="Kubernetes e2e suite" time="0">
          <skipped></skipped>
      </testcase>
      <testcase name="[sig-storage] In-tree Volumes [Driver: aws] [Testpattern: Dynamic PV (default fs)] volume-expand should not allow expansion of pvcs without AllowVolumeExpansion property" classname="Kubernetes e2e suite" time="0">
          <skipped></skipped>
      </testcase>
      <testcase name="[sig-storage] In-tree Volumes [Driver: local][LocalVolumeType: dir-link] [Testpattern: Dynamic PV (ext4)] volumes should store data" classname="Kubernetes e2e suite" time="0">
          <skipped></skipped>
      </testcase>
      <testcase name="[sig-storage] In-tree Volumes [Driver: local][LocalVolumeType: gce-localssd-scsi-fs] [Serial] [Testpattern: Dynamic PV (block volmode)] volumeMode should fail in binding dynamic provisioned PV to PVC [Slow]" classname="Kubernetes e2e suite" time="0">
          <skipped></skipped>
      </testcase>
      <testcase name="[sig-storage] In-tree Volumes [Driver: cinder] [Testpattern: Dynamic PV (filesystem volmode)] multiVolume [Slow] should concurrently access the single volume from pods on the same node" classname="Kubernetes e2e suite" time="0">
          <skipped></skipped>
      </testcase>
      <testcase name="[sig-storage] In-tree Volumes [Driver: local][LocalVolumeType: gce-localssd-scsi-fs] [Serial] [Testpattern: Pre-provisioned PV (default fs)] subPath should support restarting containers using directory as subpath [Slow]" classname="Kubernetes e2e suite" time="0">
          <skipped></skipped>
      </testcase>
      <testcase name="[sig-network] Services [Feature:GCEAlphaFeature][Slow] should be able to create and tear down a standard-tier load balancer [Slow]" classname="Kubernetes e2e suite" time="0">
          <skipped></skipped>
      </testcase>
      <testcase name="[sig-auth] ServiceAccounts should support InClusterConfig with token rotation [Slow] [Feature:TokenRequestProjection]" classname="Kubernetes e2e suite" time="0">
          <skipped></skipped>
      </testcase>
      <testcase name="[sig-storage] CSI Volumes [Driver: pd.csi.storage.gke.io][Serial] [Testpattern: Dynamic PV (filesystem volmode)] multiVolume [Slow] should concurrently access the single volume from pods on the same node" classname="Kubernetes e2e suite" time="0">
          <skipped></skipped>
      </testcase>
      <testcase name="[sig-storage] CSI Volumes [Driver: csi-hostpath] [Testpattern: Dynamic PV (ntfs)][sig-windows] subPath should support readOnly file specified in the volumeMount [LinuxOnly]" classname="Kubernetes e2e suite" time="0">
          <skipped></skipped>
      </testcase>
      <testcase name="[sig-storage] In-tree Volumes [Driver: local][LocalVolumeType: gce-localssd-scsi-fs] [Serial] [Testpattern: Dynamic PV (block volmode)] volumes should store data" classname="Kubernetes e2e suite" time="0">
          <skipped></skipped>
      </testcase>
      <testcase name="[sig-storage] In-tree Volumes [Driver: emptydir] [Testpattern: Dynamic PV (ext4)] volumes should store data" classname="Kubernetes e2e suite" time="0">
          <skipped></skipped>
      </testcase>
      <testcase name="[sig-apps] CronJob should not schedule new jobs when ForbidConcurrent [Slow]" classname="Kubernetes e2e suite" time="0">
          <skipped></skipped>
      </testcase>
      <testcase name="[sig-storage] PersistentVolumes-local  [Volume type: dir-link-bindmounted] Set fsGroup for local volume should set fsGroup for one pod [Slow]" classname="Kubernetes e2e suite" time="0">
          <skipped></skipped>
      </testcase>
      <testcase name="[sig-storage] In-tree Volumes [Driver: nfs] [Testpattern: Inline-volume (default fs)] subPath should support creating multiple subpath from same volumes [Slow]" classname="Kubernetes e2e suite" time="0">
          <skipped></skipped>
      </testcase>
      <testcase name="[sig-storage] In-tree Volumes [Driver: rbd][Feature:Volumes] [Testpattern: Dynamic PV (ntfs)][sig-windows] volumes should store data" classname="Kubernetes e2e suite" time="0">
          <skipped></skipped>
      </testcase>
      <testcase name="[sig-storage] In-tree Volumes [Driver: local][LocalVolumeType: tmpfs] [Testpattern: Pre-provisioned PV (block volmode)] volumeMode should not mount / map unused volumes in a pod" classname="Kubernetes e2e suite" time="0">
          <skipped></skipped>
      </testcase>
      <testcase name="[sig-storage] In-tree Volumes [Driver: ceph][Feature:Volumes] [Testpattern: Dynamic PV (ext4)] volumes should allow exec of files on the volume" classname="Kubernetes e2e suite" time="0">
          <skipped></skipped>
      </testcase>
      <testcase name="[sig-storage] CSI Volumes [Driver: pd.csi.storage.gke.io][Serial] [Testpattern: Pre-provisioned PV (default fs)] subPath should fail if subpath file is outside the volume [Slow][LinuxOnly]" classname="Kubernetes e2e suite" time="0">
          <skipped></skipped>
      </testcase>
      <testcase name="[sig-storage] In-tree Volumes [Driver: emptydir] [Testpattern: Dynamic PV (default fs)] subPath should unmount if pod is force deleted while kubelet is down [Disruptive][Slow][LinuxOnly]" classname="Kubernetes e2e suite" time="0">
          <skipped></skipped>
      </testcase>
      <testcase name="[sig-storage] In-tree Volumes [Driver: gluster] [Testpattern: Dynamic PV (ntfs)][sig-windows] provisioning should provision storage with mount options" classname="Kubernetes e2e suite" time="0">
          <skipped></skipped>
      </testcase>
      <testcase name="[sig-storage] In-tree Volumes [Driver: nfs] [Testpattern: Dynamic PV (block volmode)] volumeMode should not mount / map unused volumes in a pod" classname="Kubernetes e2e suite" time="0">
          <skipped></skipped>
      </testcase>
      <testcase name="[sig-storage] In-tree Volumes [Driver: local][LocalVolumeType: block] [Testpattern: Pre-provisioned PV (block volmode)] multiVolume [Slow] should concurrently access the single volume from pods on the same node" classname="Kubernetes e2e suite" time="0">
          <skipped></skipped>
      </testcase>
      <testcase name="[sig-storage] In-tree Volumes [Driver: local][LocalVolumeType: dir-bindmounted] [Testpattern: Inline-volume (default fs)] volumeIO should write files of various sizes, verify size, validate content [Slow]" classname="Kubernetes e2e suite" time="0">
          <skipped></skipped>
      </testcase>
      <testcase name="[sig-storage] In-tree Volumes [Driver: local][LocalVolumeType: blockfs] [Testpattern: Inline-volume (default fs)] subPath should support existing single file [LinuxOnly]" classname="Kubernetes e2e suite" time="0">
          <skipped></skipped>
      </testcase>
      <testcase name="[sig-cli] Kubectl client Guestbook application should create and stop a working application  [Conformance]" classname="Kubernetes e2e suite" time="66.033291761"></testcase>
      <testcase name="[sig-storage] In-tree Volumes [Driver: local][LocalVolumeType: dir-link-bindmounted] [Testpattern: Dynamic PV (default fs)] subPath should support file as subpath [LinuxOnly]" classname="Kubernetes e2e suite" time="0">
          <skipped></skipped>
      </testcase>
      <testcase name="[sig-storage] In-tree Volumes [Driver: local][LocalVolumeType: dir-link-bindmounted] [Testpattern: Inline-volume (default fs)] subPath should support existing directory" classname="Kubernetes e2e suite" time="0">
          <skipped></skipped>
      </testcase>
      <testcase name="[sig-storage] In-tree Volumes [Driver: emptydir] [Testpattern: Inline-volume (default fs)] subPath should support readOnly directory specified in the volumeMount" classname="Kubernetes e2e suite" time="0">
          <skipped></skipped>
      </testcase>
      <testcase name="[sig-api-machinery] CustomResourceDefinition resources [Privileged:ClusterAdmin] Simple CustomResourceDefinition getting/updating/patching custom resource definition status sub-resource works  [Conformance]" classname="Kubernetes e2e suite" time="6.29865326"></testcase>
      <testcase name="[sig-storage] In-tree Volumes [Driver: azure] [Testpattern: Pre-provisioned PV (block volmode)] multiVolume [Slow] should concurrently access the single volume from pods on different node" classname="Kubernetes e2e suite" time="0">
          <skipped></skipped>
      </testcase>
      <testcase name="[sig-storage] In-tree Volumes [Driver: azure] [Testpattern: Dynamic PV (default fs)] volumes should store data" classname="Kubernetes e2e suite" time="0">
          <skipped></skipped>
      </testcase>
      <testcase name="[sig-storage] In-tree Volumes [Driver: local][LocalVolumeType: dir-bindmounted] [Testpattern: Dynamic PV (ntfs)][sig-windows] subPath should support existing directories when readOnly specified in the volumeSource" classname="Kubernetes e2e suite" time="0">
          <skipped></skipped>
      </testcase>
      <testcase name="[sig-storage] In-tree Volumes [Driver: local][LocalVolumeType: blockfs] [Testpattern: Dynamic PV (block volmode)] volumeMode should not mount / map unused volumes in a pod" classname="Kubernetes e2e suite" time="0">
          <skipped></skipped>
      </testcase>
      <testcase name="[sig-storage] In-tree Volumes [Driver: azure] [Testpattern: Dynamic PV (ntfs)][sig-windows] volumes should store data" classname="Kubernetes e2e suite" time="0">
          <skipped></skipped>
      </testcase>
      <testcase name="[sig-storage] GCP Volumes NFSv4 should be mountable for NFSv4" classname="Kubernetes e2e suite" time="0">
          <skipped></skipped>
      </testcase>
      <testcase name="[sig-storage] CSI Volumes [Driver: csi-hostpath-v0] [Testpattern: Pre-provisioned PV (default fs)] subPath should verify container cannot write to subpath readonly volumes [Slow]" classname="Kubernetes e2e suite" time="0">
          <skipped></skipped>
      </testcase>
      <testcase name="[sig-auth] [Feature:NodeAuthorizer] A node shouldn&#39;t be able to delete another node" classname="Kubernetes e2e suite" time="0">
          <skipped></skipped>
      </testcase>
      <testcase name="[sig-storage] In-tree Volumes [Driver: emptydir] [Testpattern: Pre-provisioned PV (xfs)][Slow] volumes should store data" classname="Kubernetes e2e suite" time="0">
          <skipped></skipped>
      </testcase>
      <testcase name="[sig-instrumentation] Cadvisor should be healthy on every node." classname="Kubernetes e2e suite" time="0">
          <skipped></skipped>
      </testcase>
      <testcase name="[sig-storage] CSI Volumes [Driver: pd.csi.storage.gke.io][Serial] [Testpattern: Dynamic PV (default fs)] subPath should unmount if pod is force deleted while kubelet is down [Disruptive][Slow][LinuxOnly]" classname="Kubernetes e2e suite" time="0">
          <skipped></skipped>
      </testcase>
      <testcase name="[sig-storage] In-tree Volumes [Driver: azure] [Testpattern: Inline-volume (ntfs)][sig-windows] volumes should store data" classname="Kubernetes e2e suite" time="0">
          <skipped></skipped>
      </testcase>
      <testcase name="[sig-storage] In-tree Volumes [Driver: ceph][Feature:Volumes] [Testpattern: Dynamic PV (default fs)] subPath should support file as subpath [LinuxOnly]" classname="Kubernetes e2e suite" time="0">
          <skipped></skipped>
      </testcase>
      <testcase name="[sig-storage] In-tree Volumes [Driver: local][LocalVolumeType: dir-link] [Testpattern: Dynamic PV (ntfs)][sig-windows] subPath should fail if subpath directory is outside the volume [Slow]" classname="Kubernetes e2e suite" time="0">
          <skipped></skipped>
      </testcase>
      <testcase name="[sig-storage] In-tree Volumes [Driver: ceph][Feature:Volumes] [Testpattern: Dynamic PV (block volmode)(allowExpansion)] volume-expand Verify if offline PVC expansion works" classname="Kubernetes e2e suite" time="0">
          <skipped></skipped>
      </testcase>
      <testcase name="[sig-storage] Downward API volume should provide container&#39;s memory request [NodeConformance] [Conformance]" classname="Kubernetes e2e suite" time="12.301785565"></testcase>
      <testcase name="[sig-storage] In-tree Volumes [Driver: local][LocalVolumeType: blockfs] [Testpattern: Dynamic PV (ext3)] volumes should store data" classname="Kubernetes e2e suite" time="0">
          <skipped></skipped>
      </testcase>
      <testcase name="[sig-storage] In-tree Volumes [Driver: local][LocalVolumeType: dir] [Testpattern: Inline-volume (xfs)][Slow] volumes should store data" classname="Kubernetes e2e suite" time="0">
          <skipped></skipped>
      </testcase>
      <testcase name="[sig-storage] In-tree Volumes [Driver: local][LocalVolumeType: dir] [Testpattern: Dynamic PV (default fs)] volume-expand should not allow expansion of pvcs without AllowVolumeExpansion property" classname="Kubernetes e2e suite" time="0">
          <skipped></skipped>
      </testcase>
      <testcase name="[sig-storage] CSI Volumes [Driver: csi-hostpath-v0] [Testpattern: Dynamic PV (ntfs)][sig-windows] subPath should support restarting containers using directory as subpath [Slow]" classname="Kubernetes e2e suite" time="0">
          <skipped></skipped>
      </testcase>
      <testcase name="[sig-storage] In-tree Volumes [Driver: iscsi][Feature:Volumes] [Testpattern: Pre-provisioned PV (block volmode)] volumes should store data" classname="Kubernetes e2e suite" time="0">
          <skipped></skipped>
      </testcase>
      <testcase name="[sig-storage] In-tree Volumes [Driver: vSphere] [Testpattern: Dynamic PV (ntfs)][sig-windows] subPath should fail if non-existent subpath is outside the volume [Slow][LinuxOnly]" classname="Kubernetes e2e suite" time="0">
          <skipped></skipped>
      </testcase>
      <testcase name="[sig-storage] In-tree Volumes [Driver: cinder] [Testpattern: Dynamic PV (block volmode)(allowExpansion)] volume-expand Verify if offline PVC expansion works" classname="Kubernetes e2e suite" time="0">
          <skipped></skipped>
      </testcase>
      <testcase name="[k8s.io] Security Context When creating a container with runAsNonRoot should run with an image specified user ID" classname="Kubernetes e2e suite" time="0">
          <skipped></skipped>
      </testcase>
      <testcase name="[sig-storage] In-tree Volumes [Driver: cinder] [Testpattern: Pre-provisioned PV (filesystem volmode)] multiVolume [Slow] should access to two volumes with the same volume mode and retain data across pod recreation on the same node" classname="Kubernetes e2e suite" time="0">
          <skipped></skipped>
      </testcase>
      <testcase name="[sig-network] Services should be able to switch session affinity for NodePort service" classname="Kubernetes e2e suite" time="0">
          <skipped></skipped>
      </testcase>
      <testcase name="[k8s.io] Pods should be updated [NodeConformance] [Conformance]" classname="Kubernetes e2e suite" time="36.789600368"></testcase>
      <testcase name="[sig-storage] In-tree Volumes [Driver: local][LocalVolumeType: dir-link-bindmounted] [Testpattern: Inline-volume (default fs)] subPath should support existing directories when readOnly specified in the volumeSource" classname="Kubernetes e2e suite" time="0">
          <skipped></skipped>
      </testcase>
      <testcase name="[sig-storage] In-tree Volumes [Driver: hostPathSymlink] [Testpattern: Inline-volume (default fs)] disruptive[Disruptive] Should test that pv written before kubelet restart is readable after restart." classname="Kubernetes e2e suite" time="0">
          <skipped></skipped>
      </testcase>
      <testcase name="[sig-network] NetworkPolicy [LinuxOnly] NetworkPolicy between server and client should enforce policy to allow traffic only from a different namespace, based on NamespaceSelector [Feature:NetworkPolicy]" classname="Kubernetes e2e suite" time="0">
          <skipped></skipped>
      </testcase>
      <testcase name="[sig-storage] CSI Volumes [Driver: csi-hostpath] [Testpattern: Pre-provisioned PV (default fs)] subPath should support existing directory" classname="Kubernetes e2e suite" time="0">
          <skipped></skipped>
      </testcase>
      <testcase name="[sig-storage] CSI Volumes [Driver: csi-hostpath] [Testpattern: Pre-provisioned PV (block volmode)] volumes should store data" classname="Kubernetes e2e suite" time="0">
          <skipped></skipped>
      </testcase>
      <testcase name="[sig-storage] In-tree Volumes [Driver: azure] [Testpattern: Dynamic PV (ntfs)][sig-windows] provisioning should provision storage with snapshot data source [Feature:VolumeSnapshotDataSource]" classname="Kubernetes e2e suite" time="0">
          <skipped></skipped>
      </testcase>
      <testcase name="[sig-storage] In-tree Volumes [Driver: hostPathSymlink] [Testpattern: Dynamic PV (filesystem volmode)] multiVolume [Slow] should concurrently access the single volume from pods on the same node" classname="Kubernetes e2e suite" time="0">
          <skipped></skipped>
      </testcase>
      <testcase name="[sig-storage] In-tree Volumes [Driver: local][LocalVolumeType: dir] [Testpattern: Dynamic PV (default fs)] subPath should fail if non-existent subpath is outside the volume [Slow][LinuxOnly]" classname="Kubernetes e2e suite" time="0">
          <skipped></skipped>
      </testcase>
      <testcase name="[sig-storage] In-tree Volumes [Driver: local][LocalVolumeType: dir-link] [Testpattern: Dynamic PV (ntfs)][sig-windows] subPath should verify container cannot write to subpath readonly volumes [Slow]" classname="Kubernetes e2e suite" time="0">
          <skipped></skipped>
      </testcase>
      <testcase name="[sig-storage] In-tree Volumes [Driver: ceph][Feature:Volumes] [Testpattern: Dynamic PV (default fs)] provisioning should provision storage with pvc data source" classname="Kubernetes e2e suite" time="0">
          <skipped></skipped>
      </testcase>
      <testcase name="[sig-api-machinery] CustomResourcePublishOpenAPI [Privileged:ClusterAdmin] works for multiple CRDs of same group but different versions [Conformance]" classname="Kubernetes e2e suite" time="46.594456249"></testcase>
  </testsuite>