<?xml version="1.0" encoding="UTF-8"?>
  <testsuite name="Kubernetes e2e suite" tests="35" failures="0" errors="0" time="884">
      <testcase name="[sig-storage] In-tree Volumes [Driver: local][LocalVolumeType: dir-link] [Testpattern: Dynamic PV (ntfs)][sig-windows] subPath should support readOnly directory specified in the volumeMount" classname="Kubernetes e2e suite" time="0">
          <skipped></skipped>
      </testcase>
      <testcase name="[sig-storage] CSI Volumes [Driver: csi-hostpath] [Testpattern: Dynamic PV (ntfs)][sig-windows] subPath should support restarting containers using file as subpath [Slow][LinuxOnly]" classname="Kubernetes e2e suite" time="0">
          <skipped></skipped>
      </testcase>
      <testcase name="[sig-storage] In-tree Volumes [Driver: local][LocalVolumeType: dir-link] [Testpattern: Pre-provisioned PV (filesystem volmode)] multiVolume [Slow] should concurrently access the single volume from pods on different node" classname="Kubernetes e2e suite" time="0">
          <skipped></skipped>
      </testcase>
      <testcase name="[sig-storage] In-tree Volumes [Driver: hostPath] [Testpattern: Pre-provisioned PV (default fs)] subPath should support existing directory" classname="Kubernetes e2e suite" time="0">
          <skipped></skipped>
      </testcase>
      <testcase name="[sig-storage] In-tree Volumes [Driver: local][LocalVolumeType: tmpfs] [Testpattern: Dynamic PV (default fs)] provisioning should access volume from different nodes" classname="Kubernetes e2e suite" time="0">
          <skipped></skipped>
      </testcase>
      <testcase name="[sig-storage] In-tree Volumes [Driver: local][LocalVolumeType: dir-bindmounted] [Testpattern: Dynamic PV (ext3)] volumes should be mountable" classname="Kubernetes e2e suite" time="0">
          <skipped></skipped>
      </testcase>
      <testcase name="[sig-storage] In-tree Volumes [Driver: local][LocalVolumeType: gce-localssd-scsi-fs] [Serial] [Testpattern: Dynamic PV (block volmode)] multiVolume [Slow] should access to two volumes with different volume mode and retain data across pod recreation on the same node" classname="Kubernetes e2e suite" time="0">
          <skipped></skipped>
      </testcase>
      <testcase name="[sig-cluster-lifecycle] [Disruptive]NodeLease NodeLease deletion node lease should be deleted when corresponding node is deleted" classname="Kubernetes e2e suite" time="0">
          <skipped></skipped>
      </testcase>
      <testcase name="[k8s.io] Probing container should be restarted with a /healthz http liveness probe [NodeConformance] [Conformance]" classname="Kubernetes e2e suite" time="36.509765836"></testcase>
      <testcase name="[k8s.io] Downward API [Serial] [Disruptive] [NodeFeature:EphemeralStorage] Downward API tests for local ephemeral storage should provide container&#39;s limits.ephemeral-storage and requests.ephemeral-storage as env vars" classname="Kubernetes e2e suite" time="0">
          <skipped></skipped>
      </testcase>
      <testcase name="[sig-storage] PersistentVolumes NFS with multiple PVs and PVCs all in same ns should create 2 PVs and 4 PVCs: test write access" classname="Kubernetes e2e suite" time="0">
          <skipped></skipped>
      </testcase>
      <testcase name="[sig-storage] CSI Volumes [Driver: csi-hostpath] [Testpattern: Pre-provisioned PV (default fs)] subPath should unmount if pod is gracefully deleted while kubelet is down [Disruptive][Slow][LinuxOnly]" classname="Kubernetes e2e suite" time="0">
          <skipped></skipped>
      </testcase>
      <testcase name="[sig-storage] PersistentVolumes-local  [Volume type: tmpfs] Two pods mounting a local volume at the same time should be able to write from pod1 and read from pod2" classname="Kubernetes e2e suite" time="0">
          <skipped></skipped>
      </testcase>
      <testcase name="[sig-storage] In-tree Volumes [Driver: azure] [Testpattern: Inline-volume (default fs)] subPath should fail if subpath directory is outside the volume [Slow]" classname="Kubernetes e2e suite" time="0">
          <skipped></skipped>
      </testcase>
      <testcase name="[sig-storage] In-tree Volumes [Driver: gluster] [Testpattern: Dynamic PV (ext4)] volumes should allow exec of files on the volume" classname="Kubernetes e2e suite" time="0">
          <skipped></skipped>
      </testcase>
      <testcase name="[sig-storage] In-tree Volumes [Driver: local][LocalVolumeType: dir-bindmounted] [Testpattern: Pre-provisioned PV (default fs)] subPath should fail if subpath directory is outside the volume [Slow]" classname="Kubernetes e2e suite" time="0">
          <skipped></skipped>
      </testcase>
      <testcase name="[sig-storage] In-tree Volumes [Driver: hostPathSymlink] [Testpattern: Pre-provisioned PV (ext4)] volumes should allow exec of files on the volume" classname="Kubernetes e2e suite" time="0">
          <skipped></skipped>
      </testcase>
      <testcase name="[sig-storage] CSI Volumes [Driver: pd.csi.storage.gke.io][Serial] [Testpattern: Dynamic PV (block volmode)] multiVolume [Slow] should access to two volumes with the same volume mode and retain data across pod recreation on the same node" classname="Kubernetes e2e suite" time="0">
          <skipped></skipped>
      </testcase>
      <testcase name="[sig-storage] CSI Volumes [Driver: csi-hostpath] [Testpattern: Pre-provisioned PV (block volmode)] volumeMode should create sc, pod, pv, and pvc, read/write to the pv, and delete all created resources" classname="Kubernetes e2e suite" time="0">
          <skipped></skipped>
      </testcase>
      <testcase name="[sig-cluster-lifecycle] Reboot [Disruptive] [Feature:Reboot] each node by ordering clean reboot and ensure they function upon restart" classname="Kubernetes e2e suite" time="0">
          <skipped></skipped>
      </testcase>
      <testcase name="[sig-storage] In-tree Volumes [Driver: emptydir] [Testpattern: Inline-volume (xfs)] volumes should allow exec of files on the volume" classname="Kubernetes e2e suite" time="0">
          <skipped></skipped>
      </testcase>
      <testcase name="[sig-storage] In-tree Volumes [Driver: local][LocalVolumeType: tmpfs] [Testpattern: Dynamic PV (default fs)] subPath should unmount if pod is gracefully deleted while kubelet is down [Disruptive][Slow][LinuxOnly]" classname="Kubernetes e2e suite" time="0">
          <skipped></skipped>
      </testcase>
      <testcase name="[sig-auth] Advanced Audit [DisabledForLargeClusters][Flaky] should audit API calls to create, get, update, patch, delete, list, watch pods." classname="Kubernetes e2e suite" time="0">
          <skipped></skipped>
      </testcase>
      <testcase name="[sig-storage] In-tree Volumes [Driver: vSphere] [Testpattern: Dynamic PV (ntfs)][sig-windows] subPath should support creating multiple subpath from same volumes [Slow]" classname="Kubernetes e2e suite" time="0">
          <skipped></skipped>
      </testcase>
      <testcase name="[sig-storage] In-tree Volumes [Driver: local][LocalVolumeType: dir-bindmounted] [Testpattern: Dynamic PV (ntfs)][sig-windows] subPath should unmount if pod is gracefully deleted while kubelet is down [Disruptive][Slow][LinuxOnly]" classname="Kubernetes e2e suite" time="0">
          <skipped></skipped>
      </testcase>
      <testcase name="[sig-storage] In-tree Volumes [Driver: iscsi][Feature:Volumes] [Testpattern: Inline-volume (ext4)] volumes should be mountable" classname="Kubernetes e2e suite" time="0">
          <skipped></skipped>
      </testcase>
      <testcase name="[sig-instrumentation] Stackdriver Monitoring should run Custom Metrics - Stackdriver Adapter for external metrics [Feature:StackdriverExternalMetrics]" classname="Kubernetes e2e suite" time="0">
          <skipped></skipped>
      </testcase>
      <testcase name="[sig-storage] CSI Volumes [Driver: pd.csi.storage.gke.io][Serial] [Testpattern: Pre-provisioned PV (default fs)] subPath should unmount if pod is gracefully deleted while kubelet is down [Disruptive][Slow][LinuxOnly]" classname="Kubernetes e2e suite" time="0">
          <skipped></skipped>
      </testcase>
      <testcase name="[sig-storage] In-tree Volumes [Driver: local][LocalVolumeType: dir-bindmounted] [Testpattern: Dynamic PV (ntfs)][sig-windows] provisioning should access volume from different nodes" classname="Kubernetes e2e suite" time="0">
          <skipped></skipped>
      </testcase>
      <testcase name="[sig-storage] In-tree Volumes [Driver: iscsi][Feature:Volumes] [Testpattern: Pre-provisioned PV (filesystem volmode)] multiVolume [Slow] should access to two volumes with the same volume mode and retain data across pod recreation on the same node" classname="Kubernetes e2e suite" time="0">
          <skipped></skipped>
      </testcase>
      <testcase name="[sig-storage] In-tree Volumes [Driver: local][LocalVolumeType: dir-bindmounted] [Testpattern: Pre-provisioned PV (default fs)] subPath should fail if subpath with backstepping is outside the volume [Slow]" classname="Kubernetes e2e suite" time="0">
          <skipped></skipped>
      </testcase>
      <testcase name="[sig-storage] CSI mock volume CSI attach test using mock driver should preserve attachment policy when no CSIDriver present" classname="Kubernetes e2e suite" time="0">
          <skipped></skipped>
      </testcase>
      <testcase name="[sig-storage] In-tree Volumes [Driver: local][LocalVolumeType: gce-localssd-scsi-fs] [Serial] [Testpattern: Dynamic PV (ntfs)][sig-windows] subPath should support existing directories when readOnly specified in the volumeSource" classname="Kubernetes e2e suite" time="0">
          <skipped></skipped>
      </testcase>
      <testcase name="[k8s.io] Pods should support pod readiness gates [NodeFeature:PodReadinessGate]" classname="Kubernetes e2e suite" time="0">
          <skipped></skipped>
      </testcase>
      <testcase name="[sig-storage] In-tree Volumes [Driver: nfs] [Testpattern: Dynamic PV (filesystem volmode)] multiVolume [Slow] should access to two volumes with different volume mode and retain data across pod recreation on different node" classname="Kubernetes e2e suite" time="0">
          <skipped></skipped>
      </testcase>
      <testcase name="[sig-storage] In-tree Volumes [Driver: emptydir] [Testpattern: Pre-provisioned PV (default fs)] subPath should verify container cannot write to subpath readonly volumes [Slow]" classname="Kubernetes e2e suite" time="0">
          <skipped></skipped>
      </testcase>
      <testcase name="[sig-storage] In-tree Volumes [Driver: gcepd] [Testpattern: Inline-volume (default fs)] subPath should be able to unmount after the subpath directory is deleted" classname="Kubernetes e2e suite" time="0">
          <skipped></skipped>
      </testcase>
      <testcase name="[k8s.io] Security Context When creating a container with runAsNonRoot should run with an image specified user ID" classname="Kubernetes e2e suite" time="0">
          <skipped></skipped>
      </testcase>
      <testcase name="[sig-network] Services should be able to change the type from NodePort to ExternalName" classname="Kubernetes e2e suite" time="0">
          <skipped></skipped>
      </testcase>
      <testcase name="[k8s.io] Kubelet when scheduling a read only busybox container should not write to root filesystem [LinuxOnly] [NodeConformance] [Conformance]" classname="Kubernetes e2e suite" time="50.614660165"></testcase>
      <testcase name="[sig-storage] PersistentVolumes-local  [Volume type: dir-bindmounted] Two pods mounting a local volume at the same time should be able to write from pod1 and read from pod2" classname="Kubernetes e2e suite" time="0">
          <skipped></skipped>
      </testcase>
      <testcase name="[sig-storage] In-tree Volumes [Driver: emptydir] [Testpattern: Dynamic PV (block volmode)] multiVolume [Slow] should concurrently access the single volume from pods on different node" classname="Kubernetes e2e suite" time="0">
          <skipped></skipped>
      </testcase>
      <testcase name="[sig-storage] In-tree Volumes [Driver: gluster] [Testpattern: Inline-volume (default fs)] volumes should allow exec of files on the volume" classname="Kubernetes e2e suite" time="0">
          <skipped></skipped>
      </testcase>
      <testcase name="[sig-api-machinery] ResourceQuota [Feature:ScopeSelectors] should verify ResourceQuota with best effort scope using scope-selectors." classname="Kubernetes e2e suite" time="0">
          <skipped></skipped>
      </testcase>
      <testcase name="[sig-storage] In-tree Volumes [Driver: local][LocalVolumeType: dir-link-bindmounted] [Testpattern: Dynamic PV (default fs)] subPath should fail if subpath directory is outside the volume [Slow]" classname="Kubernetes e2e suite" time="0">
          <skipped></skipped>
      </testcase>
      <testcase name="[sig-storage] In-tree Volumes [Driver: local][LocalVolumeType: gce-localssd-scsi-fs] [Serial] [Testpattern: Pre-provisioned PV (default fs)] subPath should support existing directories when readOnly specified in the volumeSource" classname="Kubernetes e2e suite" time="0">
          <skipped></skipped>
      </testcase>
      <testcase name="[sig-storage] In-tree Volumes [Driver: azure] [Testpattern: Dynamic PV (default fs)] provisioning should provision storage with snapshot data source [Feature:VolumeSnapshotDataSource]" classname="Kubernetes e2e suite" time="0">
          <skipped></skipped>
      </testcase>
      <testcase name="[sig-network] Loadbalancing: L7 GCE [Slow] [Feature:Ingress] should conform to Ingress spec" classname="Kubernetes e2e suite" time="0">
          <skipped></skipped>
      </testcase>
      <testcase name="[sig-storage] In-tree Volumes [Driver: local][LocalVolumeType: dir-link] [Testpattern: Dynamic PV (default fs)] subPath should support creating multiple subpath from same volumes [Slow]" classname="Kubernetes e2e suite" time="0">
          <skipped></skipped>
      </testcase>
      <testcase name="[sig-cluster-lifecycle] [Feature:BootstrapTokens] should delete the token secret when the secret expired" classname="Kubernetes e2e suite" time="0">
          <skipped></skipped>
      </testcase>
      <testcase name="[k8s.io] InitContainer [NodeConformance] should not start app containers if init containers fail on a RestartAlways pod [Conformance]" classname="Kubernetes e2e suite" time="72.82679985"></testcase>
      <testcase name="[sig-storage] In-tree Volumes [Driver: local][LocalVolumeType: dir] [Testpattern: Inline-volume (default fs)] subPath should fail if subpath file is outside the volume [Slow][LinuxOnly]" classname="Kubernetes e2e suite" time="0">
          <skipped></skipped>
      </testcase>
      <testcase name="[sig-storage] In-tree Volumes [Driver: iscsi][Feature:Volumes] [Testpattern: Dynamic PV (default fs)] provisioning should provision storage with mount options" classname="Kubernetes e2e suite" time="0">
          <skipped></skipped>
      </testcase>
      <testcase name="[sig-storage] CSI Volumes [Driver: pd.csi.storage.gke.io][Serial] [Testpattern: Pre-provisioned PV (default fs)] volumeIO should write files of various sizes, verify size, validate content [Slow]" classname="Kubernetes e2e suite" time="0">
          <skipped></skipped>
      </testcase>
      <testcase name="[sig-storage] In-tree Volumes [Driver: cinder] [Testpattern: Pre-provisioned PV (default fs)] subPath should fail if subpath directory is outside the volume [Slow]" classname="Kubernetes e2e suite" time="0">
          <skipped></skipped>
      </testcase>
      <testcase name="[sig-storage] In-tree Volumes [Driver: local][LocalVolumeType: gce-localssd-scsi-fs] [Serial] [Testpattern: Dynamic PV (default fs)] subPath should support creating multiple subpath from same volumes [Slow]" classname="Kubernetes e2e suite" time="0">
          <skipped></skipped>
      </testcase>
      <testcase name="[sig-storage] In-tree Volumes [Driver: gcepd] [Testpattern: Pre-provisioned PV (filesystem volmode)] multiVolume [Slow] should concurrently access the single volume from pods on the same node" classname="Kubernetes e2e suite" time="0">
          <skipped></skipped>
      </testcase>
      <testcase name="[sig-storage] In-tree Volumes [Driver: vSphere] [Testpattern: Dynamic PV (default fs)] subPath should verify container cannot write to subpath readonly volumes [Slow]" classname="Kubernetes e2e suite" time="0">
          <skipped></skipped>
      </testcase>
      <testcase name="[sig-windows] [Feature:Windows] Density [Serial] [Slow] create a batch of pods latency/resource should be within limit when create 10 pods with 0s interval" classname="Kubernetes e2e suite" time="0">
          <skipped></skipped>
      </testcase>
      <testcase name="[sig-storage] In-tree Volumes [Driver: local][LocalVolumeType: dir-link] [Testpattern: Dynamic PV (default fs)] subPath should support existing directory" classname="Kubernetes e2e suite" time="0">
          <skipped></skipped>
      </testcase>
      <testcase name="[sig-storage] In-tree Volumes [Driver: local][LocalVolumeType: dir-link] [Testpattern: Pre-provisioned PV (filesystem volmode)] volumeMode should create sc, pod, pv, and pvc, read/write to the pv, and delete all created resources" classname="Kubernetes e2e suite" time="0">
          <skipped></skipped>
      </testcase>
      <testcase name="[sig-storage] In-tree Volumes [Driver: vSphere] [Testpattern: Pre-provisioned PV (default fs)] subPath should support existing single file [LinuxOnly]" classname="Kubernetes e2e suite" time="0">
          <skipped></skipped>
      </testcase>
      <testcase name="[sig-storage] PersistentVolumes-local  [Volume type: tmpfs] One pod requesting one prebound PVC should be able to mount volume and write from pod1" classname="Kubernetes e2e suite" time="0">
          <skipped></skipped>
      </testcase>
      <testcase name="[sig-storage] In-tree Volumes [Driver: local][LocalVolumeType: gce-localssd-scsi-fs] [Serial] [Testpattern: Pre-provisioned PV (default fs)] subPath should support existing single file [LinuxOnly]" classname="Kubernetes e2e suite" time="0">
          <skipped></skipped>
      </testcase>
      <testcase name="[sig-storage] In-tree Volumes [Driver: local][LocalVolumeType: dir-bindmounted] [Testpattern: Pre-provisioned PV (block volmode)] multiVolume [Slow] should access to two volumes with the same volume mode and retain data across pod recreation on different node" classname="Kubernetes e2e suite" time="0">
          <skipped></skipped>
      </testcase>
      <testcase name="[sig-storage] Downward API volume should set DefaultMode on files [LinuxOnly] [NodeConformance] [Conformance]" classname="Kubernetes e2e suite" time="16.447942584"></testcase>
      <testcase name="[sig-storage] In-tree Volumes [Driver: local][LocalVolumeType: dir-bindmounted] [Testpattern: Dynamic PV (ntfs)][sig-windows] volumes should be mountable" classname="Kubernetes e2e suite" time="0">
          <skipped></skipped>
      </testcase>
      <testcase name="[sig-storage] In-tree Volumes [Driver: cinder] [Testpattern: Inline-volume (xfs)] volumes should be mountable" classname="Kubernetes e2e suite" time="0">
          <skipped></skipped>
      </testcase>
      <testcase name="[sig-storage] In-tree Volumes [Driver: local][LocalVolumeType: dir-link] [Testpattern: Inline-volume (default fs)] subPath should support readOnly directory specified in the volumeMount" classname="Kubernetes e2e suite" time="0">
          <skipped></skipped>
      </testcase>
      <testcase name="[sig-storage] In-tree Volumes [Driver: local][LocalVolumeType: dir-link-bindmounted] [Testpattern: Dynamic PV (ntfs)][sig-windows] subPath should fail if subpath file is outside the volume [Slow][LinuxOnly]" classname="Kubernetes e2e suite" time="0">
          <skipped></skipped>
      </testcase>
      <testcase name="[sig-cli] Kubectl client [k8s.io] Kubectl create quota should create a quota with scopes" classname="Kubernetes e2e suite" time="0">
          <skipped></skipped>
      </testcase>
      <testcase name="[sig-storage] CSI Volumes [Driver: csi-hostpath] [Testpattern: Dynamic PV (default fs)] volumeIO should write files of various sizes, verify size, validate content [Slow]" classname="Kubernetes e2e suite" time="0">
          <skipped></skipped>
      </testcase>
      <testcase name="[sig-instrumentation] MetricsGrabber should grab all metrics from API server." classname="Kubernetes e2e suite" time="0">
          <skipped></skipped>
      </testcase>
      <testcase name="[sig-storage] In-tree Volumes [Driver: gcepd] [Testpattern: Dynamic PV (filesystem volmode)] multiVolume [Slow] should access to two volumes with different volume mode and retain data across pod recreation on different node" classname="Kubernetes e2e suite" time="0">
          <skipped></skipped>
      </testcase>
      <testcase name="[sig-storage] In-tree Volumes [Driver: local][LocalVolumeType: dir-bindmounted] [Testpattern: Inline-volume (default fs)] subPath should support non-existent path" classname="Kubernetes e2e suite" time="0">
          <skipped></skipped>
      </testcase>
      <testcase name="[sig-storage] In-tree Volumes [Driver: local][LocalVolumeType: dir] [Testpattern: Dynamic PV (default fs)] subPath should unmount if pod is force deleted while kubelet is down [Disruptive][Slow][LinuxOnly]" classname="Kubernetes e2e suite" time="0">
          <skipped></skipped>
      </testcase>
      <testcase name="[sig-storage] In-tree Volumes [Driver: hostPath] [Testpattern: Pre-provisioned PV (block volmode)] multiVolume [Slow] should access to two volumes with the same volume mode and retain data across pod recreation on different node" classname="Kubernetes e2e suite" time="0">
          <skipped></skipped>
      </testcase>
      <testcase name="[sig-storage] In-tree Volumes [Driver: local][LocalVolumeType: block] [Testpattern: Dynamic PV (default fs)] subPath should support file as subpath [LinuxOnly]" classname="Kubernetes e2e suite" time="0">
          <skipped></skipped>
      </testcase>
      <testcase name="[sig-storage] In-tree Volumes [Driver: gcepd] [Testpattern: Dynamic PV (ntfs)][sig-windows] provisioning should provision storage with snapshot data source [Feature:VolumeSnapshotDataSource]" classname="Kubernetes e2e suite" time="0">
          <skipped></skipped>
      </testcase>
      <testcase name="[sig-storage] In-tree Volumes [Driver: cinder] [Testpattern: Inline-volume (default fs)] subPath should support readOnly file specified in the volumeMount [LinuxOnly]" classname="Kubernetes e2e suite" time="0">
          <skipped></skipped>
      </testcase>
      <testcase name="[sig-storage] In-tree Volumes [Driver: local][LocalVolumeType: blockfs] [Testpattern: Inline-volume (default fs)] subPath should fail if subpath directory is outside the volume [Slow]" classname="Kubernetes e2e suite" time="0">
          <skipped></skipped>
      </testcase>
      <testcase name="[sig-storage] In-tree Volumes [Driver: ceph][Feature:Volumes] [Testpattern: Dynamic PV (filesystem volmode)] multiVolume [Slow] should access to two volumes with different volume mode and retain data across pod recreation on different node" classname="Kubernetes e2e suite" time="0">
          <skipped></skipped>
      </testcase>
      <testcase name="[sig-storage] In-tree Volumes [Driver: local][LocalVolumeType: block] [Testpattern: Dynamic PV (ntfs)][sig-windows] subPath should fail if non-existent subpath is outside the volume [Slow][LinuxOnly]" classname="Kubernetes e2e suite" time="0">
          <skipped></skipped>
      </testcase>
      <testcase name="[sig-storage] In-tree Volumes [Driver: local][LocalVolumeType: gce-localssd-scsi-fs] [Serial] [Testpattern: Pre-provisioned PV (filesystem volmode)] volumeMode should create sc, pod, pv, and pvc, read/write to the pv, and delete all created resources" classname="Kubernetes e2e suite" time="0">
          <skipped></skipped>
      </testcase>
      <testcase name="[sig-storage] In-tree Volumes [Driver: gcepd] [Testpattern: Pre-provisioned PV (default fs)] subPath should fail if subpath with backstepping is outside the volume [Slow]" classname="Kubernetes e2e suite" time="0">
          <skipped></skipped>
      </testcase>
      <testcase name="[sig-storage] In-tree Volumes [Driver: iscsi][Feature:Volumes] [Testpattern: Pre-provisioned PV (default fs)] subPath should fail if subpath with backstepping is outside the volume [Slow]" classname="Kubernetes e2e suite" time="0">
          <skipped></skipped>
      </testcase>
      <testcase name="[sig-cli] Kubectl Port forwarding [k8s.io] With a server listening on localhost should support forwarding over websockets" classname="Kubernetes e2e suite" time="0">
          <skipped></skipped>
      </testcase>
      <testcase name="[sig-storage] In-tree Volumes [Driver: local][LocalVolumeType: dir-link] [Testpattern: Inline-volume (default fs)] volumes should allow exec of files on the volume" classname="Kubernetes e2e suite" time="0">
          <skipped></skipped>
      </testcase>
      <testcase name="[k8s.io] Security Context When creating a pod with readOnlyRootFilesystem should run the container with writable rootfs when readOnlyRootFilesystem=false [NodeConformance]" classname="Kubernetes e2e suite" time="0">
          <skipped></skipped>
      </testcase>
      <testcase name="[sig-network] Loadbalancing: L7 GCE [Slow] [Feature:Ingress] should support multiple TLS certs" classname="Kubernetes e2e suite" time="0">
          <skipped></skipped>
      </testcase>
      <testcase name="[sig-storage] In-tree Volumes [Driver: hostPath] [Testpattern: Pre-provisioned PV (ext4)] volumes should be mountable" classname="Kubernetes e2e suite" time="0">
          <skipped></skipped>
      </testcase>
      <testcase name="[sig-storage] In-tree Volumes [Driver: cinder] [Testpattern: Dynamic PV (xfs)] volumes should allow exec of files on the volume" classname="Kubernetes e2e suite" time="0">
          <skipped></skipped>
      </testcase>
      <testcase name="[sig-storage] In-tree Volumes [Driver: iscsi][Feature:Volumes] [Testpattern: Dynamic PV (ntfs)][sig-windows] volumes should allow exec of files on the volume" classname="Kubernetes e2e suite" time="0">
          <skipped></skipped>
      </testcase>
      <testcase name="[sig-storage] CSI Volumes [Driver: pd.csi.storage.gke.io][Serial] [Testpattern: Inline-volume (default fs)] subPath should fail if non-existent subpath is outside the volume [Slow][LinuxOnly]" classname="Kubernetes e2e suite" time="0">
          <skipped></skipped>
      </testcase>
      <testcase name="[sig-storage] In-tree Volumes [Driver: emptydir] [Testpattern: Dynamic PV (block volmode)] multiVolume [Slow] should access to two volumes with the same volume mode and retain data across pod recreation on the same node" classname="Kubernetes e2e suite" time="0">
          <skipped></skipped>
      </testcase>
      <testcase name="[sig-storage] CSI Volumes [Driver: csi-hostpath-v0] [Testpattern: Inline-volume (xfs)] volumes should be mountable" classname="Kubernetes e2e suite" time="0">
          <skipped></skipped>
      </testcase>
      <testcase name="[sig-network] Services should serve multiport endpoints from pods  [Conformance]" classname="Kubernetes e2e suite" time="54.029428853"></testcase>
      <testcase name="[sig-storage] In-tree Volumes [Driver: local][LocalVolumeType: tmpfs] [Testpattern: Dynamic PV (default fs)] volumes should be mountable" classname="Kubernetes e2e suite" time="0">
          <skipped></skipped>
      </testcase>
      <testcase name="[sig-storage] CSI Volumes [Driver: csi-hostpath-v0] [Testpattern: Dynamic PV (xfs)] volumes should allow exec of files on the volume" classname="Kubernetes e2e suite" time="0">
          <skipped></skipped>
      </testcase>
      <testcase name="[sig-storage] In-tree Volumes [Driver: gcepd] [Testpattern: Dynamic PV (block volmode)] multiVolume [Slow] should access to two volumes with different volume mode and retain data across pod recreation on different node" classname="Kubernetes e2e suite" time="0">
          <skipped></skipped>
      </testcase>
      <testcase name="[sig-storage] In-tree Volumes [Driver: local][LocalVolumeType: tmpfs] [Testpattern: Dynamic PV (ntfs)][sig-windows] subPath should support restarting containers using directory as subpath [Slow]" classname="Kubernetes e2e suite" time="0">
          <skipped></skipped>
      </testcase>
      <testcase name="[sig-storage] CSI Volumes [Driver: csi-hostpath] [Testpattern: Dynamic PV (ntfs)][sig-windows] volumes should be mountable" classname="Kubernetes e2e suite" time="0">
          <skipped></skipped>
      </testcase>
      <testcase name="[sig-storage] In-tree Volumes [Driver: rbd][Feature:Volumes] [Testpattern: Inline-volume (default fs)] subPath should be able to unmount after the subpath directory is deleted" classname="Kubernetes e2e suite" time="0">
          <skipped></skipped>
      </testcase>
      <testcase name="[sig-storage] Volume expand should resize volume when PVC is edited while pod is using it" classname="Kubernetes e2e suite" time="0">
          <skipped></skipped>
      </testcase>
      <testcase name="[sig-storage] In-tree Volumes [Driver: local][LocalVolumeType: gce-localssd-scsi-fs] [Serial] [Testpattern: Pre-provisioned PV (block volmode)] multiVolume [Slow] should access to two volumes with the same volume mode and retain data across pod recreation on different node" classname="Kubernetes e2e suite" time="0">
          <skipped></skipped>
      </testcase>
      <testcase name="[sig-storage] In-tree Volumes [Driver: local][LocalVolumeType: dir-bindmounted] [Testpattern: Dynamic PV (block volmode)] multiVolume [Slow] should access to two volumes with different volume mode and retain data across pod recreation on the same node" classname="Kubernetes e2e suite" time="0">
          <skipped></skipped>
      </testcase>
      <testcase name="[sig-storage] In-tree Volumes [Driver: local][LocalVolumeType: tmpfs] [Testpattern: Inline-volume (default fs)] subPath should verify container cannot write to subpath readonly volumes [Slow]" classname="Kubernetes e2e suite" time="0">
          <skipped></skipped>
      </testcase>
      <testcase name="[sig-storage] In-tree Volumes [Driver: vSphere] [Testpattern: Inline-volume (default fs)] subPath should support file as subpath [LinuxOnly]" classname="Kubernetes e2e suite" time="0">
          <skipped></skipped>
      </testcase>
      <testcase name="[sig-storage] In-tree Volumes [Driver: azure] [Testpattern: Pre-provisioned PV (default fs)] subPath should support readOnly directory specified in the volumeMount" classname="Kubernetes e2e suite" time="0">
          <skipped></skipped>
      </testcase>
      <testcase name="[sig-storage] In-tree Volumes [Driver: rbd][Feature:Volumes] [Testpattern: Pre-provisioned PV (xfs)] volumes should allow exec of files on the volume" classname="Kubernetes e2e suite" time="0">
          <skipped></skipped>
      </testcase>
      <testcase name="[sig-storage] In-tree Volumes [Driver: hostPath] [Testpattern: Dynamic PV (default fs)] volumes should be mountable" classname="Kubernetes e2e suite" time="0">
          <skipped></skipped>
      </testcase>
      <testcase name="[sig-storage] In-tree Volumes [Driver: local][LocalVolumeType: dir-bindmounted] [Testpattern: Dynamic PV (default fs)] provisioning should provision storage with snapshot data source [Feature:VolumeSnapshotDataSource]" classname="Kubernetes e2e suite" time="0">
          <skipped></skipped>
      </testcase>
      <testcase name="[sig-storage] In-tree Volumes [Driver: ceph][Feature:Volumes] [Testpattern: Dynamic PV (ntfs)][sig-windows] volumes should allow exec of files on the volume" classname="Kubernetes e2e suite" time="0">
          <skipped></skipped>
      </testcase>
      <testcase name="[sig-storage] In-tree Volumes [Driver: hostPath] [Testpattern: Dynamic PV (default fs)] volumes should allow exec of files on the volume" classname="Kubernetes e2e suite" time="0">
          <skipped></skipped>
      </testcase>
      <testcase name="[sig-storage] PersistentVolumes-local  [Volume type: block] One pod requesting one prebound PVC should be able to mount volume and write from pod1" classname="Kubernetes e2e suite" time="0">
          <skipped></skipped>
      </testcase>
      <testcase name="[sig-storage] In-tree Volumes [Driver: local][LocalVolumeType: blockfs] [Testpattern: Pre-provisioned PV (block volmode)] multiVolume [Slow] should access to two volumes with different volume mode and retain data across pod recreation on the same node" classname="Kubernetes e2e suite" time="0">
          <skipped></skipped>
      </testcase>
      <testcase name="[sig-network] Network should set TCP CLOSE_WAIT timeout" classname="Kubernetes e2e suite" time="0">
          <skipped></skipped>
      </testcase>
      <testcase name="[sig-storage] CSI Volumes [Driver: pd.csi.storage.gke.io][Serial] [Testpattern: Dynamic PV (default fs)] subPath should fail if subpath with backstepping is outside the volume [Slow]" classname="Kubernetes e2e suite" time="0">
          <skipped></skipped>
      </testcase>
      <testcase name="[sig-storage] In-tree Volumes [Driver: local][LocalVolumeType: dir] [Testpattern: Pre-provisioned PV (default fs)] subPath should unmount if pod is gracefully deleted while kubelet is down [Disruptive][Slow][LinuxOnly]" classname="Kubernetes e2e suite" time="0">
          <skipped></skipped>
      </testcase>
      <testcase name="[sig-cluster-lifecycle] [Feature:BootstrapTokens] should resign the bootstrap tokens when the clusterInfo ConfigMap updated [Serial][Disruptive]" classname="Kubernetes e2e suite" time="0">
          <skipped></skipped>
      </testcase>
      <testcase name="[sig-storage] In-tree Volumes [Driver: azure] [Testpattern: Dynamic PV (filesystem volmode)] multiVolume [Slow] should access to two volumes with different volume mode and retain data across pod recreation on different node" classname="Kubernetes e2e suite" time="0">
          <skipped></skipped>
      </testcase>
      <testcase name="[sig-storage] In-tree Volumes [Driver: local][LocalVolumeType: block] [Testpattern: Dynamic PV (block volmode)] multiVolume [Slow] should access to two volumes with the same volume mode and retain data across pod recreation on different node" classname="Kubernetes e2e suite" time="0">
          <skipped></skipped>
      </testcase>
      <testcase name="[sig-storage] Storage Policy Based Volume Provisioning [Feature:vsphere] verify clean up of stale dummy VM for dynamically provisioned pvc using SPBM policy" classname="Kubernetes e2e suite" time="0">
          <skipped></skipped>
      </testcase>
      <testcase name="[sig-instrumentation] Kibana Logging Instances Is Alive [Feature:Elasticsearch] should check that the Kibana logging instance is alive" classname="Kubernetes e2e suite" time="0">
          <skipped></skipped>
      </testcase>
      <testcase name="[sig-storage] In-tree Volumes [Driver: aws] [Testpattern: Inline-volume (xfs)] volumes should be mountable" classname="Kubernetes e2e suite" time="0">
          <skipped></skipped>
      </testcase>
      <testcase name="[sig-storage] In-tree Volumes [Driver: cinder] [Testpattern: Dynamic PV (ext4)] volumes should allow exec of files on the volume" classname="Kubernetes e2e suite" time="0">
          <skipped></skipped>
      </testcase>
      <testcase name="[sig-storage] In-tree Volumes [Driver: emptydir] [Testpattern: Inline-volume (xfs)] volumes should be mountable" classname="Kubernetes e2e suite" time="0">
          <skipped></skipped>
      </testcase>
      <testcase name="[sig-storage] In-tree Volumes [Driver: hostPathSymlink] [Testpattern: Pre-provisioned PV (xfs)] volumes should allow exec of files on the volume" classname="Kubernetes e2e suite" time="0">
          <skipped></skipped>
      </testcase>
      <testcase name="[sig-storage] In-tree Volumes [Driver: aws] [Testpattern: Dynamic PV (xfs)] volumes should allow exec of files on the volume" classname="Kubernetes e2e suite" time="0">
          <skipped></skipped>
      </testcase>
      <testcase name="[sig-storage] In-tree Volumes [Driver: local][LocalVolumeType: tmpfs] [Testpattern: Dynamic PV (default fs)] volumes should allow exec of files on the volume" classname="Kubernetes e2e suite" time="0">
          <skipped></skipped>
      </testcase>
      <testcase name="[sig-storage] In-tree Volumes [Driver: local][LocalVolumeType: gce-localssd-scsi-fs] [Serial] [Testpattern: Dynamic PV (block volmode)] multiVolume [Slow] should access to two volumes with different volume mode and retain data across pod recreation on different node" classname="Kubernetes e2e suite" time="0">
          <skipped></skipped>
      </testcase>
      <testcase name="[sig-storage] In-tree Volumes [Driver: vSphere] [Testpattern: Pre-provisioned PV (filesystem volmode)] multiVolume [Slow] should access to two volumes with different volume mode and retain data across pod recreation on different node" classname="Kubernetes e2e suite" time="0">
          <skipped></skipped>
      </testcase>
      <testcase name="[sig-storage] In-tree Volumes [Driver: ceph][Feature:Volumes] [Testpattern: Dynamic PV (default fs)] subPath should support readOnly file specified in the volumeMount [LinuxOnly]" classname="Kubernetes e2e suite" time="0">
          <skipped></skipped>
      </testcase>
      <testcase name="[sig-storage] CSI Volumes [Driver: pd.csi.storage.gke.io][Serial] [Testpattern: Dynamic PV (default fs)] subPath should support existing single file [LinuxOnly]" classname="Kubernetes e2e suite" time="0">
          <skipped></skipped>
      </testcase>
      <testcase name="[k8s.io] PrivilegedPod [NodeConformance] should enable privileged commands [LinuxOnly]" classname="Kubernetes e2e suite" time="0">
          <skipped></skipped>
      </testcase>
      <testcase name="[sig-storage] In-tree Volumes [Driver: cinder] [Testpattern: Inline-volume (ntfs)][sig-windows] volumes should allow exec of files on the volume" classname="Kubernetes e2e suite" time="0">
          <skipped></skipped>
      </testcase>
      <testcase name="Recreate [Feature:Recreate] recreate nodes and ensure they function upon restart" classname="Kubernetes e2e suite" time="0">
          <skipped></skipped>
      </testcase>
      <testcase name="[sig-storage] In-tree Volumes [Driver: local][LocalVolumeType: dir-link] [Testpattern: Inline-volume (ntfs)][sig-windows] volumes should be mountable" classname="Kubernetes e2e suite" time="0">
          <skipped></skipped>
      </testcase>
      <testcase name="[sig-storage] In-tree Volumes [Driver: nfs] [Testpattern: Pre-provisioned PV (default fs)] subPath should support existing directory" classname="Kubernetes e2e suite" time="0">
          <skipped></skipped>
      </testcase>
      <testcase name="[sig-storage] In-tree Volumes [Driver: vSphere] [Testpattern: Dynamic PV (ntfs)][sig-windows] subPath should support existing single file [LinuxOnly]" classname="Kubernetes e2e suite" time="0">
          <skipped></skipped>
      </testcase>
      <testcase name="[sig-storage] In-tree Volumes [Driver: ceph][Feature:Volumes] [Testpattern: Dynamic PV (ext4)] volumes should allow exec of files on the volume" classname="Kubernetes e2e suite" time="0">
          <skipped></skipped>
      </testcase>
      <testcase name="[sig-storage] CSI Volumes [Driver: pd.csi.storage.gke.io][Serial] [Testpattern: Inline-volume (default fs)] volumeIO should write files of various sizes, verify size, validate content [Slow]" classname="Kubernetes e2e suite" time="0">
          <skipped></skipped>
      </testcase>
      <testcase name="[sig-storage] In-tree Volumes [Driver: vSphere] [Testpattern: Inline-volume (default fs)] subPath should support non-existent path" classname="Kubernetes e2e suite" time="0">
          <skipped></skipped>
      </testcase>
      <testcase name="[sig-storage] In-tree Volumes [Driver: local][LocalVolumeType: dir] [Testpattern: Inline-volume (default fs)] subPath should support creating multiple subpath from same volumes [Slow]" classname="Kubernetes e2e suite" time="0">
          <skipped></skipped>
      </testcase>
      <testcase name="[sig-storage] In-tree Volumes [Driver: rbd][Feature:Volumes] [Testpattern: Dynamic PV (ntfs)][sig-windows] subPath should support non-existent path" classname="Kubernetes e2e suite" time="0">
          <skipped></skipped>
      </testcase>
      <testcase name="[sig-storage] In-tree Volumes [Driver: local][LocalVolumeType: dir-link] [Testpattern: Dynamic PV (default fs)] subPath should support restarting containers using directory as subpath [Slow]" classname="Kubernetes e2e suite" time="0">
          <skipped></skipped>
      </testcase>
      <testcase name="[sig-storage] In-tree Volumes [Driver: vSphere] [Testpattern: Pre-provisioned PV (default fs)] subPath should support restarting containers using file as subpath [Slow][LinuxOnly]" classname="Kubernetes e2e suite" time="0">
          <skipped></skipped>
      </testcase>
      <testcase name="[sig-storage] In-tree Volumes [Driver: ceph][Feature:Volumes] [Testpattern: Pre-provisioned PV (filesystem volmode)] multiVolume [Slow] should concurrently access the single volume from pods on the same node" classname="Kubernetes e2e suite" time="0">
          <skipped></skipped>
      </testcase>
      <testcase name="[sig-network] Services should release NodePorts on delete" classname="Kubernetes e2e suite" time="0">
          <skipped></skipped>
      </testcase>
      <testcase name="[sig-storage] In-tree Volumes [Driver: local][LocalVolumeType: gce-localssd-scsi-fs] [Serial] [Testpattern: Inline-volume (xfs)] volumes should allow exec of files on the volume" classname="Kubernetes e2e suite" time="0">
          <skipped></skipped>
      </testcase>
      <testcase name="[sig-storage] In-tree Volumes [Driver: local][LocalVolumeType: blockfs] [Testpattern: Pre-provisioned PV (default fs)] volumes should allow exec of files on the volume" classname="Kubernetes e2e suite" time="0">
          <skipped></skipped>
      </testcase>
      <testcase name="[sig-storage] Volume Provisioning on Datastore [Feature:vsphere] verify dynamically provisioned pv using storageclass fails on an invalid datastore" classname="Kubernetes e2e suite" time="0">
          <skipped></skipped>
      </testcase>
      <testcase name="[sig-storage] In-tree Volumes [Driver: local][LocalVolumeType: gce-localssd-scsi-fs] [Serial] [Testpattern: Dynamic PV (xfs)] volumes should be mountable" classname="Kubernetes e2e suite" time="0">
          <skipped></skipped>
      </testcase>
      <testcase name="[sig-storage] In-tree Volumes [Driver: local][LocalVolumeType: gce-localssd-scsi-fs] [Serial] [Testpattern: Dynamic PV (default fs)] provisioning should provision storage with defaults" classname="Kubernetes e2e suite" time="0">
          <skipped></skipped>
      </testcase>
      <testcase name="[sig-storage] In-tree Volumes [Driver: iscsi][Feature:Volumes] [Testpattern: Pre-provisioned PV (default fs)] subPath should fail if non-existent subpath is outside the volume [Slow][LinuxOnly]" classname="Kubernetes e2e suite" time="0">
          <skipped></skipped>
      </testcase>
      <testcase name="[sig-storage] In-tree Volumes [Driver: local][LocalVolumeType: blockfs] [Testpattern: Dynamic PV (default fs)] subPath should support creating multiple subpath from same volumes [Slow]" classname="Kubernetes e2e suite" time="0">
          <skipped></skipped>
      </testcase>
      <testcase name="[sig-storage] CSI Volumes [Driver: csi-hostpath-v0] [Testpattern: Inline-volume (ext3)] volumes should allow exec of files on the volume" classname="Kubernetes e2e suite" time="0">
          <skipped></skipped>
      </testcase>
      <testcase name="[sig-storage] In-tree Volumes [Driver: rbd][Feature:Volumes] [Testpattern: Dynamic PV (ext4)] volumes should be mountable" classname="Kubernetes e2e suite" time="0">
          <skipped></skipped>
      </testcase>
      <testcase name="[sig-storage] In-tree Volumes [Driver: hostPath] [Testpattern: Inline-volume (default fs)] subPath should unmount if pod is force deleted while kubelet is down [Disruptive][Slow][LinuxOnly]" classname="Kubernetes e2e suite" time="0">
          <skipped></skipped>
      </testcase>
      <testcase name="[sig-storage] In-tree Volumes [Driver: local][LocalVolumeType: dir-link] [Testpattern: Dynamic PV (xfs)] volumes should allow exec of files on the volume" classname="Kubernetes e2e suite" time="0">
          <skipped></skipped>
      </testcase>
      <testcase name="[sig-storage] Projected configMap should be consumable from pods in volume with mappings as non-root [LinuxOnly] [NodeConformance] [Conformance]" classname="Kubernetes e2e suite" time="10.41396336"></testcase>
      <testcase name="[sig-storage] vsphere cloud provider stress [Feature:vsphere] vsphere stress tests" classname="Kubernetes e2e suite" time="0">
          <skipped></skipped>
      </testcase>
      <testcase name="[sig-storage] CSI Volumes [Driver: csi-hostpath] [Testpattern: Dynamic PV (default fs)] subPath should fail if subpath with backstepping is outside the volume [Slow]" classname="Kubernetes e2e suite" time="0">
          <skipped></skipped>
      </testcase>
      <testcase name="[k8s.io] Security Context When creating a container with runAsNonRoot should not run without a specified user ID" classname="Kubernetes e2e suite" time="0">
          <skipped></skipped>
      </testcase>
      <testcase name="[sig-storage] In-tree Volumes [Driver: hostPathSymlink] [Testpattern: Pre-provisioned PV (default fs)] volumes should allow exec of files on the volume" classname="Kubernetes e2e suite" time="0">
          <skipped></skipped>
      </testcase>
      <testcase name="[sig-storage] In-tree Volumes [Driver: rbd][Feature:Volumes] [Testpattern: Dynamic PV (ext3)] volumes should be mountable" classname="Kubernetes e2e suite" time="0">
          <skipped></skipped>
      </testcase>
      <testcase name="[sig-storage] In-tree Volumes [Driver: hostPath] [Testpattern: Pre-provisioned PV (filesystem volmode)] volumeMode should create sc, pod, pv, and pvc, read/write to the pv, and delete all created resources" classname="Kubernetes e2e suite" time="0">
          <skipped></skipped>
      </testcase>
      <testcase name="[sig-storage] In-tree Volumes [Driver: azure] [Testpattern: Inline-volume (default fs)] volumes should allow exec of files on the volume" classname="Kubernetes e2e suite" time="0">
          <skipped></skipped>
      </testcase>
      <testcase name="[sig-storage] In-tree Volumes [Driver: local][LocalVolumeType: blockfs] [Testpattern: Pre-provisioned PV (default fs)] subPath should unmount if pod is gracefully deleted while kubelet is down [Disruptive][Slow][LinuxOnly]" classname="Kubernetes e2e suite" time="0">
          <skipped></skipped>
      </testcase>
      <testcase name="[sig-storage] In-tree Volumes [Driver: emptydir] [Testpattern: Dynamic PV (block volmode)] multiVolume [Slow] should access to two volumes with the same volume mode and retain data across pod recreation on different node" classname="Kubernetes e2e suite" time="0">
          <skipped></skipped>
      </testcase>
      <testcase name="[sig-autoscaling] [HPA] Horizontal pod autoscaling (scale resource: CPU) [sig-autoscaling] [Serial] [Slow] ReplicaSet Should scale from 5 pods to 3 pods and from 3 to 1" classname="Kubernetes e2e suite" time="0">
          <skipped></skipped>
      </testcase>
      <testcase name="[sig-storage] In-tree Volumes [Driver: aws] [Testpattern: Dynamic PV (default fs)] provisioning should provision storage with defaults" classname="Kubernetes e2e suite" time="0">
          <skipped></skipped>
      </testcase>
      <testcase name="[sig-storage] In-tree Volumes [Driver: local][LocalVolumeType: dir-link-bindmounted] [Testpattern: Dynamic PV (ntfs)][sig-windows] subPath should support creating multiple subpath from same volumes [Slow]" classname="Kubernetes e2e suite" time="0">
          <skipped></skipped>
      </testcase>
      <testcase name="[k8s.io] [sig-node] Security Context should support seccomp alpha runtime/default annotation [Feature:Seccomp] [LinuxOnly]" classname="Kubernetes e2e suite" time="0">
          <skipped></skipped>
      </testcase>
      <testcase name="[sig-storage] In-tree Volumes [Driver: local][LocalVolumeType: tmpfs] [Testpattern: Dynamic PV (filesystem volmode)] multiVolume [Slow] should access to two volumes with different volume mode and retain data across pod recreation on different node" classname="Kubernetes e2e suite" time="0">
          <skipped></skipped>
      </testcase>
      <testcase name="[sig-storage] In-tree Volumes [Driver: local][LocalVolumeType: block] [Testpattern: Pre-provisioned PV (default fs)] subPath should support existing single file [LinuxOnly]" classname="Kubernetes e2e suite" time="0">
          <skipped></skipped>
      </testcase>
      <testcase name="[sig-storage] In-tree Volumes [Driver: azure] [Testpattern: Dynamic PV (default fs)] subPath should support readOnly directory specified in the volumeMount" classname="Kubernetes e2e suite" time="0">
          <skipped></skipped>
      </testcase>
      <testcase name="[sig-api-machinery] Etcd failure [Disruptive] should recover from SIGKILL" classname="Kubernetes e2e suite" time="0">
          <skipped></skipped>
      </testcase>
      <testcase name="[sig-storage] CSI Volumes [Driver: csi-hostpath] [Testpattern: Inline-volume (default fs)] subPath should unmount if pod is force deleted while kubelet is down [Disruptive][Slow][LinuxOnly]" classname="Kubernetes e2e suite" time="0">
          <skipped></skipped>
      </testcase>
      <testcase name="[sig-storage] GenericPersistentVolume[Disruptive] When kubelet restarts Should test that a volume mounted to a pod that is force deleted while the kubelet is down unmounts when the kubelet returns." classname="Kubernetes e2e suite" time="0">
          <skipped></skipped>
      </testcase>
      <testcase name="[sig-storage] CSI Volumes [Driver: csi-hostpath] [Testpattern: Dynamic PV (filesystem volmode)] multiVolume [Slow] should access to two volumes with the same volume mode and retain data across pod recreation on different node" classname="Kubernetes e2e suite" time="0">
          <skipped></skipped>
      </testcase>
      <testcase name="[sig-storage] In-tree Volumes [Driver: hostPath] [Testpattern: Dynamic PV (default fs)] provisioning should provision storage with snapshot data source [Feature:VolumeSnapshotDataSource]" classname="Kubernetes e2e suite" time="0">
          <skipped></skipped>
      </testcase>
      <testcase name="[sig-storage] In-tree Volumes [Driver: hostPath] [Testpattern: Pre-provisioned PV (ext3)] volumes should be mountable" classname="Kubernetes e2e suite" time="0">
          <skipped></skipped>
      </testcase>
      <testcase name="[sig-storage] In-tree Volumes [Driver: vSphere] [Testpattern: Dynamic PV (default fs)] subPath should fail if subpath with backstepping is outside the volume [Slow]" classname="Kubernetes e2e suite" time="0">
          <skipped></skipped>
      </testcase>
      <testcase name="[sig-storage] In-tree Volumes [Driver: gluster] [Testpattern: Pre-provisioned PV (default fs)] subPath should support file as subpath [LinuxOnly]" classname="Kubernetes e2e suite" time="0">
          <skipped></skipped>
      </testcase>
      <testcase name="[sig-storage] In-tree Volumes [Driver: aws] [Testpattern: Pre-provisioned PV (block volmode)] multiVolume [Slow] should access to two volumes with different volume mode and retain data across pod recreation on different node" classname="Kubernetes e2e suite" time="0">
          <skipped></skipped>
      </testcase>
      <testcase name="[sig-storage] CSI Volumes [Driver: csi-hostpath-v0] [Testpattern: Pre-provisioned PV (default fs)] subPath should support file as subpath [LinuxOnly]" classname="Kubernetes e2e suite" time="0">
          <skipped></skipped>
      </testcase>
      <testcase name="[sig-storage] In-tree Volumes [Driver: ceph][Feature:Volumes] [Testpattern: Dynamic PV (default fs)] subPath should support restarting containers using directory as subpath [Slow]" classname="Kubernetes e2e suite" time="0">
          <skipped></skipped>
      </testcase>
      <testcase name="[sig-storage] In-tree Volumes [Driver: gluster] [Testpattern: Dynamic PV (ntfs)][sig-windows] subPath should fail if subpath with backstepping is outside the volume [Slow]" classname="Kubernetes e2e suite" time="0">
          <skipped></skipped>
      </testcase>
      <testcase name="[sig-storage] In-tree Volumes [Driver: hostPath] [Testpattern: Dynamic PV (default fs)] subPath should support existing directory" classname="Kubernetes e2e suite" time="0">
          <skipped></skipped>
      </testcase>
      <testcase name="[sig-storage] In-tree Volumes [Driver: rbd][Feature:Volumes] [Testpattern: Dynamic PV (default fs)] provisioning should provision storage with snapshot data source [Feature:VolumeSnapshotDataSource]" classname="Kubernetes e2e suite" time="0">
          <skipped></skipped>
      </testcase>
      <testcase name="[sig-storage] In-tree Volumes [Driver: local][LocalVolumeType: block] [Testpattern: Pre-provisioned PV (ntfs)][sig-windows] volumes should allow exec of files on the volume" classname="Kubernetes e2e suite" time="0">
          <skipped></skipped>
      </testcase>
      <testcase name="[sig-storage] In-tree Volumes [Driver: azure] [Testpattern: Inline-volume (ext3)] volumes should be mountable" classname="Kubernetes e2e suite" time="0">
          <skipped></skipped>
      </testcase>
      <testcase name="[sig-storage] In-tree Volumes [Driver: local][LocalVolumeType: dir-link] [Testpattern: Dynamic PV (ext3)] volumes should allow exec of files on the volume" classname="Kubernetes e2e suite" time="0">
          <skipped></skipped>
      </testcase>
      <testcase name="[sig-storage] In-tree Volumes [Driver: cinder] [Testpattern: Dynamic PV (ntfs)][sig-windows] provisioning should access volume from different nodes" classname="Kubernetes e2e suite" time="0">
          <skipped></skipped>
      </testcase>
      <testcase name="[sig-storage] In-tree Volumes [Driver: nfs] [Testpattern: Dynamic PV (ntfs)][sig-windows] subPath should verify container cannot write to subpath readonly volumes [Slow]" classname="Kubernetes e2e suite" time="0">
          <skipped></skipped>
      </testcase>
      <testcase name="[sig-storage] In-tree Volumes [Driver: ceph][Feature:Volumes] [Testpattern: Inline-volume (default fs)] subPath should fail if non-existent subpath is outside the volume [Slow][LinuxOnly]" classname="Kubernetes e2e suite" time="0">
          <skipped></skipped>
      </testcase>
      <testcase name="[sig-storage] In-tree Volumes [Driver: local][LocalVolumeType: dir-bindmounted] [Testpattern: Dynamic PV (ntfs)][sig-windows] provisioning should provision storage with snapshot data source [Feature:VolumeSnapshotDataSource]" classname="Kubernetes e2e suite" time="0">
          <skipped></skipped>
      </testcase>
      <testcase name="[sig-storage] In-tree Volumes [Driver: azure] [Testpattern: Pre-provisioned PV (default fs)] subPath should unmount if pod is force deleted while kubelet is down [Disruptive][Slow][LinuxOnly]" classname="Kubernetes e2e suite" time="0">
          <skipped></skipped>
      </testcase>
      <testcase name="[sig-storage] In-tree Volumes [Driver: cinder] [Testpattern: Pre-provisioned PV (xfs)] volumes should allow exec of files on the volume" classname="Kubernetes e2e suite" time="0">
          <skipped></skipped>
      </testcase>
      <testcase name="[sig-storage] In-tree Volumes [Driver: azure] [Testpattern: Dynamic PV (ntfs)][sig-windows] subPath should support existing single file [LinuxOnly]" classname="Kubernetes e2e suite" time="0">
          <skipped></skipped>
      </testcase>
      <testcase name="[sig-storage] In-tree Volumes [Driver: local][LocalVolumeType: gce-localssd-scsi-fs] [Serial] [Testpattern: Dynamic PV (ext4)] volumes should be mountable" classname="Kubernetes e2e suite" time="0">
          <skipped></skipped>
      </testcase>
      <testcase name="[sig-storage] In-tree Volumes [Driver: emptydir] [Testpattern: Dynamic PV (default fs)] subPath should support existing directories when readOnly specified in the volumeSource" classname="Kubernetes e2e suite" time="0">
          <skipped></skipped>
      </testcase>
      <testcase name="[sig-storage] In-tree Volumes [Driver: hostPath] [Testpattern: Pre-provisioned PV (default fs)] subPath should verify container cannot write to subpath readonly volumes [Slow]" classname="Kubernetes e2e suite" time="0">
          <skipped></skipped>
      </testcase>
      <testcase name="[sig-storage] In-tree Volumes [Driver: rbd][Feature:Volumes] [Testpattern: Pre-provisioned PV (block volmode)] multiVolume [Slow] should access to two volumes with different volume mode and retain data across pod recreation on the same node" classname="Kubernetes e2e suite" time="0">
          <skipped></skipped>
      </testcase>
      <testcase name="[sig-storage] In-tree Volumes [Driver: local][LocalVolumeType: dir] [Testpattern: Dynamic PV (filesystem volmode)] multiVolume [Slow] should access to two volumes with the same volume mode and retain data across pod recreation on the same node" classname="Kubernetes e2e suite" time="0">
          <skipped></skipped>
      </testcase>
      <testcase name="[sig-storage] In-tree Volumes [Driver: cinder] [Testpattern: Inline-volume (default fs)] volumes should allow exec of files on the volume" classname="Kubernetes e2e suite" time="0">
          <skipped></skipped>
      </testcase>
      <testcase name="[sig-network] Services should be able to change the type from ExternalName to NodePort" classname="Kubernetes e2e suite" time="0">
          <skipped></skipped>
      </testcase>
      <testcase name="[sig-storage] CSI Volumes [Driver: csi-hostpath] [Testpattern: Dynamic PV (block volmode)] multiVolume [Slow] should access to two volumes with the same volume mode and retain data across pod recreation on different node" classname="Kubernetes e2e suite" time="0">
          <skipped></skipped>
      </testcase>
      <testcase name="[sig-storage] In-tree Volumes [Driver: cinder] [Testpattern: Dynamic PV (filesystem volmode)] multiVolume [Slow] should access to two volumes with the same volume mode and retain data across pod recreation on the same node" classname="Kubernetes e2e suite" time="0">
          <skipped></skipped>
      </testcase>
      <testcase name="[sig-storage] In-tree Volumes [Driver: emptydir] [Testpattern: Dynamic PV (xfs)] volumes should allow exec of files on the volume" classname="Kubernetes e2e suite" time="0">
          <skipped></skipped>
      </testcase>
      <testcase name="[sig-storage] In-tree Volumes [Driver: azure] [Testpattern: Dynamic PV (default fs)] subPath should support existing single file [LinuxOnly]" classname="Kubernetes e2e suite" time="0">
          <skipped></skipped>
      </testcase>
      <testcase name="[sig-storage] In-tree Volumes [Driver: local][LocalVolumeType: gce-localssd-scsi-fs] [Serial] [Testpattern: Dynamic PV (ntfs)][sig-windows] provisioning should provision storage with mount options" classname="Kubernetes e2e suite" time="0">
          <skipped></skipped>
      </testcase>
      <testcase name="[sig-storage] In-tree Volumes [Driver: local][LocalVolumeType: block] [Testpattern: Dynamic PV (default fs)] provisioning should provision storage with mount options" classname="Kubernetes e2e suite" time="0">
          <skipped></skipped>
      </testcase>
      <testcase name="[sig-storage] In-tree Volumes [Driver: local][LocalVolumeType: dir-bindmounted] [Testpattern: Inline-volume (default fs)] subPath should fail if subpath directory is outside the volume [Slow]" classname="Kubernetes e2e suite" time="0">
          <skipped></skipped>
      </testcase>
      <testcase name="[sig-storage] In-tree Volumes [Driver: local][LocalVolumeType: dir-link-bindmounted] [Testpattern: Dynamic PV (filesystem volmode)] multiVolume [Slow] should concurrently access the single volume from pods on different node" classname="Kubernetes e2e suite" time="0">
          <skipped></skipped>
      </testcase>
      <testcase name="[sig-auth] PodSecurityPolicy should forbid pod creation when no PSP is available" classname="Kubernetes e2e suite" time="0">
          <skipped></skipped>
      </testcase>
      <testcase name="[sig-storage] In-tree Volumes [Driver: cinder] [Testpattern: Pre-provisioned PV (default fs)] subPath should support readOnly directory specified in the volumeMount" classname="Kubernetes e2e suite" time="0">
          <skipped></skipped>
      </testcase>
      <testcase name="[sig-storage] In-tree Volumes [Driver: rbd][Feature:Volumes] [Testpattern: Inline-volume (ext4)] volumes should be mountable" classname="Kubernetes e2e suite" time="0">
          <skipped></skipped>
      </testcase>
      <testcase name="[sig-storage] In-tree Volumes [Driver: nfs] [Testpattern: Pre-provisioned PV (ntfs)][sig-windows] volumes should allow exec of files on the volume" classname="Kubernetes e2e suite" time="0">
          <skipped></skipped>
      </testcase>
      <testcase name="[sig-storage] In-tree Volumes [Driver: gluster] [Testpattern: Dynamic PV (ntfs)][sig-windows] subPath should fail if non-existent subpath is outside the volume [Slow][LinuxOnly]" classname="Kubernetes e2e suite" time="0">
          <skipped></skipped>
      </testcase>
      <testcase name="[sig-storage] In-tree Volumes [Driver: ceph][Feature:Volumes] [Testpattern: Dynamic PV (ntfs)][sig-windows] provisioning should access volume from different nodes" classname="Kubernetes e2e suite" time="0">
          <skipped></skipped>
      </testcase>
      <testcase name="[sig-storage] EmptyDir volumes should support (non-root,0666,tmpfs) [LinuxOnly] [NodeConformance] [Conformance]" classname="Kubernetes e2e suite" time="12.479022631"></testcase>
      <testcase name="[sig-storage] In-tree Volumes [Driver: aws] [Testpattern: Pre-provisioned PV (default fs)] volumes should be mountable" classname="Kubernetes e2e suite" time="0">
          <skipped></skipped>
      </testcase>
      <testcase name="[sig-storage] In-tree Volumes [Driver: rbd][Feature:Volumes] [Testpattern: Inline-volume (default fs)] subPath should support readOnly directory specified in the volumeMount" classname="Kubernetes e2e suite" time="0">
          <skipped></skipped>
      </testcase>
      <testcase name="[sig-storage] CSI Volumes [Driver: csi-hostpath] [Testpattern: Pre-provisioned PV (default fs)] subPath should unmount if pod is force deleted while kubelet is down [Disruptive][Slow][LinuxOnly]" classname="Kubernetes e2e suite" time="0">
          <skipped></skipped>
      </testcase>
      <testcase name="[sig-storage] In-tree Volumes [Driver: local][LocalVolumeType: dir-bindmounted] [Testpattern: Inline-volume (default fs)] volumes should be mountable" classname="Kubernetes e2e suite" time="0">
          <skipped></skipped>
      </testcase>
      <testcase name="[sig-storage] In-tree Volumes [Driver: local][LocalVolumeType: blockfs] [Testpattern: Dynamic PV (ext3)] volumes should be mountable" classname="Kubernetes e2e suite" time="0">
          <skipped></skipped>
      </testcase>
      <testcase name="[sig-storage] In-tree Volumes [Driver: local][LocalVolumeType: dir-bindmounted] [Testpattern: Inline-volume (default fs)] subPath should support file as subpath [LinuxOnly]" classname="Kubernetes e2e suite" time="0">
          <skipped></skipped>
      </testcase>
      <testcase name="[sig-storage] In-tree Volumes [Driver: local][LocalVolumeType: dir-link-bindmounted] [Testpattern: Dynamic PV (block volmode)] multiVolume [Slow] should access to two volumes with the same volume mode and retain data across pod recreation on different node" classname="Kubernetes e2e suite" time="0">
          <skipped></skipped>
      </testcase>
      <testcase name="[sig-storage] ConfigMap should be consumable from pods in volume with mappings as non-root with FSGroup [NodeFeature:FSGroup]" classname="Kubernetes e2e suite" time="0">
          <skipped></skipped>
      </testcase>
      <testcase name="[sig-storage] CSI mock volume CSI attach test using mock driver should require VolumeAttach for drivers with attachment" classname="Kubernetes e2e suite" time="0">
          <skipped></skipped>
      </testcase>
      <testcase name="[sig-storage] CSI Volumes [Driver: csi-hostpath-v0] [Testpattern: Dynamic PV (filesystem volmode)] multiVolume [Slow] should concurrently access the single volume from pods on the same node" classname="Kubernetes e2e suite" time="0">
          <skipped></skipped>
      </testcase>
      <testcase name="[sig-storage] CSI Volumes [Driver: pd.csi.storage.gke.io][Serial] [Testpattern: Pre-provisioned PV (block volmode)] multiVolume [Slow] should access to two volumes with different volume mode and retain data across pod recreation on different node" classname="Kubernetes e2e suite" time="0">
          <skipped></skipped>
      </testcase>
      <testcase name="[sig-storage] In-tree Volumes [Driver: local][LocalVolumeType: dir-link] [Testpattern: Inline-volume (xfs)] volumes should allow exec of files on the volume" classname="Kubernetes e2e suite" time="0">
          <skipped></skipped>
      </testcase>
      <testcase name="[sig-storage] CSI Volumes [Driver: pd.csi.storage.gke.io][Serial] [Testpattern: Dynamic PV (ntfs)][sig-windows] provisioning should provision storage with defaults" classname="Kubernetes e2e suite" time="0">
          <skipped></skipped>
      </testcase>
      <testcase name="[sig-storage] CSI Volumes [Driver: csi-hostpath] [Testpattern: Dynamic PV (block volmode)] multiVolume [Slow] should access to two volumes with different volume mode and retain data across pod recreation on different node" classname="Kubernetes e2e suite" time="0">
          <skipped></skipped>
      </testcase>
      <testcase name="[sig-api-machinery] ResourceQuota should create a ResourceQuota and ensure its status is promptly calculated." classname="Kubernetes e2e suite" time="0">
          <skipped></skipped>
      </testcase>
      <testcase name="[sig-storage] In-tree Volumes [Driver: local][LocalVolumeType: gce-localssd-scsi-fs] [Serial] [Testpattern: Pre-provisioned PV (block volmode)] multiVolume [Slow] should concurrently access the single volume from pods on the same node" classname="Kubernetes e2e suite" time="0">
          <skipped></skipped>
      </testcase>
      <testcase name="[sig-storage] In-tree Volumes [Driver: vSphere] [Testpattern: Pre-provisioned PV (default fs)] subPath should support readOnly file specified in the volumeMount [LinuxOnly]" classname="Kubernetes e2e suite" time="0">
          <skipped></skipped>
      </testcase>
      <testcase name="[sig-storage] In-tree Volumes [Driver: hostPath] [Testpattern: Pre-provisioned PV (default fs)] subPath should support restarting containers using directory as subpath [Slow]" classname="Kubernetes e2e suite" time="0">
          <skipped></skipped>
      </testcase>
      <testcase name="[sig-storage] In-tree Volumes [Driver: cinder] [Testpattern: Dynamic PV (block volmode)] multiVolume [Slow] should access to two volumes with different volume mode and retain data across pod recreation on the same node" classname="Kubernetes e2e suite" time="0">
          <skipped></skipped>
      </testcase>
      <testcase name="[sig-storage] PersistentVolumes-local  [Volume type: blockfswithformat] Set fsGroup for local volume should set same fsGroup for two pods simultaneously [Slow]" classname="Kubernetes e2e suite" time="0">
          <skipped></skipped>
      </testcase>
      <testcase name="[sig-storage] In-tree Volumes [Driver: gluster] [Testpattern: Pre-provisioned PV (xfs)] volumes should be mountable" classname="Kubernetes e2e suite" time="0">
          <skipped></skipped>
      </testcase>
      <testcase name="[sig-storage] In-tree Volumes [Driver: local][LocalVolumeType: block] [Testpattern: Pre-provisioned PV (ext4)] volumes should allow exec of files on the volume" classname="Kubernetes e2e suite" time="0">
          <skipped></skipped>
      </testcase>
      <testcase name="[sig-storage] Downward API volume should provide container&#39;s cpu request [NodeConformance] [Conformance]" classname="Kubernetes e2e suite" time="12.739784519"></testcase>
      <testcase name="[sig-storage] EmptyDir wrapper volumes should not cause race condition when used for git_repo [Serial] [Slow]" classname="Kubernetes e2e suite" time="0">
          <skipped></skipped>
      </testcase>
      <testcase name="[sig-storage] In-tree Volumes [Driver: local][LocalVolumeType: blockfs] [Testpattern: Inline-volume (default fs)] subPath should support creating multiple subpath from same volumes [Slow]" classname="Kubernetes e2e suite" time="0">
          <skipped></skipped>
      </testcase>
      <testcase name="[sig-storage] In-tree Volumes [Driver: local][LocalVolumeType: gce-localssd-scsi-fs] [Serial] [Testpattern: Dynamic PV (ext4)] volumes should allow exec of files on the volume" classname="Kubernetes e2e suite" time="0">
          <skipped></skipped>
      </testcase>
      <testcase name="[sig-windows] Windows volume mounts  check volume mount permissions container should have readOnly permissions on emptyDir" classname="Kubernetes e2e suite" time="0">
          <skipped></skipped>
      </testcase>
      <testcase name="[sig-storage] In-tree Volumes [Driver: rbd][Feature:Volumes] [Testpattern: Inline-volume (default fs)] subPath should support existing single file [LinuxOnly]" classname="Kubernetes e2e suite" time="0">
          <skipped></skipped>
      </testcase>
      <testcase name="[sig-storage] In-tree Volumes [Driver: hostPath] [Testpattern: Dynamic PV (default fs)] subPath should support existing single file [LinuxOnly]" classname="Kubernetes e2e suite" time="0">
          <skipped></skipped>
      </testcase>
      <testcase name="[sig-storage] In-tree Volumes [Driver: local][LocalVolumeType: dir-link] [Testpattern: Dynamic PV (xfs)] volumes should be mountable" classname="Kubernetes e2e suite" time="0">
          <skipped></skipped>
      </testcase>
      <testcase name="[sig-apps] Job should exceed active deadline" classname="Kubernetes e2e suite" time="0">
          <skipped></skipped>
      </testcase>
      <testcase name="[sig-storage] In-tree Volumes [Driver: local][LocalVolumeType: dir-link] [Testpattern: Inline-volume (default fs)] subPath should fail if subpath file is outside the volume [Slow][LinuxOnly]" classname="Kubernetes e2e suite" time="0">
          <skipped></skipped>
      </testcase>
      <testcase name="[sig-storage] In-tree Volumes [Driver: azure] [Testpattern: Pre-provisioned PV (default fs)] subPath should fail if non-existent subpath is outside the volume [Slow][LinuxOnly]" classname="Kubernetes e2e suite" time="0">
          <skipped></skipped>
      </testcase>
      <testcase name="[sig-storage] In-tree Volumes [Driver: local][LocalVolumeType: blockfs] [Testpattern: Dynamic PV (ntfs)][sig-windows] subPath should support restarting containers using directory as subpath [Slow]" classname="Kubernetes e2e suite" time="0">
          <skipped></skipped>
      </testcase>
      <testcase name="[sig-storage] In-tree Volumes [Driver: gluster] [Testpattern: Dynamic PV (default fs)] subPath should be able to unmount after the subpath directory is deleted" classname="Kubernetes e2e suite" time="0">
          <skipped></skipped>
      </testcase>
      <testcase name="[sig-storage] In-tree Volumes [Driver: hostPath] [Testpattern: Dynamic PV (xfs)] volumes should be mountable" classname="Kubernetes e2e suite" time="0">
          <skipped></skipped>
      </testcase>
      <testcase name="[sig-storage] In-tree Volumes [Driver: local][LocalVolumeType: dir-link-bindmounted] [Testpattern: Inline-volume (ext3)] volumes should be mountable" classname="Kubernetes e2e suite" time="0">
          <skipped></skipped>
      </testcase>
      <testcase name="[sig-storage] HostPath should give a volume the correct mode [LinuxOnly] [NodeConformance] [Conformance]" classname="Kubernetes e2e suite" time="14.692104411999999"></testcase>
      <testcase name="[sig-storage] In-tree Volumes [Driver: local][LocalVolumeType: tmpfs] [Testpattern: Inline-volume (xfs)] volumes should be mountable" classname="Kubernetes e2e suite" time="0">
          <skipped></skipped>
      </testcase>
      <testcase name="[k8s.io] Container Runtime blackbox test when running a container with a new image should not be able to pull non-existing image from gcr.io [NodeConformance]" classname="Kubernetes e2e suite" time="0">
          <skipped></skipped>
      </testcase>
      <testcase name="[sig-scheduling] SchedulerPreemption [Serial] validates pod anti-affinity works in preemption" classname="Kubernetes e2e suite" time="0">
          <skipped></skipped>
      </testcase>
      <testcase name="[k8s.io] Container Runtime blackbox test on terminated container should report termination message [LinuxOnly] if TerminationMessagePath is set [NodeConformance]" classname="Kubernetes e2e suite" time="0">
          <skipped></skipped>
      </testcase>
      <testcase name="[sig-storage] CSI Volumes [Driver: pd.csi.storage.gke.io][Serial] [Testpattern: Inline-volume (xfs)] volumes should be mountable" classname="Kubernetes e2e suite" time="0">
          <skipped></skipped>
      </testcase>
      <testcase name="[sig-storage] In-tree Volumes [Driver: aws] [Testpattern: Dynamic PV (filesystem volmode)] multiVolume [Slow] should access to two volumes with different volume mode and retain data across pod recreation on different node" classname="Kubernetes e2e suite" time="0">
          <skipped></skipped>
      </testcase>
      <testcase name="[sig-storage] In-tree Volumes [Driver: aws] [Testpattern: Inline-volume (xfs)] volumes should allow exec of files on the volume" classname="Kubernetes e2e suite" time="0">
          <skipped></skipped>
      </testcase>
      <testcase name="[sig-storage] In-tree Volumes [Driver: rbd][Feature:Volumes] [Testpattern: Dynamic PV (block volmode)] volumeMode should create sc, pod, pv, and pvc, read/write to the pv, and delete all created resources" classname="Kubernetes e2e suite" time="0">
          <skipped></skipped>
      </testcase>
      <testcase name="[sig-storage] In-tree Volumes [Driver: local][LocalVolumeType: blockfs] [Testpattern: Dynamic PV (default fs)] provisioning should access volume from different nodes" classname="Kubernetes e2e suite" time="0">
          <skipped></skipped>
      </testcase>
      <testcase name="[sig-storage] In-tree Volumes [Driver: local][LocalVolumeType: tmpfs] [Testpattern: Dynamic PV (default fs)] subPath should be able to unmount after the subpath directory is deleted" classname="Kubernetes e2e suite" time="0">
          <skipped></skipped>
      </testcase>
      <testcase name="[sig-storage] In-tree Volumes [Driver: local][LocalVolumeType: blockfs] [Testpattern: Dynamic PV (default fs)] subPath should support restarting containers using file as subpath [Slow][LinuxOnly]" classname="Kubernetes e2e suite" time="0">
          <skipped></skipped>
      </testcase>
      <testcase name="[k8s.io] [sig-node] Security Context should support volume SELinux relabeling when using hostIPC [Flaky] [LinuxOnly]" classname="Kubernetes e2e suite" time="0">
          <skipped></skipped>
      </testcase>
      <testcase name="[sig-storage] In-tree Volumes [Driver: local][LocalVolumeType: blockfs] [Testpattern: Dynamic PV (ntfs)][sig-windows] provisioning should provision storage with defaults" classname="Kubernetes e2e suite" time="0">
          <skipped></skipped>
      </testcase>
      <testcase name="[sig-scalability] Load capacity [Feature:Performance] should be able to handle 30 pods per node ReplicationController with 0 secrets, 0 configmaps and 0 daemons" classname="Kubernetes e2e suite" time="0">
          <skipped></skipped>
      </testcase>
      <testcase name="[sig-storage] CSI Volumes [Driver: csi-hostpath] [Testpattern: Pre-provisioned PV (ntfs)][sig-windows] volumes should be mountable" classname="Kubernetes e2e suite" time="0">
          <skipped></skipped>
      </testcase>
      <testcase name="[sig-storage] CSI Volumes [Driver: pd.csi.storage.gke.io][Serial] [Testpattern: Inline-volume (default fs)] subPath should support non-existent path" classname="Kubernetes e2e suite" time="0">
          <skipped></skipped>
      </testcase>
      <testcase name="[sig-storage] In-tree Volumes [Driver: local][LocalVolumeType: dir-link] [Testpattern: Pre-provisioned PV (default fs)] volumes should allow exec of files on the volume" classname="Kubernetes e2e suite" time="0">
          <skipped></skipped>
      </testcase>
      <testcase name="[sig-storage] In-tree Volumes [Driver: iscsi][Feature:Volumes] [Testpattern: Dynamic PV (block volmode)] multiVolume [Slow] should access to two volumes with different volume mode and retain data across pod recreation on the same node" classname="Kubernetes e2e suite" time="0">
          <skipped></skipped>
      </testcase>
      <testcase name="[sig-storage] In-tree Volumes [Driver: hostPathSymlink] [Testpattern: Pre-provisioned PV (block volmode)] volumeMode should fail to create pod by failing to mount volume [Slow]" classname="Kubernetes e2e suite" time="0">
          <skipped></skipped>
      </testcase>
      <testcase name="[sig-storage] In-tree Volumes [Driver: local][LocalVolumeType: dir-link-bindmounted] [Testpattern: Pre-provisioned PV (ext3)] volumes should allow exec of files on the volume" classname="Kubernetes e2e suite" time="0">
          <skipped></skipped>
      </testcase>
      <testcase name="[sig-storage] In-tree Volumes [Driver: hostPath] [Testpattern: Dynamic PV (ntfs)][sig-windows] subPath should support existing directory" classname="Kubernetes e2e suite" time="0">
          <skipped></skipped>
      </testcase>
      <testcase name="[sig-storage] In-tree Volumes [Driver: azure] [Testpattern: Dynamic PV (block volmode)] multiVolume [Slow] should access to two volumes with the same volume mode and retain data across pod recreation on the same node" classname="Kubernetes e2e suite" time="0">
          <skipped></skipped>
      </testcase>
      <testcase name="[sig-storage] In-tree Volumes [Driver: local][LocalVolumeType: dir-bindmounted] [Testpattern: Inline-volume (ext3)] volumes should be mountable" classname="Kubernetes e2e suite" time="0">
          <skipped></skipped>
      </testcase>
      <testcase name="[sig-storage] In-tree Volumes [Driver: azure] [Testpattern: Dynamic PV (default fs)] subPath should support restarting containers using directory as subpath [Slow]" classname="Kubernetes e2e suite" time="0">
          <skipped></skipped>
      </testcase>
      <testcase name="[sig-storage] In-tree Volumes [Driver: aws] [Testpattern: Pre-provisioned PV (filesystem volmode)] multiVolume [Slow] should access to two volumes with the same volume mode and retain data across pod recreation on different node" classname="Kubernetes e2e suite" time="0">
          <skipped></skipped>
      </testcase>
      <testcase name="[sig-storage] In-tree Volumes [Driver: local][LocalVolumeType: blockfs] [Testpattern: Dynamic PV (default fs)] subPath should fail if subpath with backstepping is outside the volume [Slow]" classname="Kubernetes e2e suite" time="0">
          <skipped></skipped>
      </testcase>
      <testcase name="[sig-storage] In-tree Volumes [Driver: rbd][Feature:Volumes] [Testpattern: Pre-provisioned PV (default fs)] subPath should fail if subpath with backstepping is outside the volume [Slow]" classname="Kubernetes e2e suite" time="0">
          <skipped></skipped>
      </testcase>
      <testcase name="[sig-storage] In-tree Volumes [Driver: iscsi][Feature:Volumes] [Testpattern: Dynamic PV (ntfs)][sig-windows] provisioning should provision storage with snapshot data source [Feature:VolumeSnapshotDataSource]" classname="Kubernetes e2e suite" time="0">
          <skipped></skipped>
      </testcase>
      <testcase name="[sig-storage] In-tree Volumes [Driver: cinder] [Testpattern: Pre-provisioned PV (default fs)] volumes should allow exec of files on the volume" classname="Kubernetes e2e suite" time="0">
          <skipped></skipped>
      </testcase>
      <testcase name="[sig-storage] In-tree Volumes [Driver: azure] [Testpattern: Inline-volume (ntfs)][sig-windows] volumes should be mountable" classname="Kubernetes e2e suite" time="0">
          <skipped></skipped>
      </testcase>
      <testcase name="[sig-storage] In-tree Volumes [Driver: local][LocalVolumeType: blockfs] [Testpattern: Inline-volume (default fs)] subPath should support readOnly directory specified in the volumeMount" classname="Kubernetes e2e suite" time="0">
          <skipped></skipped>
      </testcase>
      <testcase name="[sig-storage] In-tree Volumes [Driver: hostPathSymlink] [Testpattern: Pre-provisioned PV (default fs)] subPath should support creating multiple subpath from same volumes [Slow]" classname="Kubernetes e2e suite" time="0">
          <skipped></skipped>
      </testcase>
      <testcase name="[sig-storage] In-tree Volumes [Driver: local][LocalVolumeType: dir-bindmounted] [Testpattern: Dynamic PV (default fs)] subPath should fail if non-existent subpath is outside the volume [Slow][LinuxOnly]" classname="Kubernetes e2e suite" time="0">
          <skipped></skipped>
      </testcase>
      <testcase name="[sig-storage] In-tree Volumes [Driver: aws] [Testpattern: Inline-volume (ext3)] volumes should be mountable" classname="Kubernetes e2e suite" time="0">
          <skipped></skipped>
      </testcase>
      <testcase name="[sig-node] ConfigMap should be consumable via environment variable [NodeConformance] [Conformance]" classname="Kubernetes e2e suite" time="10.464280647"></testcase>
      <testcase name="[sig-storage] In-tree Volumes [Driver: emptydir] [Testpattern: Dynamic PV (default fs)] subPath should fail if subpath directory is outside the volume [Slow]" classname="Kubernetes e2e suite" time="0">
          <skipped></skipped>
      </testcase>
      <testcase name="[sig-storage] In-tree Volumes [Driver: local][LocalVolumeType: dir-bindmounted] [Testpattern: Dynamic PV (default fs)] subPath should support restarting containers using directory as subpath [Slow]" classname="Kubernetes e2e suite" time="0">
          <skipped></skipped>
      </testcase>
      <testcase name="[sig-storage] CSI Volumes [Driver: csi-hostpath] [Testpattern: Pre-provisioned PV (default fs)] subPath should verify container cannot write to subpath readonly volumes [Slow]" classname="Kubernetes e2e suite" time="0">
          <skipped></skipped>
      </testcase>
      <testcase name="[sig-storage] CSI Volumes [Driver: csi-hostpath] [Testpattern: Inline-volume (xfs)] volumes should allow exec of files on the volume" classname="Kubernetes e2e suite" time="0">
          <skipped></skipped>
      </testcase>
      <testcase name="[sig-storage] In-tree Volumes [Driver: cinder] [Testpattern: Dynamic PV (default fs)] provisioning should access volume from different nodes" classname="Kubernetes e2e suite" time="0">
          <skipped></skipped>
      </testcase>
      <testcase name="[sig-storage] In-tree Volumes [Driver: local][LocalVolumeType: dir-link] [Testpattern: Dynamic PV (ntfs)][sig-windows] volumes should allow exec of files on the volume" classname="Kubernetes e2e suite" time="0">
          <skipped></skipped>
      </testcase>
      <testcase name="[sig-storage] In-tree Volumes [Driver: local][LocalVolumeType: gce-localssd-scsi-fs] [Serial] [Testpattern: Inline-volume (default fs)] volumes should allow exec of files on the volume" classname="Kubernetes e2e suite" time="0">
          <skipped></skipped>
      </testcase>
      <testcase name="[sig-storage] In-tree Volumes [Driver: local][LocalVolumeType: gce-localssd-scsi-fs] [Serial] [Testpattern: Inline-volume (ext4)] volumes should allow exec of files on the volume" classname="Kubernetes e2e suite" time="0">
          <skipped></skipped>
      </testcase>
      <testcase name="[sig-storage] In-tree Volumes [Driver: local][LocalVolumeType: dir-link] [Testpattern: Inline-volume (xfs)] volumes should be mountable" classname="Kubernetes e2e suite" time="0">
          <skipped></skipped>
      </testcase>
      <testcase name="[sig-scheduling] SchedulerPreemption [Serial] validates lower priority pod preemption by critical pod" classname="Kubernetes e2e suite" time="0">
          <skipped></skipped>
      </testcase>
      <testcase name="[sig-storage] Zone Support Verify a pod is created and attached to a dynamically created PV, based on multiple zones specified in the storage class. (No shared datastores exist among both zones)" classname="Kubernetes e2e suite" time="0">
          <skipped></skipped>
      </testcase>
      <testcase name="[sig-storage] In-tree Volumes [Driver: local][LocalVolumeType: dir] [Testpattern: Pre-provisioned PV (default fs)] subPath should support existing directories when readOnly specified in the volumeSource" classname="Kubernetes e2e suite" time="0">
          <skipped></skipped>
      </testcase>
      <testcase name="[sig-storage] In-tree Volumes [Driver: gcepd] [Testpattern: Dynamic PV (ntfs)][sig-windows] volumes should be mountable" classname="Kubernetes e2e suite" time="0">
          <skipped></skipped>
      </testcase>
      <testcase name="[sig-storage] In-tree Volumes [Driver: emptydir] [Testpattern: Pre-provisioned PV (block volmode)] multiVolume [Slow] should concurrently access the single volume from pods on different node" classname="Kubernetes e2e suite" time="0">
          <skipped></skipped>
      </testcase>
      <testcase name="[sig-storage] In-tree Volumes [Driver: gluster] [Testpattern: Dynamic PV (ntfs)][sig-windows] subPath should support restarting containers using directory as subpath [Slow]" classname="Kubernetes e2e suite" time="0">
          <skipped></skipped>
      </testcase>
      <testcase name="[sig-storage] In-tree Volumes [Driver: aws] [Testpattern: Dynamic PV (default fs)] subPath should fail if subpath directory is outside the volume [Slow]" classname="Kubernetes e2e suite" time="0">
          <skipped></skipped>
      </testcase>
      <testcase name="[sig-storage] In-tree Volumes [Driver: local][LocalVolumeType: block] [Testpattern: Pre-provisioned PV (default fs)] subPath should fail if subpath file is outside the volume [Slow][LinuxOnly]" classname="Kubernetes e2e suite" time="0">
          <skipped></skipped>
      </testcase>
      <testcase name="[sig-storage] Pod Disks schedule a pod w/ RW PD(s) mounted to 1 or more containers, write to PD, verify content, delete pod, and repeat in rapid succession [Slow] using 4 containers and 1 PDs" classname="Kubernetes e2e suite" time="0">
          <skipped></skipped>
      </testcase>
      <testcase name="[sig-storage] CSI Volumes [Driver: pd.csi.storage.gke.io][Serial] [Testpattern: Dynamic PV (filesystem volmode)] multiVolume [Slow] should access to two volumes with the same volume mode and retain data across pod recreation on different node" classname="Kubernetes e2e suite" time="0">
          <skipped></skipped>
      </testcase>
      <testcase name="[sig-storage] CSI Volumes [Driver: csi-hostpath-v0] [Testpattern: Pre-provisioned PV (xfs)] volumes should be mountable" classname="Kubernetes e2e suite" time="0">
          <skipped></skipped>
      </testcase>
      <testcase name="[sig-storage] In-tree Volumes [Driver: ceph][Feature:Volumes] [Testpattern: Dynamic PV (ntfs)][sig-windows] subPath should fail if non-existent subpath is outside the volume [Slow][LinuxOnly]" classname="Kubernetes e2e suite" time="0">
          <skipped></skipped>
      </testcase>
      <testcase name="[sig-node] ConfigMap should fail to create ConfigMap with empty key [Conformance]" classname="Kubernetes e2e suite" time="6.341858584"></testcase>
      <testcase name="[sig-storage] In-tree Volumes [Driver: local][LocalVolumeType: gce-localssd-scsi-fs] [Serial] [Testpattern: Inline-volume (default fs)] subPath should support file as subpath [LinuxOnly]" classname="Kubernetes e2e suite" time="0">
          <skipped></skipped>
      </testcase>
      <testcase name="[sig-storage] In-tree Volumes [Driver: local][LocalVolumeType: blockfs] [Testpattern: Pre-provisioned PV (default fs)] subPath should fail if subpath file is outside the volume [Slow][LinuxOnly]" classname="Kubernetes e2e suite" time="0">
          <skipped></skipped>
      </testcase>
      <testcase name="[sig-storage] In-tree Volumes [Driver: local][LocalVolumeType: tmpfs] [Testpattern: Dynamic PV (ntfs)][sig-windows] subPath should fail if subpath with backstepping is outside the volume [Slow]" classname="Kubernetes e2e suite" time="0">
          <skipped></skipped>
      </testcase>
      <testcase name="[sig-storage] In-tree Volumes [Driver: local][LocalVolumeType: block] [Testpattern: Dynamic PV (ntfs)][sig-windows] subPath should support restarting containers using file as subpath [Slow][LinuxOnly]" classname="Kubernetes e2e suite" time="0">
          <skipped></skipped>
      </testcase>
      <testcase name="[sig-storage] In-tree Volumes [Driver: iscsi][Feature:Volumes] [Testpattern: Dynamic PV (default fs)] subPath should fail if subpath directory is outside the volume [Slow]" classname="Kubernetes e2e suite" time="0">
          <skipped></skipped>
      </testcase>
      <testcase name="[sig-storage] In-tree Volumes [Driver: gluster] [Testpattern: Pre-provisioned PV (default fs)] subPath should support readOnly file specified in the volumeMount [LinuxOnly]" classname="Kubernetes e2e suite" time="0">
          <skipped></skipped>
      </testcase>
      <testcase name="[sig-storage] In-tree Volumes [Driver: cinder] [Testpattern: Dynamic PV (default fs)] subPath should support restarting containers using file as subpath [Slow][LinuxOnly]" classname="Kubernetes e2e suite" time="0">
          <skipped></skipped>
      </testcase>
      <testcase name="[sig-storage] In-tree Volumes [Driver: local][LocalVolumeType: blockfs] [Testpattern: Dynamic PV (ntfs)][sig-windows] subPath should support readOnly directory specified in the volumeMount" classname="Kubernetes e2e suite" time="0">
          <skipped></skipped>
      </testcase>
      <testcase name="[sig-storage] In-tree Volumes [Driver: local][LocalVolumeType: blockfs] [Testpattern: Dynamic PV (default fs)] subPath should support existing directories when readOnly specified in the volumeSource" classname="Kubernetes e2e suite" time="0">
          <skipped></skipped>
      </testcase>
      <testcase name="[sig-storage] In-tree Volumes [Driver: local][LocalVolumeType: gce-localssd-scsi-fs] [Serial] [Testpattern: Dynamic PV (ntfs)][sig-windows] subPath should support readOnly directory specified in the volumeMount" classname="Kubernetes e2e suite" time="0">
          <skipped></skipped>
      </testcase>
      <testcase name="[sig-storage] In-tree Volumes [Driver: cinder] [Testpattern: Pre-provisioned PV (default fs)] subPath should support non-existent path" classname="Kubernetes e2e suite" time="0">
          <skipped></skipped>
      </testcase>
      <testcase name="[sig-scheduling] [Feature:GPUDevicePlugin] run Nvidia GPU Device Plugin tests" classname="Kubernetes e2e suite" time="0">
          <skipped></skipped>
      </testcase>
      <testcase name="[sig-storage] In-tree Volumes [Driver: azure] [Testpattern: Dynamic PV (block volmode)] volumeMode should create sc, pod, pv, and pvc, read/write to the pv, and delete all created resources" classname="Kubernetes e2e suite" time="0">
          <skipped></skipped>
      </testcase>
      <testcase name="[k8s.io] [sig-node] Security Context should support seccomp alpha unconfined annotation on the container [Feature:Seccomp] [LinuxOnly]" classname="Kubernetes e2e suite" time="0">
          <skipped></skipped>
      </testcase>
      <testcase name="[sig-apps] Daemon set [Serial] should run and stop complex daemon with node affinity" classname="Kubernetes e2e suite" time="0">
          <skipped></skipped>
      </testcase>
      <testcase name="[sig-network] Networking Granular Checks: Pods should function for node-pod communication: http [LinuxOnly] [NodeConformance] [Conformance]" classname="Kubernetes e2e suite" time="60.731960874"></testcase>
      <testcase name="[sig-storage] In-tree Volumes [Driver: vSphere] [Testpattern: Inline-volume (default fs)] subPath should support restarting containers using directory as subpath [Slow]" classname="Kubernetes e2e suite" time="0">
          <skipped></skipped>
      </testcase>
      <testcase name="[sig-storage] In-tree Volumes [Driver: local][LocalVolumeType: block] [Testpattern: Inline-volume (ext4)] volumes should allow exec of files on the volume" classname="Kubernetes e2e suite" time="0">
          <skipped></skipped>
      </testcase>
      <testcase name="[sig-storage] CSI Volumes [Driver: csi-hostpath] [Testpattern: Dynamic PV (default fs)] provisioning should access volume from different nodes" classname="Kubernetes e2e suite" time="0">
          <skipped></skipped>
      </testcase>
      <testcase name="[sig-storage] CSI mock volume CSI Volume expansion [Feature:ExpandCSIVolumes] should not expand volume if resizingOnDriver=off, resizingOnSC=on" classname="Kubernetes e2e suite" time="0">
          <skipped></skipped>
      </testcase>
      <testcase name="[sig-apps] ReplicationController should adopt matching pods on creation [Conformance]" classname="Kubernetes e2e suite" time="35.415274824"></testcase>
      <testcase name="[sig-storage] In-tree Volumes [Driver: local][LocalVolumeType: block] [Testpattern: Dynamic PV (default fs)] subPath should support existing directory" classname="Kubernetes e2e suite" time="0">
          <skipped></skipped>
      </testcase>
      <testcase name="[sig-cli] Kubectl client [k8s.io] Kubectl taint [Serial] should remove all the taints with the same key off a node" classname="Kubernetes e2e suite" time="0">
          <skipped></skipped>
      </testcase>
      <testcase name="[sig-storage] In-tree Volumes [Driver: local][LocalVolumeType: dir-link] [Testpattern: Inline-volume (default fs)] subPath should support file as subpath [LinuxOnly]" classname="Kubernetes e2e suite" time="0">
          <skipped></skipped>
      </testcase>
      <testcase name="[sig-storage] In-tree Volumes [Driver: gcepd] [Testpattern: Dynamic PV (default fs)] volumes should be mountable" classname="Kubernetes e2e suite" time="0">
          <skipped></skipped>
      </testcase>
      <testcase name="[sig-storage] In-tree Volumes [Driver: local][LocalVolumeType: tmpfs] [Testpattern: Dynamic PV (default fs)] subPath should unmount if pod is force deleted while kubelet is down [Disruptive][Slow][LinuxOnly]" classname="Kubernetes e2e suite" time="0">
          <skipped></skipped>
      </testcase>
      <testcase name="[sig-storage] CSI Volumes [Driver: csi-hostpath-v0] [Testpattern: Dynamic PV (ntfs)][sig-windows] subPath should fail if subpath directory is outside the volume [Slow]" classname="Kubernetes e2e suite" time="0">
          <skipped></skipped>
      </testcase>
      <testcase name="[sig-storage] In-tree Volumes [Driver: cinder] [Testpattern: Dynamic PV (xfs)] volumes should be mountable" classname="Kubernetes e2e suite" time="0">
          <skipped></skipped>
      </testcase>
      <testcase name="[sig-api-machinery] Watchers should be able to start watching from a specific resource version [Conformance]" classname="Kubernetes e2e suite" time="6.84415484"></testcase>
      <testcase name="[sig-storage] In-tree Volumes [Driver: local][LocalVolumeType: dir-bindmounted] [Testpattern: Pre-provisioned PV (default fs)] subPath should unmount if pod is gracefully deleted while kubelet is down [Disruptive][Slow][LinuxOnly]" classname="Kubernetes e2e suite" time="0">
          <skipped></skipped>
      </testcase>
      <testcase name="[sig-storage] CSI Volumes [Driver: csi-hostpath] [Testpattern: Pre-provisioned PV (block volmode)] multiVolume [Slow] should access to two volumes with different volume mode and retain data across pod recreation on different node" classname="Kubernetes e2e suite" time="0">
          <skipped></skipped>
      </testcase>
      <testcase name="[sig-storage] In-tree Volumes [Driver: local][LocalVolumeType: block] [Testpattern: Pre-provisioned PV (filesystem volmode)] multiVolume [Slow] should access to two volumes with different volume mode and retain data across pod recreation on different node" classname="Kubernetes e2e suite" time="0">
          <skipped></skipped>
      </testcase>
      <testcase name="[sig-storage] CSI Volumes [Driver: pd.csi.storage.gke.io][Serial] [Testpattern: Dynamic PV (default fs)] subPath should support non-existent path" classname="Kubernetes e2e suite" time="0">
          <skipped></skipped>
      </testcase>
      <testcase name="[sig-storage] In-tree Volumes [Driver: hostPath] [Testpattern: Pre-provisioned PV (default fs)] subPath should support restarting containers using file as subpath [Slow][LinuxOnly]" classname="Kubernetes e2e suite" time="0">
          <skipped></skipped>
      </testcase>
      <testcase name="[sig-storage] CSI Volumes [Driver: csi-hostpath-v0] [Testpattern: Dynamic PV (ntfs)][sig-windows] subPath should be able to unmount after the subpath directory is deleted" classname="Kubernetes e2e suite" time="0">
          <skipped></skipped>
      </testcase>
      <testcase name="[sig-storage] In-tree Volumes [Driver: emptydir] [Testpattern: Inline-volume (default fs)] subPath should fail if subpath file is outside the volume [Slow][LinuxOnly]" classname="Kubernetes e2e suite" time="0">
          <skipped></skipped>
      </testcase>
      <testcase name="[sig-storage] In-tree Volumes [Driver: rbd][Feature:Volumes] [Testpattern: Pre-provisioned PV (default fs)] subPath should support restarting containers using directory as subpath [Slow]" classname="Kubernetes e2e suite" time="0">
          <skipped></skipped>
      </testcase>
      <testcase name="[sig-storage] In-tree Volumes [Driver: azure] [Testpattern: Dynamic PV (ntfs)][sig-windows] subPath should be able to unmount after the subpath directory is deleted" classname="Kubernetes e2e suite" time="0">
          <skipped></skipped>
      </testcase>
      <testcase name="[sig-storage] In-tree Volumes [Driver: aws] [Testpattern: Dynamic PV (default fs)] subPath should support readOnly file specified in the volumeMount [LinuxOnly]" classname="Kubernetes e2e suite" time="0">
          <skipped></skipped>
      </testcase>
      <testcase name="[sig-storage] In-tree Volumes [Driver: local][LocalVolumeType: dir-link] [Testpattern: Dynamic PV (ntfs)][sig-windows] subPath should fail if non-existent subpath is outside the volume [Slow][LinuxOnly]" classname="Kubernetes e2e suite" time="0">
          <skipped></skipped>
      </testcase>
      <testcase name="[sig-storage] In-tree Volumes [Driver: gcepd] [Testpattern: Dynamic PV (ntfs)][sig-windows] subPath should unmount if pod is force deleted while kubelet is down [Disruptive][Slow][LinuxOnly]" classname="Kubernetes e2e suite" time="0">
          <skipped></skipped>
      </testcase>
      <testcase name="[sig-storage] In-tree Volumes [Driver: local][LocalVolumeType: dir] [Testpattern: Inline-volume (default fs)] volumes should be mountable" classname="Kubernetes e2e suite" time="0">
          <skipped></skipped>
      </testcase>
      <testcase name="[sig-network] Services should work after restarting kube-proxy [Disruptive]" classname="Kubernetes e2e suite" time="0">
          <skipped></skipped>
      </testcase>
      <testcase name="[sig-storage] In-tree Volumes [Driver: rbd][Feature:Volumes] [Testpattern: Pre-provisioned PV (default fs)] volumes should be mountable" classname="Kubernetes e2e suite" time="0">
          <skipped></skipped>
      </testcase>
      <testcase name="[sig-storage] In-tree Volumes [Driver: local][LocalVolumeType: dir-link] [Testpattern: Dynamic PV (filesystem volmode)] multiVolume [Slow] should access to two volumes with different volume mode and retain data across pod recreation on the same node" classname="Kubernetes e2e suite" time="0">
          <skipped></skipped>
      </testcase>
      <testcase name="[sig-storage] In-tree Volumes [Driver: hostPath] [Testpattern: Dynamic PV (default fs)] subPath should support restarting containers using file as subpath [Slow][LinuxOnly]" classname="Kubernetes e2e suite" time="0">
          <skipped></skipped>
      </testcase>
      <testcase name="[sig-api-machinery] Generated clientset should create pods, set the deletionTimestamp and deletionGracePeriodSeconds of the pod" classname="Kubernetes e2e suite" time="0">
          <skipped></skipped>
      </testcase>
      <testcase name="[sig-storage] In-tree Volumes [Driver: aws] [Testpattern: Pre-provisioned PV (block volmode)] multiVolume [Slow] should access to two volumes with the same volume mode and retain data across pod recreation on the same node" classname="Kubernetes e2e suite" time="0">
          <skipped></skipped>
      </testcase>
      <testcase name="[sig-cluster-lifecycle] Ports Security Check [Feature:KubeletSecurity] should not have port 10255 open on its all public IP addresses" classname="Kubernetes e2e suite" time="0">
          <skipped></skipped>
      </testcase>
      <testcase name="[sig-storage] In-tree Volumes [Driver: local][LocalVolumeType: tmpfs] [Testpattern: Pre-provisioned PV (filesystem volmode)] multiVolume [Slow] should concurrently access the single volume from pods on different node" classname="Kubernetes e2e suite" time="0">
          <skipped></skipped>
      </testcase>
      <testcase name="[sig-storage] In-tree Volumes [Driver: iscsi][Feature:Volumes] [Testpattern: Dynamic PV (default fs)] subPath should support non-existent path" classname="Kubernetes e2e suite" time="0">
          <skipped></skipped>
      </testcase>
      <testcase name="[sig-storage] CSI Volumes [Driver: csi-hostpath] [Testpattern: Inline-volume (default fs)] subPath should fail if non-existent subpath is outside the volume [Slow][LinuxOnly]" classname="Kubernetes e2e suite" time="0">
          <skipped></skipped>
      </testcase>
      <testcase name="[sig-storage] In-tree Volumes [Driver: cinder] [Testpattern: Pre-provisioned PV (block volmode)] volumeMode should fail to create pod by failing to mount volume [Slow]" classname="Kubernetes e2e suite" time="0">
          <skipped></skipped>
      </testcase>
      <testcase name="[sig-storage] In-tree Volumes [Driver: local][LocalVolumeType: blockfs] [Testpattern: Inline-volume (default fs)] subPath should verify container cannot write to subpath readonly volumes [Slow]" classname="Kubernetes e2e suite" time="0">
          <skipped></skipped>
      </testcase>
      <testcase name="[sig-storage] In-tree Volumes [Driver: local][LocalVolumeType: dir-bindmounted] [Testpattern: Inline-volume (ntfs)][sig-windows] volumes should be mountable" classname="Kubernetes e2e suite" time="0">
          <skipped></skipped>
      </testcase>
      <testcase name="[sig-storage] In-tree Volumes [Driver: azure] [Testpattern: Dynamic PV (default fs)] subPath should support non-existent path" classname="Kubernetes e2e suite" time="0">
          <skipped></skipped>
      </testcase>
      <testcase name="[sig-storage] CSI Volumes [Driver: csi-hostpath] [Testpattern: Dynamic PV (ntfs)][sig-windows] subPath should support readOnly file specified in the volumeMount [LinuxOnly]" classname="Kubernetes e2e suite" time="0">
          <skipped></skipped>
      </testcase>
      <testcase name="[sig-storage] In-tree Volumes [Driver: aws] [Testpattern: Pre-provisioned PV (default fs)] subPath should fail if subpath directory is outside the volume [Slow]" classname="Kubernetes e2e suite" time="0">
          <skipped></skipped>
      </testcase>
      <testcase name="[sig-storage] In-tree Volumes [Driver: iscsi][Feature:Volumes] [Testpattern: Inline-volume (default fs)] subPath should support restarting containers using file as subpath [Slow][LinuxOnly]" classname="Kubernetes e2e suite" time="0">
          <skipped></skipped>
      </testcase>
      <testcase name="[sig-storage] In-tree Volumes [Driver: emptydir] [Testpattern: Inline-volume (default fs)] subPath should support readOnly directory specified in the volumeMount" classname="Kubernetes e2e suite" time="0">
          <skipped></skipped>
      </testcase>
      <testcase name="[sig-storage] Storage Policy Based Volume Provisioning [Feature:vsphere] verify VSAN storage capability with valid hostFailuresToTolerate and cacheReservation values is honored for dynamically provisioned pvc using storageclass" classname="Kubernetes e2e suite" time="0">
          <skipped></skipped>
      </testcase>
      <testcase name="[sig-storage] In-tree Volumes [Driver: vSphere] [Testpattern: Dynamic PV (ntfs)][sig-windows] subPath should fail if subpath file is outside the volume [Slow][LinuxOnly]" classname="Kubernetes e2e suite" time="0">
          <skipped></skipped>
      </testcase>
      <testcase name="[sig-storage] CSI Volumes [Driver: csi-hostpath] [Testpattern: Dynamic PV (ntfs)][sig-windows] subPath should support non-existent path" classname="Kubernetes e2e suite" time="0">
          <skipped></skipped>
      </testcase>
      <testcase name="[sig-storage] In-tree Volumes [Driver: local][LocalVolumeType: dir-link] [Testpattern: Inline-volume (default fs)] subPath should fail if non-existent subpath is outside the volume [Slow][LinuxOnly]" classname="Kubernetes e2e suite" time="0">
          <skipped></skipped>
      </testcase>
      <testcase name="[sig-storage] In-tree Volumes [Driver: local][LocalVolumeType: gce-localssd-scsi-fs] [Serial] [Testpattern: Pre-provisioned PV (default fs)] subPath should fail if subpath directory is outside the volume [Slow]" classname="Kubernetes e2e suite" time="0">
          <skipped></skipped>
      </testcase>
      <testcase name="[sig-storage] In-tree Volumes [Driver: emptydir] [Testpattern: Dynamic PV (ntfs)][sig-windows] subPath should support existing single file [LinuxOnly]" classname="Kubernetes e2e suite" time="0">
          <skipped></skipped>
      </testcase>
      <testcase name="[sig-storage] CSI Volumes [Driver: csi-hostpath-v0] [Testpattern: Dynamic PV (default fs)] subPath should support existing single file [LinuxOnly]" classname="Kubernetes e2e suite" time="0">
          <skipped></skipped>
      </testcase>
      <testcase name="[sig-storage] In-tree Volumes [Driver: local][LocalVolumeType: dir] [Testpattern: Dynamic PV (ntfs)][sig-windows] subPath should support existing single file [LinuxOnly]" classname="Kubernetes e2e suite" time="0">
          <skipped></skipped>
      </testcase>
      <testcase name="[sig-storage] In-tree Volumes [Driver: gcepd] [Testpattern: Pre-provisioned PV (ext4)] volumes should allow exec of files on the volume" classname="Kubernetes e2e suite" time="0">
          <skipped></skipped>
      </testcase>
      <testcase name="[sig-storage] In-tree Volumes [Driver: local][LocalVolumeType: dir-link] [Testpattern: Dynamic PV (ntfs)][sig-windows] subPath should verify container cannot write to subpath readonly volumes [Slow]" classname="Kubernetes e2e suite" time="0">
          <skipped></skipped>
      </testcase>
      <testcase name="[sig-storage] In-tree Volumes [Driver: nfs] [Testpattern: Inline-volume (default fs)] subPath should support readOnly file specified in the volumeMount [LinuxOnly]" classname="Kubernetes e2e suite" time="0">
          <skipped></skipped>
      </testcase>
      <testcase name="[sig-storage] In-tree Volumes [Driver: local][LocalVolumeType: dir-link-bindmounted] [Testpattern: Dynamic PV (ntfs)][sig-windows] subPath should support non-existent path" classname="Kubernetes e2e suite" time="0">
          <skipped></skipped>
      </testcase>
      <testcase name="[sig-storage] PersistentVolumes-local  [Volume type: gce-localssd-scsi-fs] [Serial] One pod requesting one prebound PVC should be able to mount volume and read from pod1" classname="Kubernetes e2e suite" time="0">
          <skipped></skipped>
      </testcase>
      <testcase name="[sig-storage] In-tree Volumes [Driver: hostPathSymlink] [Testpattern: Dynamic PV (default fs)] volumes should be mountable" classname="Kubernetes e2e suite" time="0">
          <skipped></skipped>
      </testcase>
      <testcase name="[sig-storage] In-tree Volumes [Driver: local][LocalVolumeType: tmpfs] [Testpattern: Dynamic PV (default fs)] subPath should support file as subpath [LinuxOnly]" classname="Kubernetes e2e suite" time="0">
          <skipped></skipped>
      </testcase>
      <testcase name="[sig-storage] CSI Volumes [Driver: csi-hostpath-v0] [Testpattern: Dynamic PV (ntfs)][sig-windows] subPath should support non-existent path" classname="Kubernetes e2e suite" time="0">
          <skipped></skipped>
      </testcase>
      <testcase name="[sig-storage] In-tree Volumes [Driver: aws] [Testpattern: Inline-volume (default fs)] subPath should fail if subpath with backstepping is outside the volume [Slow]" classname="Kubernetes e2e suite" time="0">
          <skipped></skipped>
      </testcase>
      <testcase name="[sig-storage] In-tree Volumes [Driver: gcepd] [Testpattern: Pre-provisioned PV (default fs)] subPath should support non-existent path" classname="Kubernetes e2e suite" time="0">
          <skipped></skipped>
      </testcase>
      <testcase name="[sig-storage] In-tree Volumes [Driver: local][LocalVolumeType: block] [Testpattern: Dynamic PV (ntfs)][sig-windows] subPath should support existing directory" classname="Kubernetes e2e suite" time="0">
          <skipped></skipped>
      </testcase>
      <testcase name="[sig-storage] In-tree Volumes [Driver: ceph][Feature:Volumes] [Testpattern: Pre-provisioned PV (default fs)] subPath should support non-existent path" classname="Kubernetes e2e suite" time="0">
          <skipped></skipped>
      </testcase>
      <testcase name="[sig-storage] In-tree Volumes [Driver: cinder] [Testpattern: Pre-provisioned PV (ext3)] volumes should allow exec of files on the volume" classname="Kubernetes e2e suite" time="0">
          <skipped></skipped>
      </testcase>
      <testcase name="[k8s.io] InitContainer [NodeConformance] should invoke init containers on a RestartAlways pod [Conformance]" classname="Kubernetes e2e suite" time="34.291662711"></testcase>
      <testcase name="[sig-storage] In-tree Volumes [Driver: emptydir] [Testpattern: Pre-provisioned PV (block volmode)] multiVolume [Slow] should concurrently access the single volume from pods on the same node" classname="Kubernetes e2e suite" time="0">
          <skipped></skipped>
      </testcase>
      <testcase name="[sig-storage] In-tree Volumes [Driver: aws] [Testpattern: Inline-volume (default fs)] subPath should support non-existent path" classname="Kubernetes e2e suite" time="0">
          <skipped></skipped>
      </testcase>
      <testcase name="[sig-storage] In-tree Volumes [Driver: aws] [Testpattern: Dynamic PV (block volmode)] multiVolume [Slow] should access to two volumes with different volume mode and retain data across pod recreation on different node" classname="Kubernetes e2e suite" time="0">
          <skipped></skipped>
      </testcase>
      <testcase name="[sig-storage] In-tree Volumes [Driver: local][LocalVolumeType: dir-bindmounted] [Testpattern: Dynamic PV (default fs)] subPath should fail if subpath directory is outside the volume [Slow]" classname="Kubernetes e2e suite" time="0">
          <skipped></skipped>
      </testcase>
      <testcase name="[sig-api-machinery] Namespaces [Serial] should ensure that all pods are removed when a namespace is deleted [Conformance]" classname="Kubernetes e2e suite" time="0">
          <skipped></skipped>
      </testcase>
      <testcase name="[sig-storage] In-tree Volumes [Driver: iscsi][Feature:Volumes] [Testpattern: Dynamic PV (ntfs)][sig-windows] subPath should fail if subpath file is outside the volume [Slow][LinuxOnly]" classname="Kubernetes e2e suite" time="0">
          <skipped></skipped>
      </testcase>
      <testcase name="[sig-storage] Dynamic Provisioning DynamicProvisioner allowedTopologies should create persistent volume in the zone specified in allowedTopologies of storageclass" classname="Kubernetes e2e suite" time="0">
          <skipped></skipped>
      </testcase>
      <testcase name="[sig-storage] In-tree Volumes [Driver: vSphere] [Testpattern: Dynamic PV (ext3)] volumes should allow exec of files on the volume" classname="Kubernetes e2e suite" time="0">
          <skipped></skipped>
      </testcase>
      <testcase name="[sig-storage] Dynamic Provisioning DynamicProvisioner [Slow] should test that deleting a claim before the volume is provisioned deletes the volume." classname="Kubernetes e2e suite" time="0">
          <skipped></skipped>
      </testcase>
      <testcase name="[sig-storage] In-tree Volumes [Driver: gcepd] [Testpattern: Pre-provisioned PV (default fs)] subPath should support restarting containers using file as subpath [Slow][LinuxOnly]" classname="Kubernetes e2e suite" time="0">
          <skipped></skipped>
      </testcase>
      <testcase name="[sig-storage] In-tree Volumes [Driver: hostPathSymlink] [Testpattern: Pre-provisioned PV (default fs)] subPath should be able to unmount after the subpath directory is deleted" classname="Kubernetes e2e suite" time="0">
          <skipped></skipped>
      </testcase>
      <testcase name="[sig-storage] Detaching volumes should not work when mount is in progress [Slow]" classname="Kubernetes e2e suite" time="0">
          <skipped></skipped>
      </testcase>
      <testcase name="[sig-storage] CSI Volumes [Driver: pd.csi.storage.gke.io][Serial] [Testpattern: Dynamic PV (ntfs)][sig-windows] subPath should unmount if pod is force deleted while kubelet is down [Disruptive][Slow][LinuxOnly]" classname="Kubernetes e2e suite" time="0">
          <skipped></skipped>
      </testcase>
      <testcase name="[sig-storage] In-tree Volumes [Driver: emptydir] [Testpattern: Pre-provisioned PV (filesystem volmode)] volumeMode should create sc, pod, pv, and pvc, read/write to the pv, and delete all created resources" classname="Kubernetes e2e suite" time="0">
          <skipped></skipped>
      </testcase>
      <testcase name="[sig-storage] In-tree Volumes [Driver: local][LocalVolumeType: block] [Testpattern: Pre-provisioned PV (block volmode)] multiVolume [Slow] should concurrently access the single volume from pods on the same node" classname="Kubernetes e2e suite" time="0">
          <skipped></skipped>
      </testcase>
      <testcase name="[sig-storage] In-tree Volumes [Driver: iscsi][Feature:Volumes] [Testpattern: Inline-volume (default fs)] subPath should fail if subpath directory is outside the volume [Slow]" classname="Kubernetes e2e suite" time="0">
          <skipped></skipped>
      </testcase>
      <testcase name="[sig-storage] In-tree Volumes [Driver: gluster] [Testpattern: Dynamic PV (default fs)] subPath should support existing single file [LinuxOnly]" classname="Kubernetes e2e suite" time="0">
          <skipped></skipped>
      </testcase>
      <testcase name="[sig-storage] In-tree Volumes [Driver: local][LocalVolumeType: dir-link] [Testpattern: Dynamic PV (default fs)] subPath should fail if subpath file is outside the volume [Slow][LinuxOnly]" classname="Kubernetes e2e suite" time="0">
          <skipped></skipped>
      </testcase>
      <testcase name="[sig-network] Services should have session affinity work for LoadBalancer service with ESIPP on [Slow] [DisabledForLargeClusters]" classname="Kubernetes e2e suite" time="0">
          <skipped></skipped>
      </testcase>
      <testcase name="[sig-network] DNS configMap federations [Feature:Federation] should be able to change federation configuration [Slow][Serial]" classname="Kubernetes e2e suite" time="0">
          <skipped></skipped>
      </testcase>
      <testcase name="[sig-storage] In-tree Volumes [Driver: iscsi][Feature:Volumes] [Testpattern: Pre-provisioned PV (default fs)] subPath should support existing directory" classname="Kubernetes e2e suite" time="0">
          <skipped></skipped>
      </testcase>
      <testcase name="[sig-storage] In-tree Volumes [Driver: hostPath] [Testpattern: Dynamic PV (ext4)] volumes should allow exec of files on the volume" classname="Kubernetes e2e suite" time="0">
          <skipped></skipped>
      </testcase>
      <testcase name="[sig-storage] In-tree Volumes [Driver: rbd][Feature:Volumes] [Testpattern: Dynamic PV (block volmode)] multiVolume [Slow] should access to two volumes with different volume mode and retain data across pod recreation on the same node" classname="Kubernetes e2e suite" time="0">
          <skipped></skipped>
      </testcase>
      <testcase name="[sig-storage] In-tree Volumes [Driver: local][LocalVolumeType: dir-link-bindmounted] [Testpattern: Dynamic PV (default fs)] subPath should support readOnly directory specified in the volumeMount" classname="Kubernetes e2e suite" time="0">
          <skipped></skipped>
      </testcase>
      <testcase name="[sig-api-machinery] ResourceQuota should create a ResourceQuota and capture the life of a replica set." classname="Kubernetes e2e suite" time="0">
          <skipped></skipped>
      </testcase>
      <testcase name="[sig-storage] In-tree Volumes [Driver: iscsi][Feature:Volumes] [Testpattern: Dynamic PV (ntfs)][sig-windows] subPath should fail if subpath with backstepping is outside the volume [Slow]" classname="Kubernetes e2e suite" time="0">
          <skipped></skipped>
      </testcase>
      <testcase name="[sig-storage] In-tree Volumes [Driver: vSphere] [Testpattern: Dynamic PV (ext4)] volumes should allow exec of files on the volume" classname="Kubernetes e2e suite" time="0">
          <skipped></skipped>
      </testcase>
      <testcase name="[sig-storage] In-tree Volumes [Driver: gcepd] [Testpattern: Dynamic PV (ntfs)][sig-windows] subPath should support existing directory" classname="Kubernetes e2e suite" time="0">
          <skipped></skipped>
      </testcase>
      <testcase name="[sig-storage] In-tree Volumes [Driver: cinder] [Testpattern: Dynamic PV (default fs)] subPath should support existing directories when readOnly specified in the volumeSource" classname="Kubernetes e2e suite" time="0">
          <skipped></skipped>
      </testcase>
      <testcase name="[sig-storage] In-tree Volumes [Driver: hostPath] [Testpattern: Dynamic PV (ntfs)][sig-windows] subPath should unmount if pod is gracefully deleted while kubelet is down [Disruptive][Slow][LinuxOnly]" classname="Kubernetes e2e suite" time="0">
          <skipped></skipped>
      </testcase>
      <testcase name="[sig-autoscaling] [HPA] Horizontal pod autoscaling (scale resource: Custom Metrics from Stackdriver) should scale up with two External metrics from Stackdriver [Feature:CustomMetricsAutoscaling]" classname="Kubernetes e2e suite" time="0">
          <skipped></skipped>
      </testcase>
      <testcase name="[sig-storage] EmptyDir volumes should support (root,0666,tmpfs) [LinuxOnly] [NodeConformance] [Conformance]" classname="Kubernetes e2e suite" time="14.775537998"></testcase>
      <testcase name="[sig-storage] EmptyDir volumes should support (non-root,0644,default) [LinuxOnly] [NodeConformance] [Conformance]" classname="Kubernetes e2e suite" time="14.691338857"></testcase>
      <testcase name="[sig-storage] In-tree Volumes [Driver: rbd][Feature:Volumes] [Testpattern: Inline-volume (default fs)] subPath should unmount if pod is gracefully deleted while kubelet is down [Disruptive][Slow][LinuxOnly]" classname="Kubernetes e2e suite" time="0">
          <skipped></skipped>
      </testcase>
      <testcase name="[sig-storage] In-tree Volumes [Driver: cinder] [Testpattern: Dynamic PV (ntfs)][sig-windows] subPath should support readOnly file specified in the volumeMount [LinuxOnly]" classname="Kubernetes e2e suite" time="0">
          <skipped></skipped>
      </testcase>
      <testcase name="[sig-storage] In-tree Volumes [Driver: vSphere] [Testpattern: Dynamic PV (ntfs)][sig-windows] subPath should be able to unmount after the subpath directory is deleted" classname="Kubernetes e2e suite" time="0">
          <skipped></skipped>
      </testcase>
      <testcase name="[sig-storage] In-tree Volumes [Driver: local][LocalVolumeType: dir-link] [Testpattern: Dynamic PV (block volmode)] multiVolume [Slow] should access to two volumes with different volume mode and retain data across pod recreation on different node" classname="Kubernetes e2e suite" time="0">
          <skipped></skipped>
      </testcase>
      <testcase name="[sig-storage] In-tree Volumes [Driver: azure] [Testpattern: Dynamic PV (filesystem volmode)] multiVolume [Slow] should access to two volumes with different volume mode and retain data across pod recreation on the same node" classname="Kubernetes e2e suite" time="0">
          <skipped></skipped>
      </testcase>
      <testcase name="[sig-storage] In-tree Volumes [Driver: local][LocalVolumeType: gce-localssd-scsi-fs] [Serial] [Testpattern: Inline-volume (default fs)] subPath should support existing single file [LinuxOnly]" classname="Kubernetes e2e suite" time="0">
          <skipped></skipped>
      </testcase>
      <testcase name="[sig-storage] In-tree Volumes [Driver: emptydir] [Testpattern: Dynamic PV (block volmode)] multiVolume [Slow] should access to two volumes with different volume mode and retain data across pod recreation on the same node" classname="Kubernetes e2e suite" time="0">
          <skipped></skipped>
      </testcase>
      <testcase name="[sig-network] Firewall rule should have correct firewall rules for e2e cluster" classname="Kubernetes e2e suite" time="0">
          <skipped></skipped>
      </testcase>
      <testcase name="[sig-storage] In-tree Volumes [Driver: hostPath] [Testpattern: Pre-provisioned PV (filesystem volmode)] multiVolume [Slow] should access to two volumes with the same volume mode and retain data across pod recreation on the same node" classname="Kubernetes e2e suite" time="0">
          <skipped></skipped>
      </testcase>
      <testcase name="[sig-storage] CSI Volumes [Driver: pd.csi.storage.gke.io][Serial] [Testpattern: Dynamic PV (block volmode)] multiVolume [Slow] should access to two volumes with different volume mode and retain data across pod recreation on the same node" classname="Kubernetes e2e suite" time="0">
          <skipped></skipped>
      </testcase>
      <testcase name="[sig-storage] In-tree Volumes [Driver: ceph][Feature:Volumes] [Testpattern: Dynamic PV (filesystem volmode)] volumeMode should create sc, pod, pv, and pvc, read/write to the pv, and delete all created resources" classname="Kubernetes e2e suite" time="0">
          <skipped></skipped>
      </testcase>
      <testcase name="[sig-scalability] Density [Feature:ManualPerformance] should allow starting 30 pods per node using ReplicationController with 0 secrets, 0 configmaps, 0 token projections, and 2 daemons" classname="Kubernetes e2e suite" time="0">
          <skipped></skipped>
      </testcase>
      <testcase name="[sig-storage] In-tree Volumes [Driver: hostPathSymlink] [Testpattern: Pre-provisioned PV (ext4)] volumes should be mountable" classname="Kubernetes e2e suite" time="0">
          <skipped></skipped>
      </testcase>
      <testcase name="[sig-storage] In-tree Volumes [Driver: local][LocalVolumeType: blockfs] [Testpattern: Inline-volume (default fs)] subPath should support readOnly file specified in the volumeMount [LinuxOnly]" classname="Kubernetes e2e suite" time="0">
          <skipped></skipped>
      </testcase>
      <testcase name="[sig-storage] In-tree Volumes [Driver: local][LocalVolumeType: gce-localssd-scsi-fs] [Serial] [Testpattern: Dynamic PV (default fs)] subPath should fail if non-existent subpath is outside the volume [Slow][LinuxOnly]" classname="Kubernetes e2e suite" time="0">
          <skipped></skipped>
      </testcase>
      <testcase name="[sig-storage] CSI Volumes [Driver: csi-hostpath] [Testpattern: Dynamic PV (ntfs)][sig-windows] subPath should support existing single file [LinuxOnly]" classname="Kubernetes e2e suite" time="0">
          <skipped></skipped>
      </testcase>
      <testcase name="[sig-storage] In-tree Volumes [Driver: vSphere] [Testpattern: Dynamic PV (default fs)] subPath should support readOnly file specified in the volumeMount [LinuxOnly]" classname="Kubernetes e2e suite" time="0">
          <skipped></skipped>
      </testcase>
      <testcase name="[sig-storage] CSI Volumes [Driver: csi-hostpath-v0] [Testpattern: Pre-provisioned PV (default fs)] subPath should fail if non-existent subpath is outside the volume [Slow][LinuxOnly]" classname="Kubernetes e2e suite" time="0">
          <skipped></skipped>
      </testcase>
      <testcase name="[sig-storage] CSI Volumes [Driver: pd.csi.storage.gke.io][Serial] [Testpattern: Inline-volume (default fs)] subPath should support restarting containers using directory as subpath [Slow]" classname="Kubernetes e2e suite" time="0">
          <skipped></skipped>
      </testcase>
      <testcase name="[sig-instrumentation] Stackdriver Monitoring should run Stackdriver Metadata Agent [Feature:StackdriverMetadataAgent]" classname="Kubernetes e2e suite" time="0">
          <skipped></skipped>
      </testcase>
      <testcase name="[sig-storage] In-tree Volumes [Driver: gcepd] [Testpattern: Dynamic PV (ntfs)][sig-windows] subPath should support non-existent path" classname="Kubernetes e2e suite" time="0">
          <skipped></skipped>
      </testcase>
      <testcase name="[sig-storage] PersistentVolumes-local  Local volume that cannot be mounted [Slow] should fail due to wrong node" classname="Kubernetes e2e suite" time="0">
          <skipped></skipped>
      </testcase>
      <testcase name="[sig-storage] In-tree Volumes [Driver: local][LocalVolumeType: blockfs] [Testpattern: Dynamic PV (block volmode)] multiVolume [Slow] should access to two volumes with the same volume mode and retain data across pod recreation on different node" classname="Kubernetes e2e suite" time="0">
          <skipped></skipped>
      </testcase>
      <testcase name="[sig-storage] In-tree Volumes [Driver: local][LocalVolumeType: dir-bindmounted] [Testpattern: Dynamic PV (ntfs)][sig-windows] subPath should support existing single file [LinuxOnly]" classname="Kubernetes e2e suite" time="0">
          <skipped></skipped>
      </testcase>
      <testcase name="[sig-storage] In-tree Volumes [Driver: local][LocalVolumeType: dir-link] [Testpattern: Dynamic PV (filesystem volmode)] multiVolume [Slow] should access to two volumes with different volume mode and retain data across pod recreation on different node" classname="Kubernetes e2e suite" time="0">
          <skipped></skipped>
      </testcase>
      <testcase name="[sig-storage] In-tree Volumes [Driver: local][LocalVolumeType: dir-link] [Testpattern: Pre-provisioned PV (default fs)] subPath should fail if subpath directory is outside the volume [Slow]" classname="Kubernetes e2e suite" time="0">
          <skipped></skipped>
      </testcase>
      <testcase name="[sig-storage] In-tree Volumes [Driver: cinder] [Testpattern: Dynamic PV (default fs)] provisioning should provision storage with defaults" classname="Kubernetes e2e suite" time="0">
          <skipped></skipped>
      </testcase>
      <testcase name="[sig-network] ESIPP [Slow] [DisabledForLargeClusters] should work for type=LoadBalancer" classname="Kubernetes e2e suite" time="0">
          <skipped></skipped>
      </testcase>
      <testcase name="[sig-autoscaling] Cluster size autoscaling [Slow] should increase cluster size if pending pods are small and one node is broken [Feature:ClusterSizeAutoscalingScaleUp]" classname="Kubernetes e2e suite" time="0">
          <skipped></skipped>
      </testcase>
      <testcase name="[sig-storage] In-tree Volumes [Driver: cinder] [Testpattern: Pre-provisioned PV (ntfs)][sig-windows] volumes should allow exec of files on the volume" classname="Kubernetes e2e suite" time="0">
          <skipped></skipped>
      </testcase>
      <testcase name="[sig-storage] In-tree Volumes [Driver: nfs] [Testpattern: Pre-provisioned PV (default fs)] subPath should verify container cannot write to subpath readonly volumes [Slow]" classname="Kubernetes e2e suite" time="0">
          <skipped></skipped>
      </testcase>
      <testcase name="[sig-storage] In-tree Volumes [Driver: aws] [Testpattern: Inline-volume (default fs)] subPath should support existing directory" classname="Kubernetes e2e suite" time="0">
          <skipped></skipped>
      </testcase>
      <testcase name="[sig-storage] In-tree Volumes [Driver: gluster] [Testpattern: Dynamic PV (default fs)] subPath should fail if subpath with backstepping is outside the volume [Slow]" classname="Kubernetes e2e suite" time="0">
          <skipped></skipped>
      </testcase>
      <testcase name="[sig-storage] In-tree Volumes [Driver: emptydir] [Testpattern: Dynamic PV (default fs)] subPath should support existing single file [LinuxOnly]" classname="Kubernetes e2e suite" time="0">
          <skipped></skipped>
      </testcase>
      <testcase name="[sig-storage] PersistentVolumes-local  [Volume type: dir-bindmounted] Set fsGroup for local volume should set fsGroup for one pod [Slow]" classname="Kubernetes e2e suite" time="0">
          <skipped></skipped>
      </testcase>
      <testcase name="[sig-storage] CSI Volumes [Driver: csi-hostpath] [Testpattern: Dynamic PV (ext4)] volumes should allow exec of files on the volume" classname="Kubernetes e2e suite" time="0">
          <skipped></skipped>
      </testcase>
      <testcase name="[sig-storage] In-tree Volumes [Driver: local][LocalVolumeType: blockfs] [Testpattern: Dynamic PV (ntfs)][sig-windows] subPath should be able to unmount after the subpath directory is deleted" classname="Kubernetes e2e suite" time="0">
          <skipped></skipped>
      </testcase>
      <testcase name="[sig-storage] Storage Policy Based Volume Provisioning [Feature:vsphere] verify if a SPBM policy is not honored on a non-compatible datastore for dynamically provisioned pvc using storageclass" classname="Kubernetes e2e suite" time="0">
          <skipped></skipped>
      </testcase>
      <testcase name="[sig-storage] In-tree Volumes [Driver: local][LocalVolumeType: dir-link-bindmounted] [Testpattern: Inline-volume (default fs)] subPath should verify container cannot write to subpath readonly volumes [Slow]" classname="Kubernetes e2e suite" time="0">
          <skipped></skipped>
      </testcase>
      <testcase name="[sig-storage] In-tree Volumes [Driver: local][LocalVolumeType: dir-link-bindmounted] [Testpattern: Inline-volume (default fs)] subPath should support readOnly file specified in the volumeMount [LinuxOnly]" classname="Kubernetes e2e suite" time="0">
          <skipped></skipped>
      </testcase>
      <testcase name="[sig-storage] In-tree Volumes [Driver: hostPath] [Testpattern: Dynamic PV (default fs)] subPath should fail if subpath file is outside the volume [Slow][LinuxOnly]" classname="Kubernetes e2e suite" time="0">
          <skipped></skipped>
      </testcase>
      <testcase name="[sig-storage] In-tree Volumes [Driver: hostPathSymlink] [Testpattern: Dynamic PV (ext3)] volumes should allow exec of files on the volume" classname="Kubernetes e2e suite" time="0">
          <skipped></skipped>
      </testcase>
      <testcase name="[sig-storage] CSI Volumes [Driver: csi-hostpath] [Testpattern: Inline-volume (default fs)] subPath should support existing single file [LinuxOnly]" classname="Kubernetes e2e suite" time="0">
          <skipped></skipped>
      </testcase>
      <testcase name="[sig-storage] In-tree Volumes [Driver: emptydir] [Testpattern: Dynamic PV (ntfs)][sig-windows] subPath should support existing directories when readOnly specified in the volumeSource" classname="Kubernetes e2e suite" time="0">
          <skipped></skipped>
      </testcase>
      <testcase name="[sig-storage] In-tree Volumes [Driver: local][LocalVolumeType: dir] [Testpattern: Pre-provisioned PV (default fs)] subPath should fail if subpath directory is outside the volume [Slow]" classname="Kubernetes e2e suite" time="0">
          <skipped></skipped>
      </testcase>
      <testcase name="[sig-network] DNS configMap nameserver [Feature:Networking-IPv6] Forward PTR lookup should forward PTR records lookup to upstream nameserver [Slow][Serial]" classname="Kubernetes e2e suite" time="0">
          <skipped></skipped>
      </testcase>
      <testcase name="[sig-storage] In-tree Volumes [Driver: ceph][Feature:Volumes] [Testpattern: Pre-provisioned PV (default fs)] subPath should support restarting containers using directory as subpath [Slow]" classname="Kubernetes e2e suite" time="0">
          <skipped></skipped>
      </testcase>
      <testcase name="[sig-storage] In-tree Volumes [Driver: aws] [Testpattern: Pre-provisioned PV (default fs)] subPath should support existing single file [LinuxOnly]" classname="Kubernetes e2e suite" time="0">
          <skipped></skipped>
      </testcase>
      <testcase name="[sig-storage] In-tree Volumes [Driver: iscsi][Feature:Volumes] [Testpattern: Dynamic PV (ntfs)][sig-windows] subPath should verify container cannot write to subpath readonly volumes [Slow]" classname="Kubernetes e2e suite" time="0">
          <skipped></skipped>
      </testcase>
      <testcase name="[sig-storage] In-tree Volumes [Driver: iscsi][Feature:Volumes] [Testpattern: Pre-provisioned PV (default fs)] subPath should support readOnly file specified in the volumeMount [LinuxOnly]" classname="Kubernetes e2e suite" time="0">
          <skipped></skipped>
      </testcase>
      <testcase name="[sig-storage] In-tree Volumes [Driver: ceph][Feature:Volumes] [Testpattern: Inline-volume (ext3)] volumes should be mountable" classname="Kubernetes e2e suite" time="0">
          <skipped></skipped>
      </testcase>
      <testcase name="[sig-storage] In-tree Volumes [Driver: hostPath] [Testpattern: Dynamic PV (ntfs)][sig-windows] subPath should fail if non-existent subpath is outside the volume [Slow][LinuxOnly]" classname="Kubernetes e2e suite" time="0">
          <skipped></skipped>
      </testcase>
      <testcase name="[sig-storage] CSI Volumes [Driver: csi-hostpath-v0] [Testpattern: Inline-volume (default fs)] subPath should be able to unmount after the subpath directory is deleted" classname="Kubernetes e2e suite" time="0">
          <skipped></skipped>
      </testcase>
      <testcase name="[sig-storage] CSI Volumes [Driver: pd.csi.storage.gke.io][Serial] [Testpattern: Pre-provisioned PV (filesystem volmode)] volumeMode should create sc, pod, pv, and pvc, read/write to the pv, and delete all created resources" classname="Kubernetes e2e suite" time="0">
          <skipped></skipped>
      </testcase>
      <testcase name="[sig-storage] CSI Volumes [Driver: pd.csi.storage.gke.io][Serial] [Testpattern: Inline-volume (default fs)] subPath should support readOnly file specified in the volumeMount [LinuxOnly]" classname="Kubernetes e2e suite" time="0">
          <skipped></skipped>
      </testcase>
      <testcase name="[sig-storage] EmptyDir volumes volume on tmpfs should have the correct mode [LinuxOnly] [NodeConformance] [Conformance]" classname="Kubernetes e2e suite" time="16.513797294"></testcase>
      <testcase name="[sig-storage] PersistentVolumes-local  [Volume type: blockfswithformat] One pod requesting one prebound PVC should be able to mount volume and read from pod1" classname="Kubernetes e2e suite" time="0">
          <skipped></skipped>
      </testcase>
      <testcase name="[sig-storage] In-tree Volumes [Driver: emptydir] [Testpattern: Dynamic PV (default fs)] volumes should allow exec of files on the volume" classname="Kubernetes e2e suite" time="0">
          <skipped></skipped>
      </testcase>
      <testcase name="[sig-storage] Regional PD RegionalPD should provision storage in the allowedTopologies [Slow]" classname="Kubernetes e2e suite" time="0">
          <skipped></skipped>
      </testcase>
      <testcase name="[sig-storage] In-tree Volumes [Driver: azure] [Testpattern: Dynamic PV (ntfs)][sig-windows] subPath should fail if non-existent subpath is outside the volume [Slow][LinuxOnly]" classname="Kubernetes e2e suite" time="0">
          <skipped></skipped>
      </testcase>
      <testcase name="[sig-storage] CSI Volumes [Driver: pd.csi.storage.gke.io][Serial] [Testpattern: Dynamic PV (default fs)] subPath should fail if non-existent subpath is outside the volume [Slow][LinuxOnly]" classname="Kubernetes e2e suite" time="0">
          <skipped></skipped>
      </testcase>
      <testcase name="[sig-storage] In-tree Volumes [Driver: nfs] [Testpattern: Dynamic PV (default fs)] subPath should support creating multiple subpath from same volumes [Slow]" classname="Kubernetes e2e suite" time="0">
          <skipped></skipped>
      </testcase>
      <testcase name="[sig-storage] In-tree Volumes [Driver: local][LocalVolumeType: gce-localssd-scsi-fs] [Serial] [Testpattern: Dynamic PV (default fs)] subPath should support readOnly file specified in the volumeMount [LinuxOnly]" classname="Kubernetes e2e suite" time="0">
          <skipped></skipped>
      </testcase>
      <testcase name="[sig-storage] In-tree Volumes [Driver: local][LocalVolumeType: gce-localssd-scsi-fs] [Serial] [Testpattern: Pre-provisioned PV (ext3)] volumes should be mountable" classname="Kubernetes e2e suite" time="0">
          <skipped></skipped>
      </testcase>
      <testcase name="[sig-storage] In-tree Volumes [Driver: hostPathSymlink] [Testpattern: Dynamic PV (filesystem volmode)] multiVolume [Slow] should access to two volumes with the same volume mode and retain data across pod recreation on different node" classname="Kubernetes e2e suite" time="0">
          <skipped></skipped>
      </testcase>
      <testcase name="[sig-storage] In-tree Volumes [Driver: ceph][Feature:Volumes] [Testpattern: Pre-provisioned PV (default fs)] subPath should fail if subpath with backstepping is outside the volume [Slow]" classname="Kubernetes e2e suite" time="0">
          <skipped></skipped>
      </testcase>
      <testcase name="[sig-storage] In-tree Volumes [Driver: local][LocalVolumeType: blockfs] [Testpattern: Inline-volume (default fs)] subPath should fail if subpath with backstepping is outside the volume [Slow]" classname="Kubernetes e2e suite" time="0">
          <skipped></skipped>
      </testcase>
      <testcase name="[k8s.io] [sig-node] Pods Extended [k8s.io] Delete Grace Period should be submitted and removed [Conformance]" classname="Kubernetes e2e suite" time="34.741352862"></testcase>
      <testcase name="[sig-cluster-lifecycle] Upgrade [Feature:Upgrade] master upgrade should maintain a functioning cluster [Feature:MasterUpgrade]" classname="Kubernetes e2e suite" time="0">
          <skipped></skipped>
      </testcase>
      <testcase name="[sig-storage] In-tree Volumes [Driver: ceph][Feature:Volumes] [Testpattern: Dynamic PV (ntfs)][sig-windows] subPath should unmount if pod is gracefully deleted while kubelet is down [Disruptive][Slow][LinuxOnly]" classname="Kubernetes e2e suite" time="0">
          <skipped></skipped>
      </testcase>
      <testcase name="[sig-storage] In-tree Volumes [Driver: emptydir] [Testpattern: Dynamic PV (ntfs)][sig-windows] subPath should fail if subpath directory is outside the volume [Slow]" classname="Kubernetes e2e suite" time="0">
          <skipped></skipped>
      </testcase>
      <testcase name="[sig-storage] In-tree Volumes [Driver: cinder] [Testpattern: Dynamic PV (default fs)] subPath should support restarting containers using directory as subpath [Slow]" classname="Kubernetes e2e suite" time="0">
          <skipped></skipped>
      </testcase>
      <testcase name="[sig-storage] In-tree Volumes [Driver: hostPath] [Testpattern: Inline-volume (default fs)] subPath should fail if subpath directory is outside the volume [Slow]" classname="Kubernetes e2e suite" time="0">
          <skipped></skipped>
      </testcase>
      <testcase name="[sig-storage] In-tree Volumes [Driver: gcepd] [Testpattern: Pre-provisioned PV (default fs)] subPath should support readOnly directory specified in the volumeMount" classname="Kubernetes e2e suite" time="0">
          <skipped></skipped>
      </testcase>
      <testcase name="[k8s.io] Sysctls [NodeFeature:Sysctls] should not launch unsafe, but not explicitly enabled sysctls on the node" classname="Kubernetes e2e suite" time="0">
          <skipped></skipped>
      </testcase>
      <testcase name="[sig-storage] In-tree Volumes [Driver: ceph][Feature:Volumes] [Testpattern: Dynamic PV (ntfs)][sig-windows] subPath should support existing directories when readOnly specified in the volumeSource" classname="Kubernetes e2e suite" time="0">
          <skipped></skipped>
      </testcase>
      <testcase name="[sig-autoscaling] Cluster size autoscaling [Slow] should disable node pool autoscaling [Feature:ClusterSizeAutoscalingScaleUp]" classname="Kubernetes e2e suite" time="0">
          <skipped></skipped>
      </testcase>
      <testcase name="[sig-storage] In-tree Volumes [Driver: azure] [Testpattern: Pre-provisioned PV (ext4)] volumes should allow exec of files on the volume" classname="Kubernetes e2e suite" time="0">
          <skipped></skipped>
      </testcase>
      <testcase name="[sig-storage] In-tree Volumes [Driver: local][LocalVolumeType: block] [Testpattern: Dynamic PV (ntfs)][sig-windows] subPath should support readOnly directory specified in the volumeMount" classname="Kubernetes e2e suite" time="0">
          <skipped></skipped>
      </testcase>
      <testcase name="[sig-storage] In-tree Volumes [Driver: nfs] [Testpattern: Dynamic PV (block volmode)] multiVolume [Slow] should access to two volumes with different volume mode and retain data across pod recreation on the same node" classname="Kubernetes e2e suite" time="0">
          <skipped></skipped>
      </testcase>
      <testcase name="[sig-api-machinery] AdmissionWebhook Should be able to deny attaching pod" classname="Kubernetes e2e suite" time="0">
          <skipped></skipped>
      </testcase>
      <testcase name="[sig-storage] In-tree Volumes [Driver: aws] [Testpattern: Dynamic PV (block volmode)] multiVolume [Slow] should access to two volumes with different volume mode and retain data across pod recreation on the same node" classname="Kubernetes e2e suite" time="0">
          <skipped></skipped>
      </testcase>
      <testcase name="[sig-storage] In-tree Volumes [Driver: local][LocalVolumeType: tmpfs] [Testpattern: Inline-volume (ntfs)][sig-windows] volumes should be mountable" classname="Kubernetes e2e suite" time="0">
          <skipped></skipped>
      </testcase>
      <testcase name="[sig-storage] In-tree Volumes [Driver: cinder] [Testpattern: Pre-provisioned PV (filesystem volmode)] multiVolume [Slow] should access to two volumes with the same volume mode and retain data across pod recreation on the same node" classname="Kubernetes e2e suite" time="0">
          <skipped></skipped>
      </testcase>
      <testcase name="[sig-storage] In-tree Volumes [Driver: local][LocalVolumeType: tmpfs] [Testpattern: Dynamic PV (ntfs)][sig-windows] subPath should fail if non-existent subpath is outside the volume [Slow][LinuxOnly]" classname="Kubernetes e2e suite" time="0">
          <skipped></skipped>
      </testcase>
      <testcase name="[sig-storage] CSI Volumes [Driver: pd.csi.storage.gke.io][Serial] [Testpattern: Pre-provisioned PV (filesystem volmode)] multiVolume [Slow] should access to two volumes with different volume mode and retain data across pod recreation on different node" classname="Kubernetes e2e suite" time="0">
          <skipped></skipped>
      </testcase>
      <testcase name="[sig-apps] ReplicaSet should adopt matching pods on creation and release no longer matching pods [Conformance]" classname="Kubernetes e2e suite" time="56.429829703"></testcase>
      <testcase name="[sig-storage] In-tree Volumes [Driver: azure] [Testpattern: Pre-provisioned PV (filesystem volmode)] multiVolume [Slow] should concurrently access the single volume from pods on different node" classname="Kubernetes e2e suite" time="0">
          <skipped></skipped>
      </testcase>
      <testcase name="[sig-storage] In-tree Volumes [Driver: azure] [Testpattern: Dynamic PV (filesystem volmode)] multiVolume [Slow] should access to two volumes with the same volume mode and retain data across pod recreation on the same node" classname="Kubernetes e2e suite" time="0">
          <skipped></skipped>
      </testcase>
      <testcase name="[sig-storage] CSI Volumes [Driver: csi-hostpath-v0] [Testpattern: Dynamic PV (block volmode)] multiVolume [Slow] should access to two volumes with different volume mode and retain data across pod recreation on different node" classname="Kubernetes e2e suite" time="0">
          <skipped></skipped>
      </testcase>
      <testcase name="[sig-storage] In-tree Volumes [Driver: gluster] [Testpattern: Pre-provisioned PV (default fs)] volumes should allow exec of files on the volume" classname="Kubernetes e2e suite" time="0">
          <skipped></skipped>
      </testcase>
      <testcase name="[sig-api-machinery] Servers with support for API chunking should return chunks of results for list calls" classname="Kubernetes e2e suite" time="0">
          <skipped></skipped>
      </testcase>
      <testcase name="[sig-storage] In-tree Volumes [Driver: local][LocalVolumeType: tmpfs] [Testpattern: Dynamic PV (default fs)] subPath should support readOnly file specified in the volumeMount [LinuxOnly]" classname="Kubernetes e2e suite" time="0">
          <skipped></skipped>
      </testcase>
      <testcase name="[sig-storage] In-tree Volumes [Driver: cinder] [Testpattern: Dynamic PV (default fs)] volumes should be mountable" classname="Kubernetes e2e suite" time="0">
          <skipped></skipped>
      </testcase>
      <testcase name="[sig-storage] In-tree Volumes [Driver: ceph][Feature:Volumes] [Testpattern: Dynamic PV (ntfs)][sig-windows] subPath should unmount if pod is force deleted while kubelet is down [Disruptive][Slow][LinuxOnly]" classname="Kubernetes e2e suite" time="0">
          <skipped></skipped>
      </testcase>
      <testcase name="[sig-storage] In-tree Volumes [Driver: local][LocalVolumeType: dir] [Testpattern: Pre-provisioned PV (filesystem volmode)] multiVolume [Slow] should access to two volumes with different volume mode and retain data across pod recreation on the same node" classname="Kubernetes e2e suite" time="0">
          <skipped></skipped>
      </testcase>
      <testcase name="[sig-storage] In-tree Volumes [Driver: local][LocalVolumeType: dir-link-bindmounted] [Testpattern: Dynamic PV (ntfs)][sig-windows] provisioning should provision storage with defaults" classname="Kubernetes e2e suite" time="0">
          <skipped></skipped>
      </testcase>
      <testcase name="[sig-storage] In-tree Volumes [Driver: local][LocalVolumeType: dir-link] [Testpattern: Pre-provisioned PV (block volmode)] multiVolume [Slow] should access to two volumes with different volume mode and retain data across pod recreation on the same node" classname="Kubernetes e2e suite" time="0">
          <skipped></skipped>
      </testcase>
      <testcase name="[sig-storage] In-tree Volumes [Driver: local][LocalVolumeType: dir-bindmounted] [Testpattern: Dynamic PV (block volmode)] volumeMode should fail in binding dynamic provisioned PV to PVC" classname="Kubernetes e2e suite" time="0">
          <skipped></skipped>
      </testcase>
      <testcase name="[sig-storage] In-tree Volumes [Driver: local][LocalVolumeType: dir-bindmounted] [Testpattern: Inline-volume (default fs)] subPath should support existing single file [LinuxOnly]" classname="Kubernetes e2e suite" time="0">
          <skipped></skipped>
      </testcase>
      <testcase name="[sig-storage] In-tree Volumes [Driver: vSphere] [Testpattern: Dynamic PV (default fs)] subPath should support file as subpath [LinuxOnly]" classname="Kubernetes e2e suite" time="0">
          <skipped></skipped>
      </testcase>
      <testcase name="[sig-storage] In-tree Volumes [Driver: local][LocalVolumeType: block] [Testpattern: Inline-volume (ntfs)][sig-windows] volumes should allow exec of files on the volume" classname="Kubernetes e2e suite" time="0">
          <skipped></skipped>
      </testcase>
      <testcase name="[sig-network] DNS should resolve DNS of partial qualified names for the cluster [LinuxOnly]" classname="Kubernetes e2e suite" time="0">
          <skipped></skipped>
      </testcase>
      <testcase name="[sig-storage] Secrets Should fail non-optional pod creation due to the key in the secret object does not exist [Slow]" classname="Kubernetes e2e suite" time="0">
          <skipped></skipped>
      </testcase>
      <testcase name="[sig-storage] In-tree Volumes [Driver: local][LocalVolumeType: tmpfs] [Testpattern: Inline-volume (ext4)] volumes should allow exec of files on the volume" classname="Kubernetes e2e suite" time="0">
          <skipped></skipped>
      </testcase>
      <testcase name="[sig-storage] In-tree Volumes [Driver: local][LocalVolumeType: blockfs] [Testpattern: Dynamic PV (default fs)] subPath should support file as subpath [LinuxOnly]" classname="Kubernetes e2e suite" time="0">
          <skipped></skipped>
      </testcase>
      <testcase name="[sig-storage] In-tree Volumes [Driver: local][LocalVolumeType: dir-bindmounted] [Testpattern: Dynamic PV (default fs)] volumes should allow exec of files on the volume" classname="Kubernetes e2e suite" time="0">
          <skipped></skipped>
      </testcase>
      <testcase name="[sig-storage] CSI Volumes [Driver: csi-hostpath-v0] [Testpattern: Inline-volume (default fs)] subPath should fail if subpath directory is outside the volume [Slow]" classname="Kubernetes e2e suite" time="0">
          <skipped></skipped>
      </testcase>
      <testcase name="[sig-storage] In-tree Volumes [Driver: gcepd] [Testpattern: Dynamic PV (default fs)] provisioning should provision storage with defaults" classname="Kubernetes e2e suite" time="0">
          <skipped></skipped>
      </testcase>
      <testcase name="[sig-storage] In-tree Volumes [Driver: cinder] [Testpattern: Dynamic PV (default fs)] subPath should be able to unmount after the subpath directory is deleted" classname="Kubernetes e2e suite" time="0">
          <skipped></skipped>
      </testcase>
      <testcase name="[sig-storage] In-tree Volumes [Driver: local][LocalVolumeType: blockfs] [Testpattern: Pre-provisioned PV (block volmode)] multiVolume [Slow] should concurrently access the single volume from pods on the same node" classname="Kubernetes e2e suite" time="0">
          <skipped></skipped>
      </testcase>
      <testcase name="[sig-storage] In-tree Volumes [Driver: emptydir] [Testpattern: Dynamic PV (default fs)] subPath should fail if non-existent subpath is outside the volume [Slow][LinuxOnly]" classname="Kubernetes e2e suite" time="0">
          <skipped></skipped>
      </testcase>
      <testcase name="[sig-storage] In-tree Volumes [Driver: local][LocalVolumeType: blockfs] [Testpattern: Inline-volume (default fs)] subPath should unmount if pod is force deleted while kubelet is down [Disruptive][Slow][LinuxOnly]" classname="Kubernetes e2e suite" time="0">
          <skipped></skipped>
      </testcase>
      <testcase name="[sig-storage] In-tree Volumes [Driver: hostPathSymlink] [Testpattern: Pre-provisioned PV (block volmode)] multiVolume [Slow] should access to two volumes with different volume mode and retain data across pod recreation on different node" classname="Kubernetes e2e suite" time="0">
          <skipped></skipped>
      </testcase>
      <testcase name="[sig-storage] PersistentVolumes-local  [Volume type: dir-bindmounted] Two pods mounting a local volume one after the other should be able to write from pod1 and read from pod2" classname="Kubernetes e2e suite" time="0">
          <skipped></skipped>
      </testcase>
      <testcase name="[sig-windows] Hybrid cluster network for all supported CNIs should have stable networking for Linux and Windows pods" classname="Kubernetes e2e suite" time="0">
          <skipped></skipped>
      </testcase>
      <testcase name="[sig-storage] In-tree Volumes [Driver: local][LocalVolumeType: dir] [Testpattern: Dynamic PV (ntfs)][sig-windows] subPath should unmount if pod is force deleted while kubelet is down [Disruptive][Slow][LinuxOnly]" classname="Kubernetes e2e suite" time="0">
          <skipped></skipped>
      </testcase>
      <testcase name="[sig-storage] In-tree Volumes [Driver: aws] [Testpattern: Dynamic PV (block volmode)] multiVolume [Slow] should concurrently access the single volume from pods on the same node" classname="Kubernetes e2e suite" time="0">
          <skipped></skipped>
      </testcase>
      <testcase name="[sig-storage] In-tree Volumes [Driver: local][LocalVolumeType: gce-localssd-scsi-fs] [Serial] [Testpattern: Dynamic PV (block volmode)] multiVolume [Slow] should concurrently access the single volume from pods on the same node" classname="Kubernetes e2e suite" time="0">
          <skipped></skipped>
      </testcase>
      <testcase name="[sig-storage] In-tree Volumes [Driver: local][LocalVolumeType: dir] [Testpattern: Dynamic PV (default fs)] subPath should verify container cannot write to subpath readonly volumes [Slow]" classname="Kubernetes e2e suite" time="0">
          <skipped></skipped>
      </testcase>
      <testcase name="[sig-storage] In-tree Volumes [Driver: local][LocalVolumeType: dir-link-bindmounted] [Testpattern: Inline-volume (default fs)] subPath should unmount if pod is gracefully deleted while kubelet is down [Disruptive][Slow][LinuxOnly]" classname="Kubernetes e2e suite" time="0">
          <skipped></skipped>
      </testcase>
      <testcase name="[sig-autoscaling] Cluster size autoscaling [Slow] should correctly scale down after a node is not needed and one node is broken [Feature:ClusterSizeAutoscalingScaleDown]" classname="Kubernetes e2e suite" time="0">
          <skipped></skipped>
      </testcase>
      <testcase name="[sig-storage] In-tree Volumes [Driver: local][LocalVolumeType: dir-link-bindmounted] [Testpattern: Dynamic PV (ntfs)][sig-windows] subPath should fail if subpath with backstepping is outside the volume [Slow]" classname="Kubernetes e2e suite" time="0">
          <skipped></skipped>
      </testcase>
      <testcase name="[sig-storage] Projected downwardAPI should provide container&#39;s memory limit [NodeConformance] [Conformance]" classname="Kubernetes e2e suite" time="12.627666093"></testcase>
      <testcase name="[sig-storage] Dynamic Provisioning DynamicProvisioner [Slow] deletion should be idempotent" classname="Kubernetes e2e suite" time="0">
          <skipped></skipped>
      </testcase>
      <testcase name="[sig-storage] In-tree Volumes [Driver: nfs] [Testpattern: Pre-provisioned PV (block volmode)] multiVolume [Slow] should access to two volumes with different volume mode and retain data across pod recreation on the same node" classname="Kubernetes e2e suite" time="0">
          <skipped></skipped>
      </testcase>
      <testcase name="[sig-storage] In-tree Volumes [Driver: local][LocalVolumeType: gce-localssd-scsi-fs] [Serial] [Testpattern: Inline-volume (default fs)] subPath should verify container cannot write to subpath readonly volumes [Slow]" classname="Kubernetes e2e suite" time="0">
          <skipped></skipped>
      </testcase>
      <testcase name="[sig-storage] In-tree Volumes [Driver: gcepd] [Testpattern: Pre-provisioned PV (default fs)] subPath should fail if subpath directory is outside the volume [Slow]" classname="Kubernetes e2e suite" time="0">
          <skipped></skipped>
      </testcase>
      <testcase name="[sig-storage] In-tree Volumes [Driver: ceph][Feature:Volumes] [Testpattern: Inline-volume (ntfs)][sig-windows] volumes should allow exec of files on the volume" classname="Kubernetes e2e suite" time="0">
          <skipped></skipped>
      </testcase>
      <testcase name="[sig-storage] In-tree Volumes [Driver: gcepd] [Testpattern: Dynamic PV (filesystem volmode)] multiVolume [Slow] should access to two volumes with the same volume mode and retain data across pod recreation on the same node" classname="Kubernetes e2e suite" time="0">
          <skipped></skipped>
      </testcase>
      <testcase name="[sig-storage] In-tree Volumes [Driver: gluster] [Testpattern: Dynamic PV (default fs)] subPath should unmount if pod is gracefully deleted while kubelet is down [Disruptive][Slow][LinuxOnly]" classname="Kubernetes e2e suite" time="0">
          <skipped></skipped>
      </testcase>
      <testcase name="[sig-storage] Volume Attach Verify [Feature:vsphere][Serial][Disruptive] verify volume remains attached after master kubelet restart" classname="Kubernetes e2e suite" time="0">
          <skipped></skipped>
      </testcase>
      <testcase name="[sig-storage] In-tree Volumes [Driver: cinder] [Testpattern: Pre-provisioned PV (ext4)] volumes should be mountable" classname="Kubernetes e2e suite" time="0">
          <skipped></skipped>
      </testcase>
      <testcase name="[sig-storage] PersistentVolumes-local  [Volume type: blockfswithformat] Two pods mounting a local volume one after the other should be able to write from pod1 and read from pod2" classname="Kubernetes e2e suite" time="0">
          <skipped></skipped>
      </testcase>
      <testcase name="[sig-storage] In-tree Volumes [Driver: iscsi][Feature:Volumes] [Testpattern: Pre-provisioned PV (block volmode)] multiVolume [Slow] should concurrently access the single volume from pods on different node" classname="Kubernetes e2e suite" time="0">
          <skipped></skipped>
      </testcase>
      <testcase name="[sig-storage] CSI Volumes [Driver: csi-hostpath] [Testpattern: Dynamic PV (ntfs)][sig-windows] subPath should fail if subpath directory is outside the volume [Slow]" classname="Kubernetes e2e suite" time="0">
          <skipped></skipped>
      </testcase>
      <testcase name="[sig-storage] In-tree Volumes [Driver: azure] [Testpattern: Pre-provisioned PV (block volmode)] multiVolume [Slow] should concurrently access the single volume from pods on different node" classname="Kubernetes e2e suite" time="0">
          <skipped></skipped>
      </testcase>
      <testcase name="[sig-storage] CSI Volumes [Driver: csi-hostpath-v0] [Testpattern: Inline-volume (default fs)] subPath should support non-existent path" classname="Kubernetes e2e suite" time="0">
          <skipped></skipped>
      </testcase>
      <testcase name="[sig-storage] In-tree Volumes [Driver: local][LocalVolumeType: dir-bindmounted] [Testpattern: Pre-provisioned PV (default fs)] subPath should support readOnly directory specified in the volumeMount" classname="Kubernetes e2e suite" time="0">
          <skipped></skipped>
      </testcase>
      <testcase name="[sig-network] Loadbalancing: L7 GCE [Slow] [Feature:NEG] should sync endpoints for both Ingress-referenced NEG and standalone NEG" classname="Kubernetes e2e suite" time="0">
          <skipped></skipped>
      </testcase>
      <testcase name="[sig-storage] In-tree Volumes [Driver: nfs] [Testpattern: Inline-volume (xfs)] volumes should be mountable" classname="Kubernetes e2e suite" time="0">
          <skipped></skipped>
      </testcase>
      <testcase name="[sig-storage] In-tree Volumes [Driver: ceph][Feature:Volumes] [Testpattern: Pre-provisioned PV (filesystem volmode)] multiVolume [Slow] should access to two volumes with different volume mode and retain data across pod recreation on the same node" classname="Kubernetes e2e suite" time="0">
          <skipped></skipped>
      </testcase>
      <testcase name="[sig-storage] In-tree Volumes [Driver: local][LocalVolumeType: tmpfs] [Testpattern: Pre-provisioned PV (filesystem volmode)] multiVolume [Slow] should access to two volumes with different volume mode and retain data across pod recreation on different node" classname="Kubernetes e2e suite" time="0">
          <skipped></skipped>
      </testcase>
      <testcase name="[sig-storage] In-tree Volumes [Driver: hostPath] [Testpattern: Pre-provisioned PV (default fs)] subPath should fail if subpath directory is outside the volume [Slow]" classname="Kubernetes e2e suite" time="0">
          <skipped></skipped>
      </testcase>
      <testcase name="[sig-storage] In-tree Volumes [Driver: gluster] [Testpattern: Pre-provisioned PV (default fs)] subPath should unmount if pod is gracefully deleted while kubelet is down [Disruptive][Slow][LinuxOnly]" classname="Kubernetes e2e suite" time="0">
          <skipped></skipped>
      </testcase>
      <testcase name="[sig-storage] CSI mock volume CSI workload information using mock driver should not be passed when podInfoOnMount=false" classname="Kubernetes e2e suite" time="0">
          <skipped></skipped>
      </testcase>
      <testcase name="[sig-storage] In-tree Volumes [Driver: cinder] [Testpattern: Inline-volume (default fs)] subPath should support restarting containers using file as subpath [Slow][LinuxOnly]" classname="Kubernetes e2e suite" time="0">
          <skipped></skipped>
      </testcase>
      <testcase name="[sig-storage] In-tree Volumes [Driver: azure] [Testpattern: Dynamic PV (ntfs)][sig-windows] volumes should allow exec of files on the volume" classname="Kubernetes e2e suite" time="0">
          <skipped></skipped>
      </testcase>
      <testcase name="[sig-storage] CSI Volumes [Driver: csi-hostpath] [Testpattern: Inline-volume (default fs)] subPath should unmount if pod is gracefully deleted while kubelet is down [Disruptive][Slow][LinuxOnly]" classname="Kubernetes e2e suite" time="0">
          <skipped></skipped>
      </testcase>
      <testcase name="[sig-storage] In-tree Volumes [Driver: local][LocalVolumeType: tmpfs] [Testpattern: Dynamic PV (block volmode)] volumeMode should fail in binding dynamic provisioned PV to PVC" classname="Kubernetes e2e suite" time="0">
          <skipped></skipped>
      </testcase>
      <testcase name="[sig-storage] In-tree Volumes [Driver: ceph][Feature:Volumes] [Testpattern: Dynamic PV (filesystem volmode)] multiVolume [Slow] should access to two volumes with the same volume mode and retain data across pod recreation on the same node" classname="Kubernetes e2e suite" time="0">
          <skipped></skipped>
      </testcase>
      <testcase name="[sig-network] Networking Granular Checks: Pods should function for intra-pod communication: http [LinuxOnly] [NodeConformance] [Conformance]" classname="Kubernetes e2e suite" time="51.060835248"></testcase>
      <testcase name="[sig-storage] In-tree Volumes [Driver: nfs] [Testpattern: Dynamic PV (ntfs)][sig-windows] provisioning should access volume from different nodes" classname="Kubernetes e2e suite" time="0">
          <skipped></skipped>
      </testcase>
      <testcase name="[sig-storage] CSI Volumes [Driver: csi-hostpath] [Testpattern: Pre-provisioned PV (default fs)] subPath should support file as subpath [LinuxOnly]" classname="Kubernetes e2e suite" time="0">
          <skipped></skipped>
      </testcase>
      <testcase name="[sig-instrumentation] Stackdriver Monitoring should have accelerator metrics [Feature:StackdriverAcceleratorMonitoring]" classname="Kubernetes e2e suite" time="0">
          <skipped></skipped>
      </testcase>
      <testcase name="[sig-network] DNS configMap nameserver [IPv4] Change stubDomain should be able to change stubDomain configuration [Slow][Serial]" classname="Kubernetes e2e suite" time="0">
          <skipped></skipped>
      </testcase>
      <testcase name="[sig-storage] In-tree Volumes [Driver: ceph][Feature:Volumes] [Testpattern: Pre-provisioned PV (default fs)] subPath should support restarting containers using file as subpath [Slow][LinuxOnly]" classname="Kubernetes e2e suite" time="0">
          <skipped></skipped>
      </testcase>
      <testcase name="[sig-storage] In-tree Volumes [Driver: local][LocalVolumeType: tmpfs] [Testpattern: Inline-volume (ext3)] volumes should be mountable" classname="Kubernetes e2e suite" time="0">
          <skipped></skipped>
      </testcase>
      <testcase name="[sig-storage] In-tree Volumes [Driver: cinder] [Testpattern: Dynamic PV (filesystem volmode)] multiVolume [Slow] should concurrently access the single volume from pods on different node" classname="Kubernetes e2e suite" time="0">
          <skipped></skipped>
      </testcase>
      <testcase name="[sig-cluster-lifecycle] Reboot [Disruptive] [Feature:Reboot] each node by ordering unclean reboot and ensure they function upon restart" classname="Kubernetes e2e suite" time="0">
          <skipped></skipped>
      </testcase>
      <testcase name="[sig-storage] Dynamic Provisioning DynamicProvisioner [Slow] should not provision a volume in an unmanaged GCE zone." classname="Kubernetes e2e suite" time="0">
          <skipped></skipped>
      </testcase>
      <testcase name="[sig-storage] In-tree Volumes [Driver: ceph][Feature:Volumes] [Testpattern: Dynamic PV (filesystem volmode)] multiVolume [Slow] should access to two volumes with different volume mode and retain data across pod recreation on the same node" classname="Kubernetes e2e suite" time="0">
          <skipped></skipped>
      </testcase>
      <testcase name="[sig-storage] In-tree Volumes [Driver: azure] [Testpattern: Pre-provisioned PV (default fs)] volumes should be mountable" classname="Kubernetes e2e suite" time="0">
          <skipped></skipped>
      </testcase>
      <testcase name="[sig-instrumentation] [Feature:PrometheusMonitoring] Prometheus should successfully scrape all targets" classname="Kubernetes e2e suite" time="0">
          <skipped></skipped>
      </testcase>
      <testcase name="[sig-apps] CronJob should delete successful finished jobs with limit of one successful job" classname="Kubernetes e2e suite" time="0">
          <skipped></skipped>
      </testcase>
      <testcase name="[sig-storage] In-tree Volumes [Driver: local][LocalVolumeType: dir-bindmounted] [Testpattern: Pre-provisioned PV (filesystem volmode)] multiVolume [Slow] should concurrently access the single volume from pods on the same node" classname="Kubernetes e2e suite" time="0">
          <skipped></skipped>
      </testcase>
      <testcase name="[sig-storage] CSI Volumes [Driver: csi-hostpath-v0] [Testpattern: Pre-provisioned PV (default fs)] subPath should verify container cannot write to subpath readonly volumes [Slow]" classname="Kubernetes e2e suite" time="0">
          <skipped></skipped>
      </testcase>
      <testcase name="[sig-storage] In-tree Volumes [Driver: gcepd] [Testpattern: Dynamic PV (ntfs)][sig-windows] subPath should support existing directories when readOnly specified in the volumeSource" classname="Kubernetes e2e suite" time="0">
          <skipped></skipped>
      </testcase>
      <testcase name="[sig-storage] In-tree Volumes [Driver: local][LocalVolumeType: block] [Testpattern: Inline-volume (default fs)] subPath should unmount if pod is gracefully deleted while kubelet is down [Disruptive][Slow][LinuxOnly]" classname="Kubernetes e2e suite" time="0">
          <skipped></skipped>
      </testcase>
      <testcase name="[sig-storage] In-tree Volumes [Driver: gcepd] [Testpattern: Dynamic PV (ntfs)][sig-windows] subPath should be able to unmount after the subpath directory is deleted" classname="Kubernetes e2e suite" time="0">
          <skipped></skipped>
      </testcase>
      <testcase name="[sig-storage] In-tree Volumes [Driver: gcepd] [Testpattern: Dynamic PV (block volmode)] multiVolume [Slow] should concurrently access the single volume from pods on different node" classname="Kubernetes e2e suite" time="0">
          <skipped></skipped>
      </testcase>
      <testcase name="[sig-storage] In-tree Volumes [Driver: local][LocalVolumeType: dir] [Testpattern: Dynamic PV (xfs)] volumes should allow exec of files on the volume" classname="Kubernetes e2e suite" time="0">
          <skipped></skipped>
      </testcase>
      <testcase name="[sig-storage] Secrets should be consumable from pods in volume as non-root with defaultMode and fsGroup set [LinuxOnly] [NodeConformance] [Conformance]" classname="Kubernetes e2e suite" time="12.487686496"></testcase>
      <testcase name="[sig-storage] In-tree Volumes [Driver: hostPathSymlink] [Testpattern: Pre-provisioned PV (default fs)] subPath should support restarting containers using file as subpath [Slow][LinuxOnly]" classname="Kubernetes e2e suite" time="0">
          <skipped></skipped>
      </testcase>
      <testcase name="[sig-storage] In-tree Volumes [Driver: emptydir] [Testpattern: Inline-volume (default fs)] subPath should support readOnly file specified in the volumeMount [LinuxOnly]" classname="Kubernetes e2e suite" time="0">
          <skipped></skipped>
      </testcase>
      <testcase name="[sig-storage] In-tree Volumes [Driver: ceph][Feature:Volumes] [Testpattern: Pre-provisioned PV (ntfs)][sig-windows] volumes should be mountable" classname="Kubernetes e2e suite" time="0">
          <skipped></skipped>
      </testcase>
      <testcase name="[sig-storage] In-tree Volumes [Driver: local][LocalVolumeType: block] [Testpattern: Dynamic PV (default fs)] subPath should support readOnly directory specified in the volumeMount" classname="Kubernetes e2e suite" time="0">
          <skipped></skipped>
      </testcase>
      <testcase name="[sig-storage] In-tree Volumes [Driver: local][LocalVolumeType: blockfs] [Testpattern: Pre-provisioned PV (block volmode)] volumeMode should fail to create pod by failing to mount volume [Slow]" classname="Kubernetes e2e suite" time="0">
          <skipped></skipped>
      </testcase>
      <testcase name="[sig-storage] In-tree Volumes [Driver: hostPathSymlink] [Testpattern: Pre-provisioned PV (default fs)] subPath should fail if subpath file is outside the volume [Slow][LinuxOnly]" classname="Kubernetes e2e suite" time="0">
          <skipped></skipped>
      </testcase>
      <testcase name="[sig-storage] CSI Volumes [Driver: pd.csi.storage.gke.io][Serial] [Testpattern: Dynamic PV (default fs)] volumeIO should write files of various sizes, verify size, validate content [Slow]" classname="Kubernetes e2e suite" time="0">
          <skipped></skipped>
      </testcase>
      <testcase name="[sig-storage] In-tree Volumes [Driver: hostPath] [Testpattern: Inline-volume (default fs)] subPath should support existing single file [LinuxOnly]" classname="Kubernetes e2e suite" time="0">
          <skipped></skipped>
      </testcase>
      <testcase name="[sig-storage] In-tree Volumes [Driver: local][LocalVolumeType: dir-link-bindmounted] [Testpattern: Dynamic PV (default fs)] subPath should fail if subpath with backstepping is outside the volume [Slow]" classname="Kubernetes e2e suite" time="0">
          <skipped></skipped>
      </testcase>
      <testcase name="[sig-storage] In-tree Volumes [Driver: gcepd] [Testpattern: Dynamic PV (default fs)] subPath should fail if non-existent subpath is outside the volume [Slow][LinuxOnly]" classname="Kubernetes e2e suite" time="0">
          <skipped></skipped>
      </testcase>
      <testcase name="[sig-storage] In-tree Volumes [Driver: cinder] [Testpattern: Inline-volume (default fs)] subPath should fail if subpath with backstepping is outside the volume [Slow]" classname="Kubernetes e2e suite" time="0">
          <skipped></skipped>
      </testcase>
      <testcase name="[sig-storage] In-tree Volumes [Driver: iscsi][Feature:Volumes] [Testpattern: Pre-provisioned PV (default fs)] subPath should verify container cannot write to subpath readonly volumes [Slow]" classname="Kubernetes e2e suite" time="0">
          <skipped></skipped>
      </testcase>
      <testcase name="[sig-api-machinery] ResourceQuota should create a ResourceQuota and capture the life of a persistent volume claim with a storage class. [sig-storage]" classname="Kubernetes e2e suite" time="0">
          <skipped></skipped>
      </testcase>
      <testcase name="[sig-storage] CSI Volumes [Driver: csi-hostpath] [Testpattern: Dynamic PV (ntfs)][sig-windows] subPath should unmount if pod is force deleted while kubelet is down [Disruptive][Slow][LinuxOnly]" classname="Kubernetes e2e suite" time="0">
          <skipped></skipped>
      </testcase>
      <testcase name="[sig-storage] In-tree Volumes [Driver: local][LocalVolumeType: dir] [Testpattern: Dynamic PV (filesystem volmode)] multiVolume [Slow] should access to two volumes with different volume mode and retain data across pod recreation on the same node" classname="Kubernetes e2e suite" time="0">
          <skipped></skipped>
      </testcase>
      <testcase name="[sig-storage] In-tree Volumes [Driver: local][LocalVolumeType: dir] [Testpattern: Pre-provisioned PV (filesystem volmode)] multiVolume [Slow] should access to two volumes with different volume mode and retain data across pod recreation on different node" classname="Kubernetes e2e suite" time="0">
          <skipped></skipped>
      </testcase>
      <testcase name="[sig-storage] In-tree Volumes [Driver: local][LocalVolumeType: tmpfs] [Testpattern: Dynamic PV (default fs)] subPath should support existing single file [LinuxOnly]" classname="Kubernetes e2e suite" time="0">
          <skipped></skipped>
      </testcase>
      <testcase name="[sig-autoscaling] Cluster size autoscaling [Slow] should increase cluster size if pending pods are small and there is another node pool that is not autoscaled [Feature:ClusterSizeAutoscalingScaleUp]" classname="Kubernetes e2e suite" time="0">
          <skipped></skipped>
      </testcase>
      <testcase name="[sig-storage] CSI Volumes [Driver: csi-hostpath-v0] [Testpattern: Dynamic PV (ntfs)][sig-windows] subPath should support existing single file [LinuxOnly]" classname="Kubernetes e2e suite" time="0">
          <skipped></skipped>
      </testcase>
      <testcase name="[sig-storage] CSI Volumes [Driver: csi-hostpath-v0] [Testpattern: Dynamic PV (default fs)] subPath should fail if non-existent subpath is outside the volume [Slow][LinuxOnly]" classname="Kubernetes e2e suite" time="0">
          <skipped></skipped>
      </testcase>
      <testcase name="[sig-storage] In-tree Volumes [Driver: emptydir] [Testpattern: Pre-provisioned PV (default fs)] subPath should be able to unmount after the subpath directory is deleted" classname="Kubernetes e2e suite" time="0">
          <skipped></skipped>
      </testcase>
      <testcase name="[sig-storage] In-tree Volumes [Driver: nfs] [Testpattern: Dynamic PV (default fs)] volumeIO should write files of various sizes, verify size, validate content [Slow]" classname="Kubernetes e2e suite" time="0">
          <skipped></skipped>
      </testcase>
      <testcase name="[sig-storage] In-tree Volumes [Driver: local][LocalVolumeType: block] [Testpattern: Pre-provisioned PV (default fs)] subPath should support restarting containers using directory as subpath [Slow]" classname="Kubernetes e2e suite" time="0">
          <skipped></skipped>
      </testcase>
      <testcase name="[sig-storage] In-tree Volumes [Driver: rbd][Feature:Volumes] [Testpattern: Pre-provisioned PV (default fs)] subPath should verify container cannot write to subpath readonly volumes [Slow]" classname="Kubernetes e2e suite" time="0">
          <skipped></skipped>
      </testcase>
      <testcase name="[sig-storage] CSI Volumes [Driver: csi-hostpath] [Testpattern: Dynamic PV (ntfs)][sig-windows] provisioning should provision storage with defaults" classname="Kubernetes e2e suite" time="0">
          <skipped></skipped>
      </testcase>
      <testcase name="[sig-storage] Pod Disks detach in a disrupted environment [Slow] [Disruptive] when pod is evicted" classname="Kubernetes e2e suite" time="0">
          <skipped></skipped>
      </testcase>
      <testcase name="[sig-apps] Network Partition [Disruptive] [Slow] [k8s.io] Pods should be evicted from unready Node [Feature:TaintEviction] All pods on the unreachable node should be marked as NotReady upon the node turn NotReady AND all pods should be evicted after eviction timeout passes" classname="Kubernetes e2e suite" time="0">
          <skipped></skipped>
      </testcase>
      <testcase name="[sig-storage] In-tree Volumes [Driver: azure] [Testpattern: Dynamic PV (ext4)] volumes should allow exec of files on the volume" classname="Kubernetes e2e suite" time="0">
          <skipped></skipped>
      </testcase>
      <testcase name="[sig-storage] Volume expand should not allow expansion of pvcs without AllowVolumeExpansion property" classname="Kubernetes e2e suite" time="0">
          <skipped></skipped>
      </testcase>
      <testcase name="[sig-storage] In-tree Volumes [Driver: ceph][Feature:Volumes] [Testpattern: Pre-provisioned PV (default fs)] subPath should fail if non-existent subpath is outside the volume [Slow][LinuxOnly]" classname="Kubernetes e2e suite" time="0">
          <skipped></skipped>
      </testcase>
      <testcase name="[sig-storage] CSI Volumes [Driver: csi-hostpath] [Testpattern: Dynamic PV (filesystem volmode)] multiVolume [Slow] should concurrently access the single volume from pods on different node" classname="Kubernetes e2e suite" time="0">
          <skipped></skipped>
      </testcase>
      <testcase name="[sig-storage] In-tree Volumes [Driver: local][LocalVolumeType: tmpfs] [Testpattern: Inline-volume (default fs)] subPath should support restarting containers using directory as subpath [Slow]" classname="Kubernetes e2e suite" time="0">
          <skipped></skipped>
      </testcase>
      <testcase name="[sig-storage] In-tree Volumes [Driver: nfs] [Testpattern: Inline-volume (default fs)] volumes should be mountable" classname="Kubernetes e2e suite" time="0">
          <skipped></skipped>
      </testcase>
      <testcase name="[sig-cluster-lifecycle] Nodes [Disruptive] Resize [Slow] should be able to add nodes" classname="Kubernetes e2e suite" time="0">
          <skipped></skipped>
      </testcase>
      <testcase name="[sig-storage] In-tree Volumes [Driver: local][LocalVolumeType: dir-bindmounted] [Testpattern: Dynamic PV (default fs)] subPath should support file as subpath [LinuxOnly]" classname="Kubernetes e2e suite" time="0">
          <skipped></skipped>
      </testcase>
      <testcase name="[sig-storage] In-tree Volumes [Driver: local][LocalVolumeType: dir-link] [Testpattern: Pre-provisioned PV (default fs)] subPath should fail if subpath with backstepping is outside the volume [Slow]" classname="Kubernetes e2e suite" time="0">
          <skipped></skipped>
      </testcase>
      <testcase name="[sig-storage] In-tree Volumes [Driver: local][LocalVolumeType: blockfs] [Testpattern: Dynamic PV (default fs)] volumes should be mountable" classname="Kubernetes e2e suite" time="0">
          <skipped></skipped>
      </testcase>
      <testcase name="[sig-storage] In-tree Volumes [Driver: local][LocalVolumeType: block] [Testpattern: Dynamic PV (ntfs)][sig-windows] provisioning should provision storage with defaults" classname="Kubernetes e2e suite" time="0">
          <skipped></skipped>
      </testcase>
      <testcase name="[sig-storage] In-tree Volumes [Driver: local][LocalVolumeType: gce-localssd-scsi-fs] [Serial] [Testpattern: Dynamic PV (default fs)] subPath should unmount if pod is gracefully deleted while kubelet is down [Disruptive][Slow][LinuxOnly]" classname="Kubernetes e2e suite" time="0">
          <skipped></skipped>
      </testcase>
      <testcase name="[sig-storage] In-tree Volumes [Driver: rbd][Feature:Volumes] [Testpattern: Pre-provisioned PV (default fs)] subPath should support file as subpath [LinuxOnly]" classname="Kubernetes e2e suite" time="0">
          <skipped></skipped>
      </testcase>
      <testcase name="[sig-storage] In-tree Volumes [Driver: nfs] [Testpattern: Dynamic PV (default fs)] subPath should verify container cannot write to subpath readonly volumes [Slow]" classname="Kubernetes e2e suite" time="0">
          <skipped></skipped>
      </testcase>
      <testcase name="[sig-scheduling] SchedulerPredicates [Serial] validates that NodeAffinity is respected if not matching" classname="Kubernetes e2e suite" time="0">
          <skipped></skipped>
      </testcase>
      <testcase name="[sig-storage] CSI Volumes [Driver: csi-hostpath] [Testpattern: Pre-provisioned PV (block volmode)] multiVolume [Slow] should concurrently access the single volume from pods on the same node" classname="Kubernetes e2e suite" time="0">
          <skipped></skipped>
      </testcase>
      <testcase name="[k8s.io] Container Runtime blackbox test on terminated container should report termination message [LinuxOnly] as empty when pod succeeds and TerminationMessagePolicy FallbackToLogsOnError is set [NodeConformance] [Conformance]" classname="Kubernetes e2e suite" time="11.382668666"></testcase>
      <testcase name="[sig-storage] In-tree Volumes [Driver: vSphere] [Testpattern: Dynamic PV (filesystem volmode)] multiVolume [Slow] should access to two volumes with the same volume mode and retain data across pod recreation on the same node" classname="Kubernetes e2e suite" time="0">
          <skipped></skipped>
      </testcase>
      <testcase name="[sig-node] Downward API should provide pod UID as env vars [NodeConformance] [Conformance]" classname="Kubernetes e2e suite" time="12.38905251"></testcase>
      <testcase name="[sig-storage] In-tree Volumes [Driver: local][LocalVolumeType: dir-link] [Testpattern: Dynamic PV (block volmode)] multiVolume [Slow] should access to two volumes with the same volume mode and retain data across pod recreation on the same node" classname="Kubernetes e2e suite" time="0">
          <skipped></skipped>
      </testcase>
      <testcase name="[sig-storage] In-tree Volumes [Driver: ceph][Feature:Volumes] [Testpattern: Dynamic PV (ntfs)][sig-windows] subPath should support restarting containers using directory as subpath [Slow]" classname="Kubernetes e2e suite" time="0">
          <skipped></skipped>
      </testcase>
      <testcase name="[sig-storage] In-tree Volumes [Driver: iscsi][Feature:Volumes] [Testpattern: Inline-volume (ext4)] volumes should allow exec of files on the volume" classname="Kubernetes e2e suite" time="0">
          <skipped></skipped>
      </testcase>
      <testcase name="[sig-storage] In-tree Volumes [Driver: iscsi][Feature:Volumes] [Testpattern: Dynamic PV (ntfs)][sig-windows] subPath should support readOnly file specified in the volumeMount [LinuxOnly]" classname="Kubernetes e2e suite" time="0">
          <skipped></skipped>
      </testcase>
      <testcase name="[sig-storage] In-tree Volumes [Driver: local][LocalVolumeType: dir-bindmounted] [Testpattern: Pre-provisioned PV (default fs)] subPath should verify container cannot write to subpath readonly volumes [Slow]" classname="Kubernetes e2e suite" time="0">
          <skipped></skipped>
      </testcase>
      <testcase name="[sig-storage] CSI Volumes [Driver: pd.csi.storage.gke.io][Serial] [Testpattern: Dynamic PV (ntfs)][sig-windows] subPath should verify container cannot write to subpath readonly volumes [Slow]" classname="Kubernetes e2e suite" time="0">
          <skipped></skipped>
      </testcase>
      <testcase name="[sig-storage] In-tree Volumes [Driver: local][LocalVolumeType: dir] [Testpattern: Pre-provisioned PV (filesystem volmode)] volumeMode should create sc, pod, pv, and pvc, read/write to the pv, and delete all created resources" classname="Kubernetes e2e suite" time="0">
          <skipped></skipped>
      </testcase>
      <testcase name="[sig-storage] In-tree Volumes [Driver: cinder] [Testpattern: Dynamic PV (default fs)] subPath should fail if subpath directory is outside the volume [Slow]" classname="Kubernetes e2e suite" time="0">
          <skipped></skipped>
      </testcase>
      <testcase name="[sig-apps] Deployment deployment reaping should cascade to its replica sets and pods" classname="Kubernetes e2e suite" time="0">
          <skipped></skipped>
      </testcase>
      <testcase name="[sig-autoscaling] Cluster size autoscaling [Slow] Shouldn&#39;t perform scale up operation and should list unhealthy status if most of the cluster is broken[Feature:ClusterSizeAutoscalingScaleUp]" classname="Kubernetes e2e suite" time="0">
          <skipped></skipped>
      </testcase>
      <testcase name="[sig-storage] Volume Placement should create and delete pod with multiple volumes from different datastore" classname="Kubernetes e2e suite" time="0">
          <skipped></skipped>
      </testcase>
      <testcase name="[sig-storage] CSI Volumes [Driver: csi-hostpath-v0] [Testpattern: Pre-provisioned PV (default fs)] subPath should support readOnly file specified in the volumeMount [LinuxOnly]" classname="Kubernetes e2e suite" time="0">
          <skipped></skipped>
      </testcase>
      <testcase name="[k8s.io] Variable Expansion should fail substituting values in a volume subpath with absolute path [sig-storage][NodeFeature:VolumeSubpathEnvExpansion][Slow]" classname="Kubernetes e2e suite" time="0">
          <skipped></skipped>
      </testcase>
      <testcase name="[sig-storage] CSI Volumes [Driver: pd.csi.storage.gke.io][Serial] [Testpattern: Dynamic PV (ntfs)][sig-windows] subPath should support readOnly directory specified in the volumeMount" classname="Kubernetes e2e suite" time="0">
          <skipped></skipped>
      </testcase>
      <testcase name="[sig-storage] In-tree Volumes [Driver: gcepd] [Testpattern: Pre-provisioned PV (filesystem volmode)] multiVolume [Slow] should access to two volumes with different volume mode and retain data across pod recreation on different node" classname="Kubernetes e2e suite" time="0">
          <skipped></skipped>
      </testcase>
      <testcase name="[sig-storage] In-tree Volumes [Driver: local][LocalVolumeType: gce-localssd-scsi-fs] [Serial] [Testpattern: Dynamic PV (ntfs)][sig-windows] volumes should be mountable" classname="Kubernetes e2e suite" time="0">
          <skipped></skipped>
      </testcase>
      <testcase name="[sig-storage] In-tree Volumes [Driver: vSphere] [Testpattern: Dynamic PV (ntfs)][sig-windows] volumes should be mountable" classname="Kubernetes e2e suite" time="0">
          <skipped></skipped>
      </testcase>
      <testcase name="[sig-storage] In-tree Volumes [Driver: emptydir] [Testpattern: Dynamic PV (ntfs)][sig-windows] subPath should support readOnly file specified in the volumeMount [LinuxOnly]" classname="Kubernetes e2e suite" time="0">
          <skipped></skipped>
      </testcase>
      <testcase name="[k8s.io] Container Runtime blackbox test when running a container with a new image should be able to pull image from gcr.io [NodeConformance]" classname="Kubernetes e2e suite" time="0">
          <skipped></skipped>
      </testcase>
      <testcase name="[sig-storage] In-tree Volumes [Driver: local][LocalVolumeType: dir-link-bindmounted] [Testpattern: Pre-provisioned PV (default fs)] subPath should fail if subpath with backstepping is outside the volume [Slow]" classname="Kubernetes e2e suite" time="0">
          <skipped></skipped>
      </testcase>
      <testcase name="[sig-storage] CSI Volumes [Driver: pd.csi.storage.gke.io][Serial] [Testpattern: Inline-volume (ext3)] volumes should allow exec of files on the volume" classname="Kubernetes e2e suite" time="0">
          <skipped></skipped>
      </testcase>
      <testcase name="[sig-storage] In-tree Volumes [Driver: emptydir] [Testpattern: Pre-provisioned PV (default fs)] volumes should allow exec of files on the volume" classname="Kubernetes e2e suite" time="0">
          <skipped></skipped>
      </testcase>
      <testcase name="[sig-network] Loadbalancing: L7 GCE [Slow] [Feature:kubemci] should create ingress with pre-shared certificate" classname="Kubernetes e2e suite" time="0">
          <skipped></skipped>
      </testcase>
      <testcase name="[sig-apps] ReplicaSet should serve a basic image on each replica with a private image" classname="Kubernetes e2e suite" time="0">
          <skipped></skipped>
      </testcase>
      <testcase name="[sig-storage] In-tree Volumes [Driver: local][LocalVolumeType: blockfs] [Testpattern: Dynamic PV (ntfs)][sig-windows] subPath should unmount if pod is force deleted while kubelet is down [Disruptive][Slow][LinuxOnly]" classname="Kubernetes e2e suite" time="0">
          <skipped></skipped>
      </testcase>
      <testcase name="[sig-storage] In-tree Volumes [Driver: cinder] [Testpattern: Dynamic PV (filesystem volmode)] multiVolume [Slow] should access to two volumes with the same volume mode and retain data across pod recreation on different node" classname="Kubernetes e2e suite" time="0">
          <skipped></skipped>
      </testcase>
      <testcase name="[sig-storage] CSI Volumes [Driver: pd.csi.storage.gke.io][Serial] [Testpattern: Inline-volume (default fs)] subPath should unmount if pod is force deleted while kubelet is down [Disruptive][Slow][LinuxOnly]" classname="Kubernetes e2e suite" time="0">
          <skipped></skipped>
      </testcase>
      <testcase name="[sig-storage] In-tree Volumes [Driver: local][LocalVolumeType: tmpfs] [Testpattern: Inline-volume (default fs)] subPath should support readOnly directory specified in the volumeMount" classname="Kubernetes e2e suite" time="0">
          <skipped></skipped>
      </testcase>
      <testcase name="[sig-storage] In-tree Volumes [Driver: emptydir] [Testpattern: Pre-provisioned PV (default fs)] subPath should fail if non-existent subpath is outside the volume [Slow][LinuxOnly]" classname="Kubernetes e2e suite" time="0">
          <skipped></skipped>
      </testcase>
      <testcase name="[sig-cli] Kubectl client [k8s.io] Simple pod should support inline execution and attach" classname="Kubernetes e2e suite" time="0">
          <skipped></skipped>
      </testcase>
      <testcase name="[sig-storage] In-tree Volumes [Driver: local][LocalVolumeType: dir-link] [Testpattern: Pre-provisioned PV (filesystem volmode)] multiVolume [Slow] should access to two volumes with different volume mode and retain data across pod recreation on the same node" classname="Kubernetes e2e suite" time="0">
          <skipped></skipped>
      </testcase>
      <testcase name="[sig-network] Networking should provide Internet connection for containers [Feature:Networking-IPv4]" classname="Kubernetes e2e suite" time="0">
          <skipped></skipped>
      </testcase>
      <testcase name="[sig-network] NoSNAT [Feature:NoSNAT] [Slow] Should be able to send traffic between Pods without SNAT" classname="Kubernetes e2e suite" time="0">
          <skipped></skipped>
      </testcase>
      <testcase name="[sig-storage] In-tree Volumes [Driver: vSphere] [Testpattern: Pre-provisioned PV (block volmode)] multiVolume [Slow] should concurrently access the single volume from pods on the same node" classname="Kubernetes e2e suite" time="0">
          <skipped></skipped>
      </testcase>
      <testcase name="[sig-network] ESIPP [Slow] [DisabledForLargeClusters] should work from pods" classname="Kubernetes e2e suite" time="0">
          <skipped></skipped>
      </testcase>
      <testcase name="[sig-storage] CSI Volumes [Driver: csi-hostpath-v0] [Testpattern: Dynamic PV (block volmode)] multiVolume [Slow] should concurrently access the single volume from pods on different node" classname="Kubernetes e2e suite" time="0">
          <skipped></skipped>
      </testcase>
      <testcase name="[sig-storage] CSI Volumes [Driver: csi-hostpath] [Testpattern: Inline-volume (default fs)] subPath should fail if subpath with backstepping is outside the volume [Slow]" classname="Kubernetes e2e suite" time="0">
          <skipped></skipped>
      </testcase>
      <testcase name="[sig-storage] In-tree Volumes [Driver: gcepd] [Testpattern: Pre-provisioned PV (default fs)] subPath should support file as subpath [LinuxOnly]" classname="Kubernetes e2e suite" time="0">
          <skipped></skipped>
      </testcase>
      <testcase name="[sig-storage] In-tree Volumes [Driver: hostPathSymlink] [Testpattern: Dynamic PV (ntfs)][sig-windows] provisioning should provision storage with mount options" classname="Kubernetes e2e suite" time="0">
          <skipped></skipped>
      </testcase>
      <testcase name="[sig-cli] Kubectl Port forwarding [k8s.io] With a server listening on localhost [k8s.io] that expects a client request should support a client that connects, sends NO DATA, and disconnects" classname="Kubernetes e2e suite" time="0">
          <skipped></skipped>
      </testcase>
      <testcase name="[sig-storage] In-tree Volumes [Driver: hostPath] [Testpattern: Inline-volume (default fs)] subPath should fail if non-existent subpath is outside the volume [Slow][LinuxOnly]" classname="Kubernetes e2e suite" time="0">
          <skipped></skipped>
      </testcase>
      <testcase name="[sig-storage] In-tree Volumes [Driver: aws] [Testpattern: Inline-volume (default fs)] subPath should support existing directories when readOnly specified in the volumeSource" classname="Kubernetes e2e suite" time="0">
          <skipped></skipped>
      </testcase>
      <testcase name="[sig-storage] In-tree Volumes [Driver: rbd][Feature:Volumes] [Testpattern: Dynamic PV (ntfs)][sig-windows] subPath should verify container cannot write to subpath readonly volumes [Slow]" classname="Kubernetes e2e suite" time="0">
          <skipped></skipped>
      </testcase>
      <testcase name="[sig-storage] Ephemeralstorage When pod refers to non-existent ephemeral storage should allow deletion of pod with invalid volume : projected" classname="Kubernetes e2e suite" time="0">
          <skipped></skipped>
      </testcase>
      <testcase name="[sig-autoscaling] [HPA] Horizontal pod autoscaling (scale resource: Custom Metrics from Stackdriver) should scale down with Custom Metric of type Object from Stackdriver [Feature:CustomMetricsAutoscaling]" classname="Kubernetes e2e suite" time="0">
          <skipped></skipped>
      </testcase>
      <testcase name="[sig-storage] In-tree Volumes [Driver: aws] [Testpattern: Inline-volume (default fs)] subPath should unmount if pod is force deleted while kubelet is down [Disruptive][Slow][LinuxOnly]" classname="Kubernetes e2e suite" time="0">
          <skipped></skipped>
      </testcase>
      <testcase name="[sig-storage] In-tree Volumes [Driver: local][LocalVolumeType: dir-bindmounted] [Testpattern: Dynamic PV (block volmode)] multiVolume [Slow] should access to two volumes with different volume mode and retain data across pod recreation on different node" classname="Kubernetes e2e suite" time="0">
          <skipped></skipped>
      </testcase>
      <testcase name="[sig-storage] In-tree Volumes [Driver: gcepd] [Testpattern: Pre-provisioned PV (filesystem volmode)] multiVolume [Slow] should access to two volumes with the same volume mode and retain data across pod recreation on different node" classname="Kubernetes e2e suite" time="0">
          <skipped></skipped>
      </testcase>
      <testcase name="[sig-storage] In-tree Volumes [Driver: aws] [Testpattern: Inline-volume (default fs)] subPath should support readOnly directory specified in the volumeMount" classname="Kubernetes e2e suite" time="0">
          <skipped></skipped>
      </testcase>
      <testcase name="[sig-storage] Verify Volume Attach Through vpxd Restart [Feature:vsphere][Serial][Disruptive] verify volume remains attached through vpxd restart" classname="Kubernetes e2e suite" time="0">
          <skipped></skipped>
      </testcase>
      <testcase name="[sig-cli] Kubectl alpha client [k8s.io] Kubectl run CronJob should create a CronJob" classname="Kubernetes e2e suite" time="0">
          <skipped></skipped>
      </testcase>
      <testcase name="[sig-storage] In-tree Volumes [Driver: iscsi][Feature:Volumes] [Testpattern: Dynamic PV (ntfs)][sig-windows] subPath should support existing directory" classname="Kubernetes e2e suite" time="0">
          <skipped></skipped>
      </testcase>
      <testcase name="[sig-storage] In-tree Volumes [Driver: emptydir] [Testpattern: Pre-provisioned PV (default fs)] subPath should support restarting containers using file as subpath [Slow][LinuxOnly]" classname="Kubernetes e2e suite" time="0">
          <skipped></skipped>
      </testcase>
      <testcase name="[sig-storage] In-tree Volumes [Driver: vSphere] [Testpattern: Dynamic PV (ntfs)][sig-windows] subPath should support file as subpath [LinuxOnly]" classname="Kubernetes e2e suite" time="0">
          <skipped></skipped>
      </testcase>
      <testcase name="[sig-storage] CSI mock volume CSI Volume expansion [Feature:ExpandCSIVolumes] should expand volume by restarting pod if attach=off, nodeExpansion=on" classname="Kubernetes e2e suite" time="0">
          <skipped></skipped>
      </testcase>
      <testcase name="[sig-storage] CSI Volumes [Driver: csi-hostpath-v0] [Testpattern: Pre-provisioned PV (default fs)] volumeIO should write files of various sizes, verify size, validate content [Slow]" classname="Kubernetes e2e suite" time="0">
          <skipped></skipped>
      </testcase>
      <testcase name="[sig-storage] In-tree Volumes [Driver: iscsi][Feature:Volumes] [Testpattern: Pre-provisioned PV (block volmode)] multiVolume [Slow] should access to two volumes with the same volume mode and retain data across pod recreation on different node" classname="Kubernetes e2e suite" time="0">
          <skipped></skipped>
      </testcase>
      <testcase name="[k8s.io] Pods should be submitted and removed [NodeConformance] [Conformance]" classname="Kubernetes e2e suite" time="15.403326197"></testcase>
      <testcase name="[sig-storage] In-tree Volumes [Driver: nfs] [Testpattern: Pre-provisioned PV (ext4)] volumes should be mountable" classname="Kubernetes e2e suite" time="0">
          <skipped></skipped>
      </testcase>
      <testcase name="[sig-storage] In-tree Volumes [Driver: ceph][Feature:Volumes] [Testpattern: Dynamic PV (default fs)] volumeIO should write files of various sizes, verify size, validate content [Slow]" classname="Kubernetes e2e suite" time="0">
          <skipped></skipped>
      </testcase>
      <testcase name="[sig-storage] In-tree Volumes [Driver: local][LocalVolumeType: tmpfs] [Testpattern: Inline-volume (default fs)] subPath should support restarting containers using file as subpath [Slow][LinuxOnly]" classname="Kubernetes e2e suite" time="0">
          <skipped></skipped>
      </testcase>
      <testcase name="[sig-storage] In-tree Volumes [Driver: local][LocalVolumeType: tmpfs] [Testpattern: Pre-provisioned PV (default fs)] subPath should unmount if pod is gracefully deleted while kubelet is down [Disruptive][Slow][LinuxOnly]" classname="Kubernetes e2e suite" time="0">
          <skipped></skipped>
      </testcase>
      <testcase name="[sig-storage] In-tree Volumes [Driver: emptydir] [Testpattern: Pre-provisioned PV (ext4)] volumes should allow exec of files on the volume" classname="Kubernetes e2e suite" time="0">
          <skipped></skipped>
      </testcase>
      <testcase name="[sig-storage] CSI Volumes [Driver: pd.csi.storage.gke.io][Serial] [Testpattern: Dynamic PV (default fs)] provisioning should provision storage with mount options" classname="Kubernetes e2e suite" time="0">
          <skipped></skipped>
      </testcase>
      <testcase name="[sig-storage] In-tree Volumes [Driver: gcepd] [Testpattern: Inline-volume (default fs)] subPath should support non-existent path" classname="Kubernetes e2e suite" time="0">
          <skipped></skipped>
      </testcase>
      <testcase name="[sig-storage] In-tree Volumes [Driver: gluster] [Testpattern: Inline-volume (default fs)] subPath should support existing directory" classname="Kubernetes e2e suite" time="0">
          <skipped></skipped>
      </testcase>
      <testcase name="[sig-storage] In-tree Volumes [Driver: rbd][Feature:Volumes] [Testpattern: Dynamic PV (ntfs)][sig-windows] provisioning should provision storage with mount options" classname="Kubernetes e2e suite" time="0">
          <skipped></skipped>
      </testcase>
      <testcase name="[sig-storage] In-tree Volumes [Driver: local][LocalVolumeType: dir-link-bindmounted] [Testpattern: Inline-volume (default fs)] subPath should fail if subpath file is outside the volume [Slow][LinuxOnly]" classname="Kubernetes e2e suite" time="0">
          <skipped></skipped>
      </testcase>
      <testcase name="[sig-storage] In-tree Volumes [Driver: local][LocalVolumeType: dir] [Testpattern: Dynamic PV (default fs)] subPath should fail if non-existent subpath is outside the volume [Slow][LinuxOnly]" classname="Kubernetes e2e suite" time="0">
          <skipped></skipped>
      </testcase>
      <testcase name="[k8s.io] Probing container should be restarted with a docker exec liveness probe with timeout " classname="Kubernetes e2e suite" time="0">
          <skipped></skipped>
      </testcase>
      <testcase name="[sig-storage] In-tree Volumes [Driver: local][LocalVolumeType: block] [Testpattern: Inline-volume (xfs)] volumes should be mountable" classname="Kubernetes e2e suite" time="0">
          <skipped></skipped>
      </testcase>
      <testcase name="[sig-storage] In-tree Volumes [Driver: hostPath] [Testpattern: Dynamic PV (default fs)] subPath should be able to unmount after the subpath directory is deleted" classname="Kubernetes e2e suite" time="0">
          <skipped></skipped>
      </testcase>
      <testcase name="[sig-storage] In-tree Volumes [Driver: vSphere] [Testpattern: Inline-volume (ntfs)][sig-windows] volumes should be mountable" classname="Kubernetes e2e suite" time="0">
          <skipped></skipped>
      </testcase>
      <testcase name="[sig-network] Networking should provide unchanging, static URL paths for kubernetes api services" classname="Kubernetes e2e suite" time="0">
          <skipped></skipped>
      </testcase>
      <testcase name="[sig-storage] In-tree Volumes [Driver: local][LocalVolumeType: tmpfs] [Testpattern: Dynamic PV (ntfs)][sig-windows] subPath should support non-existent path" classname="Kubernetes e2e suite" time="0">
          <skipped></skipped>
      </testcase>
      <testcase name="[sig-storage] In-tree Volumes [Driver: local][LocalVolumeType: gce-localssd-scsi-fs] [Serial] [Testpattern: Dynamic PV (block volmode)] multiVolume [Slow] should concurrently access the single volume from pods on different node" classname="Kubernetes e2e suite" time="0">
          <skipped></skipped>
      </testcase>
      <testcase name="[sig-storage] EmptyDir volumes when FSGroup is specified [NodeFeature:FSGroup] files with FSGroup ownership should support (root,0644,tmpfs)" classname="Kubernetes e2e suite" time="0">
          <skipped></skipped>
      </testcase>
      <testcase name="[sig-storage] In-tree Volumes [Driver: rbd][Feature:Volumes] [Testpattern: Dynamic PV (default fs)] subPath should support file as subpath [LinuxOnly]" classname="Kubernetes e2e suite" time="0">
          <skipped></skipped>
      </testcase>
      <testcase name="[sig-storage] CSI Volumes [Driver: pd.csi.storage.gke.io][Serial] [Testpattern: Pre-provisioned PV (default fs)] subPath should support file as subpath [LinuxOnly]" classname="Kubernetes e2e suite" time="0">
          <skipped></skipped>
      </testcase>
      <testcase name="[sig-storage] In-tree Volumes [Driver: nfs] [Testpattern: Pre-provisioned PV (block volmode)] multiVolume [Slow] should concurrently access the single volume from pods on the same node" classname="Kubernetes e2e suite" time="0">
          <skipped></skipped>
      </testcase>
      <testcase name="[sig-storage] In-tree Volumes [Driver: local][LocalVolumeType: blockfs] [Testpattern: Dynamic PV (block volmode)] multiVolume [Slow] should access to two volumes with different volume mode and retain data across pod recreation on different node" classname="Kubernetes e2e suite" time="0">
          <skipped></skipped>
      </testcase>
      <testcase name="[sig-node] Downward API should provide host IP as an env var [NodeConformance] [Conformance]" classname="Kubernetes e2e suite" time="20.810751436"></testcase>
      <testcase name="[sig-storage] In-tree Volumes [Driver: local][LocalVolumeType: block] [Testpattern: Dynamic PV (filesystem volmode)] multiVolume [Slow] should access to two volumes with different volume mode and retain data across pod recreation on different node" classname="Kubernetes e2e suite" time="0">
          <skipped></skipped>
      </testcase>
      <testcase name="[sig-storage] In-tree Volumes [Driver: hostPath] [Testpattern: Pre-provisioned PV (default fs)] subPath should support file as subpath [LinuxOnly]" classname="Kubernetes e2e suite" time="0">
          <skipped></skipped>
      </testcase>
      <testcase name="[sig-storage] In-tree Volumes [Driver: local][LocalVolumeType: dir-link] [Testpattern: Dynamic PV (ntfs)][sig-windows] provisioning should access volume from different nodes" classname="Kubernetes e2e suite" time="0">
          <skipped></skipped>
      </testcase>
      <testcase name="[sig-storage] CSI Volumes [Driver: csi-hostpath-v0] [Testpattern: Dynamic PV (default fs)] volumes should allow exec of files on the volume" classname="Kubernetes e2e suite" time="0">
          <skipped></skipped>
      </testcase>
      <testcase name="[sig-storage] In-tree Volumes [Driver: local][LocalVolumeType: dir-bindmounted] [Testpattern: Dynamic PV (filesystem volmode)] multiVolume [Slow] should access to two volumes with different volume mode and retain data across pod recreation on the same node" classname="Kubernetes e2e suite" time="0">
          <skipped></skipped>
      </testcase>
      <testcase name="[sig-storage] In-tree Volumes [Driver: aws] [Testpattern: Inline-volume (default fs)] volumeIO should write files of various sizes, verify size, validate content [Slow]" classname="Kubernetes e2e suite" time="0">
          <skipped></skipped>
      </testcase>
      <testcase name="[sig-storage] In-tree Volumes [Driver: vSphere] [Testpattern: Dynamic PV (default fs)] subPath should be able to unmount after the subpath directory is deleted" classname="Kubernetes e2e suite" time="0">
          <skipped></skipped>
      </testcase>
      <testcase name="[sig-storage] CSI Volumes [Driver: csi-hostpath-v0] [Testpattern: Dynamic PV (ntfs)][sig-windows] subPath should support readOnly directory specified in the volumeMount" classname="Kubernetes e2e suite" time="0">
          <skipped></skipped>
      </testcase>
      <testcase name="[sig-autoscaling] [HPA] Horizontal pod autoscaling (scale resource: Custom Metrics from Stackdriver) should scale up with two metrics of type Pod from Stackdriver [Feature:CustomMetricsAutoscaling]" classname="Kubernetes e2e suite" time="0">
          <skipped></skipped>
      </testcase>
      <testcase name="[sig-storage] CSI Volumes [Driver: csi-hostpath-v0] [Testpattern: Dynamic PV (xfs)] volumes should be mountable" classname="Kubernetes e2e suite" time="0">
          <skipped></skipped>
      </testcase>
      <testcase name="[sig-storage] CSI Volumes [Driver: csi-hostpath] [Testpattern: Dynamic PV (ntfs)][sig-windows] subPath should support creating multiple subpath from same volumes [Slow]" classname="Kubernetes e2e suite" time="0">
          <skipped></skipped>
      </testcase>
      <testcase name="[sig-storage] In-tree Volumes [Driver: local][LocalVolumeType: tmpfs] [Testpattern: Pre-provisioned PV (default fs)] subPath should support existing directory" classname="Kubernetes e2e suite" time="0">
          <skipped></skipped>
      </testcase>
      <testcase name="[sig-storage] In-tree Volumes [Driver: hostPathSymlink] [Testpattern: Inline-volume (default fs)] volumeIO should write files of various sizes, verify size, validate content [Slow]" classname="Kubernetes e2e suite" time="0">
          <skipped></skipped>
      </testcase>
      <testcase name="[sig-storage] In-tree Volumes [Driver: azure] [Testpattern: Pre-provisioned PV (block volmode)] multiVolume [Slow] should access to two volumes with different volume mode and retain data across pod recreation on different node" classname="Kubernetes e2e suite" time="0">
          <skipped></skipped>
      </testcase>
      <testcase name="[sig-storage] In-tree Volumes [Driver: local][LocalVolumeType: dir-link] [Testpattern: Dynamic PV (ntfs)][sig-windows] volumes should be mountable" classname="Kubernetes e2e suite" time="0">
          <skipped></skipped>
      </testcase>
      <testcase name="[sig-autoscaling] DNS horizontal autoscaling [Serial] [Slow] kube-dns-autoscaler should scale kube-dns pods when cluster size changed" classname="Kubernetes e2e suite" time="0">
          <skipped></skipped>
      </testcase>
      <testcase name="[sig-storage] In-tree Volumes [Driver: aws] [Testpattern: Pre-provisioned PV (ext3)] volumes should allow exec of files on the volume" classname="Kubernetes e2e suite" time="0">
          <skipped></skipped>
      </testcase>
      <testcase name="[sig-apps] Network Partition [Disruptive] [Slow] [k8s.io] [ReplicationController] should eagerly create replacement pod during network partition when termination grace is non-zero" classname="Kubernetes e2e suite" time="0">
          <skipped></skipped>
      </testcase>
      <testcase name="[sig-cli] Kubectl client [k8s.io] Kubectl run rc should create an rc from an image  [Conformance]" classname="Kubernetes e2e suite" time="12.90329264"></testcase>
      <testcase name="[sig-apps] DisruptionController should block an eviction until the PDB is updated to allow it" classname="Kubernetes e2e suite" time="0">
          <skipped></skipped>
      </testcase>
      <testcase name="[sig-storage] In-tree Volumes [Driver: local][LocalVolumeType: dir-bindmounted] [Testpattern: Pre-provisioned PV (ntfs)][sig-windows] volumes should allow exec of files on the volume" classname="Kubernetes e2e suite" time="0">
          <skipped></skipped>
      </testcase>
      <testcase name="[sig-storage] In-tree Volumes [Driver: aws] [Testpattern: Dynamic PV (default fs)] volumeIO should write files of various sizes, verify size, validate content [Slow]" classname="Kubernetes e2e suite" time="0">
          <skipped></skipped>
      </testcase>
      <testcase name="[sig-storage] In-tree Volumes [Driver: gcepd] [Testpattern: Pre-provisioned PV (filesystem volmode)] multiVolume [Slow] should access to two volumes with the same volume mode and retain data across pod recreation on the same node" classname="Kubernetes e2e suite" time="0">
          <skipped></skipped>
      </testcase>
      <testcase name="[k8s.io] Container Lifecycle Hook when create a pod with lifecycle hook should execute prestop exec hook properly [NodeConformance] [Conformance]" classname="Kubernetes e2e suite" time="56.505433958"></testcase>
      <testcase name="[sig-network] Loadbalancing: L7 GCE [Slow] [Feature:Ingress] multicluster ingress should get instance group annotation" classname="Kubernetes e2e suite" time="0">
          <skipped></skipped>
      </testcase>
      <testcase name="[sig-storage] In-tree Volumes [Driver: rbd][Feature:Volumes] [Testpattern: Pre-provisioned PV (default fs)] subPath should fail if non-existent subpath is outside the volume [Slow][LinuxOnly]" classname="Kubernetes e2e suite" time="0">
          <skipped></skipped>
      </testcase>
      <testcase name="[k8s.io] [sig-node] Security Context should support seccomp default which is unconfined [Feature:Seccomp] [LinuxOnly]" classname="Kubernetes e2e suite" time="0">
          <skipped></skipped>
      </testcase>
      <testcase name="[sig-storage] CSI Volumes [Driver: csi-hostpath-v0] [Testpattern: Pre-provisioned PV (ext4)] volumes should be mountable" classname="Kubernetes e2e suite" time="0">
          <skipped></skipped>
      </testcase>
      <testcase name="[sig-storage] In-tree Volumes [Driver: local][LocalVolumeType: tmpfs] [Testpattern: Pre-provisioned PV (ext3)] volumes should allow exec of files on the volume" classname="Kubernetes e2e suite" time="0">
          <skipped></skipped>
      </testcase>
      <testcase name="[sig-storage] CSI Volumes [Driver: csi-hostpath] [Testpattern: Dynamic PV (default fs)] provisioning should provision storage with snapshot data source [Feature:VolumeSnapshotDataSource]" classname="Kubernetes e2e suite" time="0">
          <skipped></skipped>
      </testcase>
      <testcase name="[sig-storage] In-tree Volumes [Driver: local][LocalVolumeType: dir-link] [Testpattern: Inline-volume (default fs)] subPath should support readOnly file specified in the volumeMount [LinuxOnly]" classname="Kubernetes e2e suite" time="0">
          <skipped></skipped>
      </testcase>
      <testcase name="[sig-storage] PV Protection Verify &#34;immediate&#34; deletion of a PV that is not bound to a PVC" classname="Kubernetes e2e suite" time="0">
          <skipped></skipped>
      </testcase>
      <testcase name="[sig-storage] In-tree Volumes [Driver: cinder] [Testpattern: Dynamic PV (ntfs)][sig-windows] subPath should be able to unmount after the subpath directory is deleted" classname="Kubernetes e2e suite" time="0">
          <skipped></skipped>
      </testcase>
      <testcase name="[sig-storage] Volume FStype [Feature:vsphere] verify fstype - default value should be ext4" classname="Kubernetes e2e suite" time="0">
          <skipped></skipped>
      </testcase>
      <testcase name="[sig-storage] In-tree Volumes [Driver: cinder] [Testpattern: Inline-volume (default fs)] subPath should unmount if pod is gracefully deleted while kubelet is down [Disruptive][Slow][LinuxOnly]" classname="Kubernetes e2e suite" time="0">
          <skipped></skipped>
      </testcase>
      <testcase name="[sig-storage] In-tree Volumes [Driver: iscsi][Feature:Volumes] [Testpattern: Pre-provisioned PV (default fs)] volumes should be mountable" classname="Kubernetes e2e suite" time="0">
          <skipped></skipped>
      </testcase>
      <testcase name="[sig-storage] In-tree Volumes [Driver: cinder] [Testpattern: Pre-provisioned PV (default fs)] subPath should support existing directory" classname="Kubernetes e2e suite" time="0">
          <skipped></skipped>
      </testcase>
      <testcase name="[sig-storage] In-tree Volumes [Driver: local][LocalVolumeType: block] [Testpattern: Dynamic PV (ntfs)][sig-windows] subPath should fail if subpath with backstepping is outside the volume [Slow]" classname="Kubernetes e2e suite" time="0">
          <skipped></skipped>
      </testcase>
      <testcase name="[sig-storage] In-tree Volumes [Driver: vSphere] [Testpattern: Pre-provisioned PV (ext4)] volumes should allow exec of files on the volume" classname="Kubernetes e2e suite" time="0">
          <skipped></skipped>
      </testcase>
      <testcase name="[sig-storage] In-tree Volumes [Driver: azure] [Testpattern: Dynamic PV (ntfs)][sig-windows] subPath should support existing directory" classname="Kubernetes e2e suite" time="0">
          <skipped></skipped>
      </testcase>
      <testcase name="[sig-storage] In-tree Volumes [Driver: hostPathSymlink] [Testpattern: Dynamic PV (default fs)] subPath should support existing directory" classname="Kubernetes e2e suite" time="0">
          <skipped></skipped>
      </testcase>
      <testcase name="[sig-network] Services should have session affinity work for LoadBalancer service with ESIPP off [Slow] [DisabledForLargeClusters]" classname="Kubernetes e2e suite" time="0">
          <skipped></skipped>
      </testcase>
      <testcase name="[sig-storage] In-tree Volumes [Driver: cinder] [Testpattern: Dynamic PV (filesystem volmode)] multiVolume [Slow] should access to two volumes with different volume mode and retain data across pod recreation on different node" classname="Kubernetes e2e suite" time="0">
          <skipped></skipped>
      </testcase>
      <testcase name="[sig-storage] In-tree Volumes [Driver: vSphere] [Testpattern: Pre-provisioned PV (default fs)] subPath should unmount if pod is gracefully deleted while kubelet is down [Disruptive][Slow][LinuxOnly]" classname="Kubernetes e2e suite" time="0">
          <skipped></skipped>
      </testcase>
      <testcase name="[sig-storage] CSI Volumes [Driver: pd.csi.storage.gke.io][Serial] [Testpattern: Dynamic PV (ntfs)][sig-windows] subPath should support creating multiple subpath from same volumes [Slow]" classname="Kubernetes e2e suite" time="0">
          <skipped></skipped>
      </testcase>
      <testcase name="[sig-storage] In-tree Volumes [Driver: local][LocalVolumeType: blockfs] [Testpattern: Dynamic PV (ntfs)][sig-windows] subPath should support non-existent path" classname="Kubernetes e2e suite" time="0">
          <skipped></skipped>
      </testcase>
      <testcase name="[sig-api-machinery] Namespaces [Serial] should delete fast enough (90 percent of 100 namespaces in 150 seconds)" classname="Kubernetes e2e suite" time="0">
          <skipped></skipped>
      </testcase>
      <testcase name="[sig-storage] In-tree Volumes [Driver: local][LocalVolumeType: tmpfs] [Testpattern: Pre-provisioned PV (default fs)] subPath should verify container cannot write to subpath readonly volumes [Slow]" classname="Kubernetes e2e suite" time="0">
          <skipped></skipped>
      </testcase>
      <testcase name="[sig-storage] CSI Volumes [Driver: csi-hostpath] [Testpattern: Dynamic PV (filesystem volmode)] multiVolume [Slow] should access to two volumes with the same volume mode and retain data across pod recreation on the same node" classname="Kubernetes e2e suite" time="0">
          <skipped></skipped>
      </testcase>
      <testcase name="[sig-storage] In-tree Volumes [Driver: emptydir] [Testpattern: Inline-volume (default fs)] subPath should fail if subpath directory is outside the volume [Slow]" classname="Kubernetes e2e suite" time="0">
          <skipped></skipped>
      </testcase>
      <testcase name="[sig-storage] In-tree Volumes [Driver: local][LocalVolumeType: blockfs] [Testpattern: Dynamic PV (ntfs)][sig-windows] subPath should support file as subpath [LinuxOnly]" classname="Kubernetes e2e suite" time="0">
          <skipped></skipped>
      </testcase>
      <testcase name="[sig-storage] In-tree Volumes [Driver: iscsi][Feature:Volumes] [Testpattern: Dynamic PV (ntfs)][sig-windows] subPath should fail if subpath directory is outside the volume [Slow]" classname="Kubernetes e2e suite" time="0">
          <skipped></skipped>
      </testcase>
      <testcase name="[sig-storage] In-tree Volumes [Driver: gluster] [Testpattern: Dynamic PV (default fs)] subPath should support file as subpath [LinuxOnly]" classname="Kubernetes e2e suite" time="0">
          <skipped></skipped>
      </testcase>
      <testcase name="[sig-storage] In-tree Volumes [Driver: local][LocalVolumeType: blockfs] [Testpattern: Inline-volume (ext3)] volumes should allow exec of files on the volume" classname="Kubernetes e2e suite" time="0">
          <skipped></skipped>
      </testcase>
      <testcase name="[sig-storage] Mounted flexvolume volume expand [Slow] [Feature:ExpandInUsePersistentVolumes] should be resizable when mounted" classname="Kubernetes e2e suite" time="0">
          <skipped></skipped>
      </testcase>
      <testcase name="[sig-storage] In-tree Volumes [Driver: local][LocalVolumeType: dir-link-bindmounted] [Testpattern: Inline-volume (ext4)] volumes should be mountable" classname="Kubernetes e2e suite" time="0">
          <skipped></skipped>
      </testcase>
      <testcase name="[sig-storage] In-tree Volumes [Driver: gluster] [Testpattern: Dynamic PV (default fs)] provisioning should access volume from different nodes" classname="Kubernetes e2e suite" time="0">
          <skipped></skipped>
      </testcase>
      <testcase name="[k8s.io] [sig-node] Kubelet [Serial] [Slow] [k8s.io] [sig-node] experimental resource usage tracking [Feature:ExperimentalResourceUsageTracking] resource tracking for 100 pods per node" classname="Kubernetes e2e suite" time="0">
          <skipped></skipped>
      </testcase>
      <testcase name="[sig-api-machinery] Servers with support for Table transformation should return pod details" classname="Kubernetes e2e suite" time="0">
          <skipped></skipped>
      </testcase>
      <testcase name="[sig-storage] Projected downwardAPI should provide podname as non-root with fsgroup and defaultMode [NodeFeature:FSGroup]" classname="Kubernetes e2e suite" time="0">
          <skipped></skipped>
      </testcase>
      <testcase name="[sig-scalability] Load capacity [Feature:ManualPerformance] should be able to handle 30 pods per node Random with 0 secrets, 0 configmaps and 0 daemons" classname="Kubernetes e2e suite" time="0">
          <skipped></skipped>
      </testcase>
      <testcase name="[sig-storage] CSI Volumes [Driver: csi-hostpath-v0] [Testpattern: Inline-volume (default fs)] subPath should unmount if pod is force deleted while kubelet is down [Disruptive][Slow][LinuxOnly]" classname="Kubernetes e2e suite" time="0">
          <skipped></skipped>
      </testcase>
      <testcase name="[sig-storage] In-tree Volumes [Driver: local][LocalVolumeType: dir-bindmounted] [Testpattern: Inline-volume (default fs)] volumes should allow exec of files on the volume" classname="Kubernetes e2e suite" time="0">
          <skipped></skipped>
      </testcase>
      <testcase name="[sig-storage] PersistentVolumes GCEPD should test that deleting a PVC before the pod does not cause pod deletion to fail on PD detach" classname="Kubernetes e2e suite" time="0">
          <skipped></skipped>
      </testcase>
      <testcase name="[sig-storage] In-tree Volumes [Driver: gluster] [Testpattern: Dynamic PV (filesystem volmode)] multiVolume [Slow] should access to two volumes with the same volume mode and retain data across pod recreation on the same node" classname="Kubernetes e2e suite" time="0">
          <skipped></skipped>
      </testcase>
      <testcase name="[sig-storage] In-tree Volumes [Driver: azure] [Testpattern: Dynamic PV (ntfs)][sig-windows] subPath should verify container cannot write to subpath readonly volumes [Slow]" classname="Kubernetes e2e suite" time="0">
          <skipped></skipped>
      </testcase>
      <testcase name="[sig-storage] In-tree Volumes [Driver: local][LocalVolumeType: dir-bindmounted] [Testpattern: Pre-provisioned PV (default fs)] subPath should support existing directories when readOnly specified in the volumeSource" classname="Kubernetes e2e suite" time="0">
          <skipped></skipped>
      </testcase>
      <testcase name="[sig-storage] In-tree Volumes [Driver: ceph][Feature:Volumes] [Testpattern: Inline-volume (ext3)] volumes should allow exec of files on the volume" classname="Kubernetes e2e suite" time="0">
          <skipped></skipped>
      </testcase>
      <testcase name="[sig-storage] In-tree Volumes [Driver: ceph][Feature:Volumes] [Testpattern: Pre-provisioned PV (xfs)] volumes should be mountable" classname="Kubernetes e2e suite" time="0">
          <skipped></skipped>
      </testcase>
      <testcase name="[sig-storage] In-tree Volumes [Driver: local][LocalVolumeType: dir-bindmounted] [Testpattern: Pre-provisioned PV (block volmode)] multiVolume [Slow] should access to two volumes with the same volume mode and retain data across pod recreation on the same node" classname="Kubernetes e2e suite" time="0">
          <skipped></skipped>
      </testcase>
      <testcase name="[sig-storage] In-tree Volumes [Driver: local][LocalVolumeType: blockfs] [Testpattern: Pre-provisioned PV (default fs)] subPath should support existing directories when readOnly specified in the volumeSource" classname="Kubernetes e2e suite" time="0">
          <skipped></skipped>
      </testcase>
      <testcase name="[sig-apps] ReplicationController should surface a failure condition on a common issue like exceeded quota [Conformance]" classname="Kubernetes e2e suite" time="7.3724602"></testcase>
      <testcase name="[sig-storage] In-tree Volumes [Driver: rbd][Feature:Volumes] [Testpattern: Dynamic PV (default fs)] subPath should support existing directory" classname="Kubernetes e2e suite" time="0">
          <skipped></skipped>
      </testcase>
      <testcase name="[sig-storage] In-tree Volumes [Driver: hostPath] [Testpattern: Dynamic PV (ntfs)][sig-windows] subPath should fail if subpath directory is outside the volume [Slow]" classname="Kubernetes e2e suite" time="0">
          <skipped></skipped>
      </testcase>
      <testcase name="[sig-storage] In-tree Volumes [Driver: gluster] [Testpattern: Pre-provisioned PV (filesystem volmode)] multiVolume [Slow] should concurrently access the single volume from pods on different node" classname="Kubernetes e2e suite" time="0">
          <skipped></skipped>
      </testcase>
      <testcase name="[sig-instrumentation] MetricsGrabber should grab all metrics from a Scheduler." classname="Kubernetes e2e suite" time="0">
          <skipped></skipped>
      </testcase>
      <testcase name="[sig-storage] In-tree Volumes [Driver: ceph][Feature:Volumes] [Testpattern: Pre-provisioned PV (filesystem volmode)] multiVolume [Slow] should concurrently access the single volume from pods on different node" classname="Kubernetes e2e suite" time="0">
          <skipped></skipped>
      </testcase>
      <testcase name="[sig-storage] In-tree Volumes [Driver: vSphere] [Testpattern: Inline-volume (default fs)] volumes should allow exec of files on the volume" classname="Kubernetes e2e suite" time="0">
          <skipped></skipped>
      </testcase>
      <testcase name="[sig-storage] In-tree Volumes [Driver: local][LocalVolumeType: dir] [Testpattern: Pre-provisioned PV (ntfs)][sig-windows] volumes should be mountable" classname="Kubernetes e2e suite" time="0">
          <skipped></skipped>
      </testcase>
      <testcase name="[sig-storage] In-tree Volumes [Driver: iscsi][Feature:Volumes] [Testpattern: Dynamic PV (default fs)] subPath should unmount if pod is force deleted while kubelet is down [Disruptive][Slow][LinuxOnly]" classname="Kubernetes e2e suite" time="0">
          <skipped></skipped>
      </testcase>
      <testcase name="[sig-storage] In-tree Volumes [Driver: local][LocalVolumeType: dir-bindmounted] [Testpattern: Inline-volume (ext4)] volumes should be mountable" classname="Kubernetes e2e suite" time="0">
          <skipped></skipped>
      </testcase>
      <testcase name="[sig-storage] Dynamic Provisioning DynamicProvisioner Default should be disabled by removing the default annotation [Serial] [Disruptive]" classname="Kubernetes e2e suite" time="0">
          <skipped></skipped>
      </testcase>
      <testcase name="[sig-storage] Subpath Atomic writer volumes should support subpaths with secret pod [LinuxOnly] [Conformance]" classname="Kubernetes e2e suite" time="32.605983166"></testcase>
      <testcase name="[sig-storage] In-tree Volumes [Driver: local][LocalVolumeType: gce-localssd-scsi-fs] [Serial] [Testpattern: Dynamic PV (ntfs)][sig-windows] subPath should support creating multiple subpath from same volumes [Slow]" classname="Kubernetes e2e suite" time="0">
          <skipped></skipped>
      </testcase>
      <testcase name="[sig-storage] In-tree Volumes [Driver: local][LocalVolumeType: tmpfs] [Testpattern: Dynamic PV (default fs)] subPath should verify container cannot write to subpath readonly volumes [Slow]" classname="Kubernetes e2e suite" time="0">
          <skipped></skipped>
      </testcase>
      <testcase name="[sig-auth] [Feature:NodeAuthorizer] Getting a non-existent secret should exit with the Forbidden error, not a NotFound error" classname="Kubernetes e2e suite" time="0">
          <skipped></skipped>
      </testcase>
      <testcase name="[sig-storage] In-tree Volumes [Driver: local][LocalVolumeType: gce-localssd-scsi-fs] [Serial] [Testpattern: Pre-provisioned PV (filesystem volmode)] multiVolume [Slow] should access to two volumes with the same volume mode and retain data across pod recreation on different node" classname="Kubernetes e2e suite" time="0">
          <skipped></skipped>
      </testcase>
      <testcase name="[sig-storage] In-tree Volumes [Driver: local][LocalVolumeType: dir-link] [Testpattern: Dynamic PV (default fs)] subPath should support readOnly file specified in the volumeMount [LinuxOnly]" classname="Kubernetes e2e suite" time="0">
          <skipped></skipped>
      </testcase>
      <testcase name="[sig-storage] Storage Policy Based Volume Provisioning [Feature:vsphere] verify VSAN storage capability with valid diskStripes and objectSpaceReservation values is honored for dynamically provisioned pvc using storageclass" classname="Kubernetes e2e suite" time="0">
          <skipped></skipped>
      </testcase>
      <testcase name="[sig-storage] In-tree Volumes [Driver: hostPath] [Testpattern: Dynamic PV (ntfs)][sig-windows] subPath should verify container cannot write to subpath readonly volumes [Slow]" classname="Kubernetes e2e suite" time="0">
          <skipped></skipped>
      </testcase>
      <testcase name="[sig-autoscaling] Cluster size autoscaling [Slow] should increase cluster size if pods are pending due to pod anti-affinity [Feature:ClusterSizeAutoscalingScaleUp]" classname="Kubernetes e2e suite" time="0">
          <skipped></skipped>
      </testcase>
      <testcase name="[sig-storage] In-tree Volumes [Driver: emptydir] [Testpattern: Dynamic PV (ntfs)][sig-windows] subPath should support restarting containers using directory as subpath [Slow]" classname="Kubernetes e2e suite" time="0">
          <skipped></skipped>
      </testcase>
      <testcase name="[sig-storage] In-tree Volumes [Driver: local][LocalVolumeType: blockfs] [Testpattern: Dynamic PV (default fs)] subPath should support existing directory" classname="Kubernetes e2e suite" time="0">
          <skipped></skipped>
      </testcase>
      <testcase name="[sig-cluster-lifecycle] Addon update should propagate add-on file changes [Slow]" classname="Kubernetes e2e suite" time="0">
          <skipped></skipped>
      </testcase>
      <testcase name="[sig-storage] CSI Volumes [Driver: csi-hostpath] [Testpattern: Dynamic PV (ntfs)][sig-windows] subPath should support file as subpath [LinuxOnly]" classname="Kubernetes e2e suite" time="0">
          <skipped></skipped>
      </testcase>
      <testcase name="[sig-storage] In-tree Volumes [Driver: gluster] [Testpattern: Inline-volume (default fs)] subPath should fail if subpath directory is outside the volume [Slow]" classname="Kubernetes e2e suite" time="0">
          <skipped></skipped>
      </testcase>
      <testcase name="[sig-node] ConfigMap should be consumable via the environment [NodeConformance] [Conformance]" classname="Kubernetes e2e suite" time="12.530648971"></testcase>
      <testcase name="[sig-storage] In-tree Volumes [Driver: hostPathSymlink] [Testpattern: Pre-provisioned PV (filesystem volmode)] multiVolume [Slow] should concurrently access the single volume from pods on different node" classname="Kubernetes e2e suite" time="0">
          <skipped></skipped>
      </testcase>
      <testcase name="[sig-storage] In-tree Volumes [Driver: local][LocalVolumeType: dir-bindmounted] [Testpattern: Inline-volume (ntfs)][sig-windows] volumes should allow exec of files on the volume" classname="Kubernetes e2e suite" time="0">
          <skipped></skipped>
      </testcase>
      <testcase name="[sig-storage] In-tree Volumes [Driver: ceph][Feature:Volumes] [Testpattern: Dynamic PV (default fs)] subPath should support existing directories when readOnly specified in the volumeSource" classname="Kubernetes e2e suite" time="0">
          <skipped></skipped>
      </testcase>
      <testcase name="[sig-storage] In-tree Volumes [Driver: local][LocalVolumeType: dir-link-bindmounted] [Testpattern: Dynamic PV (filesystem volmode)] volumeMode should create sc, pod, pv, and pvc, read/write to the pv, and delete all created resources" classname="Kubernetes e2e suite" time="0">
          <skipped></skipped>
      </testcase>
      <testcase name="[sig-storage] In-tree Volumes [Driver: iscsi][Feature:Volumes] [Testpattern: Inline-volume (default fs)] volumes should allow exec of files on the volume" classname="Kubernetes e2e suite" time="0">
          <skipped></skipped>
      </testcase>
      <testcase name="[sig-storage] In-tree Volumes [Driver: aws] [Testpattern: Dynamic PV (ntfs)][sig-windows] subPath should support file as subpath [LinuxOnly]" classname="Kubernetes e2e suite" time="0">
          <skipped></skipped>
      </testcase>
      <testcase name="[sig-storage] In-tree Volumes [Driver: local][LocalVolumeType: tmpfs] [Testpattern: Dynamic PV (xfs)] volumes should be mountable" classname="Kubernetes e2e suite" time="0">
          <skipped></skipped>
      </testcase>
      <testcase name="[sig-storage] In-tree Volumes [Driver: aws] [Testpattern: Dynamic PV (ntfs)][sig-windows] subPath should support restarting containers using directory as subpath [Slow]" classname="Kubernetes e2e suite" time="0">
          <skipped></skipped>
      </testcase>
      <testcase name="[sig-storage] In-tree Volumes [Driver: vSphere] [Testpattern: Dynamic PV (default fs)] subPath should support existing single file [LinuxOnly]" classname="Kubernetes e2e suite" time="0">
          <skipped></skipped>
      </testcase>
      <testcase name="[sig-storage] In-tree Volumes [Driver: ceph][Feature:Volumes] [Testpattern: Dynamic PV (ntfs)][sig-windows] volumes should be mountable" classname="Kubernetes e2e suite" time="0">
          <skipped></skipped>
      </testcase>
      <testcase name="[sig-scalability] Load capacity [Feature:ManualPerformance] should be able to handle 30 pods per node Deployment.extensions with 2 secrets, 0 configmaps and 0 daemons" classname="Kubernetes e2e suite" time="0">
          <skipped></skipped>
      </testcase>
      <testcase name="[sig-storage] In-tree Volumes [Driver: aws] [Testpattern: Pre-provisioned PV (default fs)] subPath should support file as subpath [LinuxOnly]" classname="Kubernetes e2e suite" time="0">
          <skipped></skipped>
      </testcase>
      <testcase name="[sig-storage] In-tree Volumes [Driver: local][LocalVolumeType: block] [Testpattern: Inline-volume (default fs)] subPath should support readOnly file specified in the volumeMount [LinuxOnly]" classname="Kubernetes e2e suite" time="0">
          <skipped></skipped>
      </testcase>
      <testcase name="[sig-storage] CSI Volumes [Driver: csi-hostpath-v0] [Testpattern: Dynamic PV (filesystem volmode)] multiVolume [Slow] should access to two volumes with the same volume mode and retain data across pod recreation on different node" classname="Kubernetes e2e suite" time="0">
          <skipped></skipped>
      </testcase>
      <testcase name="[sig-storage] In-tree Volumes [Driver: ceph][Feature:Volumes] [Testpattern: Pre-provisioned PV (block volmode)] multiVolume [Slow] should access to two volumes with different volume mode and retain data across pod recreation on different node" classname="Kubernetes e2e suite" time="0">
          <skipped></skipped>
      </testcase>
      <testcase name="[sig-storage] In-tree Volumes [Driver: azure] [Testpattern: Inline-volume (ext4)] volumes should be mountable" classname="Kubernetes e2e suite" time="0">
          <skipped></skipped>
      </testcase>
      <testcase name="[sig-storage] In-tree Volumes [Driver: local][LocalVolumeType: dir-link] [Testpattern: Pre-provisioned PV (block volmode)] volumeMode should fail to create pod by failing to mount volume [Slow]" classname="Kubernetes e2e suite" time="0">
          <skipped></skipped>
      </testcase>
      <testcase name="[sig-storage] In-tree Volumes [Driver: gcepd] [Testpattern: Inline-volume (default fs)] volumes should allow exec of files on the volume" classname="Kubernetes e2e suite" time="0">
          <skipped></skipped>
      </testcase>
      <testcase name="[sig-storage] In-tree Volumes [Driver: aws] [Testpattern: Inline-volume (default fs)] subPath should unmount if pod is gracefully deleted while kubelet is down [Disruptive][Slow][LinuxOnly]" classname="Kubernetes e2e suite" time="0">
          <skipped></skipped>
      </testcase>
      <testcase name="[sig-storage] EmptyDir wrapper volumes should not conflict [Conformance]" classname="Kubernetes e2e suite" time="12.481428164"></testcase>
      <testcase name="[sig-storage] In-tree Volumes [Driver: local][LocalVolumeType: blockfs] [Testpattern: Pre-provisioned PV (ext3)] volumes should allow exec of files on the volume" classname="Kubernetes e2e suite" time="0">
          <skipped></skipped>
      </testcase>
      <testcase name="[sig-storage] In-tree Volumes [Driver: local][LocalVolumeType: tmpfs] [Testpattern: Pre-provisioned PV (block volmode)] multiVolume [Slow] should access to two volumes with the same volume mode and retain data across pod recreation on different node" classname="Kubernetes e2e suite" time="0">
          <skipped></skipped>
      </testcase>
      <testcase name="[sig-storage] In-tree Volumes [Driver: cinder] [Testpattern: Inline-volume (default fs)] subPath should support existing single file [LinuxOnly]" classname="Kubernetes e2e suite" time="0">
          <skipped></skipped>
      </testcase>
      <testcase name="[sig-storage] In-tree Volumes [Driver: hostPathSymlink] [Testpattern: Dynamic PV (ntfs)][sig-windows] subPath should unmount if pod is gracefully deleted while kubelet is down [Disruptive][Slow][LinuxOnly]" classname="Kubernetes e2e suite" time="0">
          <skipped></skipped>
      </testcase>
      <testcase name="[sig-storage] In-tree Volumes [Driver: local][LocalVolumeType: blockfs] [Testpattern: Pre-provisioned PV (block volmode)] multiVolume [Slow] should access to two volumes with the same volume mode and retain data across pod recreation on different node" classname="Kubernetes e2e suite" time="0">
          <skipped></skipped>
      </testcase>
      <testcase name="[sig-storage] In-tree Volumes [Driver: gluster] [Testpattern: Dynamic PV (ntfs)][sig-windows] subPath should support existing single file [LinuxOnly]" classname="Kubernetes e2e suite" time="0">
          <skipped></skipped>
      </testcase>
      <testcase name="[sig-autoscaling] Cluster size autoscaling [Slow] should be able to scale down by draining system pods with pdb[Feature:ClusterSizeAutoscalingScaleDown]" classname="Kubernetes e2e suite" time="0">
          <skipped></skipped>
      </testcase>
      <testcase name="[sig-scalability] Load capacity [Feature:ManualPerformance] should be able to handle 30 pods per node Random with 0 secrets, 0 configmaps and 0 daemons with quotas" classname="Kubernetes e2e suite" time="0">
          <skipped></skipped>
      </testcase>
      <testcase name="[sig-storage] Volume Disk Format [Feature:vsphere] verify disk format type - thin is honored for dynamically provisioned pv using storageclass" classname="Kubernetes e2e suite" time="0">
          <skipped></skipped>
      </testcase>
      <testcase name="[sig-storage] CSI Volumes [Driver: csi-hostpath-v0] [Testpattern: Dynamic PV (ntfs)][sig-windows] provisioning should access volume from different nodes" classname="Kubernetes e2e suite" time="0">
          <skipped></skipped>
      </testcase>
      <testcase name="[sig-storage] In-tree Volumes [Driver: hostPath] [Testpattern: Pre-provisioned PV (default fs)] subPath should support existing directories when readOnly specified in the volumeSource" classname="Kubernetes e2e suite" time="0">
          <skipped></skipped>
      </testcase>
      <testcase name="[sig-storage] In-tree Volumes [Driver: rbd][Feature:Volumes] [Testpattern: Dynamic PV (ntfs)][sig-windows] subPath should support readOnly directory specified in the volumeMount" classname="Kubernetes e2e suite" time="0">
          <skipped></skipped>
      </testcase>
      <testcase name="[sig-storage] In-tree Volumes [Driver: nfs] [Testpattern: Inline-volume (default fs)] subPath should fail if subpath with backstepping is outside the volume [Slow]" classname="Kubernetes e2e suite" time="0">
          <skipped></skipped>
      </testcase>
      <testcase name="[sig-storage] In-tree Volumes [Driver: local][LocalVolumeType: dir-link-bindmounted] [Testpattern: Inline-volume (default fs)] subPath should unmount if pod is force deleted while kubelet is down [Disruptive][Slow][LinuxOnly]" classname="Kubernetes e2e suite" time="0">
          <skipped></skipped>
      </testcase>
      <testcase name="[sig-storage] In-tree Volumes [Driver: local][LocalVolumeType: dir-link] [Testpattern: Dynamic PV (default fs)] subPath should fail if subpath directory is outside the volume [Slow]" classname="Kubernetes e2e suite" time="0">
          <skipped></skipped>
      </testcase>
      <testcase name="[k8s.io] Security Context When creating a container with runAsNonRoot should run with an explicit non-root user ID" classname="Kubernetes e2e suite" time="0">
          <skipped></skipped>
      </testcase>
      <testcase name="[sig-storage] In-tree Volumes [Driver: ceph][Feature:Volumes] [Testpattern: Dynamic PV (block volmode)] multiVolume [Slow] should access to two volumes with the same volume mode and retain data across pod recreation on the same node" classname="Kubernetes e2e suite" time="0">
          <skipped></skipped>
      </testcase>
      <testcase name="[sig-storage] In-tree Volumes [Driver: rbd][Feature:Volumes] [Testpattern: Dynamic PV (default fs)] subPath should fail if non-existent subpath is outside the volume [Slow][LinuxOnly]" classname="Kubernetes e2e suite" time="0">
          <skipped></skipped>
      </testcase>
      <testcase name="[sig-storage] In-tree Volumes [Driver: local][LocalVolumeType: dir] [Testpattern: Dynamic PV (block volmode)] multiVolume [Slow] should concurrently access the single volume from pods on different node" classname="Kubernetes e2e suite" time="0">
          <skipped></skipped>
      </testcase>
      <testcase name="[sig-scheduling] NoExecuteTaintManager Single Pod [Serial] removing taint cancels eviction" classname="Kubernetes e2e suite" time="0">
          <skipped></skipped>
      </testcase>
      <testcase name="[sig-storage] In-tree Volumes [Driver: local][LocalVolumeType: dir-link-bindmounted] [Testpattern: Dynamic PV (filesystem volmode)] multiVolume [Slow] should concurrently access the single volume from pods on the same node" classname="Kubernetes e2e suite" time="0">
          <skipped></skipped>
      </testcase>
      <testcase name="[sig-storage] In-tree Volumes [Driver: local][LocalVolumeType: dir-link] [Testpattern: Pre-provisioned PV (default fs)] subPath should support readOnly file specified in the volumeMount [LinuxOnly]" classname="Kubernetes e2e suite" time="0">
          <skipped></skipped>
      </testcase>
      <testcase name="[sig-storage] In-tree Volumes [Driver: gluster] [Testpattern: Dynamic PV (default fs)] subPath should support restarting containers using file as subpath [Slow][LinuxOnly]" classname="Kubernetes e2e suite" time="0">
          <skipped></skipped>
      </testcase>
      <testcase name="[sig-storage] In-tree Volumes [Driver: local][LocalVolumeType: blockfs] [Testpattern: Dynamic PV (ntfs)][sig-windows] provisioning should provision storage with snapshot data source [Feature:VolumeSnapshotDataSource]" classname="Kubernetes e2e suite" time="0">
          <skipped></skipped>
      </testcase>
      <testcase name="[sig-storage] In-tree Volumes [Driver: local][LocalVolumeType: tmpfs] [Testpattern: Dynamic PV (ext3)] volumes should be mountable" classname="Kubernetes e2e suite" time="0">
          <skipped></skipped>
      </testcase>
      <testcase name="[sig-storage] In-tree Volumes [Driver: hostPathSymlink] [Testpattern: Pre-provisioned PV (block volmode)] multiVolume [Slow] should access to two volumes with the same volume mode and retain data across pod recreation on the same node" classname="Kubernetes e2e suite" time="0">
          <skipped></skipped>
      </testcase>
      <testcase name="[sig-storage] In-tree Volumes [Driver: local][LocalVolumeType: dir-bindmounted] [Testpattern: Dynamic PV (ntfs)][sig-windows] subPath should fail if subpath directory is outside the volume [Slow]" classname="Kubernetes e2e suite" time="0">
          <skipped></skipped>
      </testcase>
      <testcase name="[sig-storage] In-tree Volumes [Driver: iscsi][Feature:Volumes] [Testpattern: Dynamic PV (default fs)] subPath should fail if subpath with backstepping is outside the volume [Slow]" classname="Kubernetes e2e suite" time="0">
          <skipped></skipped>
      </testcase>
      <testcase name="[sig-storage] In-tree Volumes [Driver: local][LocalVolumeType: dir-link] [Testpattern: Inline-volume (default fs)] subPath should support creating multiple subpath from same volumes [Slow]" classname="Kubernetes e2e suite" time="0">
          <skipped></skipped>
      </testcase>
      <testcase name="[sig-storage] In-tree Volumes [Driver: local][LocalVolumeType: gce-localssd-scsi-fs] [Serial] [Testpattern: Dynamic PV (filesystem volmode)] multiVolume [Slow] should access to two volumes with the same volume mode and retain data across pod recreation on different node" classname="Kubernetes e2e suite" time="0">
          <skipped></skipped>
      </testcase>
      <testcase name="[sig-network] Services [Feature:GCEAlphaFeature][Slow] should be able to create and tear down a standard-tier load balancer [Slow]" classname="Kubernetes e2e suite" time="0">
          <skipped></skipped>
      </testcase>
      <testcase name="[sig-storage] CSI Volumes [Driver: csi-hostpath] [Testpattern: Pre-provisioned PV (xfs)] volumes should allow exec of files on the volume" classname="Kubernetes e2e suite" time="0">
          <skipped></skipped>
      </testcase>
      <testcase name="[sig-storage] In-tree Volumes [Driver: local][LocalVolumeType: dir-link-bindmounted] [Testpattern: Dynamic PV (default fs)] volumeIO should write files of various sizes, verify size, validate content [Slow]" classname="Kubernetes e2e suite" time="0">
          <skipped></skipped>
      </testcase>
      <testcase name="[sig-scheduling] SchedulerPriorities [Serial] Pod should avoid nodes that have avoidPod annotation" classname="Kubernetes e2e suite" time="0">
          <skipped></skipped>
      </testcase>
      <testcase name="[sig-storage] In-tree Volumes [Driver: iscsi][Feature:Volumes] [Testpattern: Pre-provisioned PV (default fs)] subPath should support readOnly directory specified in the volumeMount" classname="Kubernetes e2e suite" time="0">
          <skipped></skipped>
      </testcase>
      <testcase name="[sig-apps] Daemon set [Serial] should rollback without unnecessary restarts [Conformance]" classname="Kubernetes e2e suite" time="0">
          <skipped></skipped>
      </testcase>
      <testcase name="[sig-storage] In-tree Volumes [Driver: hostPath] [Testpattern: Dynamic PV (block volmode)] multiVolume [Slow] should access to two volumes with the same volume mode and retain data across pod recreation on the same node" classname="Kubernetes e2e suite" time="0">
          <skipped></skipped>
      </testcase>
      <testcase name="[sig-storage] In-tree Volumes [Driver: iscsi][Feature:Volumes] [Testpattern: Pre-provisioned PV (default fs)] subPath should support file as subpath [LinuxOnly]" classname="Kubernetes e2e suite" time="0">
          <skipped></skipped>
      </testcase>
      <testcase name="[sig-storage] In-tree Volumes [Driver: emptydir] [Testpattern: Dynamic PV (default fs)] subPath should fail if subpath file is outside the volume [Slow][LinuxOnly]" classname="Kubernetes e2e suite" time="0">
          <skipped></skipped>
      </testcase>
      <testcase name="[sig-storage] In-tree Volumes [Driver: vSphere] [Testpattern: Inline-volume (default fs)] subPath should unmount if pod is force deleted while kubelet is down [Disruptive][Slow][LinuxOnly]" classname="Kubernetes e2e suite" time="0">
          <skipped></skipped>
      </testcase>
      <testcase name="[sig-storage] In-tree Volumes [Driver: local][LocalVolumeType: dir] [Testpattern: Dynamic PV (default fs)] subPath should support existing directory" classname="Kubernetes e2e suite" time="0">
          <skipped></skipped>
      </testcase>
      <testcase name="[sig-storage] In-tree Volumes [Driver: gcepd] [Testpattern: Inline-volume (default fs)] subPath should support existing directory" classname="Kubernetes e2e suite" time="0">
          <skipped></skipped>
      </testcase>
      <testcase name="[sig-storage] In-tree Volumes [Driver: local][LocalVolumeType: dir-link] [Testpattern: Dynamic PV (default fs)] subPath should fail if non-existent subpath is outside the volume [Slow][LinuxOnly]" classname="Kubernetes e2e suite" time="0">
          <skipped></skipped>
      </testcase>
      <testcase name="[sig-storage] EmptyDir volumes when FSGroup is specified [NodeFeature:FSGroup] new files should be created with FSGroup ownership when container is non-root" classname="Kubernetes e2e suite" time="0">
          <skipped></skipped>
      </testcase>
      <testcase name="[k8s.io] [Feature:Example] [k8s.io] Liveness liveness pods should be automatically restarted" classname="Kubernetes e2e suite" time="0">
          <skipped></skipped>
      </testcase>
      <testcase name="[sig-apps] Deployment iterative rollouts should eventually progress" classname="Kubernetes e2e suite" time="0">
          <skipped></skipped>
      </testcase>
      <testcase name="[sig-storage] In-tree Volumes [Driver: cinder] [Testpattern: Dynamic PV (default fs)] volumes should allow exec of files on the volume" classname="Kubernetes e2e suite" time="0">
          <skipped></skipped>
      </testcase>
      <testcase name="[sig-storage] In-tree Volumes [Driver: local][LocalVolumeType: gce-localssd-scsi-fs] [Serial] [Testpattern: Inline-volume (ntfs)][sig-windows] volumes should allow exec of files on the volume" classname="Kubernetes e2e suite" time="0">
          <skipped></skipped>
      </testcase>
      <testcase name="[sig-storage] CSI Volumes [Driver: pd.csi.storage.gke.io][Serial] [Testpattern: Inline-volume (default fs)] subPath should support creating multiple subpath from same volumes [Slow]" classname="Kubernetes e2e suite" time="0">
          <skipped></skipped>
      </testcase>
      <testcase name="[sig-storage] In-tree Volumes [Driver: gcepd] [Testpattern: Dynamic PV (ntfs)][sig-windows] subPath should unmount if pod is gracefully deleted while kubelet is down [Disruptive][Slow][LinuxOnly]" classname="Kubernetes e2e suite" time="0">
          <skipped></skipped>
      </testcase>
      <testcase name="[sig-storage] In-tree Volumes [Driver: local][LocalVolumeType: dir] [Testpattern: Dynamic PV (ntfs)][sig-windows] subPath should be able to unmount after the subpath directory is deleted" classname="Kubernetes e2e suite" time="0">
          <skipped></skipped>
      </testcase>
      <testcase name="[sig-storage] In-tree Volumes [Driver: nfs] [Testpattern: Inline-volume (default fs)] subPath should be able to unmount after the subpath directory is deleted" classname="Kubernetes e2e suite" time="0">
          <skipped></skipped>
      </testcase>
      <testcase name="[sig-storage] In-tree Volumes [Driver: aws] [Testpattern: Inline-volume (default fs)] subPath should support restarting containers using directory as subpath [Slow]" classname="Kubernetes e2e suite" time="0">
          <skipped></skipped>
      </testcase>
      <testcase name="[sig-storage] In-tree Volumes [Driver: local][LocalVolumeType: dir-link] [Testpattern: Dynamic PV (default fs)] volumeIO should write files of various sizes, verify size, validate content [Slow]" classname="Kubernetes e2e suite" time="0">
          <skipped></skipped>
      </testcase>
      <testcase name="[sig-storage] In-tree Volumes [Driver: rbd][Feature:Volumes] [Testpattern: Pre-provisioned PV (block volmode)] multiVolume [Slow] should access to two volumes with the same volume mode and retain data across pod recreation on different node" classname="Kubernetes e2e suite" time="0">
          <skipped></skipped>
      </testcase>
      <testcase name="[sig-storage] In-tree Volumes [Driver: emptydir] [Testpattern: Dynamic PV (default fs)] volumes should be mountable" classname="Kubernetes e2e suite" time="0">
          <skipped></skipped>
      </testcase>
      <testcase name="[sig-storage] In-tree Volumes [Driver: gcepd] [Testpattern: Dynamic PV (ntfs)][sig-windows] volumes should allow exec of files on the volume" classname="Kubernetes e2e suite" time="0">
          <skipped></skipped>
      </testcase>
      <testcase name="[sig-api-machinery] Discovery Custom resource should have storage version hash" classname="Kubernetes e2e suite" time="0">
          <skipped></skipped>
      </testcase>
      <testcase name="[sig-storage] In-tree Volumes [Driver: local][LocalVolumeType: blockfs] [Testpattern: Dynamic PV (ntfs)][sig-windows] subPath should unmount if pod is gracefully deleted while kubelet is down [Disruptive][Slow][LinuxOnly]" classname="Kubernetes e2e suite" time="0">
          <skipped></skipped>
      </testcase>
      <testcase name="[sig-storage] In-tree Volumes [Driver: aws] [Testpattern: Dynamic PV (ntfs)][sig-windows] subPath should unmount if pod is force deleted while kubelet is down [Disruptive][Slow][LinuxOnly]" classname="Kubernetes e2e suite" time="0">
          <skipped></skipped>
      </testcase>
      <testcase name="[sig-storage] In-tree Volumes [Driver: local][LocalVolumeType: dir-link-bindmounted] [Testpattern: Pre-provisioned PV (default fs)] subPath should fail if non-existent subpath is outside the volume [Slow][LinuxOnly]" classname="Kubernetes e2e suite" time="0">
          <skipped></skipped>
      </testcase>
      <testcase name="[sig-storage] CSI Volumes [Driver: pd.csi.storage.gke.io][Serial] [Testpattern: Pre-provisioned PV (ext4)] volumes should be mountable" classname="Kubernetes e2e suite" time="0">
          <skipped></skipped>
      </testcase>
      <testcase name="[sig-storage] In-tree Volumes [Driver: hostPath] [Testpattern: Dynamic PV (ntfs)][sig-windows] provisioning should provision storage with snapshot data source [Feature:VolumeSnapshotDataSource]" classname="Kubernetes e2e suite" time="0">
          <skipped></skipped>
      </testcase>
      <testcase name="[sig-storage] In-tree Volumes [Driver: local][LocalVolumeType: dir-bindmounted] [Testpattern: Dynamic PV (ntfs)][sig-windows] subPath should support restarting containers using file as subpath [Slow][LinuxOnly]" classname="Kubernetes e2e suite" time="0">
          <skipped></skipped>
      </testcase>
      <testcase name="[sig-storage] In-tree Volumes [Driver: gluster] [Testpattern: Dynamic PV (ntfs)][sig-windows] provisioning should access volume from different nodes" classname="Kubernetes e2e suite" time="0">
          <skipped></skipped>
      </testcase>
      <testcase name="[sig-storage] In-tree Volumes [Driver: aws] [Testpattern: Pre-provisioned PV (filesystem volmode)] multiVolume [Slow] should access to two volumes with different volume mode and retain data across pod recreation on the same node" classname="Kubernetes e2e suite" time="0">
          <skipped></skipped>
      </testcase>
      <testcase name="[sig-storage] In-tree Volumes [Driver: local][LocalVolumeType: block] [Testpattern: Dynamic PV (default fs)] subPath should unmount if pod is gracefully deleted while kubelet is down [Disruptive][Slow][LinuxOnly]" classname="Kubernetes e2e suite" time="0">
          <skipped></skipped>
      </testcase>
      <testcase name="[sig-storage] In-tree Volumes [Driver: azure] [Testpattern: Inline-volume (default fs)] subPath should be able to unmount after the subpath directory is deleted" classname="Kubernetes e2e suite" time="0">
          <skipped></skipped>
      </testcase>
      <testcase name="[sig-storage] In-tree Volumes [Driver: local][LocalVolumeType: blockfs] [Testpattern: Inline-volume (default fs)] subPath should fail if subpath file is outside the volume [Slow][LinuxOnly]" classname="Kubernetes e2e suite" time="0">
          <skipped></skipped>
      </testcase>
      <testcase name="[sig-storage] In-tree Volumes [Driver: local][LocalVolumeType: dir-link-bindmounted] [Testpattern: Inline-volume (default fs)] subPath should support existing directories when readOnly specified in the volumeSource" classname="Kubernetes e2e suite" time="0">
          <skipped></skipped>
      </testcase>
      <testcase name="[sig-storage] In-tree Volumes [Driver: azure] [Testpattern: Pre-provisioned PV (default fs)] subPath should support creating multiple subpath from same volumes [Slow]" classname="Kubernetes e2e suite" time="0">
          <skipped></skipped>
      </testcase>
      <testcase name="[sig-storage] In-tree Volumes [Driver: ceph][Feature:Volumes] [Testpattern: Pre-provisioned PV (ext3)] volumes should be mountable" classname="Kubernetes e2e suite" time="0">
          <skipped></skipped>
      </testcase>
      <testcase name="[sig-storage] In-tree Volumes [Driver: emptydir] [Testpattern: Dynamic PV (ntfs)][sig-windows] subPath should fail if subpath with backstepping is outside the volume [Slow]" classname="Kubernetes e2e suite" time="0">
          <skipped></skipped>
      </testcase>
      <testcase name="[sig-api-machinery] Secrets should fail to create secret due to empty secret key [Conformance]" classname="Kubernetes e2e suite" time="6.572109209"></testcase>
      <testcase name="[sig-storage] In-tree Volumes [Driver: local][LocalVolumeType: dir-link] [Testpattern: Dynamic PV (filesystem volmode)] volumeMode should create sc, pod, pv, and pvc, read/write to the pv, and delete all created resources" classname="Kubernetes e2e suite" time="0">
          <skipped></skipped>
      </testcase>
      <testcase name="[sig-storage] In-tree Volumes [Driver: aws] [Testpattern: Dynamic PV (ntfs)][sig-windows] subPath should unmount if pod is gracefully deleted while kubelet is down [Disruptive][Slow][LinuxOnly]" classname="Kubernetes e2e suite" time="0">
          <skipped></skipped>
      </testcase>
      <testcase name="[sig-storage] In-tree Volumes [Driver: hostPath] [Testpattern: Pre-provisioned PV (default fs)] subPath should support readOnly directory specified in the volumeMount" classname="Kubernetes e2e suite" time="0">
          <skipped></skipped>
      </testcase>
      <testcase name="[sig-storage] In-tree Volumes [Driver: ceph][Feature:Volumes] [Testpattern: Dynamic PV (block volmode)] multiVolume [Slow] should access to two volumes with different volume mode and retain data across pod recreation on the same node" classname="Kubernetes e2e suite" time="0">
          <skipped></skipped>
      </testcase>
      <testcase name="[sig-storage] In-tree Volumes [Driver: local][LocalVolumeType: dir] [Testpattern: Dynamic PV (default fs)] subPath should fail if subpath with backstepping is outside the volume [Slow]" classname="Kubernetes e2e suite" time="0">
          <skipped></skipped>
      </testcase>
      <testcase name="[sig-storage] In-tree Volumes [Driver: local][LocalVolumeType: dir-link-bindmounted] [Testpattern: Inline-volume (ext4)] volumes should allow exec of files on the volume" classname="Kubernetes e2e suite" time="0">
          <skipped></skipped>
      </testcase>
      <testcase name="[sig-storage] CSI Volumes [Driver: csi-hostpath] [Testpattern: Inline-volume (default fs)] volumeIO should write files of various sizes, verify size, validate content [Slow]" classname="Kubernetes e2e suite" time="0">
          <skipped></skipped>
      </testcase>
      <testcase name="[sig-storage] In-tree Volumes [Driver: local][LocalVolumeType: dir-bindmounted] [Testpattern: Pre-provisioned PV (default fs)] subPath should support non-existent path" classname="Kubernetes e2e suite" time="0">
          <skipped></skipped>
      </testcase>
      <testcase name="[sig-storage] In-tree Volumes [Driver: local][LocalVolumeType: dir-link] [Testpattern: Dynamic PV (ntfs)][sig-windows] subPath should support existing single file [LinuxOnly]" classname="Kubernetes e2e suite" time="0">
          <skipped></skipped>
      </testcase>
      <testcase name="[sig-storage] In-tree Volumes [Driver: local][LocalVolumeType: dir-link-bindmounted] [Testpattern: Inline-volume (xfs)] volumes should allow exec of files on the volume" classname="Kubernetes e2e suite" time="0">
          <skipped></skipped>
      </testcase>
      <testcase name="[sig-storage] Volume Operations Storm [Feature:vsphere] should create pod with many volumes and verify no attach call fails" classname="Kubernetes e2e suite" time="0">
          <skipped></skipped>
      </testcase>
      <testcase name="[sig-storage] In-tree Volumes [Driver: local][LocalVolumeType: dir-link-bindmounted] [Testpattern: Dynamic PV (block volmode)] volumeMode should fail in binding dynamic provisioned PV to PVC" classname="Kubernetes e2e suite" time="0">
          <skipped></skipped>
      </testcase>
      <testcase name="[sig-storage] In-tree Volumes [Driver: azure] [Testpattern: Inline-volume (default fs)] subPath should support readOnly file specified in the volumeMount [LinuxOnly]" classname="Kubernetes e2e suite" time="0">
          <skipped></skipped>
      </testcase>
      <testcase name="[sig-storage] In-tree Volumes [Driver: local][LocalVolumeType: block] [Testpattern: Dynamic PV (block volmode)] multiVolume [Slow] should concurrently access the single volume from pods on different node" classname="Kubernetes e2e suite" time="0">
          <skipped></skipped>
      </testcase>
      <testcase name="[sig-storage] In-tree Volumes [Driver: local][LocalVolumeType: dir-link-bindmounted] [Testpattern: Pre-provisioned PV (default fs)] subPath should verify container cannot write to subpath readonly volumes [Slow]" classname="Kubernetes e2e suite" time="0">
          <skipped></skipped>
      </testcase>
      <testcase name="[sig-storage] Subpath Atomic writer volumes should support subpaths with configmap pod [LinuxOnly] [Conformance]" classname="Kubernetes e2e suite" time="32.564740455"></testcase>
  </testsuite>